This file contains any messages produced by compilers while
running configure, to aid debugging if configure makes a mistake.

It was created by iptables configure 1.4.21, which was
generated by GNU Autoconf 2.69.  Invocation command line was

  $ ./configure --host=mips-linux --build= --prefix=/usr --bindir=/usr/sbin --libdir=/usr/lib --with-kernel=/home/paldier/asuswrt/release/src-lantiq/linux/linux-3.10.104 --enable-ipv6 CFLAGS=-Os -DCONFIG_LANTIQ -DDEBUG_NOISY -DDEBUG_RCTEST -pipe -funit-at-a-time -Wno-pointer-sign -mips32r2 -mno-branch-likely -mtune=1004kc -DLINUX30 -DLINUX26 -DLINUX_KERNEL_VERSION=199272 --sysroot=/home/paldier/asuswrt/release/src-lantiq/tools/toolchain-mips_mips32_gcc-4.8-linaro_uClibc-0.9.33.2 -U CONFIG_NVRAM_SIZE

## --------- ##
## Platform. ##
## --------- ##

hostname = paldier-VirtualBox
uname -m = x86_64
uname -r = 4.2.0-42-generic
uname -s = Linux
uname -v = #49~14.04.1-Ubuntu SMP Wed Jun 29 20:22:11 UTC 2016

/usr/bin/uname -p = unknown
/bin/uname -X     = unknown

/bin/arch              = unknown
/usr/bin/arch -k       = unknown
/usr/convex/getsysinfo = unknown
/usr/bin/hostinfo      = unknown
/bin/machine           = unknown
/usr/bin/oslevel       = unknown
/bin/universe          = unknown

PATH: "/usr/local/sbin
PATH: /usr/local/bin
PATH: /usr/sbin
PATH: /usr/bin
PATH: /sbin
PATH: /bin
PATH: /usr/games
PATH: /usr/local/games
PATH: /snap/bin
PATH: /opt/brcm/hndtools-mipsel-linux/bin
PATH: /opt/brcm/hndtools-mipsel-uclibc/bin
PATH: /projects/tools
PATH: /projects/hnd/tools/linux/hndtools-arm-linux-2.6.36-uclibc-4.5.3/bin
PATH: /projects/hnd/tools/linux/hndtools-arm-linux-2.6.36-uclibc-4.5.3/arm-linux/bin
PATH: /projects/hnd/tools/linux/hndtools-arm-linux-2.6.36-uclibc-4.5.3/usr/bin
PATH: /projects/hnd/tools/linux/hndtools-armeabi-2011.09/bin"
PATH: /home/paldier/asuswrt/release/src-lantiq/tools/toolchain-mips_mips32_gcc-4.8-linaro_uClibc-0.9.33.2/bin
PATH: /home/paldier/asuswrt/release/src-lantiq/tools/host/bin


## ----------- ##
## Core tests. ##
## ----------- ##

configure:2523: checking for a BSD-compatible install
configure:2591: result: /usr/bin/install -c
configure:2604: checking whether build environment is sane
configure:2659: result: yes
configure:2718: checking for mips-linux-strip
configure:2745: result: mips-openwrt-linux-uclibc-strip -R .note -R .comment
configure:2810: checking for a thread-safe mkdir -p
configure:2849: result: /bin/mkdir -p
configure:2856: checking for gawk
configure:2872: found /usr/bin/gawk
configure:2883: result: gawk
configure:2894: checking whether make sets $(MAKE)
configure:2916: result: yes
configure:2945: checking whether make supports nested variables
configure:2962: result: yes
configure:3095: checking for mips-linux-gcc
configure:3122: result: mips-openwrt-linux-uclibc-gcc
configure:3391: checking for C compiler version
configure:3400: mips-openwrt-linux-uclibc-gcc --version >&5
mips-openwrt-linux-uclibc-gcc (OpenWrt/Linaro GCC 4.8-2014.04 15.05_ltq) 4.8.3
Copyright (C) 2013 Free Software Foundation, Inc.
This is free software; see the source for copying conditions.  There is NO
warranty; not even for MERCHANTABILITY or FITNESS FOR A PARTICULAR PURPOSE.

configure:3411: $? = 0
configure:3400: mips-openwrt-linux-uclibc-gcc -v >&5
Reading specs from /home/paldier/asuswrt/release/src-lantiq/tools/toolchain-mips_mips32_gcc-4.8-linaro_uClibc-0.9.33.2/bin/../lib/gcc/mips-openwrt-linux-uclibc/4.8.3/specs
COLLECT_GCC=mips-openwrt-linux-uclibc-gcc
COLLECT_LTO_WRAPPER=/home/paldier/asuswrt/release/src-lantiq/tools/toolchain-mips_mips32_gcc-4.8-linaro_uClibc-0.9.33.2/bin/../libexec/gcc/mips-openwrt-linux-uclibc/4.8.3/lto-wrapper
Target: mips-openwrt-linux-uclibc
Configured with: /media/intel160g/3asuswrt/UGW-7.2MR1/UGW-7.2.1.20-SW-CD/Sources/UGW-7.2.1.20/build_dir/toolchain-mips_mips32_gcc-4.8-linaro_uClibc-0.9.33.2/gcc-linaro-4.8-2014.04/configure --with-bugurl=https://dev.openwrt.org/ --with-pkgversion='OpenWrt/Linaro GCC 4.8-2014.04 15.05_ltq' --prefix=/media/intel160g/3asuswrt/UGW-7.2MR1/UGW-7.2.1.20-SW-CD/Sources/UGW-7.2.1.20/staging_dir/toolchain-mips_mips32_gcc-4.8-linaro_uClibc-0.9.33.2 --build=i686-linux-gnu --host=i686-linux-gnu --target=mips-openwrt-linux-uclibc --with-gnu-ld --enable-target-optspace --disable-libgomp --disable-libmudflap --disable-multilib --disable-nls --with-host-libstdcxx=-lstdc++ --with-float=soft --with-gmp=/media/intel160g/3asuswrt/UGW-7.2MR1/UGW-7.2.1.20-SW-CD/Sources/UGW-7.2.1.20/staging_dir/host --with-mpfr=/media/intel160g/3asuswrt/UGW-7.2MR1/UGW-7.2.1.20-SW-CD/Sources/UGW-7.2.1.20/staging_dir/host --with-mpc=/media/intel160g/3asuswrt/UGW-7.2MR1/UGW-7.2.1.20-SW-CD/Sources/UGW-7.2.1.20/staging_dir/host --disable-decimal-float --with-mips-plt --enable-libssp --disable-__cxa_atexit --with-headers=/media/intel160g/3asuswrt/UGW-7.2MR1/UGW-7.2.1.20-SW-CD/Sources/UGW-7.2.1.20/staging_dir/toolchain-mips_mips32_gcc-4.8-linaro_uClibc-0.9.33.2/include --disable-libsanitizer --enable-languages=c,c++ --enable-shared --enable-threads --with-slibdir=/media/intel160g/3asuswrt/UGW-7.2MR1/UGW-7.2.1.20-SW-CD/Sources/UGW-7.2.1.20/staging_dir/toolchain-mips_mips32_gcc-4.8-linaro_uClibc-0.9.33.2/lib
Thread model: posix
gcc version 4.8.3 (OpenWrt/Linaro GCC 4.8-2014.04 15.05_ltq) 
configure:3411: $? = 0
configure:3400: mips-openwrt-linux-uclibc-gcc -V >&5
mips-openwrt-linux-uclibc-gcc: error: unrecognized command line option '-V'
mips-openwrt-linux-uclibc-gcc: fatal error: no input files
compilation terminated.
configure:3411: $? = 1
configure:3400: mips-openwrt-linux-uclibc-gcc -qversion >&5
mips-openwrt-linux-uclibc-gcc: error: unrecognized command line option '-qversion'
mips-openwrt-linux-uclibc-gcc: fatal error: no input files
compilation terminated.
configure:3411: $? = 1
configure:3431: checking whether the C compiler works
configure:3453: mips-openwrt-linux-uclibc-gcc -Os -DCONFIG_LANTIQ -DDEBUG_NOISY -DDEBUG_RCTEST -pipe -funit-at-a-time -Wno-pointer-sign -mips32r2 -mno-branch-likely -mtune=1004kc -DLINUX30 -DLINUX26 -DLINUX_KERNEL_VERSION=199272 --sysroot=/home/paldier/asuswrt/release/src-lantiq/tools/toolchain-mips_mips32_gcc-4.8-linaro_uClibc-0.9.33.2 -U CONFIG_NVRAM_SIZE   conftest.c  >&5
configure:3457: $? = 0
configure:3505: result: yes
configure:3508: checking for C compiler default output file name
configure:3510: result: a.out
configure:3516: checking for suffix of executables
configure:3523: mips-openwrt-linux-uclibc-gcc -o conftest -Os -DCONFIG_LANTIQ -DDEBUG_NOISY -DDEBUG_RCTEST -pipe -funit-at-a-time -Wno-pointer-sign -mips32r2 -mno-branch-likely -mtune=1004kc -DLINUX30 -DLINUX26 -DLINUX_KERNEL_VERSION=199272 --sysroot=/home/paldier/asuswrt/release/src-lantiq/tools/toolchain-mips_mips32_gcc-4.8-linaro_uClibc-0.9.33.2 -U CONFIG_NVRAM_SIZE   conftest.c  >&5
configure:3527: $? = 0
configure:3549: result: 
configure:3571: checking whether we are cross compiling
configure:3579: mips-openwrt-linux-uclibc-gcc -o conftest -Os -DCONFIG_LANTIQ -DDEBUG_NOISY -DDEBUG_RCTEST -pipe -funit-at-a-time -Wno-pointer-sign -mips32r2 -mno-branch-likely -mtune=1004kc -DLINUX30 -DLINUX26 -DLINUX_KERNEL_VERSION=199272 --sysroot=/home/paldier/asuswrt/release/src-lantiq/tools/toolchain-mips_mips32_gcc-4.8-linaro_uClibc-0.9.33.2 -U CONFIG_NVRAM_SIZE   conftest.c  >&5
configure:3583: $? = 0
configure:3590: ./conftest
./configure: line 3592: ./conftest: cannot execute binary file: Exec format error
configure:3594: $? = 126
configure:3609: result: yes
configure:3614: checking for suffix of object files
configure:3636: mips-openwrt-linux-uclibc-gcc -c -Os -DCONFIG_LANTIQ -DDEBUG_NOISY -DDEBUG_RCTEST -pipe -funit-at-a-time -Wno-pointer-sign -mips32r2 -mno-branch-likely -mtune=1004kc -DLINUX30 -DLINUX26 -DLINUX_KERNEL_VERSION=199272 --sysroot=/home/paldier/asuswrt/release/src-lantiq/tools/toolchain-mips_mips32_gcc-4.8-linaro_uClibc-0.9.33.2 -U CONFIG_NVRAM_SIZE  conftest.c >&5
configure:3640: $? = 0
configure:3661: result: o
configure:3665: checking whether we are using the GNU C compiler
configure:3684: mips-openwrt-linux-uclibc-gcc -c -Os -DCONFIG_LANTIQ -DDEBUG_NOISY -DDEBUG_RCTEST -pipe -funit-at-a-time -Wno-pointer-sign -mips32r2 -mno-branch-likely -mtune=1004kc -DLINUX30 -DLINUX26 -DLINUX_KERNEL_VERSION=199272 --sysroot=/home/paldier/asuswrt/release/src-lantiq/tools/toolchain-mips_mips32_gcc-4.8-linaro_uClibc-0.9.33.2 -U CONFIG_NVRAM_SIZE  conftest.c >&5
configure:3684: $? = 0
configure:3693: result: yes
configure:3702: checking whether mips-openwrt-linux-uclibc-gcc accepts -g
configure:3722: mips-openwrt-linux-uclibc-gcc -c -g  conftest.c >&5
configure:3722: $? = 0
configure:3763: result: yes
configure:3780: checking for mips-openwrt-linux-uclibc-gcc option to accept ISO C89
configure:3843: mips-openwrt-linux-uclibc-gcc  -c -Os -DCONFIG_LANTIQ -DDEBUG_NOISY -DDEBUG_RCTEST -pipe -funit-at-a-time -Wno-pointer-sign -mips32r2 -mno-branch-likely -mtune=1004kc -DLINUX30 -DLINUX26 -DLINUX_KERNEL_VERSION=199272 --sysroot=/home/paldier/asuswrt/release/src-lantiq/tools/toolchain-mips_mips32_gcc-4.8-linaro_uClibc-0.9.33.2 -U CONFIG_NVRAM_SIZE  conftest.c >&5
configure:3843: $? = 0
configure:3856: result: none needed
configure:3881: checking whether mips-openwrt-linux-uclibc-gcc understands -c and -o together
configure:3903: mips-openwrt-linux-uclibc-gcc -c conftest.c -o conftest2.o
configure:3906: $? = 0
configure:3903: mips-openwrt-linux-uclibc-gcc -c conftest.c -o conftest2.o
configure:3906: $? = 0
configure:3918: result: yes
configure:3946: checking for style of include used by make
configure:3974: result: GNU
configure:4000: checking dependency style of mips-openwrt-linux-uclibc-gcc
configure:4111: result: gcc3
configure:4164: checking for mips-linux-ar
configure:4191: result: mips-openwrt-linux-uclibc-ar
configure:4261: checking the archiver (mips-openwrt-linux-uclibc-ar) interface
configure:4277: mips-openwrt-linux-uclibc-gcc -c -Os -DCONFIG_LANTIQ -DDEBUG_NOISY -DDEBUG_RCTEST -pipe -funit-at-a-time -Wno-pointer-sign -mips32r2 -mno-branch-likely -mtune=1004kc -DLINUX30 -DLINUX26 -DLINUX_KERNEL_VERSION=199272 --sysroot=/home/paldier/asuswrt/release/src-lantiq/tools/toolchain-mips_mips32_gcc-4.8-linaro_uClibc-0.9.33.2 -U CONFIG_NVRAM_SIZE  conftest.c >&5
configure:4277: $? = 0
configure:4279: mips-openwrt-linux-uclibc-ar cru libconftest.a conftest.o >&5
configure:4282: $? = 0
configure:4310: result: ar
configure:4359: checking build system type
configure:4373: result: x86_64-unknown-linux-uclibc
configure:4393: checking host system type
configure:4406: result: mips-unknown-linux-gnu
configure:4447: checking how to print strings
configure:4474: result: printf
configure:4495: checking for a sed that does not truncate output
configure:4559: result: /bin/sed
configure:4577: checking for grep that handles long lines and -e
configure:4635: result: /bin/grep
configure:4640: checking for egrep
configure:4702: result: /bin/grep -E
configure:4707: checking for fgrep
configure:4769: result: /bin/grep -F
configure:4804: checking for ld used by mips-openwrt-linux-uclibc-gcc
configure:4871: result: mips-openwrt-linux-uclibc-ld
configure:4878: checking if the linker (mips-openwrt-linux-uclibc-ld) is GNU ld
configure:4893: result: yes
configure:4905: checking for BSD- or MS-compatible name lister (nm)
configure:4954: result: mips-openwrt-linux-uclibc-nm
configure:5084: checking the name lister (mips-openwrt-linux-uclibc-nm) interface
configure:5091: mips-openwrt-linux-uclibc-gcc -c -Os -DCONFIG_LANTIQ -DDEBUG_NOISY -DDEBUG_RCTEST -pipe -funit-at-a-time -Wno-pointer-sign -mips32r2 -mno-branch-likely -mtune=1004kc -DLINUX30 -DLINUX26 -DLINUX_KERNEL_VERSION=199272 --sysroot=/home/paldier/asuswrt/release/src-lantiq/tools/toolchain-mips_mips32_gcc-4.8-linaro_uClibc-0.9.33.2 -U CONFIG_NVRAM_SIZE  conftest.c >&5
configure:5094: mips-openwrt-linux-uclibc-nm "conftest.o"
configure:5097: output
00000000 B some_variable
configure:5104: result: BSD nm
configure:5107: checking whether ln -s works
configure:5111: result: yes
configure:5119: checking the maximum length of command line arguments
configure:5250: result: 3458764513820540925
configure:5267: checking whether the shell understands some XSI constructs
configure:5277: result: yes
configure:5281: checking whether the shell understands "+="
configure:5287: result: yes
configure:5322: checking how to convert x86_64-unknown-linux-uclibc file names to mips-unknown-linux-gnu format
configure:5362: result: func_convert_file_noop
configure:5369: checking how to convert x86_64-unknown-linux-uclibc file names to toolchain format
configure:5389: result: func_convert_file_noop
configure:5396: checking for mips-openwrt-linux-uclibc-ld option to reload object files
configure:5403: result: -r
configure:5437: checking for mips-linux-objdump
configure:5464: result: mips-openwrt-linux-uclibc-objdump
configure:5536: checking how to recognize dependent libraries
configure:5734: result: pass_all
configure:5779: checking for mips-linux-dlltool
configure:5809: result: no
configure:5819: checking for dlltool
configure:5849: result: no
configure:5879: checking how to associate runtime and link libraries
configure:5906: result: printf %s\n
configure:5922: checking for mips-linux-ar
configure:5949: result: mips-openwrt-linux-uclibc-ar
configure:6030: checking for archiver @FILE support
configure:6047: mips-openwrt-linux-uclibc-gcc -c -Os -DCONFIG_LANTIQ -DDEBUG_NOISY -DDEBUG_RCTEST -pipe -funit-at-a-time -Wno-pointer-sign -mips32r2 -mno-branch-likely -mtune=1004kc -DLINUX30 -DLINUX26 -DLINUX_KERNEL_VERSION=199272 --sysroot=/home/paldier/asuswrt/release/src-lantiq/tools/toolchain-mips_mips32_gcc-4.8-linaro_uClibc-0.9.33.2 -U CONFIG_NVRAM_SIZE  conftest.c >&5
configure:6047: $? = 0
configure:6050: mips-openwrt-linux-uclibc-ar cru libconftest.a @conftest.lst >&5
configure:6053: $? = 0
configure:6058: mips-openwrt-linux-uclibc-ar cru libconftest.a @conftest.lst >&5
mips-openwrt-linux-uclibc-ar: conftest.o: No such file or directory
configure:6061: $? = 1
configure:6073: result: @
configure:6091: checking for mips-linux-strip
configure:6118: result: mips-openwrt-linux-uclibc-strip -R .note -R .comment
configure:6190: checking for mips-linux-ranlib
configure:6217: result: mips-openwrt-linux-uclibc-ranlib
configure:6359: checking command to parse mips-openwrt-linux-uclibc-nm output from mips-openwrt-linux-uclibc-gcc object
configure:6479: mips-openwrt-linux-uclibc-gcc -c -Os -DCONFIG_LANTIQ -DDEBUG_NOISY -DDEBUG_RCTEST -pipe -funit-at-a-time -Wno-pointer-sign -mips32r2 -mno-branch-likely -mtune=1004kc -DLINUX30 -DLINUX26 -DLINUX_KERNEL_VERSION=199272 --sysroot=/home/paldier/asuswrt/release/src-lantiq/tools/toolchain-mips_mips32_gcc-4.8-linaro_uClibc-0.9.33.2 -U CONFIG_NVRAM_SIZE  conftest.c >&5
configure:6482: $? = 0
configure:6486: mips-openwrt-linux-uclibc-nm conftest.o \| sed -n -e 's/^.*[ ]\([ABCDGIRSTW][ABCDGIRSTW]*\)[ ][ ]*\([_A-Za-z][_A-Za-z0-9]*\)$/\1 \2 \2/p' | sed '/ __gnu_lto/d' \> conftest.nm
configure:6489: $? = 0
configure:6555: mips-openwrt-linux-uclibc-gcc -o conftest -Os -DCONFIG_LANTIQ -DDEBUG_NOISY -DDEBUG_RCTEST -pipe -funit-at-a-time -Wno-pointer-sign -mips32r2 -mno-branch-likely -mtune=1004kc -DLINUX30 -DLINUX26 -DLINUX_KERNEL_VERSION=199272 --sysroot=/home/paldier/asuswrt/release/src-lantiq/tools/toolchain-mips_mips32_gcc-4.8-linaro_uClibc-0.9.33.2 -U CONFIG_NVRAM_SIZE   conftest.c conftstm.o >&5
configure:6558: $? = 0
configure:6596: result: ok
configure:6633: checking for sysroot
configure:6663: result: no
configure:6892: checking for mips-linux-mt
configure:6922: result: no
configure:6932: checking for mt
configure:6948: found /bin/mt
configure:6959: result: mt
configure:6971: WARNING: using cross tools not prefixed with host triplet
configure:6982: checking if mt is a manifest tool
configure:6988: mt '-?'
configure:6996: result: no
configure:7638: checking how to run the C preprocessor
configure:7669: mips-openwrt-linux-uclibc-gcc -E  conftest.c
configure:7669: $? = 0
configure:7683: mips-openwrt-linux-uclibc-gcc -E  conftest.c
conftest.c:11:28: fatal error: ac_nonexistent.h: No such file or directory
 #include <ac_nonexistent.h>
                            ^
compilation terminated.
configure:7683: $? = 1
configure: failed program was:
| /* confdefs.h */
| #define PACKAGE_NAME "iptables"
| #define PACKAGE_TARNAME "iptables"
| #define PACKAGE_VERSION "1.4.21"
| #define PACKAGE_STRING "iptables 1.4.21"
| #define PACKAGE_BUGREPORT ""
| #define PACKAGE_URL ""
| #define PACKAGE "iptables"
| #define VERSION "1.4.21"
| /* end confdefs.h.  */
| #include <ac_nonexistent.h>
configure:7708: result: mips-openwrt-linux-uclibc-gcc -E
configure:7728: mips-openwrt-linux-uclibc-gcc -E  conftest.c
configure:7728: $? = 0
configure:7742: mips-openwrt-linux-uclibc-gcc -E  conftest.c
conftest.c:11:28: fatal error: ac_nonexistent.h: No such file or directory
 #include <ac_nonexistent.h>
                            ^
compilation terminated.
configure:7742: $? = 1
configure: failed program was:
| /* confdefs.h */
| #define PACKAGE_NAME "iptables"
| #define PACKAGE_TARNAME "iptables"
| #define PACKAGE_VERSION "1.4.21"
| #define PACKAGE_STRING "iptables 1.4.21"
| #define PACKAGE_BUGREPORT ""
| #define PACKAGE_URL ""
| #define PACKAGE "iptables"
| #define VERSION "1.4.21"
| /* end confdefs.h.  */
| #include <ac_nonexistent.h>
configure:7771: checking for ANSI C header files
configure:7791: mips-openwrt-linux-uclibc-gcc -c -Os -DCONFIG_LANTIQ -DDEBUG_NOISY -DDEBUG_RCTEST -pipe -funit-at-a-time -Wno-pointer-sign -mips32r2 -mno-branch-likely -mtune=1004kc -DLINUX30 -DLINUX26 -DLINUX_KERNEL_VERSION=199272 --sysroot=/home/paldier/asuswrt/release/src-lantiq/tools/toolchain-mips_mips32_gcc-4.8-linaro_uClibc-0.9.33.2 -U CONFIG_NVRAM_SIZE  conftest.c >&5
configure:7791: $? = 0
configure:7875: result: yes
configure:7888: checking for sys/types.h
configure:7888: mips-openwrt-linux-uclibc-gcc -c -Os -DCONFIG_LANTIQ -DDEBUG_NOISY -DDEBUG_RCTEST -pipe -funit-at-a-time -Wno-pointer-sign -mips32r2 -mno-branch-likely -mtune=1004kc -DLINUX30 -DLINUX26 -DLINUX_KERNEL_VERSION=199272 --sysroot=/home/paldier/asuswrt/release/src-lantiq/tools/toolchain-mips_mips32_gcc-4.8-linaro_uClibc-0.9.33.2 -U CONFIG_NVRAM_SIZE  conftest.c >&5
configure:7888: $? = 0
configure:7888: result: yes
configure:7888: checking for sys/stat.h
configure:7888: mips-openwrt-linux-uclibc-gcc -c -Os -DCONFIG_LANTIQ -DDEBUG_NOISY -DDEBUG_RCTEST -pipe -funit-at-a-time -Wno-pointer-sign -mips32r2 -mno-branch-likely -mtune=1004kc -DLINUX30 -DLINUX26 -DLINUX_KERNEL_VERSION=199272 --sysroot=/home/paldier/asuswrt/release/src-lantiq/tools/toolchain-mips_mips32_gcc-4.8-linaro_uClibc-0.9.33.2 -U CONFIG_NVRAM_SIZE  conftest.c >&5
configure:7888: $? = 0
configure:7888: result: yes
configure:7888: checking for stdlib.h
configure:7888: mips-openwrt-linux-uclibc-gcc -c -Os -DCONFIG_LANTIQ -DDEBUG_NOISY -DDEBUG_RCTEST -pipe -funit-at-a-time -Wno-pointer-sign -mips32r2 -mno-branch-likely -mtune=1004kc -DLINUX30 -DLINUX26 -DLINUX_KERNEL_VERSION=199272 --sysroot=/home/paldier/asuswrt/release/src-lantiq/tools/toolchain-mips_mips32_gcc-4.8-linaro_uClibc-0.9.33.2 -U CONFIG_NVRAM_SIZE  conftest.c >&5
configure:7888: $? = 0
configure:7888: result: yes
configure:7888: checking for string.h
configure:7888: mips-openwrt-linux-uclibc-gcc -c -Os -DCONFIG_LANTIQ -DDEBUG_NOISY -DDEBUG_RCTEST -pipe -funit-at-a-time -Wno-pointer-sign -mips32r2 -mno-branch-likely -mtune=1004kc -DLINUX30 -DLINUX26 -DLINUX_KERNEL_VERSION=199272 --sysroot=/home/paldier/asuswrt/release/src-lantiq/tools/toolchain-mips_mips32_gcc-4.8-linaro_uClibc-0.9.33.2 -U CONFIG_NVRAM_SIZE  conftest.c >&5
configure:7888: $? = 0
configure:7888: result: yes
configure:7888: checking for memory.h
configure:7888: mips-openwrt-linux-uclibc-gcc -c -Os -DCONFIG_LANTIQ -DDEBUG_NOISY -DDEBUG_RCTEST -pipe -funit-at-a-time -Wno-pointer-sign -mips32r2 -mno-branch-likely -mtune=1004kc -DLINUX30 -DLINUX26 -DLINUX_KERNEL_VERSION=199272 --sysroot=/home/paldier/asuswrt/release/src-lantiq/tools/toolchain-mips_mips32_gcc-4.8-linaro_uClibc-0.9.33.2 -U CONFIG_NVRAM_SIZE  conftest.c >&5
configure:7888: $? = 0
configure:7888: result: yes
configure:7888: checking for strings.h
configure:7888: mips-openwrt-linux-uclibc-gcc -c -Os -DCONFIG_LANTIQ -DDEBUG_NOISY -DDEBUG_RCTEST -pipe -funit-at-a-time -Wno-pointer-sign -mips32r2 -mno-branch-likely -mtune=1004kc -DLINUX30 -DLINUX26 -DLINUX_KERNEL_VERSION=199272 --sysroot=/home/paldier/asuswrt/release/src-lantiq/tools/toolchain-mips_mips32_gcc-4.8-linaro_uClibc-0.9.33.2 -U CONFIG_NVRAM_SIZE  conftest.c >&5
configure:7888: $? = 0
configure:7888: result: yes
configure:7888: checking for inttypes.h
configure:7888: mips-openwrt-linux-uclibc-gcc -c -Os -DCONFIG_LANTIQ -DDEBUG_NOISY -DDEBUG_RCTEST -pipe -funit-at-a-time -Wno-pointer-sign -mips32r2 -mno-branch-likely -mtune=1004kc -DLINUX30 -DLINUX26 -DLINUX_KERNEL_VERSION=199272 --sysroot=/home/paldier/asuswrt/release/src-lantiq/tools/toolchain-mips_mips32_gcc-4.8-linaro_uClibc-0.9.33.2 -U CONFIG_NVRAM_SIZE  conftest.c >&5
configure:7888: $? = 0
configure:7888: result: yes
configure:7888: checking for stdint.h
configure:7888: mips-openwrt-linux-uclibc-gcc -c -Os -DCONFIG_LANTIQ -DDEBUG_NOISY -DDEBUG_RCTEST -pipe -funit-at-a-time -Wno-pointer-sign -mips32r2 -mno-branch-likely -mtune=1004kc -DLINUX30 -DLINUX26 -DLINUX_KERNEL_VERSION=199272 --sysroot=/home/paldier/asuswrt/release/src-lantiq/tools/toolchain-mips_mips32_gcc-4.8-linaro_uClibc-0.9.33.2 -U CONFIG_NVRAM_SIZE  conftest.c >&5
configure:7888: $? = 0
configure:7888: result: yes
configure:7888: checking for unistd.h
configure:7888: mips-openwrt-linux-uclibc-gcc -c -Os -DCONFIG_LANTIQ -DDEBUG_NOISY -DDEBUG_RCTEST -pipe -funit-at-a-time -Wno-pointer-sign -mips32r2 -mno-branch-likely -mtune=1004kc -DLINUX30 -DLINUX26 -DLINUX_KERNEL_VERSION=199272 --sysroot=/home/paldier/asuswrt/release/src-lantiq/tools/toolchain-mips_mips32_gcc-4.8-linaro_uClibc-0.9.33.2 -U CONFIG_NVRAM_SIZE  conftest.c >&5
configure:7888: $? = 0
configure:7888: result: yes
configure:7902: checking for dlfcn.h
configure:7902: mips-openwrt-linux-uclibc-gcc -c -Os -DCONFIG_LANTIQ -DDEBUG_NOISY -DDEBUG_RCTEST -pipe -funit-at-a-time -Wno-pointer-sign -mips32r2 -mno-branch-likely -mtune=1004kc -DLINUX30 -DLINUX26 -DLINUX_KERNEL_VERSION=199272 --sysroot=/home/paldier/asuswrt/release/src-lantiq/tools/toolchain-mips_mips32_gcc-4.8-linaro_uClibc-0.9.33.2 -U CONFIG_NVRAM_SIZE  conftest.c >&5
configure:7902: $? = 0
configure:7902: result: yes
configure:8078: checking for objdir
configure:8093: result: .libs
configure:8364: checking if mips-openwrt-linux-uclibc-gcc supports -fno-rtti -fno-exceptions
configure:8382: mips-openwrt-linux-uclibc-gcc -c -Os -DCONFIG_LANTIQ -DDEBUG_NOISY -DDEBUG_RCTEST -pipe -funit-at-a-time -Wno-pointer-sign -mips32r2 -mno-branch-likely -mtune=1004kc -DLINUX30 -DLINUX26 -DLINUX_KERNEL_VERSION=199272 --sysroot=/home/paldier/asuswrt/release/src-lantiq/tools/toolchain-mips_mips32_gcc-4.8-linaro_uClibc-0.9.33.2 -U CONFIG_NVRAM_SIZE  -fno-rtti -fno-exceptions conftest.c >&5
cc1: warning: command line option '-fno-rtti' is valid for C++/ObjC++ but not for C [enabled by default]
configure:8386: $? = 0
configure:8399: result: no
configure:8726: checking for mips-openwrt-linux-uclibc-gcc option to produce PIC
configure:8733: result: -fPIC -DPIC
configure:8741: checking if mips-openwrt-linux-uclibc-gcc PIC flag -fPIC -DPIC works
configure:8759: mips-openwrt-linux-uclibc-gcc -c -Os -DCONFIG_LANTIQ -DDEBUG_NOISY -DDEBUG_RCTEST -pipe -funit-at-a-time -Wno-pointer-sign -mips32r2 -mno-branch-likely -mtune=1004kc -DLINUX30 -DLINUX26 -DLINUX_KERNEL_VERSION=199272 --sysroot=/home/paldier/asuswrt/release/src-lantiq/tools/toolchain-mips_mips32_gcc-4.8-linaro_uClibc-0.9.33.2 -U CONFIG_NVRAM_SIZE  -fPIC -DPIC -DPIC conftest.c >&5
configure:8763: $? = 0
configure:8776: result: yes
configure:8805: checking if mips-openwrt-linux-uclibc-gcc static flag -static works
configure:8833: result: yes
configure:8848: checking if mips-openwrt-linux-uclibc-gcc supports -c -o file.o
configure:8869: mips-openwrt-linux-uclibc-gcc -c -Os -DCONFIG_LANTIQ -DDEBUG_NOISY -DDEBUG_RCTEST -pipe -funit-at-a-time -Wno-pointer-sign -mips32r2 -mno-branch-likely -mtune=1004kc -DLINUX30 -DLINUX26 -DLINUX_KERNEL_VERSION=199272 --sysroot=/home/paldier/asuswrt/release/src-lantiq/tools/toolchain-mips_mips32_gcc-4.8-linaro_uClibc-0.9.33.2 -U CONFIG_NVRAM_SIZE  -o out/conftest2.o conftest.c >&5
configure:8873: $? = 0
configure:8895: result: yes
configure:8903: checking if mips-openwrt-linux-uclibc-gcc supports -c -o file.o
configure:8950: result: yes
configure:8983: checking whether the mips-openwrt-linux-uclibc-gcc linker (mips-openwrt-linux-uclibc-ld) supports shared libraries
configure:10140: result: yes
configure:10177: checking whether -lc should be explicitly linked in
configure:10185: mips-openwrt-linux-uclibc-gcc -c -Os -DCONFIG_LANTIQ -DDEBUG_NOISY -DDEBUG_RCTEST -pipe -funit-at-a-time -Wno-pointer-sign -mips32r2 -mno-branch-likely -mtune=1004kc -DLINUX30 -DLINUX26 -DLINUX_KERNEL_VERSION=199272 --sysroot=/home/paldier/asuswrt/release/src-lantiq/tools/toolchain-mips_mips32_gcc-4.8-linaro_uClibc-0.9.33.2 -U CONFIG_NVRAM_SIZE  conftest.c >&5
configure:10188: $? = 0
configure:10203: mips-openwrt-linux-uclibc-gcc -shared  -fPIC -DPIC conftest.o  -v -Wl,-soname -Wl,conftest -o conftest 2\>\&1 \| /bin/grep  -lc  \>/dev/null 2\>\&1
configure:10206: $? = 0
configure:10220: result: no
configure:10380: checking dynamic linker characteristics
configure:10880: mips-openwrt-linux-uclibc-gcc -o conftest -Os -DCONFIG_LANTIQ -DDEBUG_NOISY -DDEBUG_RCTEST -pipe -funit-at-a-time -Wno-pointer-sign -mips32r2 -mno-branch-likely -mtune=1004kc -DLINUX30 -DLINUX26 -DLINUX_KERNEL_VERSION=199272 --sysroot=/home/paldier/asuswrt/release/src-lantiq/tools/toolchain-mips_mips32_gcc-4.8-linaro_uClibc-0.9.33.2 -U CONFIG_NVRAM_SIZE   -Wl,-rpath -Wl,/foo conftest.c  >&5
configure:10880: $? = 0
configure:11114: result: GNU/Linux ld.so
configure:11221: checking how to hardcode library paths into programs
configure:11246: result: immediate
configure:11786: checking whether stripping libraries is possible
configure:11791: result: yes
configure:11826: checking if libtool supports shared libraries
configure:11828: result: yes
configure:11831: checking whether to build shared libraries
configure:11852: result: yes
configure:11855: checking whether to build static libraries
configure:11859: result: no
configure:11983: checking whether the linker accepts -Wl,--no-as-needed
configure:12002: mips-openwrt-linux-uclibc-gcc -o conftest -Os -DCONFIG_LANTIQ -DDEBUG_NOISY -DDEBUG_RCTEST -pipe -funit-at-a-time -Wno-pointer-sign -mips32r2 -mno-branch-likely -mtune=1004kc -DLINUX30 -DLINUX26 -DLINUX_KERNEL_VERSION=199272 --sysroot=/home/paldier/asuswrt/release/src-lantiq/tools/toolchain-mips_mips32_gcc-4.8-linaro_uClibc-0.9.33.2 -U CONFIG_NVRAM_SIZE  -Wl,--no-as-needed conftest.c  >&5
configure:12002: $? = 0
configure:12013: result: yes
configure:12023: checking whether mips-openwrt-linux-uclibc-ld knows -Wl,--no-undefined
configure:12031: mips-openwrt-linux-uclibc-gcc -o conftest -Os -DCONFIG_LANTIQ -DDEBUG_NOISY -DDEBUG_RCTEST -pipe -funit-at-a-time -Wno-pointer-sign -mips32r2 -mno-branch-likely -mtune=1004kc -DLINUX30 -DLINUX26 -DLINUX_KERNEL_VERSION=199272 --sysroot=/home/paldier/asuswrt/release/src-lantiq/tools/toolchain-mips_mips32_gcc-4.8-linaro_uClibc-0.9.33.2 -U CONFIG_NVRAM_SIZE  -Wl,--no-undefined conftest.c  >&5
configure:12031: $? = 0
configure:12032: result: yes
configure:12048: checking linux/dccp.h usability
configure:12048: mips-openwrt-linux-uclibc-gcc -c -Os -DCONFIG_LANTIQ -DDEBUG_NOISY -DDEBUG_RCTEST -pipe -funit-at-a-time -Wno-pointer-sign -mips32r2 -mno-branch-likely -mtune=1004kc -DLINUX30 -DLINUX26 -DLINUX_KERNEL_VERSION=199272 --sysroot=/home/paldier/asuswrt/release/src-lantiq/tools/toolchain-mips_mips32_gcc-4.8-linaro_uClibc-0.9.33.2 -U CONFIG_NVRAM_SIZE  conftest.c >&5
configure:12048: $? = 0
configure:12048: result: yes
configure:12048: checking linux/dccp.h presence
configure:12048: mips-openwrt-linux-uclibc-gcc -E  conftest.c
configure:12048: $? = 0
configure:12048: result: yes
configure:12048: checking for linux/dccp.h
configure:12048: result: yes
configure:12048: checking linux/ip_vs.h usability
configure:12048: mips-openwrt-linux-uclibc-gcc -c -Os -DCONFIG_LANTIQ -DDEBUG_NOISY -DDEBUG_RCTEST -pipe -funit-at-a-time -Wno-pointer-sign -mips32r2 -mno-branch-likely -mtune=1004kc -DLINUX30 -DLINUX26 -DLINUX_KERNEL_VERSION=199272 --sysroot=/home/paldier/asuswrt/release/src-lantiq/tools/toolchain-mips_mips32_gcc-4.8-linaro_uClibc-0.9.33.2 -U CONFIG_NVRAM_SIZE  conftest.c >&5
configure:12048: $? = 0
configure:12048: result: yes
configure:12048: checking linux/ip_vs.h presence
configure:12048: mips-openwrt-linux-uclibc-gcc -E  conftest.c
configure:12048: $? = 0
configure:12048: result: yes
configure:12048: checking for linux/ip_vs.h
configure:12048: result: yes
configure:12048: checking linux/magic.h usability
configure:12048: mips-openwrt-linux-uclibc-gcc -c -Os -DCONFIG_LANTIQ -DDEBUG_NOISY -DDEBUG_RCTEST -pipe -funit-at-a-time -Wno-pointer-sign -mips32r2 -mno-branch-likely -mtune=1004kc -DLINUX30 -DLINUX26 -DLINUX_KERNEL_VERSION=199272 --sysroot=/home/paldier/asuswrt/release/src-lantiq/tools/toolchain-mips_mips32_gcc-4.8-linaro_uClibc-0.9.33.2 -U CONFIG_NVRAM_SIZE  conftest.c >&5
configure:12048: $? = 0
configure:12048: result: yes
configure:12048: checking linux/magic.h presence
configure:12048: mips-openwrt-linux-uclibc-gcc -E  conftest.c
configure:12048: $? = 0
configure:12048: result: yes
configure:12048: checking for linux/magic.h
configure:12048: result: yes
configure:12048: checking linux/proc_fs.h usability
configure:12048: mips-openwrt-linux-uclibc-gcc -c -Os -DCONFIG_LANTIQ -DDEBUG_NOISY -DDEBUG_RCTEST -pipe -funit-at-a-time -Wno-pointer-sign -mips32r2 -mno-branch-likely -mtune=1004kc -DLINUX30 -DLINUX26 -DLINUX_KERNEL_VERSION=199272 --sysroot=/home/paldier/asuswrt/release/src-lantiq/tools/toolchain-mips_mips32_gcc-4.8-linaro_uClibc-0.9.33.2 -U CONFIG_NVRAM_SIZE  conftest.c >&5
conftest.c:59:27: fatal error: linux/proc_fs.h: No such file or directory
 #include <linux/proc_fs.h>
                           ^
compilation terminated.
configure:12048: $? = 1
configure: failed program was:
| /* confdefs.h */
| #define PACKAGE_NAME "iptables"
| #define PACKAGE_TARNAME "iptables"
| #define PACKAGE_VERSION "1.4.21"
| #define PACKAGE_STRING "iptables 1.4.21"
| #define PACKAGE_BUGREPORT ""
| #define PACKAGE_URL ""
| #define PACKAGE "iptables"
| #define VERSION "1.4.21"
| #define STDC_HEADERS 1
| #define HAVE_SYS_TYPES_H 1
| #define HAVE_SYS_STAT_H 1
| #define HAVE_STDLIB_H 1
| #define HAVE_STRING_H 1
| #define HAVE_MEMORY_H 1
| #define HAVE_STRINGS_H 1
| #define HAVE_INTTYPES_H 1
| #define HAVE_STDINT_H 1
| #define HAVE_UNISTD_H 1
| #define HAVE_DLFCN_H 1
| #define LT_OBJDIR ".libs/"
| #define HAVE_LINUX_DCCP_H 1
| #define HAVE_LINUX_IP_VS_H 1
| #define HAVE_LINUX_MAGIC_H 1
| /* end confdefs.h.  */
| #include <stdio.h>
| #ifdef HAVE_SYS_TYPES_H
| # include <sys/types.h>
| #endif
| #ifdef HAVE_SYS_STAT_H
| # include <sys/stat.h>
| #endif
| #ifdef STDC_HEADERS
| # include <stdlib.h>
| # include <stddef.h>
| #else
| # ifdef HAVE_STDLIB_H
| #  include <stdlib.h>
| # endif
| #endif
| #ifdef HAVE_STRING_H
| # if !defined STDC_HEADERS && defined HAVE_MEMORY_H
| #  include <memory.h>
| # endif
| # include <string.h>
| #endif
| #ifdef HAVE_STRINGS_H
| # include <strings.h>
| #endif
| #ifdef HAVE_INTTYPES_H
| # include <inttypes.h>
| #endif
| #ifdef HAVE_STDINT_H
| # include <stdint.h>
| #endif
| #ifdef HAVE_UNISTD_H
| # include <unistd.h>
| #endif
| #include <linux/proc_fs.h>
configure:12048: result: no
configure:12048: checking linux/proc_fs.h presence
configure:12048: mips-openwrt-linux-uclibc-gcc -E  conftest.c
conftest.c:26:27: fatal error: linux/proc_fs.h: No such file or directory
 #include <linux/proc_fs.h>
                           ^
compilation terminated.
configure:12048: $? = 1
configure: failed program was:
| /* confdefs.h */
| #define PACKAGE_NAME "iptables"
| #define PACKAGE_TARNAME "iptables"
| #define PACKAGE_VERSION "1.4.21"
| #define PACKAGE_STRING "iptables 1.4.21"
| #define PACKAGE_BUGREPORT ""
| #define PACKAGE_URL ""
| #define PACKAGE "iptables"
| #define VERSION "1.4.21"
| #define STDC_HEADERS 1
| #define HAVE_SYS_TYPES_H 1
| #define HAVE_SYS_STAT_H 1
| #define HAVE_STDLIB_H 1
| #define HAVE_STRING_H 1
| #define HAVE_MEMORY_H 1
| #define HAVE_STRINGS_H 1
| #define HAVE_INTTYPES_H 1
| #define HAVE_STDINT_H 1
| #define HAVE_UNISTD_H 1
| #define HAVE_DLFCN_H 1
| #define LT_OBJDIR ".libs/"
| #define HAVE_LINUX_DCCP_H 1
| #define HAVE_LINUX_IP_VS_H 1
| #define HAVE_LINUX_MAGIC_H 1
| /* end confdefs.h.  */
| #include <linux/proc_fs.h>
configure:12048: result: no
configure:12048: checking for linux/proc_fs.h
configure:12048: result: no
configure:12076: checking for mips-linux-pkg-config
configure:12109: result: no
configure:12119: checking for pkg-config
configure:12137: found /usr/bin/pkg-config
configure:12149: result: /usr/bin/pkg-config
configure:12174: checking pkg-config is at least version 0.9.0
configure:12177: result: yes
configure:12187: checking for libnetfilter_conntrack
configure:12194: $PKG_CONFIG --exists --print-errors "libnetfilter_conntrack >= 1.0.4"
Package libnetfilter_conntrack was not found in the pkg-config search path.
Perhaps you should add the directory containing `libnetfilter_conntrack.pc'
to the PKG_CONFIG_PATH environment variable
No package 'libnetfilter_conntrack' found
configure:12197: $? = 1
configure:12211: $PKG_CONFIG --exists --print-errors "libnetfilter_conntrack >= 1.0.4"
Package libnetfilter_conntrack was not found in the pkg-config search path.
Perhaps you should add the directory containing `libnetfilter_conntrack.pc'
to the PKG_CONFIG_PATH environment variable
No package 'libnetfilter_conntrack' found
configure:12214: $? = 1
configure:12228: result: no
No package 'libnetfilter_conntrack' found
configure:12275: checking size of struct ip6_hdr
configure:12280: mips-openwrt-linux-uclibc-gcc -c -Os -DCONFIG_LANTIQ -DDEBUG_NOISY -DDEBUG_RCTEST -pipe -funit-at-a-time -Wno-pointer-sign -mips32r2 -mno-branch-likely -mtune=1004kc -DLINUX30 -DLINUX26 -DLINUX_KERNEL_VERSION=199272 --sysroot=/home/paldier/asuswrt/release/src-lantiq/tools/toolchain-mips_mips32_gcc-4.8-linaro_uClibc-0.9.33.2 -U CONFIG_NVRAM_SIZE  conftest.c >&5
configure:12280: $? = 0
configure:12280: mips-openwrt-linux-uclibc-gcc -c -Os -DCONFIG_LANTIQ -DDEBUG_NOISY -DDEBUG_RCTEST -pipe -funit-at-a-time -Wno-pointer-sign -mips32r2 -mno-branch-likely -mtune=1004kc -DLINUX30 -DLINUX26 -DLINUX_KERNEL_VERSION=199272 --sysroot=/home/paldier/asuswrt/release/src-lantiq/tools/toolchain-mips_mips32_gcc-4.8-linaro_uClibc-0.9.33.2 -U CONFIG_NVRAM_SIZE  conftest.c >&5
conftest.c: In function 'main':
conftest.c:31:12: error: size of array 'test_array' is negative
 static int test_array [1 - 2 * !(((long int) (sizeof (struct ip6_hdr))) <= 0)];
            ^
configure:12280: $? = 1
configure: failed program was:
| /* confdefs.h */
| #define PACKAGE_NAME "iptables"
| #define PACKAGE_TARNAME "iptables"
| #define PACKAGE_VERSION "1.4.21"
| #define PACKAGE_STRING "iptables 1.4.21"
| #define PACKAGE_BUGREPORT ""
| #define PACKAGE_URL ""
| #define PACKAGE "iptables"
| #define VERSION "1.4.21"
| #define STDC_HEADERS 1
| #define HAVE_SYS_TYPES_H 1
| #define HAVE_SYS_STAT_H 1
| #define HAVE_STDLIB_H 1
| #define HAVE_STRING_H 1
| #define HAVE_MEMORY_H 1
| #define HAVE_STRINGS_H 1
| #define HAVE_INTTYPES_H 1
| #define HAVE_STDINT_H 1
| #define HAVE_UNISTD_H 1
| #define HAVE_DLFCN_H 1
| #define LT_OBJDIR ".libs/"
| #define HAVE_LINUX_DCCP_H 1
| #define HAVE_LINUX_IP_VS_H 1
| #define HAVE_LINUX_MAGIC_H 1
| /* end confdefs.h.  */
| #include <netinet/ip6.h>
| 
| int
| main ()
| {
| static int test_array [1 - 2 * !(((long int) (sizeof (struct ip6_hdr))) <= 0)];
| test_array [0] = 0;
| return test_array [0];
| 
|   ;
|   return 0;
| }
configure:12280: mips-openwrt-linux-uclibc-gcc -c -Os -DCONFIG_LANTIQ -DDEBUG_NOISY -DDEBUG_RCTEST -pipe -funit-at-a-time -Wno-pointer-sign -mips32r2 -mno-branch-likely -mtune=1004kc -DLINUX30 -DLINUX26 -DLINUX_KERNEL_VERSION=199272 --sysroot=/home/paldier/asuswrt/release/src-lantiq/tools/toolchain-mips_mips32_gcc-4.8-linaro_uClibc-0.9.33.2 -U CONFIG_NVRAM_SIZE  conftest.c >&5
conftest.c: In function 'main':
conftest.c:31:12: error: size of array 'test_array' is negative
 static int test_array [1 - 2 * !(((long int) (sizeof (struct ip6_hdr))) <= 1)];
            ^
configure:12280: $? = 1
configure: failed program was:
| /* confdefs.h */
| #define PACKAGE_NAME "iptables"
| #define PACKAGE_TARNAME "iptables"
| #define PACKAGE_VERSION "1.4.21"
| #define PACKAGE_STRING "iptables 1.4.21"
| #define PACKAGE_BUGREPORT ""
| #define PACKAGE_URL ""
| #define PACKAGE "iptables"
| #define VERSION "1.4.21"
| #define STDC_HEADERS 1
| #define HAVE_SYS_TYPES_H 1
| #define HAVE_SYS_STAT_H 1
| #define HAVE_STDLIB_H 1
| #define HAVE_STRING_H 1
| #define HAVE_MEMORY_H 1
| #define HAVE_STRINGS_H 1
| #define HAVE_INTTYPES_H 1
| #define HAVE_STDINT_H 1
| #define HAVE_UNISTD_H 1
| #define HAVE_DLFCN_H 1
| #define LT_OBJDIR ".libs/"
| #define HAVE_LINUX_DCCP_H 1
| #define HAVE_LINUX_IP_VS_H 1
| #define HAVE_LINUX_MAGIC_H 1
| /* end confdefs.h.  */
| #include <netinet/ip6.h>
| 
| int
| main ()
| {
| static int test_array [1 - 2 * !(((long int) (sizeof (struct ip6_hdr))) <= 1)];
| test_array [0] = 0;
| return test_array [0];
| 
|   ;
|   return 0;
| }
configure:12280: mips-openwrt-linux-uclibc-gcc -c -Os -DCONFIG_LANTIQ -DDEBUG_NOISY -DDEBUG_RCTEST -pipe -funit-at-a-time -Wno-pointer-sign -mips32r2 -mno-branch-likely -mtune=1004kc -DLINUX30 -DLINUX26 -DLINUX_KERNEL_VERSION=199272 --sysroot=/home/paldier/asuswrt/release/src-lantiq/tools/toolchain-mips_mips32_gcc-4.8-linaro_uClibc-0.9.33.2 -U CONFIG_NVRAM_SIZE  conftest.c >&5
conftest.c: In function 'main':
conftest.c:31:12: error: size of array 'test_array' is negative
 static int test_array [1 - 2 * !(((long int) (sizeof (struct ip6_hdr))) <= 3)];
            ^
configure:12280: $? = 1
configure: failed program was:
| /* confdefs.h */
| #define PACKAGE_NAME "iptables"
| #define PACKAGE_TARNAME "iptables"
| #define PACKAGE_VERSION "1.4.21"
| #define PACKAGE_STRING "iptables 1.4.21"
| #define PACKAGE_BUGREPORT ""
| #define PACKAGE_URL ""
| #define PACKAGE "iptables"
| #define VERSION "1.4.21"
| #define STDC_HEADERS 1
| #define HAVE_SYS_TYPES_H 1
| #define HAVE_SYS_STAT_H 1
| #define HAVE_STDLIB_H 1
| #define HAVE_STRING_H 1
| #define HAVE_MEMORY_H 1
| #define HAVE_STRINGS_H 1
| #define HAVE_INTTYPES_H 1
| #define HAVE_STDINT_H 1
| #define HAVE_UNISTD_H 1
| #define HAVE_DLFCN_H 1
| #define LT_OBJDIR ".libs/"
| #define HAVE_LINUX_DCCP_H 1
| #define HAVE_LINUX_IP_VS_H 1
| #define HAVE_LINUX_MAGIC_H 1
| /* end confdefs.h.  */
| #include <netinet/ip6.h>
| 
| int
| main ()
| {
| static int test_array [1 - 2 * !(((long int) (sizeof (struct ip6_hdr))) <= 3)];
| test_array [0] = 0;
| return test_array [0];
| 
|   ;
|   return 0;
| }
configure:12280: mips-openwrt-linux-uclibc-gcc -c -Os -DCONFIG_LANTIQ -DDEBUG_NOISY -DDEBUG_RCTEST -pipe -funit-at-a-time -Wno-pointer-sign -mips32r2 -mno-branch-likely -mtune=1004kc -DLINUX30 -DLINUX26 -DLINUX_KERNEL_VERSION=199272 --sysroot=/home/paldier/asuswrt/release/src-lantiq/tools/toolchain-mips_mips32_gcc-4.8-linaro_uClibc-0.9.33.2 -U CONFIG_NVRAM_SIZE  conftest.c >&5
conftest.c: In function 'main':
conftest.c:31:12: error: size of array 'test_array' is negative
 static int test_array [1 - 2 * !(((long int) (sizeof (struct ip6_hdr))) <= 7)];
            ^
configure:12280: $? = 1
configure: failed program was:
| /* confdefs.h */
| #define PACKAGE_NAME "iptables"
| #define PACKAGE_TARNAME "iptables"
| #define PACKAGE_VERSION "1.4.21"
| #define PACKAGE_STRING "iptables 1.4.21"
| #define PACKAGE_BUGREPORT ""
| #define PACKAGE_URL ""
| #define PACKAGE "iptables"
| #define VERSION "1.4.21"
| #define STDC_HEADERS 1
| #define HAVE_SYS_TYPES_H 1
| #define HAVE_SYS_STAT_H 1
| #define HAVE_STDLIB_H 1
| #define HAVE_STRING_H 1
| #define HAVE_MEMORY_H 1
| #define HAVE_STRINGS_H 1
| #define HAVE_INTTYPES_H 1
| #define HAVE_STDINT_H 1
| #define HAVE_UNISTD_H 1
| #define HAVE_DLFCN_H 1
| #define LT_OBJDIR ".libs/"
| #define HAVE_LINUX_DCCP_H 1
| #define HAVE_LINUX_IP_VS_H 1
| #define HAVE_LINUX_MAGIC_H 1
| /* end confdefs.h.  */
| #include <netinet/ip6.h>
| 
| int
| main ()
| {
| static int test_array [1 - 2 * !(((long int) (sizeof (struct ip6_hdr))) <= 7)];
| test_array [0] = 0;
| return test_array [0];
| 
|   ;
|   return 0;
| }
configure:12280: mips-openwrt-linux-uclibc-gcc -c -Os -DCONFIG_LANTIQ -DDEBUG_NOISY -DDEBUG_RCTEST -pipe -funit-at-a-time -Wno-pointer-sign -mips32r2 -mno-branch-likely -mtune=1004kc -DLINUX30 -DLINUX26 -DLINUX_KERNEL_VERSION=199272 --sysroot=/home/paldier/asuswrt/release/src-lantiq/tools/toolchain-mips_mips32_gcc-4.8-linaro_uClibc-0.9.33.2 -U CONFIG_NVRAM_SIZE  conftest.c >&5
conftest.c: In function 'main':
conftest.c:31:12: error: size of array 'test_array' is negative
 static int test_array [1 - 2 * !(((long int) (sizeof (struct ip6_hdr))) <= 15)];
            ^
configure:12280: $? = 1
configure: failed program was:
| /* confdefs.h */
| #define PACKAGE_NAME "iptables"
| #define PACKAGE_TARNAME "iptables"
| #define PACKAGE_VERSION "1.4.21"
| #define PACKAGE_STRING "iptables 1.4.21"
| #define PACKAGE_BUGREPORT ""
| #define PACKAGE_URL ""
| #define PACKAGE "iptables"
| #define VERSION "1.4.21"
| #define STDC_HEADERS 1
| #define HAVE_SYS_TYPES_H 1
| #define HAVE_SYS_STAT_H 1
| #define HAVE_STDLIB_H 1
| #define HAVE_STRING_H 1
| #define HAVE_MEMORY_H 1
| #define HAVE_STRINGS_H 1
| #define HAVE_INTTYPES_H 1
| #define HAVE_STDINT_H 1
| #define HAVE_UNISTD_H 1
| #define HAVE_DLFCN_H 1
| #define LT_OBJDIR ".libs/"
| #define HAVE_LINUX_DCCP_H 1
| #define HAVE_LINUX_IP_VS_H 1
| #define HAVE_LINUX_MAGIC_H 1
| /* end confdefs.h.  */
| #include <netinet/ip6.h>
| 
| int
| main ()
| {
| static int test_array [1 - 2 * !(((long int) (sizeof (struct ip6_hdr))) <= 15)];
| test_array [0] = 0;
| return test_array [0];
| 
|   ;
|   return 0;
| }
configure:12280: mips-openwrt-linux-uclibc-gcc -c -Os -DCONFIG_LANTIQ -DDEBUG_NOISY -DDEBUG_RCTEST -pipe -funit-at-a-time -Wno-pointer-sign -mips32r2 -mno-branch-likely -mtune=1004kc -DLINUX30 -DLINUX26 -DLINUX_KERNEL_VERSION=199272 --sysroot=/home/paldier/asuswrt/release/src-lantiq/tools/toolchain-mips_mips32_gcc-4.8-linaro_uClibc-0.9.33.2 -U CONFIG_NVRAM_SIZE  conftest.c >&5
conftest.c: In function 'main':
conftest.c:31:12: error: size of array 'test_array' is negative
 static int test_array [1 - 2 * !(((long int) (sizeof (struct ip6_hdr))) <= 31)];
            ^
configure:12280: $? = 1
configure: failed program was:
| /* confdefs.h */
| #define PACKAGE_NAME "iptables"
| #define PACKAGE_TARNAME "iptables"
| #define PACKAGE_VERSION "1.4.21"
| #define PACKAGE_STRING "iptables 1.4.21"
| #define PACKAGE_BUGREPORT ""
| #define PACKAGE_URL ""
| #define PACKAGE "iptables"
| #define VERSION "1.4.21"
| #define STDC_HEADERS 1
| #define HAVE_SYS_TYPES_H 1
| #define HAVE_SYS_STAT_H 1
| #define HAVE_STDLIB_H 1
| #define HAVE_STRING_H 1
| #define HAVE_MEMORY_H 1
| #define HAVE_STRINGS_H 1
| #define HAVE_INTTYPES_H 1
| #define HAVE_STDINT_H 1
| #define HAVE_UNISTD_H 1
| #define HAVE_DLFCN_H 1
| #define LT_OBJDIR ".libs/"
| #define HAVE_LINUX_DCCP_H 1
| #define HAVE_LINUX_IP_VS_H 1
| #define HAVE_LINUX_MAGIC_H 1
| /* end confdefs.h.  */
| #include <netinet/ip6.h>
| 
| int
| main ()
| {
| static int test_array [1 - 2 * !(((long int) (sizeof (struct ip6_hdr))) <= 31)];
| test_array [0] = 0;
| return test_array [0];
| 
|   ;
|   return 0;
| }
configure:12280: mips-openwrt-linux-uclibc-gcc -c -Os -DCONFIG_LANTIQ -DDEBUG_NOISY -DDEBUG_RCTEST -pipe -funit-at-a-time -Wno-pointer-sign -mips32r2 -mno-branch-likely -mtune=1004kc -DLINUX30 -DLINUX26 -DLINUX_KERNEL_VERSION=199272 --sysroot=/home/paldier/asuswrt/release/src-lantiq/tools/toolchain-mips_mips32_gcc-4.8-linaro_uClibc-0.9.33.2 -U CONFIG_NVRAM_SIZE  conftest.c >&5
configure:12280: $? = 0
configure:12280: mips-openwrt-linux-uclibc-gcc -c -Os -DCONFIG_LANTIQ -DDEBUG_NOISY -DDEBUG_RCTEST -pipe -funit-at-a-time -Wno-pointer-sign -mips32r2 -mno-branch-likely -mtune=1004kc -DLINUX30 -DLINUX26 -DLINUX_KERNEL_VERSION=199272 --sysroot=/home/paldier/asuswrt/release/src-lantiq/tools/toolchain-mips_mips32_gcc-4.8-linaro_uClibc-0.9.33.2 -U CONFIG_NVRAM_SIZE  conftest.c >&5
configure:12280: $? = 0
configure:12280: mips-openwrt-linux-uclibc-gcc -c -Os -DCONFIG_LANTIQ -DDEBUG_NOISY -DDEBUG_RCTEST -pipe -funit-at-a-time -Wno-pointer-sign -mips32r2 -mno-branch-likely -mtune=1004kc -DLINUX30 -DLINUX26 -DLINUX_KERNEL_VERSION=199272 --sysroot=/home/paldier/asuswrt/release/src-lantiq/tools/toolchain-mips_mips32_gcc-4.8-linaro_uClibc-0.9.33.2 -U CONFIG_NVRAM_SIZE  conftest.c >&5
conftest.c: In function 'main':
conftest.c:31:12: error: size of array 'test_array' is negative
 static int test_array [1 - 2 * !(((long int) (sizeof (struct ip6_hdr))) <= 39)];
            ^
configure:12280: $? = 1
configure: failed program was:
| /* confdefs.h */
| #define PACKAGE_NAME "iptables"
| #define PACKAGE_TARNAME "iptables"
| #define PACKAGE_VERSION "1.4.21"
| #define PACKAGE_STRING "iptables 1.4.21"
| #define PACKAGE_BUGREPORT ""
| #define PACKAGE_URL ""
| #define PACKAGE "iptables"
| #define VERSION "1.4.21"
| #define STDC_HEADERS 1
| #define HAVE_SYS_TYPES_H 1
| #define HAVE_SYS_STAT_H 1
| #define HAVE_STDLIB_H 1
| #define HAVE_STRING_H 1
| #define HAVE_MEMORY_H 1
| #define HAVE_STRINGS_H 1
| #define HAVE_INTTYPES_H 1
| #define HAVE_STDINT_H 1
| #define HAVE_UNISTD_H 1
| #define HAVE_DLFCN_H 1
| #define LT_OBJDIR ".libs/"
| #define HAVE_LINUX_DCCP_H 1
| #define HAVE_LINUX_IP_VS_H 1
| #define HAVE_LINUX_MAGIC_H 1
| /* end confdefs.h.  */
| #include <netinet/ip6.h>
| 
| int
| main ()
| {
| static int test_array [1 - 2 * !(((long int) (sizeof (struct ip6_hdr))) <= 39)];
| test_array [0] = 0;
| return test_array [0];
| 
|   ;
|   return 0;
| }
configure:12280: mips-openwrt-linux-uclibc-gcc -c -Os -DCONFIG_LANTIQ -DDEBUG_NOISY -DDEBUG_RCTEST -pipe -funit-at-a-time -Wno-pointer-sign -mips32r2 -mno-branch-likely -mtune=1004kc -DLINUX30 -DLINUX26 -DLINUX_KERNEL_VERSION=199272 --sysroot=/home/paldier/asuswrt/release/src-lantiq/tools/toolchain-mips_mips32_gcc-4.8-linaro_uClibc-0.9.33.2 -U CONFIG_NVRAM_SIZE  conftest.c >&5
configure:12280: $? = 0
configure:12280: mips-openwrt-linux-uclibc-gcc -c -Os -DCONFIG_LANTIQ -DDEBUG_NOISY -DDEBUG_RCTEST -pipe -funit-at-a-time -Wno-pointer-sign -mips32r2 -mno-branch-likely -mtune=1004kc -DLINUX30 -DLINUX26 -DLINUX_KERNEL_VERSION=199272 --sysroot=/home/paldier/asuswrt/release/src-lantiq/tools/toolchain-mips_mips32_gcc-4.8-linaro_uClibc-0.9.33.2 -U CONFIG_NVRAM_SIZE  conftest.c >&5
configure:12280: $? = 0
configure:12280: mips-openwrt-linux-uclibc-gcc -c -Os -DCONFIG_LANTIQ -DDEBUG_NOISY -DDEBUG_RCTEST -pipe -funit-at-a-time -Wno-pointer-sign -mips32r2 -mno-branch-likely -mtune=1004kc -DLINUX30 -DLINUX26 -DLINUX_KERNEL_VERSION=199272 --sysroot=/home/paldier/asuswrt/release/src-lantiq/tools/toolchain-mips_mips32_gcc-4.8-linaro_uClibc-0.9.33.2 -U CONFIG_NVRAM_SIZE  conftest.c >&5
configure:12280: $? = 0
configure:12295: result: 40
configure:12431: checking for libnfnetlink
configure:12438: $PKG_CONFIG --exists --print-errors "libnfnetlink >= 1.0"
Package libnfnetlink was not found in the pkg-config search path.
Perhaps you should add the directory containing `libnfnetlink.pc'
to the PKG_CONFIG_PATH environment variable
No package 'libnfnetlink' found
configure:12441: $? = 1
configure:12455: $PKG_CONFIG --exists --print-errors "libnfnetlink >= 1.0"
Package libnfnetlink was not found in the pkg-config search path.
Perhaps you should add the directory containing `libnfnetlink.pc'
to the PKG_CONFIG_PATH environment variable
No package 'libnfnetlink' found
configure:12458: $? = 1
configure:12472: result: no
No package 'libnfnetlink' found
configure:12649: checking that generated files are newer than configure
configure:12655: result: done
configure:12722: creating ./config.status

## ---------------------- ##
## Running config.status. ##
## ---------------------- ##

This file was extended by iptables config.status 1.4.21, which was
generated by GNU Autoconf 2.69.  Invocation command line was

  CONFIG_FILES    = 
  CONFIG_HEADERS  = 
  CONFIG_LINKS    = 
  CONFIG_COMMANDS = 
  $ ./config.status 

on paldier-VirtualBox

config.status:1153: creating Makefile
config.status:1153: creating extensions/GNUmakefile
config.status:1153: creating include/Makefile
config.status:1153: creating iptables/Makefile
config.status:1153: creating iptables/xtables.pc
config.status:1153: creating iptables/iptables.8
config.status:1153: creating iptables/iptables-extensions.8.tmpl
config.status:1153: creating iptables/iptables-save.8
config.status:1153: creating iptables/iptables-restore.8
config.status:1153: creating iptables/iptables-apply.8
config.status:1153: creating iptables/iptables-xml.1
config.status:1153: creating libipq/Makefile
config.status:1153: creating libipq/libipq.pc
config.status:1153: creating libiptc/Makefile
config.status:1153: creating libiptc/libiptc.pc
config.status:1153: creating libiptc/libip4tc.pc
config.status:1153: creating libiptc/libip6tc.pc
config.status:1153: creating libxtables/Makefile
config.status:1153: creating utils/Makefile
config.status:1153: creating include/xtables-version.h
config.status:1153: creating include/iptables/internal.h
config.status:1153: creating config.h
config.status:1334: config.h is unchanged
config.status:1382: executing depfiles commands
config.status:1382: executing libtool commands

## ---------------- ##
## Cache variables. ##
## ---------------- ##

ac_cv_build=x86_64-unknown-linux-uclibc
ac_cv_c_compiler_gnu=yes
ac_cv_env_CC_set=set
ac_cv_env_CC_value=mips-openwrt-linux-uclibc-gcc
ac_cv_env_CFLAGS_set=set
ac_cv_env_CFLAGS_value='-Os -DCONFIG_LANTIQ -DDEBUG_NOISY -DDEBUG_RCTEST -pipe -funit-at-a-time -Wno-pointer-sign -mips32r2 -mno-branch-likely -mtune=1004kc -DLINUX30 -DLINUX26 -DLINUX_KERNEL_VERSION=199272 --sysroot=/home/paldier/asuswrt/release/src-lantiq/tools/toolchain-mips_mips32_gcc-4.8-linaro_uClibc-0.9.33.2 -U CONFIG_NVRAM_SIZE'
ac_cv_env_CPPFLAGS_set=
ac_cv_env_CPPFLAGS_value=
ac_cv_env_CPP_set=
ac_cv_env_CPP_value=
ac_cv_env_LDFLAGS_set=
ac_cv_env_LDFLAGS_value=
ac_cv_env_LIBS_set=
ac_cv_env_LIBS_value=
ac_cv_env_PKG_CONFIG_LIBDIR_set=set
ac_cv_env_PKG_CONFIG_LIBDIR_value=/home/paldier/asuswrt/release/src-lantiq/router/mipsel-uclibc/stage/usr/lib/pkgconfig:/home/paldier/asuswrt/release/src-lantiq/router/mipsel-uclibc/stage/usr/local/lib/pkgconfig:/home/paldier/asuswrt/release/src-lantiq/router/mipsel-uclibc/stage/etc/lib/pkgconfig
ac_cv_env_PKG_CONFIG_PATH_set=set
ac_cv_env_PKG_CONFIG_PATH_value=/home/paldier/asuswrt/release/src-lantiq/router/mipsel-uclibc/stage/usr/lib/pkgconfig:/home/paldier/asuswrt/release/src-lantiq/router/mipsel-uclibc/stage/etc/lib/pkgconfig
ac_cv_env_PKG_CONFIG_set=
ac_cv_env_PKG_CONFIG_value=
ac_cv_env_build_alias_set=set
ac_cv_env_build_alias_value=
ac_cv_env_host_alias_set=set
ac_cv_env_host_alias_value=mips-linux
ac_cv_env_libnetfilter_conntrack_CFLAGS_set=
ac_cv_env_libnetfilter_conntrack_CFLAGS_value=
ac_cv_env_libnetfilter_conntrack_LIBS_set=
ac_cv_env_libnetfilter_conntrack_LIBS_value=
ac_cv_env_libnfnetlink_CFLAGS_set=
ac_cv_env_libnfnetlink_CFLAGS_value=
ac_cv_env_libnfnetlink_LIBS_set=
ac_cv_env_libnfnetlink_LIBS_value=
ac_cv_env_target_alias_set=
ac_cv_env_target_alias_value=
ac_cv_header_dlfcn_h=yes
ac_cv_header_inttypes_h=yes
ac_cv_header_linux_dccp_h=yes
ac_cv_header_linux_ip_vs_h=yes
ac_cv_header_linux_magic_h=yes
ac_cv_header_linux_proc_fs_h=no
ac_cv_header_memory_h=yes
ac_cv_header_stdc=yes
ac_cv_header_stdint_h=yes
ac_cv_header_stdlib_h=yes
ac_cv_header_string_h=yes
ac_cv_header_strings_h=yes
ac_cv_header_sys_stat_h=yes
ac_cv_header_sys_types_h=yes
ac_cv_header_unistd_h=yes
ac_cv_host=mips-unknown-linux-gnu
ac_cv_objext=o
ac_cv_path_EGREP='/bin/grep -E'
ac_cv_path_FGREP='/bin/grep -F'
ac_cv_path_GREP=/bin/grep
ac_cv_path_SED=/bin/sed
ac_cv_path_ac_pt_PKG_CONFIG=/usr/bin/pkg-config
ac_cv_path_install='/usr/bin/install -c'
ac_cv_path_mkdir=/bin/mkdir
ac_cv_prog_AR=mips-openwrt-linux-uclibc-ar
ac_cv_prog_AWK=gawk
ac_cv_prog_CC=mips-openwrt-linux-uclibc-gcc
ac_cv_prog_CPP='mips-openwrt-linux-uclibc-gcc -E'
ac_cv_prog_OBJDUMP=mips-openwrt-linux-uclibc-objdump
ac_cv_prog_RANLIB=mips-openwrt-linux-uclibc-ranlib
ac_cv_prog_STRIP='mips-openwrt-linux-uclibc-strip -R .note -R .comment'
ac_cv_prog_ac_ct_MANIFEST_TOOL=mt
ac_cv_prog_cc_c89=
ac_cv_prog_cc_g=yes
ac_cv_prog_make_make_set=yes
ac_cv_sizeof_struct_ip6_hdr=40
am_cv_CC_dependencies_compiler_type=gcc3
am_cv_ar_interface=ar
am_cv_make_support_nested_variables=yes
am_cv_prog_cc_c_o=yes
ax_cv_linker_flags__Wl___no_as_needed=yes
lt_cv_ar_at_file=@
lt_cv_archive_cmds_need_lc=no
lt_cv_deplibs_check_method=pass_all
lt_cv_file_magic_cmd='$MAGIC_CMD'
lt_cv_file_magic_test_file=
lt_cv_ld_reload_flag=-r
lt_cv_nm_interface='BSD nm'
lt_cv_objdir=.libs
lt_cv_path_LD=mips-openwrt-linux-uclibc-ld
lt_cv_path_NM=mips-openwrt-linux-uclibc-nm
lt_cv_path_mainfest_tool=no
lt_cv_prog_compiler_c_o=yes
lt_cv_prog_compiler_pic='-fPIC -DPIC'
lt_cv_prog_compiler_pic_works=yes
lt_cv_prog_compiler_rtti_exceptions=no
lt_cv_prog_compiler_static_works=yes
lt_cv_prog_gnu_ld=yes
lt_cv_sharedlib_from_linklib_cmd='printf %s\n'
lt_cv_shlibpath_overrides_runpath=no
lt_cv_sys_global_symbol_pipe='sed -n -e '\''s/^.*[	 ]\([ABCDGIRSTW][ABCDGIRSTW]*\)[	 ][	 ]*\([_A-Za-z][_A-Za-z0-9]*\)$/\1 \2 \2/p'\'' | sed '\''/ __gnu_lto/d'\'''
lt_cv_sys_global_symbol_to_c_name_address='sed -n -e '\''s/^: \([^ ]*\)[ ]*$/  {\"\1\", (void *) 0},/p'\'' -e '\''s/^[ABCDGIRSTW]* \([^ ]*\) \([^ ]*\)$/  {"\2", (void *) \&\2},/p'\'''
lt_cv_sys_global_symbol_to_c_name_address_lib_prefix='sed -n -e '\''s/^: \([^ ]*\)[ ]*$/  {\"\1\", (void *) 0},/p'\'' -e '\''s/^[ABCDGIRSTW]* \([^ ]*\) \(lib[^ ]*\)$/  {"\2", (void *) \&\2},/p'\'' -e '\''s/^[ABCDGIRSTW]* \([^ ]*\) \([^ ]*\)$/  {"lib\2", (void *) \&\2},/p'\'''
lt_cv_sys_global_symbol_to_cdecl='sed -n -e '\''s/^T .* \(.*\)$/extern int \1();/p'\'' -e '\''s/^[ABCDGIRSTW]* .* \(.*\)$/extern char \1;/p'\'''
lt_cv_sys_max_cmd_len=3458764513820540925
lt_cv_to_host_file_cmd=func_convert_file_noop
lt_cv_to_tool_file_cmd=func_convert_file_noop

## ----------------- ##
## Output variables. ##
## ----------------- ##

ACLOCAL='${SHELL} /home/paldier/asuswrt/release/src/router/iptables-1.4.21/build-aux/missing aclocal-1.14'
AMDEPBACKSLASH='\'
AMDEP_FALSE='#'
AMDEP_TRUE=''
AMTAR='$${TAR-tar}'
AM_BACKSLASH='\'
AM_DEFAULT_V='$(AM_DEFAULT_VERBOSITY)'
AM_DEFAULT_VERBOSITY='1'
AM_V='$(V)'
AR='mips-openwrt-linux-uclibc-ar'
AUTOCONF='${SHELL} /home/paldier/asuswrt/release/src/router/iptables-1.4.21/build-aux/missing autoconf'
AUTOHEADER='${SHELL} /home/paldier/asuswrt/release/src/router/iptables-1.4.21/build-aux/missing autoheader'
AUTOMAKE='${SHELL} /home/paldier/asuswrt/release/src/router/iptables-1.4.21/build-aux/missing automake-1.14'
AWK='gawk'
CC='mips-openwrt-linux-uclibc-gcc'
CCDEPMODE='depmode=gcc3'
CFLAGS='-Os -DCONFIG_LANTIQ -DDEBUG_NOISY -DDEBUG_RCTEST -pipe -funit-at-a-time -Wno-pointer-sign -mips32r2 -mno-branch-likely -mtune=1004kc -DLINUX30 -DLINUX26 -DLINUX_KERNEL_VERSION=199272 --sysroot=/home/paldier/asuswrt/release/src-lantiq/tools/toolchain-mips_mips32_gcc-4.8-linaro_uClibc-0.9.33.2 -U CONFIG_NVRAM_SIZE'
CPP='mips-openwrt-linux-uclibc-gcc -E'
CPPFLAGS=''
CYGPATH_W='echo'
DEFS='-DHAVE_CONFIG_H'
DEPDIR='.deps'
DLLTOOL='false'
DSYMUTIL=''
DUMPBIN=''
ECHO_C=''
ECHO_N='-n'
ECHO_T=''
EGREP='/bin/grep -E'
ENABLE_BPFC_FALSE=''
ENABLE_BPFC_TRUE='#'
ENABLE_DEVEL_FALSE='#'
ENABLE_DEVEL_TRUE=''
ENABLE_IPV4_FALSE='#'
ENABLE_IPV4_TRUE=''
ENABLE_IPV6_FALSE='#'
ENABLE_IPV6_TRUE=''
ENABLE_LARGEFILE_FALSE='#'
ENABLE_LARGEFILE_TRUE=''
ENABLE_LIBIPQ_FALSE=''
ENABLE_LIBIPQ_TRUE='#'
ENABLE_SHARED_FALSE='#'
ENABLE_SHARED_TRUE=''
ENABLE_STATIC_FALSE=''
ENABLE_STATIC_TRUE='#'
ENABLE_SYNCONF_FALSE=''
ENABLE_SYNCONF_TRUE='#'
EXEEXT=''
FGREP='/bin/grep -F'
GREP='/bin/grep'
HAVE_LIBNETFILTER_CONNTRACK_FALSE=''
HAVE_LIBNETFILTER_CONNTRACK_TRUE='#'
HAVE_LIBNFNETLINK_FALSE=''
HAVE_LIBNFNETLINK_TRUE='#'
INSTALL_DATA='${INSTALL} -m 644'
INSTALL_PROGRAM='${INSTALL}'
INSTALL_SCRIPT='${INSTALL}'
INSTALL_STRIP_PROGRAM='$(install_sh) -c -s'
LD='mips-openwrt-linux-uclibc-ld'
LDFLAGS=''
LIBOBJS=''
LIBS=''
LIBTOOL='$(SHELL) $(top_builddir)/libtool'
LIPO=''
LN_S='ln -s'
LTLIBOBJS=''
MAKEINFO='${SHELL} /home/paldier/asuswrt/release/src/router/iptables-1.4.21/build-aux/missing makeinfo'
MANIFEST_TOOL=':'
MKDIR_P='/bin/mkdir -p'
NM='mips-openwrt-linux-uclibc-nm'
NMEDIT=''
OBJDUMP='mips-openwrt-linux-uclibc-objdump'
OBJEXT='o'
OTOOL64=''
OTOOL=''
PACKAGE='iptables'
PACKAGE_BUGREPORT=''
PACKAGE_NAME='iptables'
PACKAGE_STRING='iptables 1.4.21'
PACKAGE_TARNAME='iptables'
PACKAGE_URL=''
PACKAGE_VERSION='1.4.21'
PATH_SEPARATOR=':'
PKG_CONFIG='/usr/bin/pkg-config'
PKG_CONFIG_LIBDIR='/home/paldier/asuswrt/release/src-lantiq/router/mipsel-uclibc/stage/usr/lib/pkgconfig:/home/paldier/asuswrt/release/src-lantiq/router/mipsel-uclibc/stage/usr/local/lib/pkgconfig:/home/paldier/asuswrt/release/src-lantiq/router/mipsel-uclibc/stage/etc/lib/pkgconfig'
PKG_CONFIG_PATH='/home/paldier/asuswrt/release/src-lantiq/router/mipsel-uclibc/stage/usr/lib/pkgconfig:/home/paldier/asuswrt/release/src-lantiq/router/mipsel-uclibc/stage/etc/lib/pkgconfig'
RANLIB='mips-openwrt-linux-uclibc-ranlib'
SED='/bin/sed'
SET_MAKE=''
SHELL='/bin/bash'
STRIP='mips-openwrt-linux-uclibc-strip -R .note -R .comment'
VERSION='1.4.21'
ac_ct_AR=''
ac_ct_CC=''
ac_ct_DUMPBIN=''
am__EXEEXT_FALSE=''
am__EXEEXT_TRUE='#'
am__fastdepCC_FALSE='#'
am__fastdepCC_TRUE=''
am__include='include'
am__isrc=''
am__leading_dot='.'
am__nodep='_no'
am__quote=''
am__tar='$${TAR-tar} chof - "$$tardir"'
am__untar='$${TAR-tar} xf -'
bindir='/usr/sbin'
blacklist_modules=' connlabel'
build='x86_64-unknown-linux-uclibc'
build_alias=''
build_cpu='x86_64'
build_os='linux-uclibc'
build_vendor='unknown'
datadir='${datarootdir}'
datarootdir='${prefix}/share'
docdir='${datarootdir}/doc/${PACKAGE_TARNAME}'
dvidir='${docdir}'
exec_prefix='${prefix}'
host='mips-unknown-linux-gnu'
host_alias='mips-linux'
host_cpu='mips'
host_os='linux-gnu'
host_vendor='unknown'
htmldir='${docdir}'
includedir='${prefix}/include'
infodir='${datarootdir}/info'
install_sh='${SHELL} /home/paldier/asuswrt/release/src/router/iptables-1.4.21/build-aux/install-sh'
kbuilddir='/home/paldier/asuswrt/release/src-lantiq/linux/linux-3.10.104'
kinclude_CPPFLAGS=' -I/home/paldier/asuswrt/release/src-lantiq/linux/linux-3.10.104/include/uapi -I/home/paldier/asuswrt/release/src-lantiq/linux/linux-3.10.104/include -I/home/paldier/asuswrt/release/src-lantiq/linux/linux-3.10.104/include/uapi -I/home/paldier/asuswrt/release/src-lantiq/linux/linux-3.10.104/include'
ksourcedir='/home/paldier/asuswrt/release/src-lantiq/linux/linux-3.10.104'
libdir='/usr/lib'
libexecdir='${exec_prefix}/libexec'
libiptc_LDFLAGS2='-Wl,--no-as-needed'
libnetfilter_conntrack_CFLAGS=''
libnetfilter_conntrack_LIBS=''
libnfnetlink_CFLAGS=''
libnfnetlink_LIBS=''
libxtables_vage='0'
libxtables_vcurrent='10'
libxtables_vmajor='10'
localedir='${datarootdir}/locale'
localstatedir='${prefix}/var'
mandir='${datarootdir}/man'
mkdir_p='$(MKDIR_P)'
noundef_LDFLAGS='-Wl,--no-undefined'
oldincludedir='/usr/include'
pdfdir='${docdir}'
pkgconfigdir='${libdir}/pkgconfig'
pkgdatadir='${datadir}/xtables'
prefix='/usr'
program_transform_name='s,x,x,'
psdir='${docdir}'
regular_CFLAGS='-Wall -Waggregate-return -Wmissing-declarations 	-Wmissing-prototypes -Wredundant-decls -Wshadow -Wstrict-prototypes 	-Winline -pipe'
regular_CPPFLAGS='-D_LARGEFILE_SOURCE=1 -D_LARGE_FILES -D_FILE_OFFSET_BITS=64 -D_REENTRANT 	-DXTABLES_LIBDIR=\"${xtlibdir}\" -DXTABLES_INTERNAL'
sbindir='${exec_prefix}/sbin'
sharedstatedir='${prefix}/com'
sysconfdir='${prefix}/etc'
target_alias=''
xtlibdir='/usr/lib/xtables'

## ----------- ##
## confdefs.h. ##
## ----------- ##

/* confdefs.h */
#define PACKAGE_NAME "iptables"
#define PACKAGE_TARNAME "iptables"
#define PACKAGE_VERSION "1.4.21"
#define PACKAGE_STRING "iptables 1.4.21"
#define PACKAGE_BUGREPORT ""
#define PACKAGE_URL ""
#define PACKAGE "iptables"
#define VERSION "1.4.21"
#define STDC_HEADERS 1
#define HAVE_SYS_TYPES_H 1
#define HAVE_SYS_STAT_H 1
#define HAVE_STDLIB_H 1
#define HAVE_STRING_H 1
#define HAVE_MEMORY_H 1
#define HAVE_STRINGS_H 1
#define HAVE_INTTYPES_H 1
#define HAVE_STDINT_H 1
#define HAVE_UNISTD_H 1
#define HAVE_DLFCN_H 1
#define LT_OBJDIR ".libs/"
#define HAVE_LINUX_DCCP_H 1
#define HAVE_LINUX_IP_VS_H 1
#define HAVE_LINUX_MAGIC_H 1
#define SIZEOF_STRUCT_IP6_HDR 40

configure: exit 0
