This file contains any messages produced by compilers while
running configure, to aid debugging if configure makes a mistake.

configure:529: checking for gcc
configure:642: checking whether the C compiler (mips-openwrt-linux-uclibc-gcc -O2 -Wall -DCONFIG_LANTIQ -DDEBUG_NOISY -DDEBUG_RCTEST -pipe -funit-at-a-time -Wno-pointer-sign -mips32r2 -mno-branch-likely -mtune=1004kc -DLINUX30 -DLINUX26 -DLINUX_KERNEL_VERSION=199272 --sysroot=/home/paldier/asuswrt/release/src-lantiq/tools/toolchain-mips_mips32_gcc-4.8-linaro_uClibc-0.9.33.2 -idirafter /home/paldier/asuswrt/release/src-lantiq/router/kernel_header/include  -DRTCONFIG_VPNC ) works
configure:658: mips-openwrt-linux-uclibc-gcc -o conftest -O2 -Wall -DCONFIG_LANTIQ -DDEBUG_NOISY -DDEBUG_RCTEST -pipe -funit-at-a-time -Wno-pointer-sign -mips32r2 -mno-branch-likely -mtune=1004kc -DLINUX30 -DLINUX26 -DLINUX_KERNEL_VERSION=199272 --sysroot=/home/paldier/asuswrt/release/src-lantiq/tools/toolchain-mips_mips32_gcc-4.8-linaro_uClibc-0.9.33.2 -idirafter /home/paldier/asuswrt/release/src-lantiq/router/kernel_header/include  -DRTCONFIG_VPNC   conftest.c  1>&5
configure:655:1: warning: return type defaults to 'int' [-Wreturn-type]
 main(){return(0);}
 ^
configure:684: checking whether the C compiler (mips-openwrt-linux-uclibc-gcc -O2 -Wall -DCONFIG_LANTIQ -DDEBUG_NOISY -DDEBUG_RCTEST -pipe -funit-at-a-time -Wno-pointer-sign -mips32r2 -mno-branch-likely -mtune=1004kc -DLINUX30 -DLINUX26 -DLINUX_KERNEL_VERSION=199272 --sysroot=/home/paldier/asuswrt/release/src-lantiq/tools/toolchain-mips_mips32_gcc-4.8-linaro_uClibc-0.9.33.2 -idirafter /home/paldier/asuswrt/release/src-lantiq/router/kernel_header/include  -DRTCONFIG_VPNC ) is a cross-compiler
configure:689: checking whether we are using GNU C
configure:717: checking whether mips-openwrt-linux-uclibc-gcc accepts -g
configure:779: checking for a BSD compatible install
configure:834: checking for ranlib
configure:868: checking host system type
configure:889: checking build system type
configure:915: checking for ar
configure:946: checking for dlopen in -ldl
configure:994: checking how to run the C preprocessor
configure:1074: checking for ANSI C header files
configure:1181: checking for fcntl.h
configure:1181: checking for sys/ioctl.h
configure:1181: checking for sys/time.h
configure:1181: checking for syslog.h
configure:1181: checking for unistd.h
configure:1219: checking for libevent directory
configure:1235: checking for working const
configure:1310: checking for pid_t
configure:1343: checking for size_t
configure:1376: checking whether time.h and sys/time.h may both be included
configure:1413: checking whether mips-openwrt-linux-uclibc-gcc needs -traditional
configure:1459: checking for 8-bit clean memcmp
configure:1495: checking return type of signal handlers
configure:1536: checking for vprintf
configure:1643: checking for gethostname
configure:1643: checking for gettimeofday
configure:1643: checking for socket
configure:1643: checking for strdup
configure:1643: checking for strerror
configure:1643: checking for strtol
