This file contains any messages produced by compilers while
running configure, to aid debugging if configure makes a mistake.

It was created by dlib configure 1.0, which was
generated by GNU Autoconf 2.61.  Invocation command line was

  $ ./configure 

## --------- ##
## Platform. ##
## --------- ##

hostname = paldier-VirtualBox
uname -m = x86_64
uname -r = 4.2.0-42-generic
uname -s = Linux
uname -v = #49~14.04.1-Ubuntu SMP Wed Jun 29 20:22:11 UTC 2016

/usr/bin/uname -p = unknown
/bin/uname -X     = unknown

/bin/arch              = unknown
/usr/bin/arch -k       = unknown
/usr/convex/getsysinfo = unknown
/usr/bin/hostinfo      = unknown
/bin/machine           = unknown
/usr/bin/oslevel       = unknown
/bin/universe          = unknown

PATH: "/usr/local/sbin
PATH: /usr/local/bin
PATH: /usr/sbin
PATH: /usr/bin
PATH: /sbin
PATH: /bin
PATH: /usr/games
PATH: /usr/local/games
PATH: /snap/bin
PATH: /opt/brcm/hndtools-mipsel-linux/bin
PATH: /opt/brcm/hndtools-mipsel-uclibc/bin
PATH: /projects/tools
PATH: /projects/hnd/tools/linux/hndtools-arm-linux-2.6.36-uclibc-4.5.3/bin
PATH: /projects/hnd/tools/linux/hndtools-arm-linux-2.6.36-uclibc-4.5.3/arm-linux/bin
PATH: /projects/hnd/tools/linux/hndtools-arm-linux-2.6.36-uclibc-4.5.3/usr/bin
PATH: /projects/hnd/tools/linux/hndtools-armeabi-2011.09/bin"
PATH: /home/paldier/asuswrt/release/src-lantiq/tools/toolchain-mips_mips32_gcc-4.8-linaro_uClibc-0.9.33.2/bin
PATH: /home/paldier/asuswrt/release/src-lantiq/tools/host/bin


## ----------- ##
## Core tests. ##
## ----------- ##

configure:1752: checking for gcc
configure:1779: result: mips-openwrt-linux-uclibc-gcc
configure:2017: checking for C compiler version
configure:2024: mips-openwrt-linux-uclibc-gcc --version >&5
mips-openwrt-linux-uclibc-gcc (OpenWrt/Linaro GCC 4.8-2014.04 15.05_ltq) 4.8.3
Copyright (C) 2013 Free Software Foundation, Inc.
This is free software; see the source for copying conditions.  There is NO
warranty; not even for MERCHANTABILITY or FITNESS FOR A PARTICULAR PURPOSE.

configure:2027: $? = 0
configure:2034: mips-openwrt-linux-uclibc-gcc -v >&5
Reading specs from /home/paldier/asuswrt/release/src-lantiq/tools/toolchain-mips_mips32_gcc-4.8-linaro_uClibc-0.9.33.2/bin/../lib/gcc/mips-openwrt-linux-uclibc/4.8.3/specs
COLLECT_GCC=mips-openwrt-linux-uclibc-gcc
COLLECT_LTO_WRAPPER=/home/paldier/asuswrt/release/src-lantiq/tools/toolchain-mips_mips32_gcc-4.8-linaro_uClibc-0.9.33.2/bin/../libexec/gcc/mips-openwrt-linux-uclibc/4.8.3/lto-wrapper
Target: mips-openwrt-linux-uclibc
Configured with: /media/intel160g/3asuswrt/UGW-7.2MR1/UGW-7.2.1.20-SW-CD/Sources/UGW-7.2.1.20/build_dir/toolchain-mips_mips32_gcc-4.8-linaro_uClibc-0.9.33.2/gcc-linaro-4.8-2014.04/configure --with-bugurl=https://dev.openwrt.org/ --with-pkgversion='OpenWrt/Linaro GCC 4.8-2014.04 15.05_ltq' --prefix=/media/intel160g/3asuswrt/UGW-7.2MR1/UGW-7.2.1.20-SW-CD/Sources/UGW-7.2.1.20/staging_dir/toolchain-mips_mips32_gcc-4.8-linaro_uClibc-0.9.33.2 --build=i686-linux-gnu --host=i686-linux-gnu --target=mips-openwrt-linux-uclibc --with-gnu-ld --enable-target-optspace --disable-libgomp --disable-libmudflap --disable-multilib --disable-nls --with-host-libstdcxx=-lstdc++ --with-float=soft --with-gmp=/media/intel160g/3asuswrt/UGW-7.2MR1/UGW-7.2.1.20-SW-CD/Sources/UGW-7.2.1.20/staging_dir/host --with-mpfr=/media/intel160g/3asuswrt/UGW-7.2MR1/UGW-7.2.1.20-SW-CD/Sources/UGW-7.2.1.20/staging_dir/host --with-mpc=/media/intel160g/3asuswrt/UGW-7.2MR1/UGW-7.2.1.20-SW-CD/Sources/UGW-7.2.1.20/staging_dir/host --disable-decimal-float --with-mips-plt --enable-libssp --disable-__cxa_atexit --with-headers=/media/intel160g/3asuswrt/UGW-7.2MR1/UGW-7.2.1.20-SW-CD/Sources/UGW-7.2.1.20/staging_dir/toolchain-mips_mips32_gcc-4.8-linaro_uClibc-0.9.33.2/include --disable-libsanitizer --enable-languages=c,c++ --enable-shared --enable-threads --with-slibdir=/media/intel160g/3asuswrt/UGW-7.2MR1/UGW-7.2.1.20-SW-CD/Sources/UGW-7.2.1.20/staging_dir/toolchain-mips_mips32_gcc-4.8-linaro_uClibc-0.9.33.2/lib
Thread model: posix
gcc version 4.8.3 (OpenWrt/Linaro GCC 4.8-2014.04 15.05_ltq) 
configure:2037: $? = 0
configure:2044: mips-openwrt-linux-uclibc-gcc -V >&5
mips-openwrt-linux-uclibc-gcc: error: unrecognized command line option '-V'
mips-openwrt-linux-uclibc-gcc: fatal error: no input files
compilation terminated.
configure:2047: $? = 1
configure:2070: checking for C compiler default output file name
configure:2097: mips-openwrt-linux-uclibc-gcc -I/home/paldier/asuswrt/release/src-lantiq/router/openssl/include -I/home/paldier/asuswrt/release/src-lantiq/router/nt_center/lib -I/home/paldier/asuswrt/release/src-lantiq/router/sqlite -DRTCONFIG_NOTIFICATION_CENTER -Wall -W -DUSE_GNU_STRFTIME -I/home/paldier/asuswrt/release/src-lantiq/router/email-3.1.3 -I/home/paldier/asuswrt/release/src-lantiq/router/email-3.1.3/src -I/home/paldier/asuswrt/release/src-lantiq/router/email-3.1.3/include -I../include -I/home/paldier/asuswrt/release/src-lantiq/router/email-3.1.3/dlib/include -I../dlib/include -DEMAIL_VERSION='"3.1.3"' -DCOMPILE_DATE='"10/31/2010-01:13:35PM_EDT"' -DEMAIL_DIR='"/etc/email"'  -L/home/paldier/asuswrt/release/src-lantiq/router/openssl -L/home/paldier/asuswrt/release/src-lantiq/router/nt_center/lib -L/home/paldier/asuswrt/release/src-lantiq/router/sqlite/.libs conftest.c   -lm -lnt -lsqlite3 -lpthread -lcrypto -lssl  >&5
/home/paldier/asuswrt/release/src-lantiq/router/openssl/libcrypto.so: warning: gethostbyname is obsolescent, use getnameinfo() instead.
configure:2100: $? = 0
configure:2138: result: a.out
configure:2155: checking whether the C compiler works
configure:2165: ./a.out
./a.out: 1: ./a.out: Syntax error: "(" unexpected
configure:2168: $? = 2
configure:2185: result: yes
configure:2192: checking whether we are cross compiling
configure:2194: result: yes
configure:2197: checking for suffix of executables
configure:2204: mips-openwrt-linux-uclibc-gcc -o conftest -I/home/paldier/asuswrt/release/src-lantiq/router/openssl/include -I/home/paldier/asuswrt/release/src-lantiq/router/nt_center/lib -I/home/paldier/asuswrt/release/src-lantiq/router/sqlite -DRTCONFIG_NOTIFICATION_CENTER -Wall -W -DUSE_GNU_STRFTIME -I/home/paldier/asuswrt/release/src-lantiq/router/email-3.1.3 -I/home/paldier/asuswrt/release/src-lantiq/router/email-3.1.3/src -I/home/paldier/asuswrt/release/src-lantiq/router/email-3.1.3/include -I../include -I/home/paldier/asuswrt/release/src-lantiq/router/email-3.1.3/dlib/include -I../dlib/include -DEMAIL_VERSION='"3.1.3"' -DCOMPILE_DATE='"10/31/2010-01:13:35PM_EDT"' -DEMAIL_DIR='"/etc/email"'  -L/home/paldier/asuswrt/release/src-lantiq/router/openssl -L/home/paldier/asuswrt/release/src-lantiq/router/nt_center/lib -L/home/paldier/asuswrt/release/src-lantiq/router/sqlite/.libs conftest.c   -lm -lnt -lsqlite3 -lpthread -lcrypto -lssl  >&5
/home/paldier/asuswrt/release/src-lantiq/router/openssl/libcrypto.so: warning: gethostbyname is obsolescent, use getnameinfo() instead.
configure:2207: $? = 0
configure:2231: result: 
configure:2237: checking for suffix of object files
configure:2263: mips-openwrt-linux-uclibc-gcc -c -I/home/paldier/asuswrt/release/src-lantiq/router/openssl/include -I/home/paldier/asuswrt/release/src-lantiq/router/nt_center/lib -I/home/paldier/asuswrt/release/src-lantiq/router/sqlite -DRTCONFIG_NOTIFICATION_CENTER -Wall -W -DUSE_GNU_STRFTIME -I/home/paldier/asuswrt/release/src-lantiq/router/email-3.1.3 -I/home/paldier/asuswrt/release/src-lantiq/router/email-3.1.3/src -I/home/paldier/asuswrt/release/src-lantiq/router/email-3.1.3/include -I../include -I/home/paldier/asuswrt/release/src-lantiq/router/email-3.1.3/dlib/include -I../dlib/include -DEMAIL_VERSION='"3.1.3"' -DCOMPILE_DATE='"10/31/2010-01:13:35PM_EDT"' -DEMAIL_DIR='"/etc/email"'  conftest.c >&5
configure:2266: $? = 0
configure:2289: result: o
configure:2293: checking whether we are using the GNU C compiler
configure:2322: mips-openwrt-linux-uclibc-gcc -c -I/home/paldier/asuswrt/release/src-lantiq/router/openssl/include -I/home/paldier/asuswrt/release/src-lantiq/router/nt_center/lib -I/home/paldier/asuswrt/release/src-lantiq/router/sqlite -DRTCONFIG_NOTIFICATION_CENTER -Wall -W -DUSE_GNU_STRFTIME -I/home/paldier/asuswrt/release/src-lantiq/router/email-3.1.3 -I/home/paldier/asuswrt/release/src-lantiq/router/email-3.1.3/src -I/home/paldier/asuswrt/release/src-lantiq/router/email-3.1.3/include -I../include -I/home/paldier/asuswrt/release/src-lantiq/router/email-3.1.3/dlib/include -I../dlib/include -DEMAIL_VERSION='"3.1.3"' -DCOMPILE_DATE='"10/31/2010-01:13:35PM_EDT"' -DEMAIL_DIR='"/etc/email"'  conftest.c >&5
configure:2328: $? = 0
configure:2345: result: yes
configure:2350: checking whether mips-openwrt-linux-uclibc-gcc accepts -g
configure:2380: mips-openwrt-linux-uclibc-gcc -c -g  conftest.c >&5
configure:2386: $? = 0
configure:2485: result: yes
configure:2502: checking for mips-openwrt-linux-uclibc-gcc option to accept ISO C89
configure:2576: mips-openwrt-linux-uclibc-gcc  -c -I/home/paldier/asuswrt/release/src-lantiq/router/openssl/include -I/home/paldier/asuswrt/release/src-lantiq/router/nt_center/lib -I/home/paldier/asuswrt/release/src-lantiq/router/sqlite -DRTCONFIG_NOTIFICATION_CENTER -Wall -W -DUSE_GNU_STRFTIME -I/home/paldier/asuswrt/release/src-lantiq/router/email-3.1.3 -I/home/paldier/asuswrt/release/src-lantiq/router/email-3.1.3/src -I/home/paldier/asuswrt/release/src-lantiq/router/email-3.1.3/include -I../include -I/home/paldier/asuswrt/release/src-lantiq/router/email-3.1.3/dlib/include -I../dlib/include -DEMAIL_VERSION='"3.1.3"' -DCOMPILE_DATE='"10/31/2010-01:13:35PM_EDT"' -DEMAIL_DIR='"/etc/email"'  conftest.c >&5
configure:2582: $? = 0
configure:2605: result: none needed
configure:2623: checking whether make sets $(MAKE)
configure:2644: result: yes
configure:2668: checking for special C compiler options needed for large files
configure:2761: result: no
configure:2767: checking for _FILE_OFFSET_BITS value needed for large files
configure:2802: mips-openwrt-linux-uclibc-gcc -c -I/home/paldier/asuswrt/release/src-lantiq/router/openssl/include -I/home/paldier/asuswrt/release/src-lantiq/router/nt_center/lib -I/home/paldier/asuswrt/release/src-lantiq/router/sqlite -DRTCONFIG_NOTIFICATION_CENTER -Wall -W -DUSE_GNU_STRFTIME -I/home/paldier/asuswrt/release/src-lantiq/router/email-3.1.3 -I/home/paldier/asuswrt/release/src-lantiq/router/email-3.1.3/src -I/home/paldier/asuswrt/release/src-lantiq/router/email-3.1.3/include -I../include -I/home/paldier/asuswrt/release/src-lantiq/router/email-3.1.3/dlib/include -I../dlib/include -DEMAIL_VERSION='"3.1.3"' -DCOMPILE_DATE='"10/31/2010-01:13:35PM_EDT"' -DEMAIL_DIR='"/etc/email"'  conftest.c >&5
conftest.c:14:3: warning: left shift count >= width of type [enabled by default]
   int off_t_is_large[(LARGE_OFF_T % 2147483629 == 721
   ^
conftest.c:14:3: warning: left shift count >= width of type [enabled by default]
conftest.c:15:10: warning: left shift count >= width of type [enabled by default]
          && LARGE_OFF_T % 2147483647 == 1)
          ^
conftest.c:15:10: warning: left shift count >= width of type [enabled by default]
conftest.c:14:7: error: variably modified 'off_t_is_large' at file scope
   int off_t_is_large[(LARGE_OFF_T % 2147483629 == 721
       ^
configure:2808: $? = 1
configure: failed program was:
| /* confdefs.h.  */
| #define PACKAGE_NAME "dlib"
| #define PACKAGE_TARNAME "dlib"
| #define PACKAGE_VERSION "1.0"
| #define PACKAGE_STRING "dlib 1.0"
| #define PACKAGE_BUGREPORT "<deanjones@cleancode.org>"
| /* end confdefs.h.  */
| #include <sys/types.h>
|  /* Check that off_t can represent 2**63 - 1 correctly.
|     We can't simply define LARGE_OFF_T to be 9223372036854775807,
|     since some C++ compilers masquerading as C compilers
|     incorrectly reject 9223372036854775807.  */
| #define LARGE_OFF_T (((off_t) 1 << 62) - 1 + ((off_t) 1 << 62))
|   int off_t_is_large[(LARGE_OFF_T % 2147483629 == 721
| 		       && LARGE_OFF_T % 2147483647 == 1)
| 		      ? 1 : -1];
| int
| main ()
| {
| 
|   ;
|   return 0;
| }
configure:2852: mips-openwrt-linux-uclibc-gcc -c -I/home/paldier/asuswrt/release/src-lantiq/router/openssl/include -I/home/paldier/asuswrt/release/src-lantiq/router/nt_center/lib -I/home/paldier/asuswrt/release/src-lantiq/router/sqlite -DRTCONFIG_NOTIFICATION_CENTER -Wall -W -DUSE_GNU_STRFTIME -I/home/paldier/asuswrt/release/src-lantiq/router/email-3.1.3 -I/home/paldier/asuswrt/release/src-lantiq/router/email-3.1.3/src -I/home/paldier/asuswrt/release/src-lantiq/router/email-3.1.3/include -I../include -I/home/paldier/asuswrt/release/src-lantiq/router/email-3.1.3/dlib/include -I../dlib/include -DEMAIL_VERSION='"3.1.3"' -DCOMPILE_DATE='"10/31/2010-01:13:35PM_EDT"' -DEMAIL_DIR='"/etc/email"'  conftest.c >&5
configure:2858: $? = 0
configure:2876: result: 64
configure:3018: checking for socket in -lsocket
configure:3053: mips-openwrt-linux-uclibc-gcc -o conftest -I/home/paldier/asuswrt/release/src-lantiq/router/openssl/include -I/home/paldier/asuswrt/release/src-lantiq/router/nt_center/lib -I/home/paldier/asuswrt/release/src-lantiq/router/sqlite -DRTCONFIG_NOTIFICATION_CENTER -Wall -W -DUSE_GNU_STRFTIME -I/home/paldier/asuswrt/release/src-lantiq/router/email-3.1.3 -I/home/paldier/asuswrt/release/src-lantiq/router/email-3.1.3/src -I/home/paldier/asuswrt/release/src-lantiq/router/email-3.1.3/include -I../include -I/home/paldier/asuswrt/release/src-lantiq/router/email-3.1.3/dlib/include -I../dlib/include -DEMAIL_VERSION='"3.1.3"' -DCOMPILE_DATE='"10/31/2010-01:13:35PM_EDT"' -DEMAIL_DIR='"/etc/email"' -Wall -W  -L/home/paldier/asuswrt/release/src-lantiq/router/openssl -L/home/paldier/asuswrt/release/src-lantiq/router/nt_center/lib -L/home/paldier/asuswrt/release/src-lantiq/router/sqlite/.libs conftest.c -lsocket    -lm -lnt -lsqlite3 -lpthread -lcrypto -lssl  >&5
/home/paldier/asuswrt/release/src-lantiq/tools/toolchain-mips_mips32_gcc-4.8-linaro_uClibc-0.9.33.2/bin/../lib/gcc/mips-openwrt-linux-uclibc/4.8.3/../../../../mips-openwrt-linux-uclibc/bin/ld: cannot find -lsocket
collect2: error: ld returned 1 exit status
configure:3059: $? = 1
configure: failed program was:
| /* confdefs.h.  */
| #define PACKAGE_NAME "dlib"
| #define PACKAGE_TARNAME "dlib"
| #define PACKAGE_VERSION "1.0"
| #define PACKAGE_STRING "dlib 1.0"
| #define PACKAGE_BUGREPORT "<deanjones@cleancode.org>"
| #define _FILE_OFFSET_BITS 64
| /* end confdefs.h.  */
| 
| /* Override any GCC internal prototype to avoid an error.
|    Use char because int might match the return type of a GCC
|    builtin and then its argument prototype would still apply.  */
| #ifdef __cplusplus
| extern "C"
| #endif
| char socket ();
| int
| main ()
| {
| return socket ();
|   ;
|   return 0;
| }
configure:3077: result: no
configure:3089: checking for sqrt in -lm
configure:3124: mips-openwrt-linux-uclibc-gcc -o conftest -I/home/paldier/asuswrt/release/src-lantiq/router/openssl/include -I/home/paldier/asuswrt/release/src-lantiq/router/nt_center/lib -I/home/paldier/asuswrt/release/src-lantiq/router/sqlite -DRTCONFIG_NOTIFICATION_CENTER -Wall -W -DUSE_GNU_STRFTIME -I/home/paldier/asuswrt/release/src-lantiq/router/email-3.1.3 -I/home/paldier/asuswrt/release/src-lantiq/router/email-3.1.3/src -I/home/paldier/asuswrt/release/src-lantiq/router/email-3.1.3/include -I../include -I/home/paldier/asuswrt/release/src-lantiq/router/email-3.1.3/dlib/include -I../dlib/include -DEMAIL_VERSION='"3.1.3"' -DCOMPILE_DATE='"10/31/2010-01:13:35PM_EDT"' -DEMAIL_DIR='"/etc/email"' -Wall -W  -L/home/paldier/asuswrt/release/src-lantiq/router/openssl -L/home/paldier/asuswrt/release/src-lantiq/router/nt_center/lib -L/home/paldier/asuswrt/release/src-lantiq/router/sqlite/.libs conftest.c -lm    -lm -lnt -lsqlite3 -lpthread -lcrypto -lssl  >&5
conftest.c:16:6: warning: conflicting types for built-in function 'sqrt' [enabled by default]
 char sqrt ();
      ^
/home/paldier/asuswrt/release/src-lantiq/router/openssl/libcrypto.so: warning: gethostbyname is obsolescent, use getnameinfo() instead.
configure:3130: $? = 0
configure:3148: result: yes
configure:3160: checking for gethostbyname in -lnsl
configure:3195: mips-openwrt-linux-uclibc-gcc -o conftest -I/home/paldier/asuswrt/release/src-lantiq/router/openssl/include -I/home/paldier/asuswrt/release/src-lantiq/router/nt_center/lib -I/home/paldier/asuswrt/release/src-lantiq/router/sqlite -DRTCONFIG_NOTIFICATION_CENTER -Wall -W -DUSE_GNU_STRFTIME -I/home/paldier/asuswrt/release/src-lantiq/router/email-3.1.3 -I/home/paldier/asuswrt/release/src-lantiq/router/email-3.1.3/src -I/home/paldier/asuswrt/release/src-lantiq/router/email-3.1.3/include -I../include -I/home/paldier/asuswrt/release/src-lantiq/router/email-3.1.3/dlib/include -I../dlib/include -DEMAIL_VERSION='"3.1.3"' -DCOMPILE_DATE='"10/31/2010-01:13:35PM_EDT"' -DEMAIL_DIR='"/etc/email"' -Wall -W  -L/home/paldier/asuswrt/release/src-lantiq/router/openssl -L/home/paldier/asuswrt/release/src-lantiq/router/nt_center/lib -L/home/paldier/asuswrt/release/src-lantiq/router/sqlite/.libs conftest.c -lnsl  -lm   -lm -lnt -lsqlite3 -lpthread -lcrypto -lssl  >&5
/tmp/ccVYjX2a.o: In function `main':
conftest.c:(.text+0x10): warning: gethostbyname is obsolescent, use getnameinfo() instead.
configure:3201: $? = 0
configure:3219: result: yes
configure:3232: checking for SSL_library_init in -lssl
configure:3267: mips-openwrt-linux-uclibc-gcc -o conftest -I/home/paldier/asuswrt/release/src-lantiq/router/openssl/include -I/home/paldier/asuswrt/release/src-lantiq/router/nt_center/lib -I/home/paldier/asuswrt/release/src-lantiq/router/sqlite -DRTCONFIG_NOTIFICATION_CENTER -Wall -W -DUSE_GNU_STRFTIME -I/home/paldier/asuswrt/release/src-lantiq/router/email-3.1.3 -I/home/paldier/asuswrt/release/src-lantiq/router/email-3.1.3/src -I/home/paldier/asuswrt/release/src-lantiq/router/email-3.1.3/include -I../include -I/home/paldier/asuswrt/release/src-lantiq/router/email-3.1.3/dlib/include -I../dlib/include -DEMAIL_VERSION='"3.1.3"' -DCOMPILE_DATE='"10/31/2010-01:13:35PM_EDT"' -DEMAIL_DIR='"/etc/email"' -Wall -W  -L/home/paldier/asuswrt/release/src-lantiq/router/openssl -L/home/paldier/asuswrt/release/src-lantiq/router/nt_center/lib -L/home/paldier/asuswrt/release/src-lantiq/router/sqlite/.libs conftest.c -lssl  -lnsl -lm   -lm -lnt -lsqlite3 -lpthread -lcrypto -lssl  >&5
/home/paldier/asuswrt/release/src-lantiq/router/openssl/libcrypto.so: warning: gethostbyname is obsolescent, use getnameinfo() instead.
configure:3273: $? = 0
configure:3291: result: yes
configure:3303: checking for X509_free in -lcrypto
configure:3338: mips-openwrt-linux-uclibc-gcc -o conftest -I/home/paldier/asuswrt/release/src-lantiq/router/openssl/include -I/home/paldier/asuswrt/release/src-lantiq/router/nt_center/lib -I/home/paldier/asuswrt/release/src-lantiq/router/sqlite -DRTCONFIG_NOTIFICATION_CENTER -Wall -W -DUSE_GNU_STRFTIME -I/home/paldier/asuswrt/release/src-lantiq/router/email-3.1.3 -I/home/paldier/asuswrt/release/src-lantiq/router/email-3.1.3/src -I/home/paldier/asuswrt/release/src-lantiq/router/email-3.1.3/include -I../include -I/home/paldier/asuswrt/release/src-lantiq/router/email-3.1.3/dlib/include -I../dlib/include -DEMAIL_VERSION='"3.1.3"' -DCOMPILE_DATE='"10/31/2010-01:13:35PM_EDT"' -DEMAIL_DIR='"/etc/email"' -Wall -W  -L/home/paldier/asuswrt/release/src-lantiq/router/openssl -L/home/paldier/asuswrt/release/src-lantiq/router/nt_center/lib -L/home/paldier/asuswrt/release/src-lantiq/router/sqlite/.libs conftest.c -lcrypto  -lssl -lnsl -lm   -lm -lnt -lsqlite3 -lpthread -lcrypto -lssl  >&5
/home/paldier/asuswrt/release/src-lantiq/router/openssl/libcrypto.so: warning: gethostbyname is obsolescent, use getnameinfo() instead.
configure:3344: $? = 0
configure:3362: result: yes
configure:3374: checking for RAND_seed in -lcrypto
configure:3409: mips-openwrt-linux-uclibc-gcc -o conftest -I/home/paldier/asuswrt/release/src-lantiq/router/openssl/include -I/home/paldier/asuswrt/release/src-lantiq/router/nt_center/lib -I/home/paldier/asuswrt/release/src-lantiq/router/sqlite -DRTCONFIG_NOTIFICATION_CENTER -Wall -W -DUSE_GNU_STRFTIME -I/home/paldier/asuswrt/release/src-lantiq/router/email-3.1.3 -I/home/paldier/asuswrt/release/src-lantiq/router/email-3.1.3/src -I/home/paldier/asuswrt/release/src-lantiq/router/email-3.1.3/include -I../include -I/home/paldier/asuswrt/release/src-lantiq/router/email-3.1.3/dlib/include -I../dlib/include -DEMAIL_VERSION='"3.1.3"' -DCOMPILE_DATE='"10/31/2010-01:13:35PM_EDT"' -DEMAIL_DIR='"/etc/email"' -Wall -W  -L/home/paldier/asuswrt/release/src-lantiq/router/openssl -L/home/paldier/asuswrt/release/src-lantiq/router/nt_center/lib -L/home/paldier/asuswrt/release/src-lantiq/router/sqlite/.libs conftest.c -lcrypto  -lcrypto -lssl -lnsl -lm   -lm -lnt -lsqlite3 -lpthread -lcrypto -lssl  >&5
/home/paldier/asuswrt/release/src-lantiq/router/openssl/libcrypto.so: warning: gethostbyname is obsolescent, use getnameinfo() instead.
configure:3415: $? = 0
configure:3433: result: yes
configure:3454: checking how to run the C preprocessor
configure:3494: mips-openwrt-linux-uclibc-gcc -E  conftest.c
configure:3500: $? = 0
configure:3531: mips-openwrt-linux-uclibc-gcc -E  conftest.c
conftest.c:14:28: fatal error: ac_nonexistent.h: No such file or directory
 #include <ac_nonexistent.h>
                            ^
compilation terminated.
configure:3537: $? = 1
configure: failed program was:
| /* confdefs.h.  */
| #define PACKAGE_NAME "dlib"
| #define PACKAGE_TARNAME "dlib"
| #define PACKAGE_VERSION "1.0"
| #define PACKAGE_STRING "dlib 1.0"
| #define PACKAGE_BUGREPORT "<deanjones@cleancode.org>"
| #define _FILE_OFFSET_BITS 64
| #define HAVE_LIBM 1
| #define HAVE_LIBNSL 1
| #define HAVE_LIBSSL 1
| #define HAVE_LIBCRYPTO 1
| #define HAVE_LIBCRYPTO 1
| /* end confdefs.h.  */
| #include <ac_nonexistent.h>
configure:3570: result: mips-openwrt-linux-uclibc-gcc -E
configure:3599: mips-openwrt-linux-uclibc-gcc -E  conftest.c
configure:3605: $? = 0
configure:3636: mips-openwrt-linux-uclibc-gcc -E  conftest.c
conftest.c:14:28: fatal error: ac_nonexistent.h: No such file or directory
 #include <ac_nonexistent.h>
                            ^
compilation terminated.
configure:3642: $? = 1
configure: failed program was:
| /* confdefs.h.  */
| #define PACKAGE_NAME "dlib"
| #define PACKAGE_TARNAME "dlib"
| #define PACKAGE_VERSION "1.0"
| #define PACKAGE_STRING "dlib 1.0"
| #define PACKAGE_BUGREPORT "<deanjones@cleancode.org>"
| #define _FILE_OFFSET_BITS 64
| #define HAVE_LIBM 1
| #define HAVE_LIBNSL 1
| #define HAVE_LIBSSL 1
| #define HAVE_LIBCRYPTO 1
| #define HAVE_LIBCRYPTO 1
| /* end confdefs.h.  */
| #include <ac_nonexistent.h>
configure:3680: checking for grep that handles long lines and -e
configure:3754: result: /bin/grep
configure:3759: checking for egrep
configure:3837: result: /bin/grep -E
configure:3842: checking for ANSI C header files
configure:3872: mips-openwrt-linux-uclibc-gcc -c -I/home/paldier/asuswrt/release/src-lantiq/router/openssl/include -I/home/paldier/asuswrt/release/src-lantiq/router/nt_center/lib -I/home/paldier/asuswrt/release/src-lantiq/router/sqlite -DRTCONFIG_NOTIFICATION_CENTER -Wall -W -DUSE_GNU_STRFTIME -I/home/paldier/asuswrt/release/src-lantiq/router/email-3.1.3 -I/home/paldier/asuswrt/release/src-lantiq/router/email-3.1.3/src -I/home/paldier/asuswrt/release/src-lantiq/router/email-3.1.3/include -I../include -I/home/paldier/asuswrt/release/src-lantiq/router/email-3.1.3/dlib/include -I../dlib/include -DEMAIL_VERSION='"3.1.3"' -DCOMPILE_DATE='"10/31/2010-01:13:35PM_EDT"' -DEMAIL_DIR='"/etc/email"' -Wall -W  conftest.c >&5
configure:3878: $? = 0
configure:4006: result: yes
configure:4016: checking for sys/wait.h that is POSIX.1 compatible
configure:4052: mips-openwrt-linux-uclibc-gcc -c -I/home/paldier/asuswrt/release/src-lantiq/router/openssl/include -I/home/paldier/asuswrt/release/src-lantiq/router/nt_center/lib -I/home/paldier/asuswrt/release/src-lantiq/router/sqlite -DRTCONFIG_NOTIFICATION_CENTER -Wall -W -DUSE_GNU_STRFTIME -I/home/paldier/asuswrt/release/src-lantiq/router/email-3.1.3 -I/home/paldier/asuswrt/release/src-lantiq/router/email-3.1.3/src -I/home/paldier/asuswrt/release/src-lantiq/router/email-3.1.3/include -I../include -I/home/paldier/asuswrt/release/src-lantiq/router/email-3.1.3/dlib/include -I../dlib/include -DEMAIL_VERSION='"3.1.3"' -DCOMPILE_DATE='"10/31/2010-01:13:35PM_EDT"' -DEMAIL_DIR='"/etc/email"' -Wall -W  conftest.c >&5
configure:4058: $? = 0
configure:4073: result: yes
configure:4097: checking for sys/types.h
configure:4118: mips-openwrt-linux-uclibc-gcc -c -I/home/paldier/asuswrt/release/src-lantiq/router/openssl/include -I/home/paldier/asuswrt/release/src-lantiq/router/nt_center/lib -I/home/paldier/asuswrt/release/src-lantiq/router/sqlite -DRTCONFIG_NOTIFICATION_CENTER -Wall -W -DUSE_GNU_STRFTIME -I/home/paldier/asuswrt/release/src-lantiq/router/email-3.1.3 -I/home/paldier/asuswrt/release/src-lantiq/router/email-3.1.3/src -I/home/paldier/asuswrt/release/src-lantiq/router/email-3.1.3/include -I../include -I/home/paldier/asuswrt/release/src-lantiq/router/email-3.1.3/dlib/include -I../dlib/include -DEMAIL_VERSION='"3.1.3"' -DCOMPILE_DATE='"10/31/2010-01:13:35PM_EDT"' -DEMAIL_DIR='"/etc/email"' -Wall -W  conftest.c >&5
configure:4124: $? = 0
configure:4140: result: yes
configure:4097: checking for sys/stat.h
configure:4118: mips-openwrt-linux-uclibc-gcc -c -I/home/paldier/asuswrt/release/src-lantiq/router/openssl/include -I/home/paldier/asuswrt/release/src-lantiq/router/nt_center/lib -I/home/paldier/asuswrt/release/src-lantiq/router/sqlite -DRTCONFIG_NOTIFICATION_CENTER -Wall -W -DUSE_GNU_STRFTIME -I/home/paldier/asuswrt/release/src-lantiq/router/email-3.1.3 -I/home/paldier/asuswrt/release/src-lantiq/router/email-3.1.3/src -I/home/paldier/asuswrt/release/src-lantiq/router/email-3.1.3/include -I../include -I/home/paldier/asuswrt/release/src-lantiq/router/email-3.1.3/dlib/include -I../dlib/include -DEMAIL_VERSION='"3.1.3"' -DCOMPILE_DATE='"10/31/2010-01:13:35PM_EDT"' -DEMAIL_DIR='"/etc/email"' -Wall -W  conftest.c >&5
configure:4124: $? = 0
configure:4140: result: yes
configure:4097: checking for stdlib.h
configure:4118: mips-openwrt-linux-uclibc-gcc -c -I/home/paldier/asuswrt/release/src-lantiq/router/openssl/include -I/home/paldier/asuswrt/release/src-lantiq/router/nt_center/lib -I/home/paldier/asuswrt/release/src-lantiq/router/sqlite -DRTCONFIG_NOTIFICATION_CENTER -Wall -W -DUSE_GNU_STRFTIME -I/home/paldier/asuswrt/release/src-lantiq/router/email-3.1.3 -I/home/paldier/asuswrt/release/src-lantiq/router/email-3.1.3/src -I/home/paldier/asuswrt/release/src-lantiq/router/email-3.1.3/include -I../include -I/home/paldier/asuswrt/release/src-lantiq/router/email-3.1.3/dlib/include -I../dlib/include -DEMAIL_VERSION='"3.1.3"' -DCOMPILE_DATE='"10/31/2010-01:13:35PM_EDT"' -DEMAIL_DIR='"/etc/email"' -Wall -W  conftest.c >&5
configure:4124: $? = 0
configure:4140: result: yes
configure:4097: checking for string.h
configure:4118: mips-openwrt-linux-uclibc-gcc -c -I/home/paldier/asuswrt/release/src-lantiq/router/openssl/include -I/home/paldier/asuswrt/release/src-lantiq/router/nt_center/lib -I/home/paldier/asuswrt/release/src-lantiq/router/sqlite -DRTCONFIG_NOTIFICATION_CENTER -Wall -W -DUSE_GNU_STRFTIME -I/home/paldier/asuswrt/release/src-lantiq/router/email-3.1.3 -I/home/paldier/asuswrt/release/src-lantiq/router/email-3.1.3/src -I/home/paldier/asuswrt/release/src-lantiq/router/email-3.1.3/include -I../include -I/home/paldier/asuswrt/release/src-lantiq/router/email-3.1.3/dlib/include -I../dlib/include -DEMAIL_VERSION='"3.1.3"' -DCOMPILE_DATE='"10/31/2010-01:13:35PM_EDT"' -DEMAIL_DIR='"/etc/email"' -Wall -W  conftest.c >&5
configure:4124: $? = 0
configure:4140: result: yes
configure:4097: checking for memory.h
configure:4118: mips-openwrt-linux-uclibc-gcc -c -I/home/paldier/asuswrt/release/src-lantiq/router/openssl/include -I/home/paldier/asuswrt/release/src-lantiq/router/nt_center/lib -I/home/paldier/asuswrt/release/src-lantiq/router/sqlite -DRTCONFIG_NOTIFICATION_CENTER -Wall -W -DUSE_GNU_STRFTIME -I/home/paldier/asuswrt/release/src-lantiq/router/email-3.1.3 -I/home/paldier/asuswrt/release/src-lantiq/router/email-3.1.3/src -I/home/paldier/asuswrt/release/src-lantiq/router/email-3.1.3/include -I../include -I/home/paldier/asuswrt/release/src-lantiq/router/email-3.1.3/dlib/include -I../dlib/include -DEMAIL_VERSION='"3.1.3"' -DCOMPILE_DATE='"10/31/2010-01:13:35PM_EDT"' -DEMAIL_DIR='"/etc/email"' -Wall -W  conftest.c >&5
configure:4124: $? = 0
configure:4140: result: yes
configure:4097: checking for strings.h
configure:4118: mips-openwrt-linux-uclibc-gcc -c -I/home/paldier/asuswrt/release/src-lantiq/router/openssl/include -I/home/paldier/asuswrt/release/src-lantiq/router/nt_center/lib -I/home/paldier/asuswrt/release/src-lantiq/router/sqlite -DRTCONFIG_NOTIFICATION_CENTER -Wall -W -DUSE_GNU_STRFTIME -I/home/paldier/asuswrt/release/src-lantiq/router/email-3.1.3 -I/home/paldier/asuswrt/release/src-lantiq/router/email-3.1.3/src -I/home/paldier/asuswrt/release/src-lantiq/router/email-3.1.3/include -I../include -I/home/paldier/asuswrt/release/src-lantiq/router/email-3.1.3/dlib/include -I../dlib/include -DEMAIL_VERSION='"3.1.3"' -DCOMPILE_DATE='"10/31/2010-01:13:35PM_EDT"' -DEMAIL_DIR='"/etc/email"' -Wall -W  conftest.c >&5
configure:4124: $? = 0
configure:4140: result: yes
configure:4097: checking for inttypes.h
configure:4118: mips-openwrt-linux-uclibc-gcc -c -I/home/paldier/asuswrt/release/src-lantiq/router/openssl/include -I/home/paldier/asuswrt/release/src-lantiq/router/nt_center/lib -I/home/paldier/asuswrt/release/src-lantiq/router/sqlite -DRTCONFIG_NOTIFICATION_CENTER -Wall -W -DUSE_GNU_STRFTIME -I/home/paldier/asuswrt/release/src-lantiq/router/email-3.1.3 -I/home/paldier/asuswrt/release/src-lantiq/router/email-3.1.3/src -I/home/paldier/asuswrt/release/src-lantiq/router/email-3.1.3/include -I../include -I/home/paldier/asuswrt/release/src-lantiq/router/email-3.1.3/dlib/include -I../dlib/include -DEMAIL_VERSION='"3.1.3"' -DCOMPILE_DATE='"10/31/2010-01:13:35PM_EDT"' -DEMAIL_DIR='"/etc/email"' -Wall -W  conftest.c >&5
configure:4124: $? = 0
configure:4140: result: yes
configure:4097: checking for stdint.h
configure:4118: mips-openwrt-linux-uclibc-gcc -c -I/home/paldier/asuswrt/release/src-lantiq/router/openssl/include -I/home/paldier/asuswrt/release/src-lantiq/router/nt_center/lib -I/home/paldier/asuswrt/release/src-lantiq/router/sqlite -DRTCONFIG_NOTIFICATION_CENTER -Wall -W -DUSE_GNU_STRFTIME -I/home/paldier/asuswrt/release/src-lantiq/router/email-3.1.3 -I/home/paldier/asuswrt/release/src-lantiq/router/email-3.1.3/src -I/home/paldier/asuswrt/release/src-lantiq/router/email-3.1.3/include -I../include -I/home/paldier/asuswrt/release/src-lantiq/router/email-3.1.3/dlib/include -I../dlib/include -DEMAIL_VERSION='"3.1.3"' -DCOMPILE_DATE='"10/31/2010-01:13:35PM_EDT"' -DEMAIL_DIR='"/etc/email"' -Wall -W  conftest.c >&5
configure:4124: $? = 0
configure:4140: result: yes
configure:4097: checking for unistd.h
configure:4118: mips-openwrt-linux-uclibc-gcc -c -I/home/paldier/asuswrt/release/src-lantiq/router/openssl/include -I/home/paldier/asuswrt/release/src-lantiq/router/nt_center/lib -I/home/paldier/asuswrt/release/src-lantiq/router/sqlite -DRTCONFIG_NOTIFICATION_CENTER -Wall -W -DUSE_GNU_STRFTIME -I/home/paldier/asuswrt/release/src-lantiq/router/email-3.1.3 -I/home/paldier/asuswrt/release/src-lantiq/router/email-3.1.3/src -I/home/paldier/asuswrt/release/src-lantiq/router/email-3.1.3/include -I../include -I/home/paldier/asuswrt/release/src-lantiq/router/email-3.1.3/dlib/include -I../dlib/include -DEMAIL_VERSION='"3.1.3"' -DCOMPILE_DATE='"10/31/2010-01:13:35PM_EDT"' -DEMAIL_DIR='"/etc/email"' -Wall -W  conftest.c >&5
configure:4124: $? = 0
configure:4140: result: yes
configure:4179: checking arpa/inet.h usability
configure:4196: mips-openwrt-linux-uclibc-gcc -c -I/home/paldier/asuswrt/release/src-lantiq/router/openssl/include -I/home/paldier/asuswrt/release/src-lantiq/router/nt_center/lib -I/home/paldier/asuswrt/release/src-lantiq/router/sqlite -DRTCONFIG_NOTIFICATION_CENTER -Wall -W -DUSE_GNU_STRFTIME -I/home/paldier/asuswrt/release/src-lantiq/router/email-3.1.3 -I/home/paldier/asuswrt/release/src-lantiq/router/email-3.1.3/src -I/home/paldier/asuswrt/release/src-lantiq/router/email-3.1.3/include -I../include -I/home/paldier/asuswrt/release/src-lantiq/router/email-3.1.3/dlib/include -I../dlib/include -DEMAIL_VERSION='"3.1.3"' -DCOMPILE_DATE='"10/31/2010-01:13:35PM_EDT"' -DEMAIL_DIR='"/etc/email"' -Wall -W  conftest.c >&5
configure:4202: $? = 0
configure:4216: result: yes
configure:4220: checking arpa/inet.h presence
configure:4235: mips-openwrt-linux-uclibc-gcc -E  conftest.c
configure:4241: $? = 0
configure:4255: result: yes
configure:4288: checking for arpa/inet.h
configure:4296: result: yes
configure:4179: checking fcntl.h usability
configure:4196: mips-openwrt-linux-uclibc-gcc -c -I/home/paldier/asuswrt/release/src-lantiq/router/openssl/include -I/home/paldier/asuswrt/release/src-lantiq/router/nt_center/lib -I/home/paldier/asuswrt/release/src-lantiq/router/sqlite -DRTCONFIG_NOTIFICATION_CENTER -Wall -W -DUSE_GNU_STRFTIME -I/home/paldier/asuswrt/release/src-lantiq/router/email-3.1.3 -I/home/paldier/asuswrt/release/src-lantiq/router/email-3.1.3/src -I/home/paldier/asuswrt/release/src-lantiq/router/email-3.1.3/include -I../include -I/home/paldier/asuswrt/release/src-lantiq/router/email-3.1.3/dlib/include -I../dlib/include -DEMAIL_VERSION='"3.1.3"' -DCOMPILE_DATE='"10/31/2010-01:13:35PM_EDT"' -DEMAIL_DIR='"/etc/email"' -Wall -W  conftest.c >&5
configure:4202: $? = 0
configure:4216: result: yes
configure:4220: checking fcntl.h presence
configure:4235: mips-openwrt-linux-uclibc-gcc -E  conftest.c
configure:4241: $? = 0
configure:4255: result: yes
configure:4288: checking for fcntl.h
configure:4296: result: yes
configure:4179: checking libintl.h usability
configure:4196: mips-openwrt-linux-uclibc-gcc -c -I/home/paldier/asuswrt/release/src-lantiq/router/openssl/include -I/home/paldier/asuswrt/release/src-lantiq/router/nt_center/lib -I/home/paldier/asuswrt/release/src-lantiq/router/sqlite -DRTCONFIG_NOTIFICATION_CENTER -Wall -W -DUSE_GNU_STRFTIME -I/home/paldier/asuswrt/release/src-lantiq/router/email-3.1.3 -I/home/paldier/asuswrt/release/src-lantiq/router/email-3.1.3/src -I/home/paldier/asuswrt/release/src-lantiq/router/email-3.1.3/include -I../include -I/home/paldier/asuswrt/release/src-lantiq/router/email-3.1.3/dlib/include -I../dlib/include -DEMAIL_VERSION='"3.1.3"' -DCOMPILE_DATE='"10/31/2010-01:13:35PM_EDT"' -DEMAIL_DIR='"/etc/email"' -Wall -W  conftest.c >&5
conftest.c:60:21: fatal error: libintl.h: No such file or directory
 #include <libintl.h>
                     ^
compilation terminated.
configure:4202: $? = 1
configure: failed program was:
| /* confdefs.h.  */
| #define PACKAGE_NAME "dlib"
| #define PACKAGE_TARNAME "dlib"
| #define PACKAGE_VERSION "1.0"
| #define PACKAGE_STRING "dlib 1.0"
| #define PACKAGE_BUGREPORT "<deanjones@cleancode.org>"
| #define _FILE_OFFSET_BITS 64
| #define HAVE_LIBM 1
| #define HAVE_LIBNSL 1
| #define HAVE_LIBSSL 1
| #define HAVE_LIBCRYPTO 1
| #define HAVE_LIBCRYPTO 1
| #define STDC_HEADERS 1
| #define HAVE_SYS_WAIT_H 1
| #define HAVE_SYS_TYPES_H 1
| #define HAVE_SYS_STAT_H 1
| #define HAVE_STDLIB_H 1
| #define HAVE_STRING_H 1
| #define HAVE_MEMORY_H 1
| #define HAVE_STRINGS_H 1
| #define HAVE_INTTYPES_H 1
| #define HAVE_STDINT_H 1
| #define HAVE_UNISTD_H 1
| #define HAVE_ARPA_INET_H 1
| #define HAVE_FCNTL_H 1
| /* end confdefs.h.  */
| #include <stdio.h>
| #ifdef HAVE_SYS_TYPES_H
| # include <sys/types.h>
| #endif
| #ifdef HAVE_SYS_STAT_H
| # include <sys/stat.h>
| #endif
| #ifdef STDC_HEADERS
| # include <stdlib.h>
| # include <stddef.h>
| #else
| # ifdef HAVE_STDLIB_H
| #  include <stdlib.h>
| # endif
| #endif
| #ifdef HAVE_STRING_H
| # if !defined STDC_HEADERS && defined HAVE_MEMORY_H
| #  include <memory.h>
| # endif
| # include <string.h>
| #endif
| #ifdef HAVE_STRINGS_H
| # include <strings.h>
| #endif
| #ifdef HAVE_INTTYPES_H
| # include <inttypes.h>
| #endif
| #ifdef HAVE_STDINT_H
| # include <stdint.h>
| #endif
| #ifdef HAVE_UNISTD_H
| # include <unistd.h>
| #endif
| #include <libintl.h>
configure:4216: result: no
configure:4220: checking libintl.h presence
configure:4235: mips-openwrt-linux-uclibc-gcc -E  conftest.c
conftest.c:27:21: fatal error: libintl.h: No such file or directory
 #include <libintl.h>
                     ^
compilation terminated.
configure:4241: $? = 1
configure: failed program was:
| /* confdefs.h.  */
| #define PACKAGE_NAME "dlib"
| #define PACKAGE_TARNAME "dlib"
| #define PACKAGE_VERSION "1.0"
| #define PACKAGE_STRING "dlib 1.0"
| #define PACKAGE_BUGREPORT "<deanjones@cleancode.org>"
| #define _FILE_OFFSET_BITS 64
| #define HAVE_LIBM 1
| #define HAVE_LIBNSL 1
| #define HAVE_LIBSSL 1
| #define HAVE_LIBCRYPTO 1
| #define HAVE_LIBCRYPTO 1
| #define STDC_HEADERS 1
| #define HAVE_SYS_WAIT_H 1
| #define HAVE_SYS_TYPES_H 1
| #define HAVE_SYS_STAT_H 1
| #define HAVE_STDLIB_H 1
| #define HAVE_STRING_H 1
| #define HAVE_MEMORY_H 1
| #define HAVE_STRINGS_H 1
| #define HAVE_INTTYPES_H 1
| #define HAVE_STDINT_H 1
| #define HAVE_UNISTD_H 1
| #define HAVE_ARPA_INET_H 1
| #define HAVE_FCNTL_H 1
| /* end confdefs.h.  */
| #include <libintl.h>
configure:4255: result: no
configure:4288: checking for libintl.h
configure:4296: result: no
configure:4179: checking netdb.h usability
configure:4196: mips-openwrt-linux-uclibc-gcc -c -I/home/paldier/asuswrt/release/src-lantiq/router/openssl/include -I/home/paldier/asuswrt/release/src-lantiq/router/nt_center/lib -I/home/paldier/asuswrt/release/src-lantiq/router/sqlite -DRTCONFIG_NOTIFICATION_CENTER -Wall -W -DUSE_GNU_STRFTIME -I/home/paldier/asuswrt/release/src-lantiq/router/email-3.1.3 -I/home/paldier/asuswrt/release/src-lantiq/router/email-3.1.3/src -I/home/paldier/asuswrt/release/src-lantiq/router/email-3.1.3/include -I../include -I/home/paldier/asuswrt/release/src-lantiq/router/email-3.1.3/dlib/include -I../dlib/include -DEMAIL_VERSION='"3.1.3"' -DCOMPILE_DATE='"10/31/2010-01:13:35PM_EDT"' -DEMAIL_DIR='"/etc/email"' -Wall -W  conftest.c >&5
configure:4202: $? = 0
configure:4216: result: yes
configure:4220: checking netdb.h presence
configure:4235: mips-openwrt-linux-uclibc-gcc -E  conftest.c
configure:4241: $? = 0
configure:4255: result: yes
configure:4288: checking for netdb.h
configure:4296: result: yes
configure:4179: checking netinet/in.h usability
configure:4196: mips-openwrt-linux-uclibc-gcc -c -I/home/paldier/asuswrt/release/src-lantiq/router/openssl/include -I/home/paldier/asuswrt/release/src-lantiq/router/nt_center/lib -I/home/paldier/asuswrt/release/src-lantiq/router/sqlite -DRTCONFIG_NOTIFICATION_CENTER -Wall -W -DUSE_GNU_STRFTIME -I/home/paldier/asuswrt/release/src-lantiq/router/email-3.1.3 -I/home/paldier/asuswrt/release/src-lantiq/router/email-3.1.3/src -I/home/paldier/asuswrt/release/src-lantiq/router/email-3.1.3/include -I../include -I/home/paldier/asuswrt/release/src-lantiq/router/email-3.1.3/dlib/include -I../dlib/include -DEMAIL_VERSION='"3.1.3"' -DCOMPILE_DATE='"10/31/2010-01:13:35PM_EDT"' -DEMAIL_DIR='"/etc/email"' -Wall -W  conftest.c >&5
configure:4202: $? = 0
configure:4216: result: yes
configure:4220: checking netinet/in.h presence
configure:4235: mips-openwrt-linux-uclibc-gcc -E  conftest.c
configure:4241: $? = 0
configure:4255: result: yes
configure:4288: checking for netinet/in.h
configure:4296: result: yes
configure:4169: checking for stdlib.h
configure:4175: result: yes
configure:4169: checking for string.h
configure:4175: result: yes
configure:4169: checking for strings.h
configure:4175: result: yes
configure:4179: checking sys/ioctl.h usability
configure:4196: mips-openwrt-linux-uclibc-gcc -c -I/home/paldier/asuswrt/release/src-lantiq/router/openssl/include -I/home/paldier/asuswrt/release/src-lantiq/router/nt_center/lib -I/home/paldier/asuswrt/release/src-lantiq/router/sqlite -DRTCONFIG_NOTIFICATION_CENTER -Wall -W -DUSE_GNU_STRFTIME -I/home/paldier/asuswrt/release/src-lantiq/router/email-3.1.3 -I/home/paldier/asuswrt/release/src-lantiq/router/email-3.1.3/src -I/home/paldier/asuswrt/release/src-lantiq/router/email-3.1.3/include -I../include -I/home/paldier/asuswrt/release/src-lantiq/router/email-3.1.3/dlib/include -I../dlib/include -DEMAIL_VERSION='"3.1.3"' -DCOMPILE_DATE='"10/31/2010-01:13:35PM_EDT"' -DEMAIL_DIR='"/etc/email"' -Wall -W  conftest.c >&5
configure:4202: $? = 0
configure:4216: result: yes
configure:4220: checking sys/ioctl.h presence
configure:4235: mips-openwrt-linux-uclibc-gcc -E  conftest.c
configure:4241: $? = 0
configure:4255: result: yes
configure:4288: checking for sys/ioctl.h
configure:4296: result: yes
configure:4179: checking sys/socket.h usability
configure:4196: mips-openwrt-linux-uclibc-gcc -c -I/home/paldier/asuswrt/release/src-lantiq/router/openssl/include -I/home/paldier/asuswrt/release/src-lantiq/router/nt_center/lib -I/home/paldier/asuswrt/release/src-lantiq/router/sqlite -DRTCONFIG_NOTIFICATION_CENTER -Wall -W -DUSE_GNU_STRFTIME -I/home/paldier/asuswrt/release/src-lantiq/router/email-3.1.3 -I/home/paldier/asuswrt/release/src-lantiq/router/email-3.1.3/src -I/home/paldier/asuswrt/release/src-lantiq/router/email-3.1.3/include -I../include -I/home/paldier/asuswrt/release/src-lantiq/router/email-3.1.3/dlib/include -I../dlib/include -DEMAIL_VERSION='"3.1.3"' -DCOMPILE_DATE='"10/31/2010-01:13:35PM_EDT"' -DEMAIL_DIR='"/etc/email"' -Wall -W  conftest.c >&5
configure:4202: $? = 0
configure:4216: result: yes
configure:4220: checking sys/socket.h presence
configure:4235: mips-openwrt-linux-uclibc-gcc -E  conftest.c
configure:4241: $? = 0
configure:4255: result: yes
configure:4288: checking for sys/socket.h
configure:4296: result: yes
configure:4179: checking sys/time.h usability
configure:4196: mips-openwrt-linux-uclibc-gcc -c -I/home/paldier/asuswrt/release/src-lantiq/router/openssl/include -I/home/paldier/asuswrt/release/src-lantiq/router/nt_center/lib -I/home/paldier/asuswrt/release/src-lantiq/router/sqlite -DRTCONFIG_NOTIFICATION_CENTER -Wall -W -DUSE_GNU_STRFTIME -I/home/paldier/asuswrt/release/src-lantiq/router/email-3.1.3 -I/home/paldier/asuswrt/release/src-lantiq/router/email-3.1.3/src -I/home/paldier/asuswrt/release/src-lantiq/router/email-3.1.3/include -I../include -I/home/paldier/asuswrt/release/src-lantiq/router/email-3.1.3/dlib/include -I../dlib/include -DEMAIL_VERSION='"3.1.3"' -DCOMPILE_DATE='"10/31/2010-01:13:35PM_EDT"' -DEMAIL_DIR='"/etc/email"' -Wall -W  conftest.c >&5
configure:4202: $? = 0
configure:4216: result: yes
configure:4220: checking sys/time.h presence
configure:4235: mips-openwrt-linux-uclibc-gcc -E  conftest.c
configure:4241: $? = 0
configure:4255: result: yes
configure:4288: checking for sys/time.h
configure:4296: result: yes
configure:4179: checking termios.h usability
configure:4196: mips-openwrt-linux-uclibc-gcc -c -I/home/paldier/asuswrt/release/src-lantiq/router/openssl/include -I/home/paldier/asuswrt/release/src-lantiq/router/nt_center/lib -I/home/paldier/asuswrt/release/src-lantiq/router/sqlite -DRTCONFIG_NOTIFICATION_CENTER -Wall -W -DUSE_GNU_STRFTIME -I/home/paldier/asuswrt/release/src-lantiq/router/email-3.1.3 -I/home/paldier/asuswrt/release/src-lantiq/router/email-3.1.3/src -I/home/paldier/asuswrt/release/src-lantiq/router/email-3.1.3/include -I../include -I/home/paldier/asuswrt/release/src-lantiq/router/email-3.1.3/dlib/include -I../dlib/include -DEMAIL_VERSION='"3.1.3"' -DCOMPILE_DATE='"10/31/2010-01:13:35PM_EDT"' -DEMAIL_DIR='"/etc/email"' -Wall -W  conftest.c >&5
configure:4202: $? = 0
configure:4216: result: yes
configure:4220: checking termios.h presence
configure:4235: mips-openwrt-linux-uclibc-gcc -E  conftest.c
configure:4241: $? = 0
configure:4255: result: yes
configure:4288: checking for termios.h
configure:4296: result: yes
configure:4169: checking for unistd.h
configure:4175: result: yes
configure:4311: checking whether time.h and sys/time.h may both be included
configure:4341: mips-openwrt-linux-uclibc-gcc -c -I/home/paldier/asuswrt/release/src-lantiq/router/openssl/include -I/home/paldier/asuswrt/release/src-lantiq/router/nt_center/lib -I/home/paldier/asuswrt/release/src-lantiq/router/sqlite -DRTCONFIG_NOTIFICATION_CENTER -Wall -W -DUSE_GNU_STRFTIME -I/home/paldier/asuswrt/release/src-lantiq/router/email-3.1.3 -I/home/paldier/asuswrt/release/src-lantiq/router/email-3.1.3/src -I/home/paldier/asuswrt/release/src-lantiq/router/email-3.1.3/include -I../include -I/home/paldier/asuswrt/release/src-lantiq/router/email-3.1.3/dlib/include -I../dlib/include -DEMAIL_VERSION='"3.1.3"' -DCOMPILE_DATE='"10/31/2010-01:13:35PM_EDT"' -DEMAIL_DIR='"/etc/email"' -Wall -W  conftest.c >&5
configure:4347: $? = 0
configure:4362: result: yes
configure:4372: checking whether struct tm is in sys/time.h or time.h
configure:4402: mips-openwrt-linux-uclibc-gcc -c -I/home/paldier/asuswrt/release/src-lantiq/router/openssl/include -I/home/paldier/asuswrt/release/src-lantiq/router/nt_center/lib -I/home/paldier/asuswrt/release/src-lantiq/router/sqlite -DRTCONFIG_NOTIFICATION_CENTER -Wall -W -DUSE_GNU_STRFTIME -I/home/paldier/asuswrt/release/src-lantiq/router/email-3.1.3 -I/home/paldier/asuswrt/release/src-lantiq/router/email-3.1.3/src -I/home/paldier/asuswrt/release/src-lantiq/router/email-3.1.3/include -I../include -I/home/paldier/asuswrt/release/src-lantiq/router/email-3.1.3/dlib/include -I../dlib/include -DEMAIL_VERSION='"3.1.3"' -DCOMPILE_DATE='"10/31/2010-01:13:35PM_EDT"' -DEMAIL_DIR='"/etc/email"' -Wall -W  conftest.c >&5
configure:4408: $? = 0
configure:4423: result: time.h
configure:4435: checking for pid_t
configure:4465: mips-openwrt-linux-uclibc-gcc -c -I/home/paldier/asuswrt/release/src-lantiq/router/openssl/include -I/home/paldier/asuswrt/release/src-lantiq/router/nt_center/lib -I/home/paldier/asuswrt/release/src-lantiq/router/sqlite -DRTCONFIG_NOTIFICATION_CENTER -Wall -W -DUSE_GNU_STRFTIME -I/home/paldier/asuswrt/release/src-lantiq/router/email-3.1.3 -I/home/paldier/asuswrt/release/src-lantiq/router/email-3.1.3/src -I/home/paldier/asuswrt/release/src-lantiq/router/email-3.1.3/include -I../include -I/home/paldier/asuswrt/release/src-lantiq/router/email-3.1.3/dlib/include -I../dlib/include -DEMAIL_VERSION='"3.1.3"' -DCOMPILE_DATE='"10/31/2010-01:13:35PM_EDT"' -DEMAIL_DIR='"/etc/email"' -Wall -W  conftest.c >&5
configure:4471: $? = 0
configure:4486: result: yes
configure:4513: checking vfork.h usability
configure:4530: mips-openwrt-linux-uclibc-gcc -c -I/home/paldier/asuswrt/release/src-lantiq/router/openssl/include -I/home/paldier/asuswrt/release/src-lantiq/router/nt_center/lib -I/home/paldier/asuswrt/release/src-lantiq/router/sqlite -DRTCONFIG_NOTIFICATION_CENTER -Wall -W -DUSE_GNU_STRFTIME -I/home/paldier/asuswrt/release/src-lantiq/router/email-3.1.3 -I/home/paldier/asuswrt/release/src-lantiq/router/email-3.1.3/src -I/home/paldier/asuswrt/release/src-lantiq/router/email-3.1.3/include -I../include -I/home/paldier/asuswrt/release/src-lantiq/router/email-3.1.3/dlib/include -I../dlib/include -DEMAIL_VERSION='"3.1.3"' -DCOMPILE_DATE='"10/31/2010-01:13:35PM_EDT"' -DEMAIL_DIR='"/etc/email"' -Wall -W  conftest.c >&5
conftest.c:71:19: fatal error: vfork.h: No such file or directory
 #include <vfork.h>
                   ^
compilation terminated.
configure:4536: $? = 1
configure: failed program was:
| /* confdefs.h.  */
| #define PACKAGE_NAME "dlib"
| #define PACKAGE_TARNAME "dlib"
| #define PACKAGE_VERSION "1.0"
| #define PACKAGE_STRING "dlib 1.0"
| #define PACKAGE_BUGREPORT "<deanjones@cleancode.org>"
| #define _FILE_OFFSET_BITS 64
| #define HAVE_LIBM 1
| #define HAVE_LIBNSL 1
| #define HAVE_LIBSSL 1
| #define HAVE_LIBCRYPTO 1
| #define HAVE_LIBCRYPTO 1
| #define STDC_HEADERS 1
| #define HAVE_SYS_WAIT_H 1
| #define HAVE_SYS_TYPES_H 1
| #define HAVE_SYS_STAT_H 1
| #define HAVE_STDLIB_H 1
| #define HAVE_STRING_H 1
| #define HAVE_MEMORY_H 1
| #define HAVE_STRINGS_H 1
| #define HAVE_INTTYPES_H 1
| #define HAVE_STDINT_H 1
| #define HAVE_UNISTD_H 1
| #define HAVE_ARPA_INET_H 1
| #define HAVE_FCNTL_H 1
| #define HAVE_NETDB_H 1
| #define HAVE_NETINET_IN_H 1
| #define HAVE_STDLIB_H 1
| #define HAVE_STRING_H 1
| #define HAVE_STRINGS_H 1
| #define HAVE_SYS_IOCTL_H 1
| #define HAVE_SYS_SOCKET_H 1
| #define HAVE_SYS_TIME_H 1
| #define HAVE_TERMIOS_H 1
| #define HAVE_UNISTD_H 1
| #define TIME_WITH_SYS_TIME 1
| /* end confdefs.h.  */
| #include <stdio.h>
| #ifdef HAVE_SYS_TYPES_H
| # include <sys/types.h>
| #endif
| #ifdef HAVE_SYS_STAT_H
| # include <sys/stat.h>
| #endif
| #ifdef STDC_HEADERS
| # include <stdlib.h>
| # include <stddef.h>
| #else
| # ifdef HAVE_STDLIB_H
| #  include <stdlib.h>
| # endif
| #endif
| #ifdef HAVE_STRING_H
| # if !defined STDC_HEADERS && defined HAVE_MEMORY_H
| #  include <memory.h>
| # endif
| # include <string.h>
| #endif
| #ifdef HAVE_STRINGS_H
| # include <strings.h>
| #endif
| #ifdef HAVE_INTTYPES_H
| # include <inttypes.h>
| #endif
| #ifdef HAVE_STDINT_H
| # include <stdint.h>
| #endif
| #ifdef HAVE_UNISTD_H
| # include <unistd.h>
| #endif
| #include <vfork.h>
configure:4550: result: no
configure:4554: checking vfork.h presence
configure:4569: mips-openwrt-linux-uclibc-gcc -E  conftest.c
conftest.c:38:19: fatal error: vfork.h: No such file or directory
 #include <vfork.h>
                   ^
compilation terminated.
configure:4575: $? = 1
configure: failed program was:
| /* confdefs.h.  */
| #define PACKAGE_NAME "dlib"
| #define PACKAGE_TARNAME "dlib"
| #define PACKAGE_VERSION "1.0"
| #define PACKAGE_STRING "dlib 1.0"
| #define PACKAGE_BUGREPORT "<deanjones@cleancode.org>"
| #define _FILE_OFFSET_BITS 64
| #define HAVE_LIBM 1
| #define HAVE_LIBNSL 1
| #define HAVE_LIBSSL 1
| #define HAVE_LIBCRYPTO 1
| #define HAVE_LIBCRYPTO 1
| #define STDC_HEADERS 1
| #define HAVE_SYS_WAIT_H 1
| #define HAVE_SYS_TYPES_H 1
| #define HAVE_SYS_STAT_H 1
| #define HAVE_STDLIB_H 1
| #define HAVE_STRING_H 1
| #define HAVE_MEMORY_H 1
| #define HAVE_STRINGS_H 1
| #define HAVE_INTTYPES_H 1
| #define HAVE_STDINT_H 1
| #define HAVE_UNISTD_H 1
| #define HAVE_ARPA_INET_H 1
| #define HAVE_FCNTL_H 1
| #define HAVE_NETDB_H 1
| #define HAVE_NETINET_IN_H 1
| #define HAVE_STDLIB_H 1
| #define HAVE_STRING_H 1
| #define HAVE_STRINGS_H 1
| #define HAVE_SYS_IOCTL_H 1
| #define HAVE_SYS_SOCKET_H 1
| #define HAVE_SYS_TIME_H 1
| #define HAVE_TERMIOS_H 1
| #define HAVE_UNISTD_H 1
| #define TIME_WITH_SYS_TIME 1
| /* end confdefs.h.  */
| #include <vfork.h>
configure:4589: result: no
configure:4622: checking for vfork.h
configure:4630: result: no
configure:4648: checking for fork
configure:4704: mips-openwrt-linux-uclibc-gcc -o conftest -I/home/paldier/asuswrt/release/src-lantiq/router/openssl/include -I/home/paldier/asuswrt/release/src-lantiq/router/nt_center/lib -I/home/paldier/asuswrt/release/src-lantiq/router/sqlite -DRTCONFIG_NOTIFICATION_CENTER -Wall -W -DUSE_GNU_STRFTIME -I/home/paldier/asuswrt/release/src-lantiq/router/email-3.1.3 -I/home/paldier/asuswrt/release/src-lantiq/router/email-3.1.3/src -I/home/paldier/asuswrt/release/src-lantiq/router/email-3.1.3/include -I../include -I/home/paldier/asuswrt/release/src-lantiq/router/email-3.1.3/dlib/include -I../dlib/include -DEMAIL_VERSION='"3.1.3"' -DCOMPILE_DATE='"10/31/2010-01:13:35PM_EDT"' -DEMAIL_DIR='"/etc/email"' -Wall -W  -L/home/paldier/asuswrt/release/src-lantiq/router/openssl -L/home/paldier/asuswrt/release/src-lantiq/router/nt_center/lib -L/home/paldier/asuswrt/release/src-lantiq/router/sqlite/.libs conftest.c -lcrypto -lcrypto -lssl -lnsl -lm   -lm -lnt -lsqlite3 -lpthread -lcrypto -lssl  >&5
conftest.c:61:6: warning: conflicting types for built-in function 'fork' [enabled by default]
 char fork ();
      ^
/home/paldier/asuswrt/release/src-lantiq/router/openssl/libcrypto.so: warning: gethostbyname is obsolescent, use getnameinfo() instead.
configure:4710: $? = 0
configure:4728: result: yes
configure:4648: checking for vfork
configure:4704: mips-openwrt-linux-uclibc-gcc -o conftest -I/home/paldier/asuswrt/release/src-lantiq/router/openssl/include -I/home/paldier/asuswrt/release/src-lantiq/router/nt_center/lib -I/home/paldier/asuswrt/release/src-lantiq/router/sqlite -DRTCONFIG_NOTIFICATION_CENTER -Wall -W -DUSE_GNU_STRFTIME -I/home/paldier/asuswrt/release/src-lantiq/router/email-3.1.3 -I/home/paldier/asuswrt/release/src-lantiq/router/email-3.1.3/src -I/home/paldier/asuswrt/release/src-lantiq/router/email-3.1.3/include -I../include -I/home/paldier/asuswrt/release/src-lantiq/router/email-3.1.3/dlib/include -I../dlib/include -DEMAIL_VERSION='"3.1.3"' -DCOMPILE_DATE='"10/31/2010-01:13:35PM_EDT"' -DEMAIL_DIR='"/etc/email"' -Wall -W  -L/home/paldier/asuswrt/release/src-lantiq/router/openssl -L/home/paldier/asuswrt/release/src-lantiq/router/nt_center/lib -L/home/paldier/asuswrt/release/src-lantiq/router/sqlite/.libs conftest.c -lcrypto -lcrypto -lssl -lnsl -lm   -lm -lnt -lsqlite3 -lpthread -lcrypto -lssl  >&5
/home/paldier/asuswrt/release/src-lantiq/router/openssl/libcrypto.so: warning: gethostbyname is obsolescent, use getnameinfo() instead.
configure:4710: $? = 0
configure:4728: result: yes
configure:4739: checking for working fork
configure:4799: result: cross
configure:4815: WARNING: result yes guessed because of cross compilation
configure:4820: checking for working vfork
configure:4958: result: yes
configure:4990: checking whether mips-openwrt-linux-uclibc-gcc needs -traditional
In file included from conftest.c:42:0:
/home/paldier/asuswrt/release/src-lantiq/tools/toolchain-mips_mips32_gcc-4.8-linaro_uClibc-0.9.33.2/include/sgtty.h:22:2: warning: #warning useless header on uClibc [-Wcpp]
 #warning useless header on uClibc
  ^
configure:5032: result: no
configure:5044: checking for stdlib.h
configure:5050: result: yes
configure:5184: checking for GNU libc compatible malloc
configure:5246: result: no
configure:5279: checking for stdlib.h
configure:5285: result: yes
configure:5419: checking for GNU libc compatible realloc
configure:5481: result: no
configure:5509: checking return type of signal handlers
configure:5537: mips-openwrt-linux-uclibc-gcc -c -I/home/paldier/asuswrt/release/src-lantiq/router/openssl/include -I/home/paldier/asuswrt/release/src-lantiq/router/nt_center/lib -I/home/paldier/asuswrt/release/src-lantiq/router/sqlite -DRTCONFIG_NOTIFICATION_CENTER -Wall -W -DUSE_GNU_STRFTIME -I/home/paldier/asuswrt/release/src-lantiq/router/email-3.1.3 -I/home/paldier/asuswrt/release/src-lantiq/router/email-3.1.3/src -I/home/paldier/asuswrt/release/src-lantiq/router/email-3.1.3/include -I../include -I/home/paldier/asuswrt/release/src-lantiq/router/email-3.1.3/dlib/include -I../dlib/include -DEMAIL_VERSION='"3.1.3"' -DCOMPILE_DATE='"10/31/2010-01:13:35PM_EDT"' -DEMAIL_DIR='"/etc/email"' -Wall -W  conftest.c >&5
conftest.c: In function 'main':
conftest.c:53:1: error: void value not ignored as it ought to be
 return *(signal (0, 0)) (0) == 1;
 ^
configure:5543: $? = 1
configure: failed program was:
| /* confdefs.h.  */
| #define PACKAGE_NAME "dlib"
| #define PACKAGE_TARNAME "dlib"
| #define PACKAGE_VERSION "1.0"
| #define PACKAGE_STRING "dlib 1.0"
| #define PACKAGE_BUGREPORT "<deanjones@cleancode.org>"
| #define _FILE_OFFSET_BITS 64
| #define HAVE_LIBM 1
| #define HAVE_LIBNSL 1
| #define HAVE_LIBSSL 1
| #define HAVE_LIBCRYPTO 1
| #define HAVE_LIBCRYPTO 1
| #define STDC_HEADERS 1
| #define HAVE_SYS_WAIT_H 1
| #define HAVE_SYS_TYPES_H 1
| #define HAVE_SYS_STAT_H 1
| #define HAVE_STDLIB_H 1
| #define HAVE_STRING_H 1
| #define HAVE_MEMORY_H 1
| #define HAVE_STRINGS_H 1
| #define HAVE_INTTYPES_H 1
| #define HAVE_STDINT_H 1
| #define HAVE_UNISTD_H 1
| #define HAVE_ARPA_INET_H 1
| #define HAVE_FCNTL_H 1
| #define HAVE_NETDB_H 1
| #define HAVE_NETINET_IN_H 1
| #define HAVE_STDLIB_H 1
| #define HAVE_STRING_H 1
| #define HAVE_STRINGS_H 1
| #define HAVE_SYS_IOCTL_H 1
| #define HAVE_SYS_SOCKET_H 1
| #define HAVE_SYS_TIME_H 1
| #define HAVE_TERMIOS_H 1
| #define HAVE_UNISTD_H 1
| #define TIME_WITH_SYS_TIME 1
| #define HAVE_FORK 1
| #define HAVE_VFORK 1
| #define HAVE_WORKING_VFORK 1
| #define HAVE_WORKING_FORK 1
| #define HAVE_STDLIB_H 1
| #define HAVE_MALLOC 0
| #define HAVE_STDLIB_H 1
| #define HAVE_REALLOC 0
| #define realloc rpl_realloc
| /* end confdefs.h.  */
| #include <sys/types.h>
| #include <signal.h>
| 
| int
| main ()
| {
| return *(signal (0, 0)) (0) == 1;
|   ;
|   return 0;
| }
configure:5558: result: void
configure:5566: checking whether lstat dereferences a symlink specified with a trailing slash
configure:5637: result: no
configure:5656: checking whether stat accepts an empty string
configure:5714: result: yes
configure:5734: checking for strftime
configure:5790: mips-openwrt-linux-uclibc-gcc -o conftest -I/home/paldier/asuswrt/release/src-lantiq/router/openssl/include -I/home/paldier/asuswrt/release/src-lantiq/router/nt_center/lib -I/home/paldier/asuswrt/release/src-lantiq/router/sqlite -DRTCONFIG_NOTIFICATION_CENTER -Wall -W -DUSE_GNU_STRFTIME -I/home/paldier/asuswrt/release/src-lantiq/router/email-3.1.3 -I/home/paldier/asuswrt/release/src-lantiq/router/email-3.1.3/src -I/home/paldier/asuswrt/release/src-lantiq/router/email-3.1.3/include -I../include -I/home/paldier/asuswrt/release/src-lantiq/router/email-3.1.3/dlib/include -I../dlib/include -DEMAIL_VERSION='"3.1.3"' -DCOMPILE_DATE='"10/31/2010-01:13:35PM_EDT"' -DEMAIL_DIR='"/etc/email"' -Wall -W  -L/home/paldier/asuswrt/release/src-lantiq/router/openssl -L/home/paldier/asuswrt/release/src-lantiq/router/nt_center/lib -L/home/paldier/asuswrt/release/src-lantiq/router/sqlite/.libs conftest.c -lcrypto -lcrypto -lssl -lnsl -lm   -lm -lnt -lsqlite3 -lpthread -lcrypto -lssl  >&5
conftest.c:72:6: warning: conflicting types for built-in function 'strftime' [enabled by default]
 char strftime ();
      ^
/home/paldier/asuswrt/release/src-lantiq/router/openssl/libcrypto.so: warning: gethostbyname is obsolescent, use getnameinfo() instead.
configure:5796: $? = 0
configure:5814: result: yes
configure:5899: checking for vprintf
configure:5955: mips-openwrt-linux-uclibc-gcc -o conftest -I/home/paldier/asuswrt/release/src-lantiq/router/openssl/include -I/home/paldier/asuswrt/release/src-lantiq/router/nt_center/lib -I/home/paldier/asuswrt/release/src-lantiq/router/sqlite -DRTCONFIG_NOTIFICATION_CENTER -Wall -W -DUSE_GNU_STRFTIME -I/home/paldier/asuswrt/release/src-lantiq/router/email-3.1.3 -I/home/paldier/asuswrt/release/src-lantiq/router/email-3.1.3/src -I/home/paldier/asuswrt/release/src-lantiq/router/email-3.1.3/include -I../include -I/home/paldier/asuswrt/release/src-lantiq/router/email-3.1.3/dlib/include -I../dlib/include -DEMAIL_VERSION='"3.1.3"' -DCOMPILE_DATE='"10/31/2010-01:13:35PM_EDT"' -DEMAIL_DIR='"/etc/email"' -Wall -W  -L/home/paldier/asuswrt/release/src-lantiq/router/openssl -L/home/paldier/asuswrt/release/src-lantiq/router/nt_center/lib -L/home/paldier/asuswrt/release/src-lantiq/router/sqlite/.libs conftest.c -lcrypto -lcrypto -lssl -lnsl -lm   -lm -lnt -lsqlite3 -lpthread -lcrypto -lssl  >&5
conftest.c:73:6: warning: conflicting types for built-in function 'vprintf' [enabled by default]
 char vprintf ();
      ^
/home/paldier/asuswrt/release/src-lantiq/router/openssl/libcrypto.so: warning: gethostbyname is obsolescent, use getnameinfo() instead.
configure:5961: $? = 0
configure:5979: result: yes
configure:5986: checking for _doprnt
configure:6042: mips-openwrt-linux-uclibc-gcc -o conftest -I/home/paldier/asuswrt/release/src-lantiq/router/openssl/include -I/home/paldier/asuswrt/release/src-lantiq/router/nt_center/lib -I/home/paldier/asuswrt/release/src-lantiq/router/sqlite -DRTCONFIG_NOTIFICATION_CENTER -Wall -W -DUSE_GNU_STRFTIME -I/home/paldier/asuswrt/release/src-lantiq/router/email-3.1.3 -I/home/paldier/asuswrt/release/src-lantiq/router/email-3.1.3/src -I/home/paldier/asuswrt/release/src-lantiq/router/email-3.1.3/include -I../include -I/home/paldier/asuswrt/release/src-lantiq/router/email-3.1.3/dlib/include -I../dlib/include -DEMAIL_VERSION='"3.1.3"' -DCOMPILE_DATE='"10/31/2010-01:13:35PM_EDT"' -DEMAIL_DIR='"/etc/email"' -Wall -W  -L/home/paldier/asuswrt/release/src-lantiq/router/openssl -L/home/paldier/asuswrt/release/src-lantiq/router/nt_center/lib -L/home/paldier/asuswrt/release/src-lantiq/router/sqlite/.libs conftest.c -lcrypto -lcrypto -lssl -lnsl -lm   -lm -lnt -lsqlite3 -lpthread -lcrypto -lssl  >&5
/home/paldier/asuswrt/release/src-lantiq/router/openssl/libcrypto.so: warning: gethostbyname is obsolescent, use getnameinfo() instead.
/tmp/ccdyjE1y.o: In function `main':
conftest.c:(.text+0x10): undefined reference to `_doprnt'
collect2: error: ld returned 1 exit status
configure:6048: $? = 1
configure: failed program was:
| /* confdefs.h.  */
| #define PACKAGE_NAME "dlib"
| #define PACKAGE_TARNAME "dlib"
| #define PACKAGE_VERSION "1.0"
| #define PACKAGE_STRING "dlib 1.0"
| #define PACKAGE_BUGREPORT "<deanjones@cleancode.org>"
| #define _FILE_OFFSET_BITS 64
| #define HAVE_LIBM 1
| #define HAVE_LIBNSL 1
| #define HAVE_LIBSSL 1
| #define HAVE_LIBCRYPTO 1
| #define HAVE_LIBCRYPTO 1
| #define STDC_HEADERS 1
| #define HAVE_SYS_WAIT_H 1
| #define HAVE_SYS_TYPES_H 1
| #define HAVE_SYS_STAT_H 1
| #define HAVE_STDLIB_H 1
| #define HAVE_STRING_H 1
| #define HAVE_MEMORY_H 1
| #define HAVE_STRINGS_H 1
| #define HAVE_INTTYPES_H 1
| #define HAVE_STDINT_H 1
| #define HAVE_UNISTD_H 1
| #define HAVE_ARPA_INET_H 1
| #define HAVE_FCNTL_H 1
| #define HAVE_NETDB_H 1
| #define HAVE_NETINET_IN_H 1
| #define HAVE_STDLIB_H 1
| #define HAVE_STRING_H 1
| #define HAVE_STRINGS_H 1
| #define HAVE_SYS_IOCTL_H 1
| #define HAVE_SYS_SOCKET_H 1
| #define HAVE_SYS_TIME_H 1
| #define HAVE_TERMIOS_H 1
| #define HAVE_UNISTD_H 1
| #define TIME_WITH_SYS_TIME 1
| #define HAVE_FORK 1
| #define HAVE_VFORK 1
| #define HAVE_WORKING_VFORK 1
| #define HAVE_WORKING_FORK 1
| #define HAVE_STDLIB_H 1
| #define HAVE_MALLOC 0
| #define HAVE_STDLIB_H 1
| #define HAVE_REALLOC 0
| #define realloc rpl_realloc
| #define RETSIGTYPE void
| #define HAVE_STAT_EMPTY_STRING_BUG 1
| #define HAVE_STRFTIME 1
| #define HAVE_VPRINTF 1
| /* end confdefs.h.  */
| /* Define _doprnt to an innocuous variant, in case <limits.h> declares _doprnt.
|    For example, HP-UX 11i <limits.h> declares gettimeofday.  */
| #define _doprnt innocuous__doprnt
| 
| /* System header to define __stub macros and hopefully few prototypes,
|     which can conflict with char _doprnt (); below.
|     Prefer <limits.h> to <assert.h> if __STDC__ is defined, since
|     <limits.h> exists even on freestanding compilers.  */
| 
| #ifdef __STDC__
| # include <limits.h>
| #else
| # include <assert.h>
| #endif
| 
| #undef _doprnt
| 
| /* Override any GCC internal prototype to avoid an error.
|    Use char because int might match the return type of a GCC
|    builtin and then its argument prototype would still apply.  */
| #ifdef __cplusplus
| extern "C"
| #endif
| char _doprnt ();
| /* The GNU C library defines this for functions which it implements
|     to always fail with ENOSYS.  Some functions are actually named
|     something starting with __ and the normal name is an alias.  */
| #if defined __stub__doprnt || defined __stub____doprnt
| choke me
| #endif
| 
| int
| main ()
| {
| return _doprnt ();
|   ;
|   return 0;
| }
configure:6065: result: no
configure:6095: checking for gethostbyname
configure:6151: mips-openwrt-linux-uclibc-gcc -o conftest -I/home/paldier/asuswrt/release/src-lantiq/router/openssl/include -I/home/paldier/asuswrt/release/src-lantiq/router/nt_center/lib -I/home/paldier/asuswrt/release/src-lantiq/router/sqlite -DRTCONFIG_NOTIFICATION_CENTER -Wall -W -DUSE_GNU_STRFTIME -I/home/paldier/asuswrt/release/src-lantiq/router/email-3.1.3 -I/home/paldier/asuswrt/release/src-lantiq/router/email-3.1.3/src -I/home/paldier/asuswrt/release/src-lantiq/router/email-3.1.3/include -I../include -I/home/paldier/asuswrt/release/src-lantiq/router/email-3.1.3/dlib/include -I../dlib/include -DEMAIL_VERSION='"3.1.3"' -DCOMPILE_DATE='"10/31/2010-01:13:35PM_EDT"' -DEMAIL_DIR='"/etc/email"' -Wall -W  -L/home/paldier/asuswrt/release/src-lantiq/router/openssl -L/home/paldier/asuswrt/release/src-lantiq/router/nt_center/lib -L/home/paldier/asuswrt/release/src-lantiq/router/sqlite/.libs conftest.c -lcrypto -lcrypto -lssl -lnsl -lm   -lm -lnt -lsqlite3 -lpthread -lcrypto -lssl  >&5
/tmp/ccVnPiND.o: In function `main':
conftest.c:(.text+0x10): warning: gethostbyname is obsolescent, use getnameinfo() instead.
configure:6157: $? = 0
configure:6175: result: yes
configure:6095: checking for gethostname
configure:6151: mips-openwrt-linux-uclibc-gcc -o conftest -I/home/paldier/asuswrt/release/src-lantiq/router/openssl/include -I/home/paldier/asuswrt/release/src-lantiq/router/nt_center/lib -I/home/paldier/asuswrt/release/src-lantiq/router/sqlite -DRTCONFIG_NOTIFICATION_CENTER -Wall -W -DUSE_GNU_STRFTIME -I/home/paldier/asuswrt/release/src-lantiq/router/email-3.1.3 -I/home/paldier/asuswrt/release/src-lantiq/router/email-3.1.3/src -I/home/paldier/asuswrt/release/src-lantiq/router/email-3.1.3/include -I../include -I/home/paldier/asuswrt/release/src-lantiq/router/email-3.1.3/dlib/include -I../dlib/include -DEMAIL_VERSION='"3.1.3"' -DCOMPILE_DATE='"10/31/2010-01:13:35PM_EDT"' -DEMAIL_DIR='"/etc/email"' -Wall -W  -L/home/paldier/asuswrt/release/src-lantiq/router/openssl -L/home/paldier/asuswrt/release/src-lantiq/router/nt_center/lib -L/home/paldier/asuswrt/release/src-lantiq/router/sqlite/.libs conftest.c -lcrypto -lcrypto -lssl -lnsl -lm   -lm -lnt -lsqlite3 -lpthread -lcrypto -lssl  >&5
/home/paldier/asuswrt/release/src-lantiq/router/openssl/libcrypto.so: warning: gethostbyname is obsolescent, use getnameinfo() instead.
configure:6157: $? = 0
configure:6175: result: yes
configure:6095: checking for getpass
configure:6151: mips-openwrt-linux-uclibc-gcc -o conftest -I/home/paldier/asuswrt/release/src-lantiq/router/openssl/include -I/home/paldier/asuswrt/release/src-lantiq/router/nt_center/lib -I/home/paldier/asuswrt/release/src-lantiq/router/sqlite -DRTCONFIG_NOTIFICATION_CENTER -Wall -W -DUSE_GNU_STRFTIME -I/home/paldier/asuswrt/release/src-lantiq/router/email-3.1.3 -I/home/paldier/asuswrt/release/src-lantiq/router/email-3.1.3/src -I/home/paldier/asuswrt/release/src-lantiq/router/email-3.1.3/include -I../include -I/home/paldier/asuswrt/release/src-lantiq/router/email-3.1.3/dlib/include -I../dlib/include -DEMAIL_VERSION='"3.1.3"' -DCOMPILE_DATE='"10/31/2010-01:13:35PM_EDT"' -DEMAIL_DIR='"/etc/email"' -Wall -W  -L/home/paldier/asuswrt/release/src-lantiq/router/openssl -L/home/paldier/asuswrt/release/src-lantiq/router/nt_center/lib -L/home/paldier/asuswrt/release/src-lantiq/router/sqlite/.libs conftest.c -lcrypto -lcrypto -lssl -lnsl -lm   -lm -lnt -lsqlite3 -lpthread -lcrypto -lssl  >&5
/home/paldier/asuswrt/release/src-lantiq/router/openssl/libcrypto.so: warning: gethostbyname is obsolescent, use getnameinfo() instead.
configure:6157: $? = 0
configure:6175: result: yes
configure:6095: checking for gettimeofday
configure:6151: mips-openwrt-linux-uclibc-gcc -o conftest -I/home/paldier/asuswrt/release/src-lantiq/router/openssl/include -I/home/paldier/asuswrt/release/src-lantiq/router/nt_center/lib -I/home/paldier/asuswrt/release/src-lantiq/router/sqlite -DRTCONFIG_NOTIFICATION_CENTER -Wall -W -DUSE_GNU_STRFTIME -I/home/paldier/asuswrt/release/src-lantiq/router/email-3.1.3 -I/home/paldier/asuswrt/release/src-lantiq/router/email-3.1.3/src -I/home/paldier/asuswrt/release/src-lantiq/router/email-3.1.3/include -I../include -I/home/paldier/asuswrt/release/src-lantiq/router/email-3.1.3/dlib/include -I../dlib/include -DEMAIL_VERSION='"3.1.3"' -DCOMPILE_DATE='"10/31/2010-01:13:35PM_EDT"' -DEMAIL_DIR='"/etc/email"' -Wall -W  -L/home/paldier/asuswrt/release/src-lantiq/router/openssl -L/home/paldier/asuswrt/release/src-lantiq/router/nt_center/lib -L/home/paldier/asuswrt/release/src-lantiq/router/sqlite/.libs conftest.c -lcrypto -lcrypto -lssl -lnsl -lm   -lm -lnt -lsqlite3 -lpthread -lcrypto -lssl  >&5
/home/paldier/asuswrt/release/src-lantiq/router/openssl/libcrypto.so: warning: gethostbyname is obsolescent, use getnameinfo() instead.
configure:6157: $? = 0
configure:6175: result: yes
configure:6095: checking for memset
configure:6151: mips-openwrt-linux-uclibc-gcc -o conftest -I/home/paldier/asuswrt/release/src-lantiq/router/openssl/include -I/home/paldier/asuswrt/release/src-lantiq/router/nt_center/lib -I/home/paldier/asuswrt/release/src-lantiq/router/sqlite -DRTCONFIG_NOTIFICATION_CENTER -Wall -W -DUSE_GNU_STRFTIME -I/home/paldier/asuswrt/release/src-lantiq/router/email-3.1.3 -I/home/paldier/asuswrt/release/src-lantiq/router/email-3.1.3/src -I/home/paldier/asuswrt/release/src-lantiq/router/email-3.1.3/include -I../include -I/home/paldier/asuswrt/release/src-lantiq/router/email-3.1.3/dlib/include -I../dlib/include -DEMAIL_VERSION='"3.1.3"' -DCOMPILE_DATE='"10/31/2010-01:13:35PM_EDT"' -DEMAIL_DIR='"/etc/email"' -Wall -W  -L/home/paldier/asuswrt/release/src-lantiq/router/openssl -L/home/paldier/asuswrt/release/src-lantiq/router/nt_center/lib -L/home/paldier/asuswrt/release/src-lantiq/router/sqlite/.libs conftest.c -lcrypto -lcrypto -lssl -lnsl -lm   -lm -lnt -lsqlite3 -lpthread -lcrypto -lssl  >&5
conftest.c:78:6: warning: conflicting types for built-in function 'memset' [enabled by default]
 char memset ();
      ^
/home/paldier/asuswrt/release/src-lantiq/router/openssl/libcrypto.so: warning: gethostbyname is obsolescent, use getnameinfo() instead.
configure:6157: $? = 0
configure:6175: result: yes
configure:6095: checking for putenv
configure:6151: mips-openwrt-linux-uclibc-gcc -o conftest -I/home/paldier/asuswrt/release/src-lantiq/router/openssl/include -I/home/paldier/asuswrt/release/src-lantiq/router/nt_center/lib -I/home/paldier/asuswrt/release/src-lantiq/router/sqlite -DRTCONFIG_NOTIFICATION_CENTER -Wall -W -DUSE_GNU_STRFTIME -I/home/paldier/asuswrt/release/src-lantiq/router/email-3.1.3 -I/home/paldier/asuswrt/release/src-lantiq/router/email-3.1.3/src -I/home/paldier/asuswrt/release/src-lantiq/router/email-3.1.3/include -I../include -I/home/paldier/asuswrt/release/src-lantiq/router/email-3.1.3/dlib/include -I../dlib/include -DEMAIL_VERSION='"3.1.3"' -DCOMPILE_DATE='"10/31/2010-01:13:35PM_EDT"' -DEMAIL_DIR='"/etc/email"' -Wall -W  -L/home/paldier/asuswrt/release/src-lantiq/router/openssl -L/home/paldier/asuswrt/release/src-lantiq/router/nt_center/lib -L/home/paldier/asuswrt/release/src-lantiq/router/sqlite/.libs conftest.c -lcrypto -lcrypto -lssl -lnsl -lm   -lm -lnt -lsqlite3 -lpthread -lcrypto -lssl  >&5
/home/paldier/asuswrt/release/src-lantiq/router/openssl/libcrypto.so: warning: gethostbyname is obsolescent, use getnameinfo() instead.
configure:6157: $? = 0
configure:6175: result: yes
configure:6095: checking for socket
configure:6151: mips-openwrt-linux-uclibc-gcc -o conftest -I/home/paldier/asuswrt/release/src-lantiq/router/openssl/include -I/home/paldier/asuswrt/release/src-lantiq/router/nt_center/lib -I/home/paldier/asuswrt/release/src-lantiq/router/sqlite -DRTCONFIG_NOTIFICATION_CENTER -Wall -W -DUSE_GNU_STRFTIME -I/home/paldier/asuswrt/release/src-lantiq/router/email-3.1.3 -I/home/paldier/asuswrt/release/src-lantiq/router/email-3.1.3/src -I/home/paldier/asuswrt/release/src-lantiq/router/email-3.1.3/include -I../include -I/home/paldier/asuswrt/release/src-lantiq/router/email-3.1.3/dlib/include -I../dlib/include -DEMAIL_VERSION='"3.1.3"' -DCOMPILE_DATE='"10/31/2010-01:13:35PM_EDT"' -DEMAIL_DIR='"/etc/email"' -Wall -W  -L/home/paldier/asuswrt/release/src-lantiq/router/openssl -L/home/paldier/asuswrt/release/src-lantiq/router/nt_center/lib -L/home/paldier/asuswrt/release/src-lantiq/router/sqlite/.libs conftest.c -lcrypto -lcrypto -lssl -lnsl -lm   -lm -lnt -lsqlite3 -lpthread -lcrypto -lssl  >&5
/home/paldier/asuswrt/release/src-lantiq/router/openssl/libcrypto.so: warning: gethostbyname is obsolescent, use getnameinfo() instead.
configure:6157: $? = 0
configure:6175: result: yes
configure:6095: checking for sqrt
configure:6151: mips-openwrt-linux-uclibc-gcc -o conftest -I/home/paldier/asuswrt/release/src-lantiq/router/openssl/include -I/home/paldier/asuswrt/release/src-lantiq/router/nt_center/lib -I/home/paldier/asuswrt/release/src-lantiq/router/sqlite -DRTCONFIG_NOTIFICATION_CENTER -Wall -W -DUSE_GNU_STRFTIME -I/home/paldier/asuswrt/release/src-lantiq/router/email-3.1.3 -I/home/paldier/asuswrt/release/src-lantiq/router/email-3.1.3/src -I/home/paldier/asuswrt/release/src-lantiq/router/email-3.1.3/include -I../include -I/home/paldier/asuswrt/release/src-lantiq/router/email-3.1.3/dlib/include -I../dlib/include -DEMAIL_VERSION='"3.1.3"' -DCOMPILE_DATE='"10/31/2010-01:13:35PM_EDT"' -DEMAIL_DIR='"/etc/email"' -Wall -W  -L/home/paldier/asuswrt/release/src-lantiq/router/openssl -L/home/paldier/asuswrt/release/src-lantiq/router/nt_center/lib -L/home/paldier/asuswrt/release/src-lantiq/router/sqlite/.libs conftest.c -lcrypto -lcrypto -lssl -lnsl -lm   -lm -lnt -lsqlite3 -lpthread -lcrypto -lssl  >&5
conftest.c:81:6: warning: conflicting types for built-in function 'sqrt' [enabled by default]
 char sqrt ();
      ^
/home/paldier/asuswrt/release/src-lantiq/router/openssl/libcrypto.so: warning: gethostbyname is obsolescent, use getnameinfo() instead.
configure:6157: $? = 0
configure:6175: result: yes
configure:6095: checking for strcasecmp
configure:6151: mips-openwrt-linux-uclibc-gcc -o conftest -I/home/paldier/asuswrt/release/src-lantiq/router/openssl/include -I/home/paldier/asuswrt/release/src-lantiq/router/nt_center/lib -I/home/paldier/asuswrt/release/src-lantiq/router/sqlite -DRTCONFIG_NOTIFICATION_CENTER -Wall -W -DUSE_GNU_STRFTIME -I/home/paldier/asuswrt/release/src-lantiq/router/email-3.1.3 -I/home/paldier/asuswrt/release/src-lantiq/router/email-3.1.3/src -I/home/paldier/asuswrt/release/src-lantiq/router/email-3.1.3/include -I../include -I/home/paldier/asuswrt/release/src-lantiq/router/email-3.1.3/dlib/include -I../dlib/include -DEMAIL_VERSION='"3.1.3"' -DCOMPILE_DATE='"10/31/2010-01:13:35PM_EDT"' -DEMAIL_DIR='"/etc/email"' -Wall -W  -L/home/paldier/asuswrt/release/src-lantiq/router/openssl -L/home/paldier/asuswrt/release/src-lantiq/router/nt_center/lib -L/home/paldier/asuswrt/release/src-lantiq/router/sqlite/.libs conftest.c -lcrypto -lcrypto -lssl -lnsl -lm   -lm -lnt -lsqlite3 -lpthread -lcrypto -lssl  >&5
conftest.c:82:6: warning: conflicting types for built-in function 'strcasecmp' [enabled by default]
 char strcasecmp ();
      ^
/home/paldier/asuswrt/release/src-lantiq/router/openssl/libcrypto.so: warning: gethostbyname is obsolescent, use getnameinfo() instead.
configure:6157: $? = 0
configure:6175: result: yes
configure:6095: checking for strchr
configure:6151: mips-openwrt-linux-uclibc-gcc -o conftest -I/home/paldier/asuswrt/release/src-lantiq/router/openssl/include -I/home/paldier/asuswrt/release/src-lantiq/router/nt_center/lib -I/home/paldier/asuswrt/release/src-lantiq/router/sqlite -DRTCONFIG_NOTIFICATION_CENTER -Wall -W -DUSE_GNU_STRFTIME -I/home/paldier/asuswrt/release/src-lantiq/router/email-3.1.3 -I/home/paldier/asuswrt/release/src-lantiq/router/email-3.1.3/src -I/home/paldier/asuswrt/release/src-lantiq/router/email-3.1.3/include -I../include -I/home/paldier/asuswrt/release/src-lantiq/router/email-3.1.3/dlib/include -I../dlib/include -DEMAIL_VERSION='"3.1.3"' -DCOMPILE_DATE='"10/31/2010-01:13:35PM_EDT"' -DEMAIL_DIR='"/etc/email"' -Wall -W  -L/home/paldier/asuswrt/release/src-lantiq/router/openssl -L/home/paldier/asuswrt/release/src-lantiq/router/nt_center/lib -L/home/paldier/asuswrt/release/src-lantiq/router/sqlite/.libs conftest.c -lcrypto -lcrypto -lssl -lnsl -lm   -lm -lnt -lsqlite3 -lpthread -lcrypto -lssl  >&5
conftest.c:83:6: warning: conflicting types for built-in function 'strchr' [enabled by default]
 char strchr ();
      ^
/home/paldier/asuswrt/release/src-lantiq/router/openssl/libcrypto.so: warning: gethostbyname is obsolescent, use getnameinfo() instead.
configure:6157: $? = 0
configure:6175: result: yes
configure:6095: checking for strerror
configure:6151: mips-openwrt-linux-uclibc-gcc -o conftest -I/home/paldier/asuswrt/release/src-lantiq/router/openssl/include -I/home/paldier/asuswrt/release/src-lantiq/router/nt_center/lib -I/home/paldier/asuswrt/release/src-lantiq/router/sqlite -DRTCONFIG_NOTIFICATION_CENTER -Wall -W -DUSE_GNU_STRFTIME -I/home/paldier/asuswrt/release/src-lantiq/router/email-3.1.3 -I/home/paldier/asuswrt/release/src-lantiq/router/email-3.1.3/src -I/home/paldier/asuswrt/release/src-lantiq/router/email-3.1.3/include -I../include -I/home/paldier/asuswrt/release/src-lantiq/router/email-3.1.3/dlib/include -I../dlib/include -DEMAIL_VERSION='"3.1.3"' -DCOMPILE_DATE='"10/31/2010-01:13:35PM_EDT"' -DEMAIL_DIR='"/etc/email"' -Wall -W  -L/home/paldier/asuswrt/release/src-lantiq/router/openssl -L/home/paldier/asuswrt/release/src-lantiq/router/nt_center/lib -L/home/paldier/asuswrt/release/src-lantiq/router/sqlite/.libs conftest.c -lcrypto -lcrypto -lssl -lnsl -lm   -lm -lnt -lsqlite3 -lpthread -lcrypto -lssl  >&5
/home/paldier/asuswrt/release/src-lantiq/router/openssl/libcrypto.so: warning: gethostbyname is obsolescent, use getnameinfo() instead.
configure:6157: $? = 0
configure:6175: result: yes
configure:6095: checking for strrchr
configure:6151: mips-openwrt-linux-uclibc-gcc -o conftest -I/home/paldier/asuswrt/release/src-lantiq/router/openssl/include -I/home/paldier/asuswrt/release/src-lantiq/router/nt_center/lib -I/home/paldier/asuswrt/release/src-lantiq/router/sqlite -DRTCONFIG_NOTIFICATION_CENTER -Wall -W -DUSE_GNU_STRFTIME -I/home/paldier/asuswrt/release/src-lantiq/router/email-3.1.3 -I/home/paldier/asuswrt/release/src-lantiq/router/email-3.1.3/src -I/home/paldier/asuswrt/release/src-lantiq/router/email-3.1.3/include -I../include -I/home/paldier/asuswrt/release/src-lantiq/router/email-3.1.3/dlib/include -I../dlib/include -DEMAIL_VERSION='"3.1.3"' -DCOMPILE_DATE='"10/31/2010-01:13:35PM_EDT"' -DEMAIL_DIR='"/etc/email"' -Wall -W  -L/home/paldier/asuswrt/release/src-lantiq/router/openssl -L/home/paldier/asuswrt/release/src-lantiq/router/nt_center/lib -L/home/paldier/asuswrt/release/src-lantiq/router/sqlite/.libs conftest.c -lcrypto -lcrypto -lssl -lnsl -lm   -lm -lnt -lsqlite3 -lpthread -lcrypto -lssl  >&5
conftest.c:85:6: warning: conflicting types for built-in function 'strrchr' [enabled by default]
 char strrchr ();
      ^
/home/paldier/asuswrt/release/src-lantiq/router/openssl/libcrypto.so: warning: gethostbyname is obsolescent, use getnameinfo() instead.
configure:6157: $? = 0
configure:6175: result: yes
configure:6095: checking for uname
configure:6151: mips-openwrt-linux-uclibc-gcc -o conftest -I/home/paldier/asuswrt/release/src-lantiq/router/openssl/include -I/home/paldier/asuswrt/release/src-lantiq/router/nt_center/lib -I/home/paldier/asuswrt/release/src-lantiq/router/sqlite -DRTCONFIG_NOTIFICATION_CENTER -Wall -W -DUSE_GNU_STRFTIME -I/home/paldier/asuswrt/release/src-lantiq/router/email-3.1.3 -I/home/paldier/asuswrt/release/src-lantiq/router/email-3.1.3/src -I/home/paldier/asuswrt/release/src-lantiq/router/email-3.1.3/include -I../include -I/home/paldier/asuswrt/release/src-lantiq/router/email-3.1.3/dlib/include -I../dlib/include -DEMAIL_VERSION='"3.1.3"' -DCOMPILE_DATE='"10/31/2010-01:13:35PM_EDT"' -DEMAIL_DIR='"/etc/email"' -Wall -W  -L/home/paldier/asuswrt/release/src-lantiq/router/openssl -L/home/paldier/asuswrt/release/src-lantiq/router/nt_center/lib -L/home/paldier/asuswrt/release/src-lantiq/router/sqlite/.libs conftest.c -lcrypto -lcrypto -lssl -lnsl -lm   -lm -lnt -lsqlite3 -lpthread -lcrypto -lssl  >&5
/home/paldier/asuswrt/release/src-lantiq/router/openssl/libcrypto.so: warning: gethostbyname is obsolescent, use getnameinfo() instead.
configure:6157: $? = 0
configure:6175: result: yes
configure:6290: creating ./config.status

## ---------------------- ##
## Running config.status. ##
## ---------------------- ##

This file was extended by dlib config.status 1.0, which was
generated by GNU Autoconf 2.61.  Invocation command line was

  CONFIG_FILES    = 
  CONFIG_HEADERS  = 
  CONFIG_LINKS    = 
  CONFIG_COMMANDS = 
  $ ./config.status 

on paldier-VirtualBox

config.status:6965: creating Makefile
config.status:6965: creating include/config.h
config.status:7235: include/config.h is unchanged

## ---------------- ##
## Cache variables. ##
## ---------------- ##

ac_cv_c_compiler_gnu='yes'
ac_cv_env_CC_set='set'
ac_cv_env_CC_value='mips-openwrt-linux-uclibc-gcc'
ac_cv_env_CFLAGS_set='set'
ac_cv_env_CFLAGS_value='-I/home/paldier/asuswrt/release/src-lantiq/router/openssl/include -I/home/paldier/asuswrt/release/src-lantiq/router/nt_center/lib -I/home/paldier/asuswrt/release/src-lantiq/router/sqlite -DRTCONFIG_NOTIFICATION_CENTER -Wall -W -DUSE_GNU_STRFTIME -I/home/paldier/asuswrt/release/src-lantiq/router/email-3.1.3 -I/home/paldier/asuswrt/release/src-lantiq/router/email-3.1.3/src -I/home/paldier/asuswrt/release/src-lantiq/router/email-3.1.3/include -I../include -I/home/paldier/asuswrt/release/src-lantiq/router/email-3.1.3/dlib/include -I../dlib/include -DEMAIL_VERSION='"'"'"3.1.3"'"'"' -DCOMPILE_DATE='"'"'"10/31/2010-01:13:35PM_EDT"'"'"' -DEMAIL_DIR='"'"'"/etc/email"'"'"
ac_cv_env_CPPFLAGS_set=''
ac_cv_env_CPPFLAGS_value=''
ac_cv_env_CPP_set=''
ac_cv_env_CPP_value=''
ac_cv_env_LDFLAGS_set='set'
ac_cv_env_LDFLAGS_value='-L/home/paldier/asuswrt/release/src-lantiq/router/openssl -L/home/paldier/asuswrt/release/src-lantiq/router/nt_center/lib -L/home/paldier/asuswrt/release/src-lantiq/router/sqlite/.libs'
ac_cv_env_LIBS_set='set'
ac_cv_env_LIBS_value='  -lm -lnt -lsqlite3 -lpthread -lcrypto -lssl '
ac_cv_env_build_alias_set=''
ac_cv_env_build_alias_value=''
ac_cv_env_host_alias_set=''
ac_cv_env_host_alias_value=''
ac_cv_env_target_alias_set=''
ac_cv_env_target_alias_value=''
ac_cv_func__doprnt='no'
ac_cv_func_fork='yes'
ac_cv_func_fork_works='yes'
ac_cv_func_gethostbyname='yes'
ac_cv_func_gethostname='yes'
ac_cv_func_getpass='yes'
ac_cv_func_gettimeofday='yes'
ac_cv_func_lstat_dereferences_slashed_symlink='no'
ac_cv_func_malloc_0_nonnull='no'
ac_cv_func_memset='yes'
ac_cv_func_putenv='yes'
ac_cv_func_realloc_0_nonnull='no'
ac_cv_func_socket='yes'
ac_cv_func_sqrt='yes'
ac_cv_func_stat_empty_string_bug='yes'
ac_cv_func_strcasecmp='yes'
ac_cv_func_strchr='yes'
ac_cv_func_strerror='yes'
ac_cv_func_strftime='yes'
ac_cv_func_strrchr='yes'
ac_cv_func_uname='yes'
ac_cv_func_vfork='yes'
ac_cv_func_vfork_works='yes'
ac_cv_func_vprintf='yes'
ac_cv_header_arpa_inet_h='yes'
ac_cv_header_fcntl_h='yes'
ac_cv_header_inttypes_h='yes'
ac_cv_header_libintl_h='no'
ac_cv_header_memory_h='yes'
ac_cv_header_netdb_h='yes'
ac_cv_header_netinet_in_h='yes'
ac_cv_header_stdc='yes'
ac_cv_header_stdint_h='yes'
ac_cv_header_stdlib_h='yes'
ac_cv_header_string_h='yes'
ac_cv_header_strings_h='yes'
ac_cv_header_sys_ioctl_h='yes'
ac_cv_header_sys_socket_h='yes'
ac_cv_header_sys_stat_h='yes'
ac_cv_header_sys_time_h='yes'
ac_cv_header_sys_types_h='yes'
ac_cv_header_sys_wait_h='yes'
ac_cv_header_termios_h='yes'
ac_cv_header_time='yes'
ac_cv_header_unistd_h='yes'
ac_cv_header_vfork_h='no'
ac_cv_lib_crypto_RAND_seed='yes'
ac_cv_lib_crypto_X509_free='yes'
ac_cv_lib_m_sqrt='yes'
ac_cv_lib_nsl_gethostbyname='yes'
ac_cv_lib_socket_socket='no'
ac_cv_lib_ssl_SSL_library_init='yes'
ac_cv_objext='o'
ac_cv_path_EGREP='/bin/grep -E'
ac_cv_path_GREP='/bin/grep'
ac_cv_prog_CPP='mips-openwrt-linux-uclibc-gcc -E'
ac_cv_prog_ac_ct_CC='mips-openwrt-linux-uclibc-gcc'
ac_cv_prog_cc_c89=''
ac_cv_prog_cc_g='yes'
ac_cv_prog_gcc_traditional='no'
ac_cv_prog_make_make_set='yes'
ac_cv_struct_tm='time.h'
ac_cv_sys_file_offset_bits='64'
ac_cv_sys_largefile_CC='no'
ac_cv_type_pid_t='yes'
ac_cv_type_signal='void'

## ----------------- ##
## Output variables. ##
## ----------------- ##

CC='mips-openwrt-linux-uclibc-gcc'
CFLAGS='-I/home/paldier/asuswrt/release/src-lantiq/router/openssl/include -I/home/paldier/asuswrt/release/src-lantiq/router/nt_center/lib -I/home/paldier/asuswrt/release/src-lantiq/router/sqlite -DRTCONFIG_NOTIFICATION_CENTER -Wall -W -DUSE_GNU_STRFTIME -I/home/paldier/asuswrt/release/src-lantiq/router/email-3.1.3 -I/home/paldier/asuswrt/release/src-lantiq/router/email-3.1.3/src -I/home/paldier/asuswrt/release/src-lantiq/router/email-3.1.3/include -I../include -I/home/paldier/asuswrt/release/src-lantiq/router/email-3.1.3/dlib/include -I../dlib/include -DEMAIL_VERSION='\''"3.1.3"'\'' -DCOMPILE_DATE='\''"10/31/2010-01:13:35PM_EDT"'\'' -DEMAIL_DIR='\''"/etc/email"'\'' -Wall -W -I/home/paldier/asuswrt/release/src-lantiq/router/email-3.1.3/dlib -I/home/paldier/asuswrt/release/src-lantiq/router/email-3.1.3/dlib/src -I/home/paldier/asuswrt/release/src-lantiq/router/email-3.1.3/dlib/include -I../include '
CPP='mips-openwrt-linux-uclibc-gcc -E'
CPPFLAGS=''
DEFS='-DHAVE_CONFIG_H'
ECHO_C=''
ECHO_N='-n'
ECHO_T=''
EGREP='/bin/grep -E'
EXEEXT=''
GREP='/bin/grep'
LDFLAGS='-L/home/paldier/asuswrt/release/src-lantiq/router/openssl -L/home/paldier/asuswrt/release/src-lantiq/router/nt_center/lib -L/home/paldier/asuswrt/release/src-lantiq/router/sqlite/.libs'
LIBOBJS=' ${LIBOBJDIR}malloc$U.o ${LIBOBJDIR}realloc$U.o ${LIBOBJDIR}lstat$U.o ${LIBOBJDIR}stat$U.o'
LIBS='-lcrypto -lcrypto -lssl -lnsl -lm   -lm -lnt -lsqlite3 -lpthread -lcrypto -lssl '
LTLIBOBJS=' ${LIBOBJDIR}malloc$U.lo ${LIBOBJDIR}realloc$U.lo ${LIBOBJDIR}lstat$U.lo ${LIBOBJDIR}stat$U.lo'
OBJEXT='o'
PACKAGE_BUGREPORT='<deanjones@cleancode.org>'
PACKAGE_NAME='dlib'
PACKAGE_STRING='dlib 1.0'
PACKAGE_TARNAME='dlib'
PACKAGE_VERSION='1.0'
PATH_SEPARATOR=':'
SET_MAKE=''
SHELL='/bin/bash'
ac_ct_CC='mips-openwrt-linux-uclibc-gcc'
bindir='${exec_prefix}/bin'
build_alias=''
datadir='${datarootdir}'
datarootdir='${prefix}/share'
docdir='${datarootdir}/doc/${PACKAGE_TARNAME}'
dvidir='${docdir}'
exec_prefix='${prefix}'
host_alias=''
htmldir='${docdir}'
includedir='${prefix}/include'
infodir='${datarootdir}/info'
libdir='${exec_prefix}/lib'
libexecdir='${exec_prefix}/libexec'
localedir='${datarootdir}/locale'
localstatedir='${prefix}/var'
mandir='${datarootdir}/man'
oldincludedir='/usr/include'
pdfdir='${docdir}'
prefix='/usr/local'
program_transform_name='s,x,x,'
psdir='${docdir}'
sbindir='${exec_prefix}/sbin'
sharedstatedir='${prefix}/com'
sysconfdir='${prefix}/etc'
target_alias=''

## ----------- ##
## confdefs.h. ##
## ----------- ##

#define PACKAGE_NAME "dlib"
#define PACKAGE_TARNAME "dlib"
#define PACKAGE_VERSION "1.0"
#define PACKAGE_STRING "dlib 1.0"
#define PACKAGE_BUGREPORT "<deanjones@cleancode.org>"
#define _FILE_OFFSET_BITS 64
#define HAVE_LIBM 1
#define HAVE_LIBNSL 1
#define HAVE_LIBSSL 1
#define HAVE_LIBCRYPTO 1
#define HAVE_LIBCRYPTO 1
#define STDC_HEADERS 1
#define HAVE_SYS_WAIT_H 1
#define HAVE_SYS_TYPES_H 1
#define HAVE_SYS_STAT_H 1
#define HAVE_STDLIB_H 1
#define HAVE_STRING_H 1
#define HAVE_MEMORY_H 1
#define HAVE_STRINGS_H 1
#define HAVE_INTTYPES_H 1
#define HAVE_STDINT_H 1
#define HAVE_UNISTD_H 1
#define HAVE_ARPA_INET_H 1
#define HAVE_FCNTL_H 1
#define HAVE_NETDB_H 1
#define HAVE_NETINET_IN_H 1
#define HAVE_STDLIB_H 1
#define HAVE_STRING_H 1
#define HAVE_STRINGS_H 1
#define HAVE_SYS_IOCTL_H 1
#define HAVE_SYS_SOCKET_H 1
#define HAVE_SYS_TIME_H 1
#define HAVE_TERMIOS_H 1
#define HAVE_UNISTD_H 1
#define TIME_WITH_SYS_TIME 1
#define HAVE_FORK 1
#define HAVE_VFORK 1
#define HAVE_WORKING_VFORK 1
#define HAVE_WORKING_FORK 1
#define HAVE_STDLIB_H 1
#define HAVE_MALLOC 0
#define HAVE_STDLIB_H 1
#define HAVE_REALLOC 0
#define realloc rpl_realloc
#define RETSIGTYPE void
#define HAVE_STAT_EMPTY_STRING_BUG 1
#define HAVE_STRFTIME 1
#define HAVE_VPRINTF 1
#define HAVE_GETHOSTBYNAME 1
#define HAVE_GETHOSTNAME 1
#define HAVE_GETPASS 1
#define HAVE_GETTIMEOFDAY 1
#define HAVE_MEMSET 1
#define HAVE_PUTENV 1
#define HAVE_SOCKET 1
#define HAVE_SQRT 1
#define HAVE_STRCASECMP 1
#define HAVE_STRCHR 1
#define HAVE_STRERROR 1
#define HAVE_STRRCHR 1
#define HAVE_UNAME 1

configure: exit 0
