This file contains any messages produced by compilers while
running configure, to aid debugging if configure makes a mistake.

It was created by PCRE configure 8.31, which was
generated by GNU Autoconf 2.68.  Invocation command line was

  $ ././configure --host=mips-linux --build= --prefix=/usr --disable-dependency-tracking

## --------- ##
## Platform. ##
## --------- ##

hostname = paldier-VirtualBox
uname -m = x86_64
uname -r = 4.2.0-42-generic
uname -s = Linux
uname -v = #49~14.04.1-Ubuntu SMP Wed Jun 29 20:22:11 UTC 2016

/usr/bin/uname -p = unknown
/bin/uname -X     = unknown

/bin/arch              = unknown
/usr/bin/arch -k       = unknown
/usr/convex/getsysinfo = unknown
/usr/bin/hostinfo      = unknown
/bin/machine           = unknown
/usr/bin/oslevel       = unknown
/bin/universe          = unknown

PATH: "/usr/local/sbin
PATH: /usr/local/bin
PATH: /usr/sbin
PATH: /usr/bin
PATH: /sbin
PATH: /bin
PATH: /usr/games
PATH: /usr/local/games
PATH: /snap/bin
PATH: /opt/brcm/hndtools-mipsel-linux/bin
PATH: /opt/brcm/hndtools-mipsel-uclibc/bin
PATH: /projects/tools
PATH: /projects/hnd/tools/linux/hndtools-arm-linux-2.6.36-uclibc-4.5.3/bin
PATH: /projects/hnd/tools/linux/hndtools-arm-linux-2.6.36-uclibc-4.5.3/arm-linux/bin
PATH: /projects/hnd/tools/linux/hndtools-arm-linux-2.6.36-uclibc-4.5.3/usr/bin
PATH: /projects/hnd/tools/linux/hndtools-armeabi-2011.09/bin"
PATH: /home/paldier/asuswrt/release/src-lantiq/tools/toolchain-mips_mips32_gcc-4.8-linaro_uClibc-0.9.33.2/bin
PATH: /home/paldier/asuswrt/release/src-lantiq/tools/host/bin


## ----------- ##
## Core tests. ##
## ----------- ##

configure:2727: checking for a BSD-compatible install
configure:2795: result: /usr/bin/install -c
configure:2806: checking whether build environment is sane
configure:2856: result: yes
configure:2905: checking for mips-linux-strip
configure:2932: result: mips-openwrt-linux-uclibc-strip -R .note -R .comment
configure:2997: checking for a thread-safe mkdir -p
configure:3036: result: /bin/mkdir -p
configure:3049: checking for gawk
configure:3065: found /usr/bin/gawk
configure:3076: result: gawk
configure:3087: checking whether make sets $(MAKE)
configure:3109: result: yes
configure:3228: checking for mips-linux-gcc
configure:3255: result: mips-openwrt-linux-uclibc-gcc
configure:3524: checking for C compiler version
configure:3533: mips-openwrt-linux-uclibc-gcc --version >&5
mips-openwrt-linux-uclibc-gcc (OpenWrt/Linaro GCC 4.8-2014.04 15.05_ltq) 4.8.3
Copyright (C) 2013 Free Software Foundation, Inc.
This is free software; see the source for copying conditions.  There is NO
warranty; not even for MERCHANTABILITY or FITNESS FOR A PARTICULAR PURPOSE.

configure:3544: $? = 0
configure:3533: mips-openwrt-linux-uclibc-gcc -v >&5
Reading specs from /home/paldier/asuswrt/release/src-lantiq/tools/toolchain-mips_mips32_gcc-4.8-linaro_uClibc-0.9.33.2/bin/../lib/gcc/mips-openwrt-linux-uclibc/4.8.3/specs
COLLECT_GCC=mips-openwrt-linux-uclibc-gcc
COLLECT_LTO_WRAPPER=/home/paldier/asuswrt/release/src-lantiq/tools/toolchain-mips_mips32_gcc-4.8-linaro_uClibc-0.9.33.2/bin/../libexec/gcc/mips-openwrt-linux-uclibc/4.8.3/lto-wrapper
Target: mips-openwrt-linux-uclibc
Configured with: /media/intel160g/3asuswrt/UGW-7.2MR1/UGW-7.2.1.20-SW-CD/Sources/UGW-7.2.1.20/build_dir/toolchain-mips_mips32_gcc-4.8-linaro_uClibc-0.9.33.2/gcc-linaro-4.8-2014.04/configure --with-bugurl=https://dev.openwrt.org/ --with-pkgversion='OpenWrt/Linaro GCC 4.8-2014.04 15.05_ltq' --prefix=/media/intel160g/3asuswrt/UGW-7.2MR1/UGW-7.2.1.20-SW-CD/Sources/UGW-7.2.1.20/staging_dir/toolchain-mips_mips32_gcc-4.8-linaro_uClibc-0.9.33.2 --build=i686-linux-gnu --host=i686-linux-gnu --target=mips-openwrt-linux-uclibc --with-gnu-ld --enable-target-optspace --disable-libgomp --disable-libmudflap --disable-multilib --disable-nls --with-host-libstdcxx=-lstdc++ --with-float=soft --with-gmp=/media/intel160g/3asuswrt/UGW-7.2MR1/UGW-7.2.1.20-SW-CD/Sources/UGW-7.2.1.20/staging_dir/host --with-mpfr=/media/intel160g/3asuswrt/UGW-7.2MR1/UGW-7.2.1.20-SW-CD/Sources/UGW-7.2.1.20/staging_dir/host --with-mpc=/media/intel160g/3asuswrt/UGW-7.2MR1/UGW-7.2.1.20-SW-CD/Sources/UGW-7.2.1.20/staging_dir/host --disable-decimal-float --with-mips-plt --enable-libssp --disable-__cxa_atexit --with-headers=/media/intel160g/3asuswrt/UGW-7.2MR1/UGW-7.2.1.20-SW-CD/Sources/UGW-7.2.1.20/staging_dir/toolchain-mips_mips32_gcc-4.8-linaro_uClibc-0.9.33.2/include --disable-libsanitizer --enable-languages=c,c++ --enable-shared --enable-threads --with-slibdir=/media/intel160g/3asuswrt/UGW-7.2MR1/UGW-7.2.1.20-SW-CD/Sources/UGW-7.2.1.20/staging_dir/toolchain-mips_mips32_gcc-4.8-linaro_uClibc-0.9.33.2/lib
Thread model: posix
gcc version 4.8.3 (OpenWrt/Linaro GCC 4.8-2014.04 15.05_ltq) 
configure:3544: $? = 0
configure:3533: mips-openwrt-linux-uclibc-gcc -V >&5
mips-openwrt-linux-uclibc-gcc: error: unrecognized command line option '-V'
mips-openwrt-linux-uclibc-gcc: fatal error: no input files
compilation terminated.
configure:3544: $? = 1
configure:3533: mips-openwrt-linux-uclibc-gcc -qversion >&5
mips-openwrt-linux-uclibc-gcc: error: unrecognized command line option '-qversion'
mips-openwrt-linux-uclibc-gcc: fatal error: no input files
compilation terminated.
configure:3544: $? = 1
configure:3564: checking whether the C compiler works
configure:3586: mips-openwrt-linux-uclibc-gcc -Os -Wall -DCONFIG_LANTIQ -DDEBUG_NOISY -DDEBUG_RCTEST -pipe -funit-at-a-time -Wno-pointer-sign -mips32r2 -mno-branch-likely -mtune=1004kc -DLINUX30 -DLINUX26 -DLINUX_KERNEL_VERSION=199272 --sysroot=/home/paldier/asuswrt/release/src-lantiq/tools/toolchain-mips_mips32_gcc-4.8-linaro_uClibc-0.9.33.2   conftest.c --sysroot=/home/paldier/asuswrt/release/src-lantiq/tools/toolchain-mips_mips32_gcc-4.8-linaro_uClibc-0.9.33.2 >&5
configure:3590: $? = 0
configure:3638: result: yes
configure:3641: checking for C compiler default output file name
configure:3643: result: a.out
configure:3649: checking for suffix of executables
configure:3656: mips-openwrt-linux-uclibc-gcc -o conftest -Os -Wall -DCONFIG_LANTIQ -DDEBUG_NOISY -DDEBUG_RCTEST -pipe -funit-at-a-time -Wno-pointer-sign -mips32r2 -mno-branch-likely -mtune=1004kc -DLINUX30 -DLINUX26 -DLINUX_KERNEL_VERSION=199272 --sysroot=/home/paldier/asuswrt/release/src-lantiq/tools/toolchain-mips_mips32_gcc-4.8-linaro_uClibc-0.9.33.2   conftest.c --sysroot=/home/paldier/asuswrt/release/src-lantiq/tools/toolchain-mips_mips32_gcc-4.8-linaro_uClibc-0.9.33.2 >&5
configure:3660: $? = 0
configure:3682: result: 
configure:3704: checking whether we are cross compiling
configure:3712: mips-openwrt-linux-uclibc-gcc -o conftest -Os -Wall -DCONFIG_LANTIQ -DDEBUG_NOISY -DDEBUG_RCTEST -pipe -funit-at-a-time -Wno-pointer-sign -mips32r2 -mno-branch-likely -mtune=1004kc -DLINUX30 -DLINUX26 -DLINUX_KERNEL_VERSION=199272 --sysroot=/home/paldier/asuswrt/release/src-lantiq/tools/toolchain-mips_mips32_gcc-4.8-linaro_uClibc-0.9.33.2   conftest.c --sysroot=/home/paldier/asuswrt/release/src-lantiq/tools/toolchain-mips_mips32_gcc-4.8-linaro_uClibc-0.9.33.2 >&5
configure:3716: $? = 0
configure:3723: ./conftest
././configure: line 3725: ./conftest: cannot execute binary file: Exec format error
configure:3727: $? = 126
configure:3742: result: yes
configure:3747: checking for suffix of object files
configure:3769: mips-openwrt-linux-uclibc-gcc -c -Os -Wall -DCONFIG_LANTIQ -DDEBUG_NOISY -DDEBUG_RCTEST -pipe -funit-at-a-time -Wno-pointer-sign -mips32r2 -mno-branch-likely -mtune=1004kc -DLINUX30 -DLINUX26 -DLINUX_KERNEL_VERSION=199272 --sysroot=/home/paldier/asuswrt/release/src-lantiq/tools/toolchain-mips_mips32_gcc-4.8-linaro_uClibc-0.9.33.2  conftest.c >&5
configure:3773: $? = 0
configure:3794: result: o
configure:3798: checking whether we are using the GNU C compiler
configure:3817: mips-openwrt-linux-uclibc-gcc -c -Os -Wall -DCONFIG_LANTIQ -DDEBUG_NOISY -DDEBUG_RCTEST -pipe -funit-at-a-time -Wno-pointer-sign -mips32r2 -mno-branch-likely -mtune=1004kc -DLINUX30 -DLINUX26 -DLINUX_KERNEL_VERSION=199272 --sysroot=/home/paldier/asuswrt/release/src-lantiq/tools/toolchain-mips_mips32_gcc-4.8-linaro_uClibc-0.9.33.2  conftest.c >&5
configure:3817: $? = 0
configure:3826: result: yes
configure:3835: checking whether mips-openwrt-linux-uclibc-gcc accepts -g
configure:3855: mips-openwrt-linux-uclibc-gcc -c -g  conftest.c >&5
configure:3855: $? = 0
configure:3896: result: yes
configure:3913: checking for mips-openwrt-linux-uclibc-gcc option to accept ISO C89
configure:3977: mips-openwrt-linux-uclibc-gcc  -c -Os -Wall -DCONFIG_LANTIQ -DDEBUG_NOISY -DDEBUG_RCTEST -pipe -funit-at-a-time -Wno-pointer-sign -mips32r2 -mno-branch-likely -mtune=1004kc -DLINUX30 -DLINUX26 -DLINUX_KERNEL_VERSION=199272 --sysroot=/home/paldier/asuswrt/release/src-lantiq/tools/toolchain-mips_mips32_gcc-4.8-linaro_uClibc-0.9.33.2  conftest.c >&5
configure:3977: $? = 0
configure:3990: result: none needed
configure:4021: checking for style of include used by make
configure:4049: result: GNU
configure:4074: checking dependency style of mips-openwrt-linux-uclibc-gcc
configure:4184: result: none
configure:4311: checking for C++ compiler version
configure:4320: mips-openwrt-linux-uclibc-g++ --version >&5
mips-openwrt-linux-uclibc-g++ (OpenWrt/Linaro GCC 4.8-2014.04 15.05_ltq) 4.8.3
Copyright (C) 2013 Free Software Foundation, Inc.
This is free software; see the source for copying conditions.  There is NO
warranty; not even for MERCHANTABILITY or FITNESS FOR A PARTICULAR PURPOSE.

configure:4331: $? = 0
configure:4320: mips-openwrt-linux-uclibc-g++ -v >&5
Reading specs from /home/paldier/asuswrt/release/src-lantiq/tools/toolchain-mips_mips32_gcc-4.8-linaro_uClibc-0.9.33.2/bin/../lib/gcc/mips-openwrt-linux-uclibc/4.8.3/specs
COLLECT_GCC=mips-openwrt-linux-uclibc-g++
COLLECT_LTO_WRAPPER=/home/paldier/asuswrt/release/src-lantiq/tools/toolchain-mips_mips32_gcc-4.8-linaro_uClibc-0.9.33.2/bin/../libexec/gcc/mips-openwrt-linux-uclibc/4.8.3/lto-wrapper
Target: mips-openwrt-linux-uclibc
Configured with: /media/intel160g/3asuswrt/UGW-7.2MR1/UGW-7.2.1.20-SW-CD/Sources/UGW-7.2.1.20/build_dir/toolchain-mips_mips32_gcc-4.8-linaro_uClibc-0.9.33.2/gcc-linaro-4.8-2014.04/configure --with-bugurl=https://dev.openwrt.org/ --with-pkgversion='OpenWrt/Linaro GCC 4.8-2014.04 15.05_ltq' --prefix=/media/intel160g/3asuswrt/UGW-7.2MR1/UGW-7.2.1.20-SW-CD/Sources/UGW-7.2.1.20/staging_dir/toolchain-mips_mips32_gcc-4.8-linaro_uClibc-0.9.33.2 --build=i686-linux-gnu --host=i686-linux-gnu --target=mips-openwrt-linux-uclibc --with-gnu-ld --enable-target-optspace --disable-libgomp --disable-libmudflap --disable-multilib --disable-nls --with-host-libstdcxx=-lstdc++ --with-float=soft --with-gmp=/media/intel160g/3asuswrt/UGW-7.2MR1/UGW-7.2.1.20-SW-CD/Sources/UGW-7.2.1.20/staging_dir/host --with-mpfr=/media/intel160g/3asuswrt/UGW-7.2MR1/UGW-7.2.1.20-SW-CD/Sources/UGW-7.2.1.20/staging_dir/host --with-mpc=/media/intel160g/3asuswrt/UGW-7.2MR1/UGW-7.2.1.20-SW-CD/Sources/UGW-7.2.1.20/staging_dir/host --disable-decimal-float --with-mips-plt --enable-libssp --disable-__cxa_atexit --with-headers=/media/intel160g/3asuswrt/UGW-7.2MR1/UGW-7.2.1.20-SW-CD/Sources/UGW-7.2.1.20/staging_dir/toolchain-mips_mips32_gcc-4.8-linaro_uClibc-0.9.33.2/include --disable-libsanitizer --enable-languages=c,c++ --enable-shared --enable-threads --with-slibdir=/media/intel160g/3asuswrt/UGW-7.2MR1/UGW-7.2.1.20-SW-CD/Sources/UGW-7.2.1.20/staging_dir/toolchain-mips_mips32_gcc-4.8-linaro_uClibc-0.9.33.2/lib
Thread model: posix
gcc version 4.8.3 (OpenWrt/Linaro GCC 4.8-2014.04 15.05_ltq) 
configure:4331: $? = 0
configure:4320: mips-openwrt-linux-uclibc-g++ -V >&5
mips-openwrt-linux-uclibc-g++: error: unrecognized command line option '-V'
mips-openwrt-linux-uclibc-g++: fatal error: no input files
compilation terminated.
configure:4331: $? = 1
configure:4320: mips-openwrt-linux-uclibc-g++ -qversion >&5
mips-openwrt-linux-uclibc-g++: error: unrecognized command line option '-qversion'
mips-openwrt-linux-uclibc-g++: fatal error: no input files
compilation terminated.
configure:4331: $? = 1
configure:4335: checking whether we are using the GNU C++ compiler
configure:4354: mips-openwrt-linux-uclibc-g++ -c   conftest.cpp >&5
configure:4354: $? = 0
configure:4363: result: yes
configure:4372: checking whether mips-openwrt-linux-uclibc-g++ accepts -g
configure:4392: mips-openwrt-linux-uclibc-g++ -c -g  conftest.cpp >&5
configure:4392: $? = 0
configure:4433: result: yes
configure:4458: checking dependency style of mips-openwrt-linux-uclibc-g++
configure:4568: result: none
configure:4626: mips-openwrt-linux-uclibc-g++ -c -O2  conftest.cpp >&5
configure:4626: $? = 0
configure:4646: checking how to run the C preprocessor
configure:4677: mips-openwrt-linux-uclibc-gcc -E  conftest.c
configure:4677: $? = 0
configure:4691: mips-openwrt-linux-uclibc-gcc -E  conftest.c
conftest.c:11:28: fatal error: ac_nonexistent.h: No such file or directory
 #include <ac_nonexistent.h>
                            ^
compilation terminated.
configure:4691: $? = 1
configure: failed program was:
| /* confdefs.h */
| #define PACKAGE_NAME "PCRE"
| #define PACKAGE_TARNAME "pcre"
| #define PACKAGE_VERSION "8.31"
| #define PACKAGE_STRING "PCRE 8.31"
| #define PACKAGE_BUGREPORT ""
| #define PACKAGE_URL ""
| #define PACKAGE "pcre"
| #define VERSION "8.31"
| /* end confdefs.h.  */
| #include <ac_nonexistent.h>
configure:4716: result: mips-openwrt-linux-uclibc-gcc -E
configure:4736: mips-openwrt-linux-uclibc-gcc -E  conftest.c
configure:4736: $? = 0
configure:4750: mips-openwrt-linux-uclibc-gcc -E  conftest.c
conftest.c:11:28: fatal error: ac_nonexistent.h: No such file or directory
 #include <ac_nonexistent.h>
                            ^
compilation terminated.
configure:4750: $? = 1
configure: failed program was:
| /* confdefs.h */
| #define PACKAGE_NAME "PCRE"
| #define PACKAGE_TARNAME "pcre"
| #define PACKAGE_VERSION "8.31"
| #define PACKAGE_STRING "PCRE 8.31"
| #define PACKAGE_BUGREPORT ""
| #define PACKAGE_URL ""
| #define PACKAGE "pcre"
| #define VERSION "8.31"
| /* end confdefs.h.  */
| #include <ac_nonexistent.h>
configure:4779: checking for grep that handles long lines and -e
configure:4837: result: /bin/grep
configure:4842: checking for egrep
configure:4904: result: /bin/grep -E
configure:4909: checking for ANSI C header files
configure:4929: mips-openwrt-linux-uclibc-gcc -c -Os -Wall -DCONFIG_LANTIQ -DDEBUG_NOISY -DDEBUG_RCTEST -pipe -funit-at-a-time -Wno-pointer-sign -mips32r2 -mno-branch-likely -mtune=1004kc -DLINUX30 -DLINUX26 -DLINUX_KERNEL_VERSION=199272 --sysroot=/home/paldier/asuswrt/release/src-lantiq/tools/toolchain-mips_mips32_gcc-4.8-linaro_uClibc-0.9.33.2  conftest.c >&5
configure:4929: $? = 0
configure:5013: result: yes
configure:5026: checking for sys/types.h
configure:5026: mips-openwrt-linux-uclibc-gcc -c -Os -Wall -DCONFIG_LANTIQ -DDEBUG_NOISY -DDEBUG_RCTEST -pipe -funit-at-a-time -Wno-pointer-sign -mips32r2 -mno-branch-likely -mtune=1004kc -DLINUX30 -DLINUX26 -DLINUX_KERNEL_VERSION=199272 --sysroot=/home/paldier/asuswrt/release/src-lantiq/tools/toolchain-mips_mips32_gcc-4.8-linaro_uClibc-0.9.33.2  conftest.c >&5
configure:5026: $? = 0
configure:5026: result: yes
configure:5026: checking for sys/stat.h
configure:5026: mips-openwrt-linux-uclibc-gcc -c -Os -Wall -DCONFIG_LANTIQ -DDEBUG_NOISY -DDEBUG_RCTEST -pipe -funit-at-a-time -Wno-pointer-sign -mips32r2 -mno-branch-likely -mtune=1004kc -DLINUX30 -DLINUX26 -DLINUX_KERNEL_VERSION=199272 --sysroot=/home/paldier/asuswrt/release/src-lantiq/tools/toolchain-mips_mips32_gcc-4.8-linaro_uClibc-0.9.33.2  conftest.c >&5
configure:5026: $? = 0
configure:5026: result: yes
configure:5026: checking for stdlib.h
configure:5026: mips-openwrt-linux-uclibc-gcc -c -Os -Wall -DCONFIG_LANTIQ -DDEBUG_NOISY -DDEBUG_RCTEST -pipe -funit-at-a-time -Wno-pointer-sign -mips32r2 -mno-branch-likely -mtune=1004kc -DLINUX30 -DLINUX26 -DLINUX_KERNEL_VERSION=199272 --sysroot=/home/paldier/asuswrt/release/src-lantiq/tools/toolchain-mips_mips32_gcc-4.8-linaro_uClibc-0.9.33.2  conftest.c >&5
configure:5026: $? = 0
configure:5026: result: yes
configure:5026: checking for string.h
configure:5026: mips-openwrt-linux-uclibc-gcc -c -Os -Wall -DCONFIG_LANTIQ -DDEBUG_NOISY -DDEBUG_RCTEST -pipe -funit-at-a-time -Wno-pointer-sign -mips32r2 -mno-branch-likely -mtune=1004kc -DLINUX30 -DLINUX26 -DLINUX_KERNEL_VERSION=199272 --sysroot=/home/paldier/asuswrt/release/src-lantiq/tools/toolchain-mips_mips32_gcc-4.8-linaro_uClibc-0.9.33.2  conftest.c >&5
configure:5026: $? = 0
configure:5026: result: yes
configure:5026: checking for memory.h
configure:5026: mips-openwrt-linux-uclibc-gcc -c -Os -Wall -DCONFIG_LANTIQ -DDEBUG_NOISY -DDEBUG_RCTEST -pipe -funit-at-a-time -Wno-pointer-sign -mips32r2 -mno-branch-likely -mtune=1004kc -DLINUX30 -DLINUX26 -DLINUX_KERNEL_VERSION=199272 --sysroot=/home/paldier/asuswrt/release/src-lantiq/tools/toolchain-mips_mips32_gcc-4.8-linaro_uClibc-0.9.33.2  conftest.c >&5
configure:5026: $? = 0
configure:5026: result: yes
configure:5026: checking for strings.h
configure:5026: mips-openwrt-linux-uclibc-gcc -c -Os -Wall -DCONFIG_LANTIQ -DDEBUG_NOISY -DDEBUG_RCTEST -pipe -funit-at-a-time -Wno-pointer-sign -mips32r2 -mno-branch-likely -mtune=1004kc -DLINUX30 -DLINUX26 -DLINUX_KERNEL_VERSION=199272 --sysroot=/home/paldier/asuswrt/release/src-lantiq/tools/toolchain-mips_mips32_gcc-4.8-linaro_uClibc-0.9.33.2  conftest.c >&5
configure:5026: $? = 0
configure:5026: result: yes
configure:5026: checking for inttypes.h
configure:5026: mips-openwrt-linux-uclibc-gcc -c -Os -Wall -DCONFIG_LANTIQ -DDEBUG_NOISY -DDEBUG_RCTEST -pipe -funit-at-a-time -Wno-pointer-sign -mips32r2 -mno-branch-likely -mtune=1004kc -DLINUX30 -DLINUX26 -DLINUX_KERNEL_VERSION=199272 --sysroot=/home/paldier/asuswrt/release/src-lantiq/tools/toolchain-mips_mips32_gcc-4.8-linaro_uClibc-0.9.33.2  conftest.c >&5
configure:5026: $? = 0
configure:5026: result: yes
configure:5026: checking for stdint.h
configure:5026: mips-openwrt-linux-uclibc-gcc -c -Os -Wall -DCONFIG_LANTIQ -DDEBUG_NOISY -DDEBUG_RCTEST -pipe -funit-at-a-time -Wno-pointer-sign -mips32r2 -mno-branch-likely -mtune=1004kc -DLINUX30 -DLINUX26 -DLINUX_KERNEL_VERSION=199272 --sysroot=/home/paldier/asuswrt/release/src-lantiq/tools/toolchain-mips_mips32_gcc-4.8-linaro_uClibc-0.9.33.2  conftest.c >&5
configure:5026: $? = 0
configure:5026: result: yes
configure:5026: checking for unistd.h
configure:5026: mips-openwrt-linux-uclibc-gcc -c -Os -Wall -DCONFIG_LANTIQ -DDEBUG_NOISY -DDEBUG_RCTEST -pipe -funit-at-a-time -Wno-pointer-sign -mips32r2 -mno-branch-likely -mtune=1004kc -DLINUX30 -DLINUX26 -DLINUX_KERNEL_VERSION=199272 --sysroot=/home/paldier/asuswrt/release/src-lantiq/tools/toolchain-mips_mips32_gcc-4.8-linaro_uClibc-0.9.33.2  conftest.c >&5
configure:5026: $? = 0
configure:5026: result: yes
configure:5038: checking for int64_t
configure:5038: mips-openwrt-linux-uclibc-gcc -c -Os -Wall -DCONFIG_LANTIQ -DDEBUG_NOISY -DDEBUG_RCTEST -pipe -funit-at-a-time -Wno-pointer-sign -mips32r2 -mno-branch-likely -mtune=1004kc -DLINUX30 -DLINUX26 -DLINUX_KERNEL_VERSION=199272 --sysroot=/home/paldier/asuswrt/release/src-lantiq/tools/toolchain-mips_mips32_gcc-4.8-linaro_uClibc-0.9.33.2  conftest.c >&5
conftest.c: In function 'main':
conftest.c:58:12: warning: variable 'test_array' set but not used [-Wunused-but-set-variable]
 static int test_array [1 - 2 * !(0 < (int64_t) (((((int64_t) 1 << N) << N) - 1) * 2 + 1))];
            ^
configure:5038: $? = 0
configure:5038: mips-openwrt-linux-uclibc-gcc -c -Os -Wall -DCONFIG_LANTIQ -DDEBUG_NOISY -DDEBUG_RCTEST -pipe -funit-at-a-time -Wno-pointer-sign -mips32r2 -mno-branch-likely -mtune=1004kc -DLINUX30 -DLINUX26 -DLINUX_KERNEL_VERSION=199272 --sysroot=/home/paldier/asuswrt/release/src-lantiq/tools/toolchain-mips_mips32_gcc-4.8-linaro_uClibc-0.9.33.2  conftest.c >&5
conftest.c: In function 'main':
conftest.c:59:53: warning: integer overflow in expression [-Woverflow]
    < (int64_t) (((((int64_t) 1 << N) << N) - 1) * 2 + 2))];
                                                     ^
conftest.c:58:12: error: storage size of 'test_array' isn't constant
 static int test_array [1 - 2 * !((int64_t) (((((int64_t) 1 << N) << N) - 1) * 2 + 1)
            ^
conftest.c:58:12: warning: unused variable 'test_array' [-Wunused-variable]
configure:5038: $? = 1
configure: failed program was:
| /* confdefs.h */
| #define PACKAGE_NAME "PCRE"
| #define PACKAGE_TARNAME "pcre"
| #define PACKAGE_VERSION "8.31"
| #define PACKAGE_STRING "PCRE 8.31"
| #define PACKAGE_BUGREPORT ""
| #define PACKAGE_URL ""
| #define PACKAGE "pcre"
| #define VERSION "8.31"
| #define STDC_HEADERS 1
| #define HAVE_SYS_TYPES_H 1
| #define HAVE_SYS_STAT_H 1
| #define HAVE_STDLIB_H 1
| #define HAVE_STRING_H 1
| #define HAVE_MEMORY_H 1
| #define HAVE_STRINGS_H 1
| #define HAVE_INTTYPES_H 1
| #define HAVE_STDINT_H 1
| #define HAVE_UNISTD_H 1
| /* end confdefs.h.  */
| #include <stdio.h>
| #ifdef HAVE_SYS_TYPES_H
| # include <sys/types.h>
| #endif
| #ifdef HAVE_SYS_STAT_H
| # include <sys/stat.h>
| #endif
| #ifdef STDC_HEADERS
| # include <stdlib.h>
| # include <stddef.h>
| #else
| # ifdef HAVE_STDLIB_H
| #  include <stdlib.h>
| # endif
| #endif
| #ifdef HAVE_STRING_H
| # if !defined STDC_HEADERS && defined HAVE_MEMORY_H
| #  include <memory.h>
| # endif
| # include <string.h>
| #endif
| #ifdef HAVE_STRINGS_H
| # include <strings.h>
| #endif
| #ifdef HAVE_INTTYPES_H
| # include <inttypes.h>
| #endif
| #ifdef HAVE_STDINT_H
| # include <stdint.h>
| #endif
| #ifdef HAVE_UNISTD_H
| # include <unistd.h>
| #endif
| 	        enum { N = 64 / 2 - 1 };
| int
| main ()
| {
| static int test_array [1 - 2 * !((int64_t) (((((int64_t) 1 << N) << N) - 1) * 2 + 1)
| 		 < (int64_t) (((((int64_t) 1 << N) << N) - 1) * 2 + 2))];
| test_array [0] = 0
| 
|   ;
|   return 0;
| }
configure:5038: result: yes
configure:5055: checking build system type
configure:5069: result: x86_64-unknown-linux-uclibc
configure:5089: checking host system type
configure:5102: result: mips-unknown-linux-gnu
configure:5471: checking how to print strings
configure:5498: result: printf
configure:5519: checking for a sed that does not truncate output
configure:5583: result: /bin/sed
configure:5601: checking for fgrep
configure:5663: result: /bin/grep -F
configure:5698: checking for ld used by mips-openwrt-linux-uclibc-gcc
configure:5765: result: mips-openwrt-linux-uclibc-ld
configure:5772: checking if the linker (mips-openwrt-linux-uclibc-ld) is GNU ld
configure:5787: result: yes
configure:5799: checking for BSD- or MS-compatible name lister (nm)
configure:5848: result: mips-openwrt-linux-uclibc-nm
configure:5978: checking the name lister (mips-openwrt-linux-uclibc-nm) interface
configure:5985: mips-openwrt-linux-uclibc-gcc -c -Os -Wall -DCONFIG_LANTIQ -DDEBUG_NOISY -DDEBUG_RCTEST -pipe -funit-at-a-time -Wno-pointer-sign -mips32r2 -mno-branch-likely -mtune=1004kc -DLINUX30 -DLINUX26 -DLINUX_KERNEL_VERSION=199272 --sysroot=/home/paldier/asuswrt/release/src-lantiq/tools/toolchain-mips_mips32_gcc-4.8-linaro_uClibc-0.9.33.2  conftest.c >&5
configure:5988: mips-openwrt-linux-uclibc-nm "conftest.o"
configure:5991: output
00000000 B some_variable
configure:5998: result: BSD nm
configure:6001: checking whether ln -s works
configure:6005: result: yes
configure:6013: checking the maximum length of command line arguments
configure:6138: result: 3458764513820540925
configure:6155: checking whether the shell understands some XSI constructs
configure:6165: result: yes
configure:6169: checking whether the shell understands "+="
configure:6175: result: yes
configure:6210: checking how to convert x86_64-unknown-linux-uclibc file names to mips-unknown-linux-gnu format
configure:6250: result: func_convert_file_noop
configure:6257: checking how to convert x86_64-unknown-linux-uclibc file names to toolchain format
configure:6277: result: func_convert_file_noop
configure:6284: checking for mips-openwrt-linux-uclibc-ld option to reload object files
configure:6291: result: -r
configure:6325: checking for mips-linux-objdump
configure:6352: result: mips-openwrt-linux-uclibc-objdump
configure:6421: checking how to recognize dependent libraries
configure:6623: result: pass_all
configure:6668: checking for mips-linux-dlltool
configure:6695: result: dlltool
configure:6765: checking how to associate runtime and link libraries
configure:6792: result: printf %s\n
configure:6808: checking for mips-linux-ar
configure:6835: result: mips-openwrt-linux-uclibc-ar
configure:6916: checking for archiver @FILE support
configure:6933: mips-openwrt-linux-uclibc-gcc -c -Os -Wall -DCONFIG_LANTIQ -DDEBUG_NOISY -DDEBUG_RCTEST -pipe -funit-at-a-time -Wno-pointer-sign -mips32r2 -mno-branch-likely -mtune=1004kc -DLINUX30 -DLINUX26 -DLINUX_KERNEL_VERSION=199272 --sysroot=/home/paldier/asuswrt/release/src-lantiq/tools/toolchain-mips_mips32_gcc-4.8-linaro_uClibc-0.9.33.2  conftest.c >&5
configure:6933: $? = 0
configure:6936: mips-openwrt-linux-uclibc-ar cru libconftest.a @conftest.lst >&5
configure:6939: $? = 0
configure:6944: mips-openwrt-linux-uclibc-ar cru libconftest.a @conftest.lst >&5
mips-openwrt-linux-uclibc-ar: conftest.o: No such file or directory
configure:6947: $? = 1
configure:6959: result: @
configure:6977: checking for mips-linux-strip
configure:7004: result: mips-openwrt-linux-uclibc-strip -R .note -R .comment
configure:7076: checking for mips-linux-ranlib
configure:7103: result: mips-openwrt-linux-uclibc-ranlib
configure:7245: checking command to parse mips-openwrt-linux-uclibc-nm output from mips-openwrt-linux-uclibc-gcc object
configure:7364: mips-openwrt-linux-uclibc-gcc -c -Os -Wall -DCONFIG_LANTIQ -DDEBUG_NOISY -DDEBUG_RCTEST -pipe -funit-at-a-time -Wno-pointer-sign -mips32r2 -mno-branch-likely -mtune=1004kc -DLINUX30 -DLINUX26 -DLINUX_KERNEL_VERSION=199272 --sysroot=/home/paldier/asuswrt/release/src-lantiq/tools/toolchain-mips_mips32_gcc-4.8-linaro_uClibc-0.9.33.2  conftest.c >&5
configure:7367: $? = 0
configure:7371: mips-openwrt-linux-uclibc-nm conftest.o \| sed -n -e 's/^.*[ ]\([ABCDGIRSTW][ABCDGIRSTW]*\)[ ][ ]*\([_A-Za-z][_A-Za-z0-9]*\)$/\1 \2 \2/p' | sed '/ __gnu_lto/d' \> conftest.nm
configure:7374: $? = 0
configure:7440: mips-openwrt-linux-uclibc-gcc -o conftest -Os -Wall -DCONFIG_LANTIQ -DDEBUG_NOISY -DDEBUG_RCTEST -pipe -funit-at-a-time -Wno-pointer-sign -mips32r2 -mno-branch-likely -mtune=1004kc -DLINUX30 -DLINUX26 -DLINUX_KERNEL_VERSION=199272 --sysroot=/home/paldier/asuswrt/release/src-lantiq/tools/toolchain-mips_mips32_gcc-4.8-linaro_uClibc-0.9.33.2   conftest.c conftstm.o >&5
configure:7443: $? = 0
configure:7481: result: ok
configure:7518: checking for sysroot
configure:7548: result: no
configure:7751: checking for mips-linux-mt
configure:7781: result: no
configure:7791: checking for mt
configure:7807: found /bin/mt
configure:7818: result: mt
configure:7830: WARNING: using cross tools not prefixed with host triplet
configure:7841: checking if mt is a manifest tool
configure:7847: mt '-?'
configure:7855: result: no
configure:8484: checking for dlfcn.h
configure:8484: mips-openwrt-linux-uclibc-gcc -c -Os -Wall -DCONFIG_LANTIQ -DDEBUG_NOISY -DDEBUG_RCTEST -pipe -funit-at-a-time -Wno-pointer-sign -mips32r2 -mno-branch-likely -mtune=1004kc -DLINUX30 -DLINUX26 -DLINUX_KERNEL_VERSION=199272 --sysroot=/home/paldier/asuswrt/release/src-lantiq/tools/toolchain-mips_mips32_gcc-4.8-linaro_uClibc-0.9.33.2  conftest.c >&5
configure:8484: $? = 0
configure:8484: result: yes
configure:8679: checking for objdir
configure:8694: result: .libs
configure:8961: checking if mips-openwrt-linux-uclibc-gcc supports -fno-rtti -fno-exceptions
configure:8979: mips-openwrt-linux-uclibc-gcc -c -Os -Wall -DCONFIG_LANTIQ -DDEBUG_NOISY -DDEBUG_RCTEST -pipe -funit-at-a-time -Wno-pointer-sign -mips32r2 -mno-branch-likely -mtune=1004kc -DLINUX30 -DLINUX26 -DLINUX_KERNEL_VERSION=199272 --sysroot=/home/paldier/asuswrt/release/src-lantiq/tools/toolchain-mips_mips32_gcc-4.8-linaro_uClibc-0.9.33.2  -fno-rtti -fno-exceptions conftest.c >&5
cc1: warning: command line option '-fno-rtti' is valid for C++/ObjC++ but not for C [enabled by default]
configure:8983: $? = 0
configure:8996: result: no
configure:9306: checking for mips-openwrt-linux-uclibc-gcc option to produce PIC
configure:9313: result: -fPIC -DPIC
configure:9321: checking if mips-openwrt-linux-uclibc-gcc PIC flag -fPIC -DPIC works
configure:9339: mips-openwrt-linux-uclibc-gcc -c -Os -Wall -DCONFIG_LANTIQ -DDEBUG_NOISY -DDEBUG_RCTEST -pipe -funit-at-a-time -Wno-pointer-sign -mips32r2 -mno-branch-likely -mtune=1004kc -DLINUX30 -DLINUX26 -DLINUX_KERNEL_VERSION=199272 --sysroot=/home/paldier/asuswrt/release/src-lantiq/tools/toolchain-mips_mips32_gcc-4.8-linaro_uClibc-0.9.33.2  -fPIC -DPIC -DPIC conftest.c >&5
configure:9343: $? = 0
configure:9356: result: yes
configure:9385: checking if mips-openwrt-linux-uclibc-gcc static flag -static works
configure:9413: result: yes
configure:9428: checking if mips-openwrt-linux-uclibc-gcc supports -c -o file.o
configure:9449: mips-openwrt-linux-uclibc-gcc -c -Os -Wall -DCONFIG_LANTIQ -DDEBUG_NOISY -DDEBUG_RCTEST -pipe -funit-at-a-time -Wno-pointer-sign -mips32r2 -mno-branch-likely -mtune=1004kc -DLINUX30 -DLINUX26 -DLINUX_KERNEL_VERSION=199272 --sysroot=/home/paldier/asuswrt/release/src-lantiq/tools/toolchain-mips_mips32_gcc-4.8-linaro_uClibc-0.9.33.2  -o out/conftest2.o conftest.c >&5
configure:9453: $? = 0
configure:9475: result: yes
configure:9483: checking if mips-openwrt-linux-uclibc-gcc supports -c -o file.o
configure:9530: result: yes
configure:9563: checking whether the mips-openwrt-linux-uclibc-gcc linker (mips-openwrt-linux-uclibc-ld) supports shared libraries
configure:10721: result: yes
configure:10758: checking whether -lc should be explicitly linked in
configure:10766: mips-openwrt-linux-uclibc-gcc -c -Os -Wall -DCONFIG_LANTIQ -DDEBUG_NOISY -DDEBUG_RCTEST -pipe -funit-at-a-time -Wno-pointer-sign -mips32r2 -mno-branch-likely -mtune=1004kc -DLINUX30 -DLINUX26 -DLINUX_KERNEL_VERSION=199272 --sysroot=/home/paldier/asuswrt/release/src-lantiq/tools/toolchain-mips_mips32_gcc-4.8-linaro_uClibc-0.9.33.2  conftest.c >&5
configure:10769: $? = 0
configure:10784: mips-openwrt-linux-uclibc-gcc -shared  -fPIC -DPIC conftest.o  -v -Wl,-soname -Wl,conftest -o conftest 2\>\&1 \| /bin/grep  -lc  \>/dev/null 2\>\&1
configure:10787: $? = 0
configure:10801: result: no
configure:10966: checking dynamic linker characteristics
configure:11493: mips-openwrt-linux-uclibc-gcc -o conftest -Os -Wall -DCONFIG_LANTIQ -DDEBUG_NOISY -DDEBUG_RCTEST -pipe -funit-at-a-time -Wno-pointer-sign -mips32r2 -mno-branch-likely -mtune=1004kc -DLINUX30 -DLINUX26 -DLINUX_KERNEL_VERSION=199272 --sysroot=/home/paldier/asuswrt/release/src-lantiq/tools/toolchain-mips_mips32_gcc-4.8-linaro_uClibc-0.9.33.2   -Wl,-rpath -Wl,/foo conftest.c --sysroot=/home/paldier/asuswrt/release/src-lantiq/tools/toolchain-mips_mips32_gcc-4.8-linaro_uClibc-0.9.33.2 >&5
configure:11493: $? = 0
configure:11715: result: GNU/Linux ld.so
configure:11822: checking how to hardcode library paths into programs
configure:11847: result: immediate
configure:12387: checking whether stripping libraries is possible
configure:12392: result: yes
configure:12427: checking if libtool supports shared libraries
configure:12429: result: yes
configure:12432: checking whether to build shared libraries
configure:12453: result: yes
configure:12456: checking whether to build static libraries
configure:12460: result: yes
configure:12483: checking how to run the C++ preprocessor
configure:12510: mips-openwrt-linux-uclibc-g++ -E  conftest.cpp
configure:12510: $? = 0
configure:12524: mips-openwrt-linux-uclibc-g++ -E  conftest.cpp
conftest.cpp:23:28: fatal error: ac_nonexistent.h: No such file or directory
 #include <ac_nonexistent.h>
                            ^
compilation terminated.
configure:12524: $? = 1
configure: failed program was:
| /* confdefs.h */
| #define PACKAGE_NAME "PCRE"
| #define PACKAGE_TARNAME "pcre"
| #define PACKAGE_VERSION "8.31"
| #define PACKAGE_STRING "PCRE 8.31"
| #define PACKAGE_BUGREPORT ""
| #define PACKAGE_URL ""
| #define PACKAGE "pcre"
| #define VERSION "8.31"
| #define STDC_HEADERS 1
| #define HAVE_SYS_TYPES_H 1
| #define HAVE_SYS_STAT_H 1
| #define HAVE_STDLIB_H 1
| #define HAVE_STRING_H 1
| #define HAVE_MEMORY_H 1
| #define HAVE_STRINGS_H 1
| #define HAVE_INTTYPES_H 1
| #define HAVE_STDINT_H 1
| #define HAVE_UNISTD_H 1
| #define HAVE_DLFCN_H 1
| #define LT_OBJDIR ".libs/"
| /* end confdefs.h.  */
| #include <ac_nonexistent.h>
configure:12549: result: mips-openwrt-linux-uclibc-g++ -E
configure:12569: mips-openwrt-linux-uclibc-g++ -E  conftest.cpp
configure:12569: $? = 0
configure:12583: mips-openwrt-linux-uclibc-g++ -E  conftest.cpp
conftest.cpp:23:28: fatal error: ac_nonexistent.h: No such file or directory
 #include <ac_nonexistent.h>
                            ^
compilation terminated.
configure:12583: $? = 1
configure: failed program was:
| /* confdefs.h */
| #define PACKAGE_NAME "PCRE"
| #define PACKAGE_TARNAME "pcre"
| #define PACKAGE_VERSION "8.31"
| #define PACKAGE_STRING "PCRE 8.31"
| #define PACKAGE_BUGREPORT ""
| #define PACKAGE_URL ""
| #define PACKAGE "pcre"
| #define VERSION "8.31"
| #define STDC_HEADERS 1
| #define HAVE_SYS_TYPES_H 1
| #define HAVE_SYS_STAT_H 1
| #define HAVE_STDLIB_H 1
| #define HAVE_STRING_H 1
| #define HAVE_MEMORY_H 1
| #define HAVE_STRINGS_H 1
| #define HAVE_INTTYPES_H 1
| #define HAVE_STDINT_H 1
| #define HAVE_UNISTD_H 1
| #define HAVE_DLFCN_H 1
| #define LT_OBJDIR ".libs/"
| /* end confdefs.h.  */
| #include <ac_nonexistent.h>
configure:12753: checking for ld used by mips-openwrt-linux-uclibc-g++
configure:12820: result: mips-openwrt-linux-uclibc-ld
configure:12827: checking if the linker (mips-openwrt-linux-uclibc-ld) is GNU ld
configure:12842: result: yes
configure:12897: checking whether the mips-openwrt-linux-uclibc-g++ linker (mips-openwrt-linux-uclibc-ld) supports shared libraries
configure:13901: result: yes
configure:13936: mips-openwrt-linux-uclibc-g++ -c -O2  conftest.cpp >&5
configure:13939: $? = 0
configure:14459: checking for mips-openwrt-linux-uclibc-g++ option to produce PIC
configure:14466: result: -fPIC -DPIC
configure:14474: checking if mips-openwrt-linux-uclibc-g++ PIC flag -fPIC -DPIC works
configure:14492: mips-openwrt-linux-uclibc-g++ -c -O2  -fPIC -DPIC -DPIC conftest.cpp >&5
configure:14496: $? = 0
configure:14509: result: yes
configure:14532: checking if mips-openwrt-linux-uclibc-g++ static flag -static works
configure:14560: result: yes
configure:14572: checking if mips-openwrt-linux-uclibc-g++ supports -c -o file.o
configure:14593: mips-openwrt-linux-uclibc-g++ -c -O2  -o out/conftest2.o conftest.cpp >&5
configure:14597: $? = 0
configure:14619: result: yes
configure:14624: checking if mips-openwrt-linux-uclibc-g++ supports -c -o file.o
configure:14671: result: yes
configure:14701: checking whether the mips-openwrt-linux-uclibc-g++ linker (mips-openwrt-linux-uclibc-ld) supports shared libraries
configure:14735: result: yes
configure:14878: checking dynamic linker characteristics
configure:15561: result: GNU/Linux ld.so
configure:15614: checking how to hardcode library paths into programs
configure:15639: result: immediate
configure:15698: checking whether ln -s works
configure:15702: result: yes
configure:16067: checking for ANSI C header files
configure:16171: result: yes
configure:16182: checking limits.h usability
configure:16182: mips-openwrt-linux-uclibc-gcc -c -Os -Wall -DCONFIG_LANTIQ -DDEBUG_NOISY -DDEBUG_RCTEST -pipe -funit-at-a-time -Wno-pointer-sign -mips32r2 -mno-branch-likely -mtune=1004kc -DLINUX30 -DLINUX26 -DLINUX_KERNEL_VERSION=199272 --sysroot=/home/paldier/asuswrt/release/src-lantiq/tools/toolchain-mips_mips32_gcc-4.8-linaro_uClibc-0.9.33.2  conftest.c >&5
configure:16182: $? = 0
configure:16182: result: yes
configure:16182: checking limits.h presence
configure:16182: mips-openwrt-linux-uclibc-gcc -E  conftest.c
configure:16182: $? = 0
configure:16182: result: yes
configure:16182: checking for limits.h
configure:16182: result: yes
configure:16182: checking for sys/types.h
configure:16182: result: yes
configure:16182: checking for sys/stat.h
configure:16182: result: yes
configure:16182: checking dirent.h usability
configure:16182: mips-openwrt-linux-uclibc-gcc -c -Os -Wall -DCONFIG_LANTIQ -DDEBUG_NOISY -DDEBUG_RCTEST -pipe -funit-at-a-time -Wno-pointer-sign -mips32r2 -mno-branch-likely -mtune=1004kc -DLINUX30 -DLINUX26 -DLINUX_KERNEL_VERSION=199272 --sysroot=/home/paldier/asuswrt/release/src-lantiq/tools/toolchain-mips_mips32_gcc-4.8-linaro_uClibc-0.9.33.2  conftest.c >&5
configure:16182: $? = 0
configure:16182: result: yes
configure:16182: checking dirent.h presence
configure:16182: mips-openwrt-linux-uclibc-gcc -E  conftest.c
configure:16182: $? = 0
configure:16182: result: yes
configure:16182: checking for dirent.h
configure:16182: result: yes
configure:16182: checking windows.h usability
configure:16182: mips-openwrt-linux-uclibc-gcc -c -Os -Wall -DCONFIG_LANTIQ -DDEBUG_NOISY -DDEBUG_RCTEST -pipe -funit-at-a-time -Wno-pointer-sign -mips32r2 -mno-branch-likely -mtune=1004kc -DLINUX30 -DLINUX26 -DLINUX_KERNEL_VERSION=199272 --sysroot=/home/paldier/asuswrt/release/src-lantiq/tools/toolchain-mips_mips32_gcc-4.8-linaro_uClibc-0.9.33.2  conftest.c >&5
conftest.c:61:21: fatal error: windows.h: No such file or directory
 #include <windows.h>
                     ^
compilation terminated.
configure:16182: $? = 1
configure: failed program was:
| /* confdefs.h */
| #define PACKAGE_NAME "PCRE"
| #define PACKAGE_TARNAME "pcre"
| #define PACKAGE_VERSION "8.31"
| #define PACKAGE_STRING "PCRE 8.31"
| #define PACKAGE_BUGREPORT ""
| #define PACKAGE_URL ""
| #define PACKAGE "pcre"
| #define VERSION "8.31"
| #define STDC_HEADERS 1
| #define HAVE_SYS_TYPES_H 1
| #define HAVE_SYS_STAT_H 1
| #define HAVE_STDLIB_H 1
| #define HAVE_STRING_H 1
| #define HAVE_MEMORY_H 1
| #define HAVE_STRINGS_H 1
| #define HAVE_INTTYPES_H 1
| #define HAVE_STDINT_H 1
| #define HAVE_UNISTD_H 1
| #define HAVE_DLFCN_H 1
| #define LT_OBJDIR ".libs/"
| #define STDC_HEADERS 1
| #define HAVE_LIMITS_H 1
| #define HAVE_SYS_TYPES_H 1
| #define HAVE_SYS_STAT_H 1
| #define HAVE_DIRENT_H 1
| /* end confdefs.h.  */
| #include <stdio.h>
| #ifdef HAVE_SYS_TYPES_H
| # include <sys/types.h>
| #endif
| #ifdef HAVE_SYS_STAT_H
| # include <sys/stat.h>
| #endif
| #ifdef STDC_HEADERS
| # include <stdlib.h>
| # include <stddef.h>
| #else
| # ifdef HAVE_STDLIB_H
| #  include <stdlib.h>
| # endif
| #endif
| #ifdef HAVE_STRING_H
| # if !defined STDC_HEADERS && defined HAVE_MEMORY_H
| #  include <memory.h>
| # endif
| # include <string.h>
| #endif
| #ifdef HAVE_STRINGS_H
| # include <strings.h>
| #endif
| #ifdef HAVE_INTTYPES_H
| # include <inttypes.h>
| #endif
| #ifdef HAVE_STDINT_H
| # include <stdint.h>
| #endif
| #ifdef HAVE_UNISTD_H
| # include <unistd.h>
| #endif
| #include <windows.h>
configure:16182: result: no
configure:16182: checking windows.h presence
configure:16182: mips-openwrt-linux-uclibc-gcc -E  conftest.c
conftest.c:28:21: fatal error: windows.h: No such file or directory
 #include <windows.h>
                     ^
compilation terminated.
configure:16182: $? = 1
configure: failed program was:
| /* confdefs.h */
| #define PACKAGE_NAME "PCRE"
| #define PACKAGE_TARNAME "pcre"
| #define PACKAGE_VERSION "8.31"
| #define PACKAGE_STRING "PCRE 8.31"
| #define PACKAGE_BUGREPORT ""
| #define PACKAGE_URL ""
| #define PACKAGE "pcre"
| #define VERSION "8.31"
| #define STDC_HEADERS 1
| #define HAVE_SYS_TYPES_H 1
| #define HAVE_SYS_STAT_H 1
| #define HAVE_STDLIB_H 1
| #define HAVE_STRING_H 1
| #define HAVE_MEMORY_H 1
| #define HAVE_STRINGS_H 1
| #define HAVE_INTTYPES_H 1
| #define HAVE_STDINT_H 1
| #define HAVE_UNISTD_H 1
| #define HAVE_DLFCN_H 1
| #define LT_OBJDIR ".libs/"
| #define STDC_HEADERS 1
| #define HAVE_LIMITS_H 1
| #define HAVE_SYS_TYPES_H 1
| #define HAVE_SYS_STAT_H 1
| #define HAVE_DIRENT_H 1
| /* end confdefs.h.  */
| #include <windows.h>
configure:16182: result: no
configure:16182: checking for windows.h
configure:16182: result: no
configure:16213: checking for alias support in the linker
configure:16232: mips-openwrt-linux-uclibc-g++ -o conftest -O2   -Wl,-alias,__ZN7pcrecpp2RE6no_argE,__ZN7pcrecpp6no_argE conftest.cpp --sysroot=/home/paldier/asuswrt/release/src-lantiq/tools/toolchain-mips_mips32_gcc-4.8-linaro_uClibc-0.9.33.2 >&5
/home/paldier/asuswrt/release/src-lantiq/tools/toolchain-mips_mips32_gcc-4.8-linaro_uClibc-0.9.33.2/bin/../lib/gcc/mips-openwrt-linux-uclibc/4.8.3/../../../../mips-openwrt-linux-uclibc/bin/ld: unrecognized -a option `lias'
collect2: error: ld returned 1 exit status
configure:16232: $? = 1
configure: failed program was:
| /* confdefs.h */
| #define PACKAGE_NAME "PCRE"
| #define PACKAGE_TARNAME "pcre"
| #define PACKAGE_VERSION "8.31"
| #define PACKAGE_STRING "PCRE 8.31"
| #define PACKAGE_BUGREPORT ""
| #define PACKAGE_URL ""
| #define PACKAGE "pcre"
| #define VERSION "8.31"
| #define STDC_HEADERS 1
| #define HAVE_SYS_TYPES_H 1
| #define HAVE_SYS_STAT_H 1
| #define HAVE_STDLIB_H 1
| #define HAVE_STRING_H 1
| #define HAVE_MEMORY_H 1
| #define HAVE_STRINGS_H 1
| #define HAVE_INTTYPES_H 1
| #define HAVE_STDINT_H 1
| #define HAVE_UNISTD_H 1
| #define HAVE_DLFCN_H 1
| #define LT_OBJDIR ".libs/"
| #define STDC_HEADERS 1
| #define HAVE_LIMITS_H 1
| #define HAVE_SYS_TYPES_H 1
| #define HAVE_SYS_STAT_H 1
| #define HAVE_DIRENT_H 1
| /* end confdefs.h.  */
| namespace pcrecpp {
|                                     class RE { static int no_arg; };
|                                     int RE::no_arg;
|                                   }
| int
| main ()
| {
| 
|   ;
|   return 0;
| }
configure:16238: result: no
configure:16213: checking for alias support in the linker
configure:16232: mips-openwrt-linux-uclibc-g++ -o conftest -O2   -Wl,-i__ZN7pcrecpp6no_argE:__ZN7pcrecpp2RE6no_argE conftest.cpp --sysroot=/home/paldier/asuswrt/release/src-lantiq/tools/toolchain-mips_mips32_gcc-4.8-linaro_uClibc-0.9.33.2 >&5
/home/paldier/asuswrt/release/src-lantiq/tools/toolchain-mips_mips32_gcc-4.8-linaro_uClibc-0.9.33.2/bin/../lib/gcc/mips-openwrt-linux-uclibc/4.8.3/../../../../mips-openwrt-linux-uclibc/bin/ld: bad -rpath option
collect2: error: ld returned 1 exit status
configure:16232: $? = 1
configure: failed program was:
| /* confdefs.h */
| #define PACKAGE_NAME "PCRE"
| #define PACKAGE_TARNAME "pcre"
| #define PACKAGE_VERSION "8.31"
| #define PACKAGE_STRING "PCRE 8.31"
| #define PACKAGE_BUGREPORT ""
| #define PACKAGE_URL ""
| #define PACKAGE "pcre"
| #define VERSION "8.31"
| #define STDC_HEADERS 1
| #define HAVE_SYS_TYPES_H 1
| #define HAVE_SYS_STAT_H 1
| #define HAVE_STDLIB_H 1
| #define HAVE_STRING_H 1
| #define HAVE_MEMORY_H 1
| #define HAVE_STRINGS_H 1
| #define HAVE_INTTYPES_H 1
| #define HAVE_STDINT_H 1
| #define HAVE_UNISTD_H 1
| #define HAVE_DLFCN_H 1
| #define LT_OBJDIR ".libs/"
| #define STDC_HEADERS 1
| #define HAVE_LIMITS_H 1
| #define HAVE_SYS_TYPES_H 1
| #define HAVE_SYS_STAT_H 1
| #define HAVE_DIRENT_H 1
| /* end confdefs.h.  */
| namespace pcrecpp {
|                                     class RE { static int no_arg; };
|                                     int RE::no_arg;
|                                   }
| int
| main ()
| {
| 
|   ;
|   return 0;
| }
configure:16238: result: no
configure:16252: checking string usability
configure:16252: mips-openwrt-linux-uclibc-g++ -c -O2  conftest.cpp >&5
configure:16252: $? = 0
configure:16252: result: yes
configure:16252: checking string presence
configure:16252: mips-openwrt-linux-uclibc-g++ -E  conftest.cpp
configure:16252: $? = 0
configure:16252: result: yes
configure:16252: checking for string
configure:16252: result: yes
configure:16266: checking bits/type_traits.h usability
configure:16266: mips-openwrt-linux-uclibc-g++ -c -O2  conftest.cpp >&5
conftest.cpp:62:30: fatal error: bits/type_traits.h: No such file or directory
 #include <bits/type_traits.h>
                              ^
compilation terminated.
configure:16266: $? = 1
configure: failed program was:
| /* confdefs.h */
| #define PACKAGE_NAME "PCRE"
| #define PACKAGE_TARNAME "pcre"
| #define PACKAGE_VERSION "8.31"
| #define PACKAGE_STRING "PCRE 8.31"
| #define PACKAGE_BUGREPORT ""
| #define PACKAGE_URL ""
| #define PACKAGE "pcre"
| #define VERSION "8.31"
| #define STDC_HEADERS 1
| #define HAVE_SYS_TYPES_H 1
| #define HAVE_SYS_STAT_H 1
| #define HAVE_STDLIB_H 1
| #define HAVE_STRING_H 1
| #define HAVE_MEMORY_H 1
| #define HAVE_STRINGS_H 1
| #define HAVE_INTTYPES_H 1
| #define HAVE_STDINT_H 1
| #define HAVE_UNISTD_H 1
| #define HAVE_DLFCN_H 1
| #define LT_OBJDIR ".libs/"
| #define STDC_HEADERS 1
| #define HAVE_LIMITS_H 1
| #define HAVE_SYS_TYPES_H 1
| #define HAVE_SYS_STAT_H 1
| #define HAVE_DIRENT_H 1
| #define HAVE_STRING 1
| /* end confdefs.h.  */
| #include <stdio.h>
| #ifdef HAVE_SYS_TYPES_H
| # include <sys/types.h>
| #endif
| #ifdef HAVE_SYS_STAT_H
| # include <sys/stat.h>
| #endif
| #ifdef STDC_HEADERS
| # include <stdlib.h>
| # include <stddef.h>
| #else
| # ifdef HAVE_STDLIB_H
| #  include <stdlib.h>
| # endif
| #endif
| #ifdef HAVE_STRING_H
| # if !defined STDC_HEADERS && defined HAVE_MEMORY_H
| #  include <memory.h>
| # endif
| # include <string.h>
| #endif
| #ifdef HAVE_STRINGS_H
| # include <strings.h>
| #endif
| #ifdef HAVE_INTTYPES_H
| # include <inttypes.h>
| #endif
| #ifdef HAVE_STDINT_H
| # include <stdint.h>
| #endif
| #ifdef HAVE_UNISTD_H
| # include <unistd.h>
| #endif
| #include <bits/type_traits.h>
configure:16266: result: no
configure:16266: checking bits/type_traits.h presence
configure:16266: mips-openwrt-linux-uclibc-g++ -E  conftest.cpp
conftest.cpp:29:30: fatal error: bits/type_traits.h: No such file or directory
 #include <bits/type_traits.h>
                              ^
compilation terminated.
configure:16266: $? = 1
configure: failed program was:
| /* confdefs.h */
| #define PACKAGE_NAME "PCRE"
| #define PACKAGE_TARNAME "pcre"
| #define PACKAGE_VERSION "8.31"
| #define PACKAGE_STRING "PCRE 8.31"
| #define PACKAGE_BUGREPORT ""
| #define PACKAGE_URL ""
| #define PACKAGE "pcre"
| #define VERSION "8.31"
| #define STDC_HEADERS 1
| #define HAVE_SYS_TYPES_H 1
| #define HAVE_SYS_STAT_H 1
| #define HAVE_STDLIB_H 1
| #define HAVE_STRING_H 1
| #define HAVE_MEMORY_H 1
| #define HAVE_STRINGS_H 1
| #define HAVE_INTTYPES_H 1
| #define HAVE_STDINT_H 1
| #define HAVE_UNISTD_H 1
| #define HAVE_DLFCN_H 1
| #define LT_OBJDIR ".libs/"
| #define STDC_HEADERS 1
| #define HAVE_LIMITS_H 1
| #define HAVE_SYS_TYPES_H 1
| #define HAVE_SYS_STAT_H 1
| #define HAVE_DIRENT_H 1
| #define HAVE_STRING 1
| /* end confdefs.h.  */
| #include <bits/type_traits.h>
configure:16266: result: no
configure:16266: checking for bits/type_traits.h
configure:16266: result: no
configure:16280: checking type_traits.h usability
configure:16280: mips-openwrt-linux-uclibc-g++ -c -O2  conftest.cpp >&5
conftest.cpp:62:25: fatal error: type_traits.h: No such file or directory
 #include <type_traits.h>
                         ^
compilation terminated.
configure:16280: $? = 1
configure: failed program was:
| /* confdefs.h */
| #define PACKAGE_NAME "PCRE"
| #define PACKAGE_TARNAME "pcre"
| #define PACKAGE_VERSION "8.31"
| #define PACKAGE_STRING "PCRE 8.31"
| #define PACKAGE_BUGREPORT ""
| #define PACKAGE_URL ""
| #define PACKAGE "pcre"
| #define VERSION "8.31"
| #define STDC_HEADERS 1
| #define HAVE_SYS_TYPES_H 1
| #define HAVE_SYS_STAT_H 1
| #define HAVE_STDLIB_H 1
| #define HAVE_STRING_H 1
| #define HAVE_MEMORY_H 1
| #define HAVE_STRINGS_H 1
| #define HAVE_INTTYPES_H 1
| #define HAVE_STDINT_H 1
| #define HAVE_UNISTD_H 1
| #define HAVE_DLFCN_H 1
| #define LT_OBJDIR ".libs/"
| #define STDC_HEADERS 1
| #define HAVE_LIMITS_H 1
| #define HAVE_SYS_TYPES_H 1
| #define HAVE_SYS_STAT_H 1
| #define HAVE_DIRENT_H 1
| #define HAVE_STRING 1
| /* end confdefs.h.  */
| #include <stdio.h>
| #ifdef HAVE_SYS_TYPES_H
| # include <sys/types.h>
| #endif
| #ifdef HAVE_SYS_STAT_H
| # include <sys/stat.h>
| #endif
| #ifdef STDC_HEADERS
| # include <stdlib.h>
| # include <stddef.h>
| #else
| # ifdef HAVE_STDLIB_H
| #  include <stdlib.h>
| # endif
| #endif
| #ifdef HAVE_STRING_H
| # if !defined STDC_HEADERS && defined HAVE_MEMORY_H
| #  include <memory.h>
| # endif
| # include <string.h>
| #endif
| #ifdef HAVE_STRINGS_H
| # include <strings.h>
| #endif
| #ifdef HAVE_INTTYPES_H
| # include <inttypes.h>
| #endif
| #ifdef HAVE_STDINT_H
| # include <stdint.h>
| #endif
| #ifdef HAVE_UNISTD_H
| # include <unistd.h>
| #endif
| #include <type_traits.h>
configure:16280: result: no
configure:16280: checking type_traits.h presence
configure:16280: mips-openwrt-linux-uclibc-g++ -E  conftest.cpp
conftest.cpp:29:25: fatal error: type_traits.h: No such file or directory
 #include <type_traits.h>
                         ^
compilation terminated.
configure:16280: $? = 1
configure: failed program was:
| /* confdefs.h */
| #define PACKAGE_NAME "PCRE"
| #define PACKAGE_TARNAME "pcre"
| #define PACKAGE_VERSION "8.31"
| #define PACKAGE_STRING "PCRE 8.31"
| #define PACKAGE_BUGREPORT ""
| #define PACKAGE_URL ""
| #define PACKAGE "pcre"
| #define VERSION "8.31"
| #define STDC_HEADERS 1
| #define HAVE_SYS_TYPES_H 1
| #define HAVE_SYS_STAT_H 1
| #define HAVE_STDLIB_H 1
| #define HAVE_STRING_H 1
| #define HAVE_MEMORY_H 1
| #define HAVE_STRINGS_H 1
| #define HAVE_INTTYPES_H 1
| #define HAVE_STDINT_H 1
| #define HAVE_UNISTD_H 1
| #define HAVE_DLFCN_H 1
| #define LT_OBJDIR ".libs/"
| #define STDC_HEADERS 1
| #define HAVE_LIMITS_H 1
| #define HAVE_SYS_TYPES_H 1
| #define HAVE_SYS_STAT_H 1
| #define HAVE_DIRENT_H 1
| #define HAVE_STRING 1
| /* end confdefs.h.  */
| #include <type_traits.h>
configure:16280: result: no
configure:16280: checking for type_traits.h
configure:16280: result: no
configure:16306: checking for strtoq
configure:16324: mips-openwrt-linux-uclibc-g++ -c -O2  conftest.cpp >&5
configure:16324: $? = 0
configure:16325: result: yes
configure:16342: checking for long long
configure:16342: mips-openwrt-linux-uclibc-g++ -c -O2  conftest.cpp >&5
configure:16342: $? = 0
configure:16342: mips-openwrt-linux-uclibc-g++ -c -O2  conftest.cpp >&5
conftest.cpp: In function 'int main()':
conftest.cpp:66:14: error: expected primary-expression before 'long'
 if (sizeof ((long long)))
              ^
conftest.cpp:66:14: error: expected ')' before 'long'
conftest.cpp:67:14: error: expected ')' before ';' token
      return 0;
              ^
conftest.cpp:67:14: error: expected ')' before ';' token
configure:16342: $? = 1
configure: failed program was:
| /* confdefs.h */
| #define PACKAGE_NAME "PCRE"
| #define PACKAGE_TARNAME "pcre"
| #define PACKAGE_VERSION "8.31"
| #define PACKAGE_STRING "PCRE 8.31"
| #define PACKAGE_BUGREPORT ""
| #define PACKAGE_URL ""
| #define PACKAGE "pcre"
| #define VERSION "8.31"
| #define STDC_HEADERS 1
| #define HAVE_SYS_TYPES_H 1
| #define HAVE_SYS_STAT_H 1
| #define HAVE_STDLIB_H 1
| #define HAVE_STRING_H 1
| #define HAVE_MEMORY_H 1
| #define HAVE_STRINGS_H 1
| #define HAVE_INTTYPES_H 1
| #define HAVE_STDINT_H 1
| #define HAVE_UNISTD_H 1
| #define HAVE_DLFCN_H 1
| #define LT_OBJDIR ".libs/"
| #define STDC_HEADERS 1
| #define HAVE_LIMITS_H 1
| #define HAVE_SYS_TYPES_H 1
| #define HAVE_SYS_STAT_H 1
| #define HAVE_DIRENT_H 1
| #define HAVE_STRING 1
| #define HAVE_STRTOQ 1
| /* end confdefs.h.  */
| #include <stdio.h>
| #ifdef HAVE_SYS_TYPES_H
| # include <sys/types.h>
| #endif
| #ifdef HAVE_SYS_STAT_H
| # include <sys/stat.h>
| #endif
| #ifdef STDC_HEADERS
| # include <stdlib.h>
| # include <stddef.h>
| #else
| # ifdef HAVE_STDLIB_H
| #  include <stdlib.h>
| # endif
| #endif
| #ifdef HAVE_STRING_H
| # if !defined STDC_HEADERS && defined HAVE_MEMORY_H
| #  include <memory.h>
| # endif
| # include <string.h>
| #endif
| #ifdef HAVE_STRINGS_H
| # include <strings.h>
| #endif
| #ifdef HAVE_INTTYPES_H
| # include <inttypes.h>
| #endif
| #ifdef HAVE_STDINT_H
| # include <stdint.h>
| #endif
| #ifdef HAVE_UNISTD_H
| # include <unistd.h>
| #endif
| int
| main ()
| {
| if (sizeof ((long long)))
| 	    return 0;
|   ;
|   return 0;
| }
configure:16342: result: yes
configure:16354: checking for unsigned long long
configure:16354: mips-openwrt-linux-uclibc-g++ -c -O2  conftest.cpp >&5
configure:16354: $? = 0
configure:16354: mips-openwrt-linux-uclibc-g++ -c -O2  conftest.cpp >&5
conftest.cpp: In function 'int main()':
conftest.cpp:67:14: error: expected primary-expression before 'unsigned'
 if (sizeof ((unsigned long long)))
              ^
conftest.cpp:67:14: error: expected ')' before 'unsigned'
conftest.cpp:68:14: error: expected ')' before ';' token
      return 0;
              ^
conftest.cpp:68:14: error: expected ')' before ';' token
configure:16354: $? = 1
configure: failed program was:
| /* confdefs.h */
| #define PACKAGE_NAME "PCRE"
| #define PACKAGE_TARNAME "pcre"
| #define PACKAGE_VERSION "8.31"
| #define PACKAGE_STRING "PCRE 8.31"
| #define PACKAGE_BUGREPORT ""
| #define PACKAGE_URL ""
| #define PACKAGE "pcre"
| #define VERSION "8.31"
| #define STDC_HEADERS 1
| #define HAVE_SYS_TYPES_H 1
| #define HAVE_SYS_STAT_H 1
| #define HAVE_STDLIB_H 1
| #define HAVE_STRING_H 1
| #define HAVE_MEMORY_H 1
| #define HAVE_STRINGS_H 1
| #define HAVE_INTTYPES_H 1
| #define HAVE_STDINT_H 1
| #define HAVE_UNISTD_H 1
| #define HAVE_DLFCN_H 1
| #define LT_OBJDIR ".libs/"
| #define STDC_HEADERS 1
| #define HAVE_LIMITS_H 1
| #define HAVE_SYS_TYPES_H 1
| #define HAVE_SYS_STAT_H 1
| #define HAVE_DIRENT_H 1
| #define HAVE_STRING 1
| #define HAVE_STRTOQ 1
| #define HAVE_LONG_LONG 1
| /* end confdefs.h.  */
| #include <stdio.h>
| #ifdef HAVE_SYS_TYPES_H
| # include <sys/types.h>
| #endif
| #ifdef HAVE_SYS_STAT_H
| # include <sys/stat.h>
| #endif
| #ifdef STDC_HEADERS
| # include <stdlib.h>
| # include <stddef.h>
| #else
| # ifdef HAVE_STDLIB_H
| #  include <stdlib.h>
| # endif
| #endif
| #ifdef HAVE_STRING_H
| # if !defined STDC_HEADERS && defined HAVE_MEMORY_H
| #  include <memory.h>
| # endif
| # include <string.h>
| #endif
| #ifdef HAVE_STRINGS_H
| # include <strings.h>
| #endif
| #ifdef HAVE_INTTYPES_H
| # include <inttypes.h>
| #endif
| #ifdef HAVE_STDINT_H
| # include <stdint.h>
| #endif
| #ifdef HAVE_UNISTD_H
| # include <unistd.h>
| #endif
| int
| main ()
| {
| if (sizeof ((unsigned long long)))
| 	    return 0;
|   ;
|   return 0;
| }
configure:16354: result: yes
configure:16436: checking for an ANSI C-conforming const
configure:16501: mips-openwrt-linux-uclibc-gcc -c -Os -Wall -DCONFIG_LANTIQ -DDEBUG_NOISY -DDEBUG_RCTEST -pipe -funit-at-a-time -Wno-pointer-sign -mips32r2 -mno-branch-likely -mtune=1004kc -DLINUX30 -DLINUX26 -DLINUX_KERNEL_VERSION=199272 --sysroot=/home/paldier/asuswrt/release/src-lantiq/tools/toolchain-mips_mips32_gcc-4.8-linaro_uClibc-0.9.33.2  conftest.c >&5
conftest.c: In function 'main':
conftest.c:61:7: warning: 't' is used uninitialized in this function [-Wuninitialized]
     *t++ = 0;
       ^
conftest.c:83:13: warning: 'cs[0]' is used uninitialized in this function [-Wuninitialized]
   return !cs[0] && !zero.x;
             ^
configure:16501: $? = 0
configure:16508: result: yes
configure:16516: checking for size_t
configure:16516: mips-openwrt-linux-uclibc-gcc -c -Os -Wall -DCONFIG_LANTIQ -DDEBUG_NOISY -DDEBUG_RCTEST -pipe -funit-at-a-time -Wno-pointer-sign -mips32r2 -mno-branch-likely -mtune=1004kc -DLINUX30 -DLINUX26 -DLINUX_KERNEL_VERSION=199272 --sysroot=/home/paldier/asuswrt/release/src-lantiq/tools/toolchain-mips_mips32_gcc-4.8-linaro_uClibc-0.9.33.2  conftest.c >&5
configure:16516: $? = 0
configure:16516: mips-openwrt-linux-uclibc-gcc -c -Os -Wall -DCONFIG_LANTIQ -DDEBUG_NOISY -DDEBUG_RCTEST -pipe -funit-at-a-time -Wno-pointer-sign -mips32r2 -mno-branch-likely -mtune=1004kc -DLINUX30 -DLINUX26 -DLINUX_KERNEL_VERSION=199272 --sysroot=/home/paldier/asuswrt/release/src-lantiq/tools/toolchain-mips_mips32_gcc-4.8-linaro_uClibc-0.9.33.2  conftest.c >&5
conftest.c: In function 'main':
conftest.c:68:21: error: expected expression before ')' token
 if (sizeof ((size_t)))
                     ^
configure:16516: $? = 1
configure: failed program was:
| /* confdefs.h */
| #define PACKAGE_NAME "PCRE"
| #define PACKAGE_TARNAME "pcre"
| #define PACKAGE_VERSION "8.31"
| #define PACKAGE_STRING "PCRE 8.31"
| #define PACKAGE_BUGREPORT ""
| #define PACKAGE_URL ""
| #define PACKAGE "pcre"
| #define VERSION "8.31"
| #define STDC_HEADERS 1
| #define HAVE_SYS_TYPES_H 1
| #define HAVE_SYS_STAT_H 1
| #define HAVE_STDLIB_H 1
| #define HAVE_STRING_H 1
| #define HAVE_MEMORY_H 1
| #define HAVE_STRINGS_H 1
| #define HAVE_INTTYPES_H 1
| #define HAVE_STDINT_H 1
| #define HAVE_UNISTD_H 1
| #define HAVE_DLFCN_H 1
| #define LT_OBJDIR ".libs/"
| #define STDC_HEADERS 1
| #define HAVE_LIMITS_H 1
| #define HAVE_SYS_TYPES_H 1
| #define HAVE_SYS_STAT_H 1
| #define HAVE_DIRENT_H 1
| #define HAVE_STRING 1
| #define HAVE_STRTOQ 1
| #define HAVE_LONG_LONG 1
| #define HAVE_UNSIGNED_LONG_LONG 1
| /* end confdefs.h.  */
| #include <stdio.h>
| #ifdef HAVE_SYS_TYPES_H
| # include <sys/types.h>
| #endif
| #ifdef HAVE_SYS_STAT_H
| # include <sys/stat.h>
| #endif
| #ifdef STDC_HEADERS
| # include <stdlib.h>
| # include <stddef.h>
| #else
| # ifdef HAVE_STDLIB_H
| #  include <stdlib.h>
| # endif
| #endif
| #ifdef HAVE_STRING_H
| # if !defined STDC_HEADERS && defined HAVE_MEMORY_H
| #  include <memory.h>
| # endif
| # include <string.h>
| #endif
| #ifdef HAVE_STRINGS_H
| # include <strings.h>
| #endif
| #ifdef HAVE_INTTYPES_H
| # include <inttypes.h>
| #endif
| #ifdef HAVE_STDINT_H
| # include <stdint.h>
| #endif
| #ifdef HAVE_UNISTD_H
| # include <unistd.h>
| #endif
| int
| main ()
| {
| if (sizeof ((size_t)))
| 	    return 0;
|   ;
|   return 0;
| }
configure:16516: result: yes
configure:16533: checking for bcopy
configure:16533: mips-openwrt-linux-uclibc-gcc -o conftest -Os -Wall -DCONFIG_LANTIQ -DDEBUG_NOISY -DDEBUG_RCTEST -pipe -funit-at-a-time -Wno-pointer-sign -mips32r2 -mno-branch-likely -mtune=1004kc -DLINUX30 -DLINUX26 -DLINUX_KERNEL_VERSION=199272 --sysroot=/home/paldier/asuswrt/release/src-lantiq/tools/toolchain-mips_mips32_gcc-4.8-linaro_uClibc-0.9.33.2   conftest.c --sysroot=/home/paldier/asuswrt/release/src-lantiq/tools/toolchain-mips_mips32_gcc-4.8-linaro_uClibc-0.9.33.2 >&5
conftest.c:55:6: warning: conflicting types for built-in function 'bcopy' [enabled by default]
 char bcopy ();
      ^
configure:16533: $? = 0
configure:16533: result: yes
configure:16533: checking for memmove
configure:16533: mips-openwrt-linux-uclibc-gcc -o conftest -Os -Wall -DCONFIG_LANTIQ -DDEBUG_NOISY -DDEBUG_RCTEST -pipe -funit-at-a-time -Wno-pointer-sign -mips32r2 -mno-branch-likely -mtune=1004kc -DLINUX30 -DLINUX26 -DLINUX_KERNEL_VERSION=199272 --sysroot=/home/paldier/asuswrt/release/src-lantiq/tools/toolchain-mips_mips32_gcc-4.8-linaro_uClibc-0.9.33.2   conftest.c --sysroot=/home/paldier/asuswrt/release/src-lantiq/tools/toolchain-mips_mips32_gcc-4.8-linaro_uClibc-0.9.33.2 >&5
conftest.c:56:6: warning: conflicting types for built-in function 'memmove' [enabled by default]
 char memmove ();
      ^
configure:16533: $? = 0
configure:16533: result: yes
configure:16533: checking for strerror
configure:16533: mips-openwrt-linux-uclibc-gcc -o conftest -Os -Wall -DCONFIG_LANTIQ -DDEBUG_NOISY -DDEBUG_RCTEST -pipe -funit-at-a-time -Wno-pointer-sign -mips32r2 -mno-branch-likely -mtune=1004kc -DLINUX30 -DLINUX26 -DLINUX_KERNEL_VERSION=199272 --sysroot=/home/paldier/asuswrt/release/src-lantiq/tools/toolchain-mips_mips32_gcc-4.8-linaro_uClibc-0.9.33.2   conftest.c --sysroot=/home/paldier/asuswrt/release/src-lantiq/tools/toolchain-mips_mips32_gcc-4.8-linaro_uClibc-0.9.33.2 >&5
configure:16533: $? = 0
configure:16533: result: yes
configure:16547: checking zlib.h usability
configure:16547: mips-openwrt-linux-uclibc-gcc -c -Os -Wall -DCONFIG_LANTIQ -DDEBUG_NOISY -DDEBUG_RCTEST -pipe -funit-at-a-time -Wno-pointer-sign -mips32r2 -mno-branch-likely -mtune=1004kc -DLINUX30 -DLINUX26 -DLINUX_KERNEL_VERSION=199272 --sysroot=/home/paldier/asuswrt/release/src-lantiq/tools/toolchain-mips_mips32_gcc-4.8-linaro_uClibc-0.9.33.2  conftest.c >&5
conftest.c:68:18: fatal error: zlib.h: No such file or directory
 #include <zlib.h>
                  ^
compilation terminated.
configure:16547: $? = 1
configure: failed program was:
| /* confdefs.h */
| #define PACKAGE_NAME "PCRE"
| #define PACKAGE_TARNAME "pcre"
| #define PACKAGE_VERSION "8.31"
| #define PACKAGE_STRING "PCRE 8.31"
| #define PACKAGE_BUGREPORT ""
| #define PACKAGE_URL ""
| #define PACKAGE "pcre"
| #define VERSION "8.31"
| #define STDC_HEADERS 1
| #define HAVE_SYS_TYPES_H 1
| #define HAVE_SYS_STAT_H 1
| #define HAVE_STDLIB_H 1
| #define HAVE_STRING_H 1
| #define HAVE_MEMORY_H 1
| #define HAVE_STRINGS_H 1
| #define HAVE_INTTYPES_H 1
| #define HAVE_STDINT_H 1
| #define HAVE_UNISTD_H 1
| #define HAVE_DLFCN_H 1
| #define LT_OBJDIR ".libs/"
| #define STDC_HEADERS 1
| #define HAVE_LIMITS_H 1
| #define HAVE_SYS_TYPES_H 1
| #define HAVE_SYS_STAT_H 1
| #define HAVE_DIRENT_H 1
| #define HAVE_STRING 1
| #define HAVE_STRTOQ 1
| #define HAVE_LONG_LONG 1
| #define HAVE_UNSIGNED_LONG_LONG 1
| #define HAVE_BCOPY 1
| #define HAVE_MEMMOVE 1
| #define HAVE_STRERROR 1
| /* end confdefs.h.  */
| #include <stdio.h>
| #ifdef HAVE_SYS_TYPES_H
| # include <sys/types.h>
| #endif
| #ifdef HAVE_SYS_STAT_H
| # include <sys/stat.h>
| #endif
| #ifdef STDC_HEADERS
| # include <stdlib.h>
| # include <stddef.h>
| #else
| # ifdef HAVE_STDLIB_H
| #  include <stdlib.h>
| # endif
| #endif
| #ifdef HAVE_STRING_H
| # if !defined STDC_HEADERS && defined HAVE_MEMORY_H
| #  include <memory.h>
| # endif
| # include <string.h>
| #endif
| #ifdef HAVE_STRINGS_H
| # include <strings.h>
| #endif
| #ifdef HAVE_INTTYPES_H
| # include <inttypes.h>
| #endif
| #ifdef HAVE_STDINT_H
| # include <stdint.h>
| #endif
| #ifdef HAVE_UNISTD_H
| # include <unistd.h>
| #endif
| #include <zlib.h>
configure:16547: result: no
configure:16547: checking zlib.h presence
configure:16547: mips-openwrt-linux-uclibc-gcc -E  conftest.c
conftest.c:35:18: fatal error: zlib.h: No such file or directory
 #include <zlib.h>
                  ^
compilation terminated.
configure:16547: $? = 1
configure: failed program was:
| /* confdefs.h */
| #define PACKAGE_NAME "PCRE"
| #define PACKAGE_TARNAME "pcre"
| #define PACKAGE_VERSION "8.31"
| #define PACKAGE_STRING "PCRE 8.31"
| #define PACKAGE_BUGREPORT ""
| #define PACKAGE_URL ""
| #define PACKAGE "pcre"
| #define VERSION "8.31"
| #define STDC_HEADERS 1
| #define HAVE_SYS_TYPES_H 1
| #define HAVE_SYS_STAT_H 1
| #define HAVE_STDLIB_H 1
| #define HAVE_STRING_H 1
| #define HAVE_MEMORY_H 1
| #define HAVE_STRINGS_H 1
| #define HAVE_INTTYPES_H 1
| #define HAVE_STDINT_H 1
| #define HAVE_UNISTD_H 1
| #define HAVE_DLFCN_H 1
| #define LT_OBJDIR ".libs/"
| #define STDC_HEADERS 1
| #define HAVE_LIMITS_H 1
| #define HAVE_SYS_TYPES_H 1
| #define HAVE_SYS_STAT_H 1
| #define HAVE_DIRENT_H 1
| #define HAVE_STRING 1
| #define HAVE_STRTOQ 1
| #define HAVE_LONG_LONG 1
| #define HAVE_UNSIGNED_LONG_LONG 1
| #define HAVE_BCOPY 1
| #define HAVE_MEMMOVE 1
| #define HAVE_STRERROR 1
| /* end confdefs.h.  */
| #include <zlib.h>
configure:16547: result: no
configure:16547: checking for zlib.h
configure:16547: result: no
configure:16557: checking for gzopen in -lz
configure:16582: mips-openwrt-linux-uclibc-gcc -o conftest -Os -Wall -DCONFIG_LANTIQ -DDEBUG_NOISY -DDEBUG_RCTEST -pipe -funit-at-a-time -Wno-pointer-sign -mips32r2 -mno-branch-likely -mtune=1004kc -DLINUX30 -DLINUX26 -DLINUX_KERNEL_VERSION=199272 --sysroot=/home/paldier/asuswrt/release/src-lantiq/tools/toolchain-mips_mips32_gcc-4.8-linaro_uClibc-0.9.33.2   conftest.c -lz  --sysroot=/home/paldier/asuswrt/release/src-lantiq/tools/toolchain-mips_mips32_gcc-4.8-linaro_uClibc-0.9.33.2 >&5
/home/paldier/asuswrt/release/src-lantiq/tools/toolchain-mips_mips32_gcc-4.8-linaro_uClibc-0.9.33.2/bin/../lib/gcc/mips-openwrt-linux-uclibc/4.8.3/../../../../mips-openwrt-linux-uclibc/bin/ld: cannot find -lz
collect2: error: ld returned 1 exit status
configure:16582: $? = 1
configure: failed program was:
| /* confdefs.h */
| #define PACKAGE_NAME "PCRE"
| #define PACKAGE_TARNAME "pcre"
| #define PACKAGE_VERSION "8.31"
| #define PACKAGE_STRING "PCRE 8.31"
| #define PACKAGE_BUGREPORT ""
| #define PACKAGE_URL ""
| #define PACKAGE "pcre"
| #define VERSION "8.31"
| #define STDC_HEADERS 1
| #define HAVE_SYS_TYPES_H 1
| #define HAVE_SYS_STAT_H 1
| #define HAVE_STDLIB_H 1
| #define HAVE_STRING_H 1
| #define HAVE_MEMORY_H 1
| #define HAVE_STRINGS_H 1
| #define HAVE_INTTYPES_H 1
| #define HAVE_STDINT_H 1
| #define HAVE_UNISTD_H 1
| #define HAVE_DLFCN_H 1
| #define LT_OBJDIR ".libs/"
| #define STDC_HEADERS 1
| #define HAVE_LIMITS_H 1
| #define HAVE_SYS_TYPES_H 1
| #define HAVE_SYS_STAT_H 1
| #define HAVE_DIRENT_H 1
| #define HAVE_STRING 1
| #define HAVE_STRTOQ 1
| #define HAVE_LONG_LONG 1
| #define HAVE_UNSIGNED_LONG_LONG 1
| #define HAVE_BCOPY 1
| #define HAVE_MEMMOVE 1
| #define HAVE_STRERROR 1
| /* end confdefs.h.  */
| 
| /* Override any GCC internal prototype to avoid an error.
|    Use char because int might match the return type of a GCC
|    builtin and then its argument prototype would still apply.  */
| #ifdef __cplusplus
| extern "C"
| #endif
| char gzopen ();
| int
| main ()
| {
| return gzopen ();
|   ;
|   return 0;
| }
configure:16591: result: no
configure:16616: checking bzlib.h usability
configure:16616: mips-openwrt-linux-uclibc-gcc -c -Os -Wall -DCONFIG_LANTIQ -DDEBUG_NOISY -DDEBUG_RCTEST -pipe -funit-at-a-time -Wno-pointer-sign -mips32r2 -mno-branch-likely -mtune=1004kc -DLINUX30 -DLINUX26 -DLINUX_KERNEL_VERSION=199272 --sysroot=/home/paldier/asuswrt/release/src-lantiq/tools/toolchain-mips_mips32_gcc-4.8-linaro_uClibc-0.9.33.2  conftest.c >&5
conftest.c:68:19: fatal error: bzlib.h: No such file or directory
 #include <bzlib.h>
                   ^
compilation terminated.
configure:16616: $? = 1
configure: failed program was:
| /* confdefs.h */
| #define PACKAGE_NAME "PCRE"
| #define PACKAGE_TARNAME "pcre"
| #define PACKAGE_VERSION "8.31"
| #define PACKAGE_STRING "PCRE 8.31"
| #define PACKAGE_BUGREPORT ""
| #define PACKAGE_URL ""
| #define PACKAGE "pcre"
| #define VERSION "8.31"
| #define STDC_HEADERS 1
| #define HAVE_SYS_TYPES_H 1
| #define HAVE_SYS_STAT_H 1
| #define HAVE_STDLIB_H 1
| #define HAVE_STRING_H 1
| #define HAVE_MEMORY_H 1
| #define HAVE_STRINGS_H 1
| #define HAVE_INTTYPES_H 1
| #define HAVE_STDINT_H 1
| #define HAVE_UNISTD_H 1
| #define HAVE_DLFCN_H 1
| #define LT_OBJDIR ".libs/"
| #define STDC_HEADERS 1
| #define HAVE_LIMITS_H 1
| #define HAVE_SYS_TYPES_H 1
| #define HAVE_SYS_STAT_H 1
| #define HAVE_DIRENT_H 1
| #define HAVE_STRING 1
| #define HAVE_STRTOQ 1
| #define HAVE_LONG_LONG 1
| #define HAVE_UNSIGNED_LONG_LONG 1
| #define HAVE_BCOPY 1
| #define HAVE_MEMMOVE 1
| #define HAVE_STRERROR 1
| /* end confdefs.h.  */
| #include <stdio.h>
| #ifdef HAVE_SYS_TYPES_H
| # include <sys/types.h>
| #endif
| #ifdef HAVE_SYS_STAT_H
| # include <sys/stat.h>
| #endif
| #ifdef STDC_HEADERS
| # include <stdlib.h>
| # include <stddef.h>
| #else
| # ifdef HAVE_STDLIB_H
| #  include <stdlib.h>
| # endif
| #endif
| #ifdef HAVE_STRING_H
| # if !defined STDC_HEADERS && defined HAVE_MEMORY_H
| #  include <memory.h>
| # endif
| # include <string.h>
| #endif
| #ifdef HAVE_STRINGS_H
| # include <strings.h>
| #endif
| #ifdef HAVE_INTTYPES_H
| # include <inttypes.h>
| #endif
| #ifdef HAVE_STDINT_H
| # include <stdint.h>
| #endif
| #ifdef HAVE_UNISTD_H
| # include <unistd.h>
| #endif
| #include <bzlib.h>
configure:16616: result: no
configure:16616: checking bzlib.h presence
configure:16616: mips-openwrt-linux-uclibc-gcc -E  conftest.c
conftest.c:35:19: fatal error: bzlib.h: No such file or directory
 #include <bzlib.h>
                   ^
compilation terminated.
configure:16616: $? = 1
configure: failed program was:
| /* confdefs.h */
| #define PACKAGE_NAME "PCRE"
| #define PACKAGE_TARNAME "pcre"
| #define PACKAGE_VERSION "8.31"
| #define PACKAGE_STRING "PCRE 8.31"
| #define PACKAGE_BUGREPORT ""
| #define PACKAGE_URL ""
| #define PACKAGE "pcre"
| #define VERSION "8.31"
| #define STDC_HEADERS 1
| #define HAVE_SYS_TYPES_H 1
| #define HAVE_SYS_STAT_H 1
| #define HAVE_STDLIB_H 1
| #define HAVE_STRING_H 1
| #define HAVE_MEMORY_H 1
| #define HAVE_STRINGS_H 1
| #define HAVE_INTTYPES_H 1
| #define HAVE_STDINT_H 1
| #define HAVE_UNISTD_H 1
| #define HAVE_DLFCN_H 1
| #define LT_OBJDIR ".libs/"
| #define STDC_HEADERS 1
| #define HAVE_LIMITS_H 1
| #define HAVE_SYS_TYPES_H 1
| #define HAVE_SYS_STAT_H 1
| #define HAVE_DIRENT_H 1
| #define HAVE_STRING 1
| #define HAVE_STRTOQ 1
| #define HAVE_LONG_LONG 1
| #define HAVE_UNSIGNED_LONG_LONG 1
| #define HAVE_BCOPY 1
| #define HAVE_MEMMOVE 1
| #define HAVE_STRERROR 1
| /* end confdefs.h.  */
| #include <bzlib.h>
configure:16616: result: no
configure:16616: checking for bzlib.h
configure:16616: result: no
configure:16631: checking for libbz2
configure:16649: mips-openwrt-linux-uclibc-gcc -o conftest -Os -Wall -DCONFIG_LANTIQ -DDEBUG_NOISY -DDEBUG_RCTEST -pipe -funit-at-a-time -Wno-pointer-sign -mips32r2 -mno-branch-likely -mtune=1004kc -DLINUX30 -DLINUX26 -DLINUX_KERNEL_VERSION=199272 --sysroot=/home/paldier/asuswrt/release/src-lantiq/tools/toolchain-mips_mips32_gcc-4.8-linaro_uClibc-0.9.33.2   conftest.c --sysroot=/home/paldier/asuswrt/release/src-lantiq/tools/toolchain-mips_mips32_gcc-4.8-linaro_uClibc-0.9.33.2 -lbz2 >&5
conftest.c: In function 'main':
conftest.c:42:1: warning: implicit declaration of function 'BZ2_bzopen' [-Wimplicit-function-declaration]
 return (int)BZ2_bzopen("conftest", "rb");
 ^
/home/paldier/asuswrt/release/src-lantiq/tools/toolchain-mips_mips32_gcc-4.8-linaro_uClibc-0.9.33.2/bin/../lib/gcc/mips-openwrt-linux-uclibc/4.8.3/../../../../mips-openwrt-linux-uclibc/bin/ld: cannot find -lbz2
collect2: error: ld returned 1 exit status
configure:16649: $? = 1
configure: failed program was:
| /* confdefs.h */
| #define PACKAGE_NAME "PCRE"
| #define PACKAGE_TARNAME "pcre"
| #define PACKAGE_VERSION "8.31"
| #define PACKAGE_STRING "PCRE 8.31"
| #define PACKAGE_BUGREPORT ""
| #define PACKAGE_URL ""
| #define PACKAGE "pcre"
| #define VERSION "8.31"
| #define STDC_HEADERS 1
| #define HAVE_SYS_TYPES_H 1
| #define HAVE_SYS_STAT_H 1
| #define HAVE_STDLIB_H 1
| #define HAVE_STRING_H 1
| #define HAVE_MEMORY_H 1
| #define HAVE_STRINGS_H 1
| #define HAVE_INTTYPES_H 1
| #define HAVE_STDINT_H 1
| #define HAVE_UNISTD_H 1
| #define HAVE_DLFCN_H 1
| #define LT_OBJDIR ".libs/"
| #define STDC_HEADERS 1
| #define HAVE_LIMITS_H 1
| #define HAVE_SYS_TYPES_H 1
| #define HAVE_SYS_STAT_H 1
| #define HAVE_DIRENT_H 1
| #define HAVE_STRING 1
| #define HAVE_STRTOQ 1
| #define HAVE_LONG_LONG 1
| #define HAVE_UNSIGNED_LONG_LONG 1
| #define HAVE_BCOPY 1
| #define HAVE_MEMMOVE 1
| #define HAVE_STRERROR 1
| /* end confdefs.h.  */
| 
| #ifdef HAVE_BZLIB_H
| #include <bzlib.h>
| #endif
| int
| main ()
| {
| return (int)BZ2_bzopen("conftest", "rb");
|   ;
|   return 0;
| }
configure:16653: result: no
configure:17449: creating ./config.status

## ---------------------- ##
## Running config.status. ##
## ---------------------- ##

This file was extended by PCRE config.status 8.31, which was
generated by GNU Autoconf 2.68.  Invocation command line was

  CONFIG_FILES    = 
  CONFIG_HEADERS  = 
  CONFIG_LINKS    = 
  CONFIG_COMMANDS = 
  $ ./config.status 

on paldier-VirtualBox

config.status:1220: creating Makefile
config.status:1220: creating libpcre.pc
config.status:1220: creating libpcre16.pc
config.status:1220: creating libpcreposix.pc
config.status:1220: creating libpcrecpp.pc
config.status:1220: creating pcre-config
config.status:1220: creating pcre.h
config.status:1220: creating pcre_stringpiece.h
config.status:1220: creating pcrecpparg.h
config.status:1220: creating config.h
config.status:1401: config.h is unchanged
config.status:1449: executing depfiles commands
config.status:1449: executing libtool commands
config.status:1449: executing script-chmod commands
config.status:1449: executing delete-old-chartables commands

## ---------------- ##
## Cache variables. ##
## ---------------- ##

ac_cv_build=x86_64-unknown-linux-uclibc
ac_cv_c_compiler_gnu=yes
ac_cv_c_const=yes
ac_cv_c_int64_t=yes
ac_cv_cxx_compiler_gnu=yes
ac_cv_env_CCC_set=
ac_cv_env_CCC_value=
ac_cv_env_CC_set=set
ac_cv_env_CC_value=mips-openwrt-linux-uclibc-gcc
ac_cv_env_CFLAGS_set=set
ac_cv_env_CFLAGS_value='-Os -Wall -DCONFIG_LANTIQ -DDEBUG_NOISY -DDEBUG_RCTEST -pipe -funit-at-a-time -Wno-pointer-sign -mips32r2 -mno-branch-likely -mtune=1004kc -DLINUX30 -DLINUX26 -DLINUX_KERNEL_VERSION=199272 --sysroot=/home/paldier/asuswrt/release/src-lantiq/tools/toolchain-mips_mips32_gcc-4.8-linaro_uClibc-0.9.33.2'
ac_cv_env_CPPFLAGS_set=
ac_cv_env_CPPFLAGS_value=
ac_cv_env_CPP_set=
ac_cv_env_CPP_value=
ac_cv_env_CXXCPP_set=
ac_cv_env_CXXCPP_value=
ac_cv_env_CXXFLAGS_set=
ac_cv_env_CXXFLAGS_value=
ac_cv_env_CXX_set=set
ac_cv_env_CXX_value=mips-openwrt-linux-uclibc-g++
ac_cv_env_LDFLAGS_set=
ac_cv_env_LDFLAGS_value=
ac_cv_env_LIBS_set=set
ac_cv_env_LIBS_value=--sysroot=/home/paldier/asuswrt/release/src-lantiq/tools/toolchain-mips_mips32_gcc-4.8-linaro_uClibc-0.9.33.2
ac_cv_env_build_alias_set=set
ac_cv_env_build_alias_value=
ac_cv_env_host_alias_set=set
ac_cv_env_host_alias_value=mips-linux
ac_cv_env_target_alias_set=
ac_cv_env_target_alias_value=
ac_cv_func_bcopy=yes
ac_cv_func_memmove=yes
ac_cv_func_strerror=yes
ac_cv_header_bits_type_traits_h=no
ac_cv_header_bzlib_h=no
ac_cv_header_dirent_h=yes
ac_cv_header_dlfcn_h=yes
ac_cv_header_inttypes_h=yes
ac_cv_header_limits_h=yes
ac_cv_header_memory_h=yes
ac_cv_header_stdc=yes
ac_cv_header_stdint_h=yes
ac_cv_header_stdlib_h=yes
ac_cv_header_string=yes
ac_cv_header_string_h=yes
ac_cv_header_strings_h=yes
ac_cv_header_sys_stat_h=yes
ac_cv_header_sys_types_h=yes
ac_cv_header_type_traits_h=no
ac_cv_header_unistd_h=yes
ac_cv_header_windows_h=no
ac_cv_header_zlib_h=no
ac_cv_host=mips-unknown-linux-gnu
ac_cv_lib_z_gzopen=no
ac_cv_objext=o
ac_cv_path_EGREP='/bin/grep -E'
ac_cv_path_FGREP='/bin/grep -F'
ac_cv_path_GREP=/bin/grep
ac_cv_path_SED=/bin/sed
ac_cv_path_install='/usr/bin/install -c'
ac_cv_path_mkdir=/bin/mkdir
ac_cv_prog_AR=mips-openwrt-linux-uclibc-ar
ac_cv_prog_AWK=gawk
ac_cv_prog_CC=mips-openwrt-linux-uclibc-gcc
ac_cv_prog_CPP='mips-openwrt-linux-uclibc-gcc -E'
ac_cv_prog_CXXCPP='mips-openwrt-linux-uclibc-g++ -E'
ac_cv_prog_DLLTOOL=dlltool
ac_cv_prog_OBJDUMP=mips-openwrt-linux-uclibc-objdump
ac_cv_prog_RANLIB=mips-openwrt-linux-uclibc-ranlib
ac_cv_prog_STRIP='mips-openwrt-linux-uclibc-strip -R .note -R .comment'
ac_cv_prog_ac_ct_MANIFEST_TOOL=mt
ac_cv_prog_cc_c89=
ac_cv_prog_cc_g=yes
ac_cv_prog_cxx_g=yes
ac_cv_prog_make_make_set=yes
ac_cv_type_long_long=yes
ac_cv_type_size_t=yes
ac_cv_type_unsigned_long_long=yes
am_cv_CC_dependencies_compiler_type=none
am_cv_CXX_dependencies_compiler_type=none
lt_cv_ar_at_file=@
lt_cv_archive_cmds_need_lc=no
lt_cv_deplibs_check_method=pass_all
lt_cv_file_magic_cmd='$MAGIC_CMD'
lt_cv_file_magic_test_file=
lt_cv_ld_reload_flag=-r
lt_cv_nm_interface='BSD nm'
lt_cv_objdir=.libs
lt_cv_path_LD=mips-openwrt-linux-uclibc-ld
lt_cv_path_LDCXX=mips-openwrt-linux-uclibc-ld
lt_cv_path_NM=mips-openwrt-linux-uclibc-nm
lt_cv_path_mainfest_tool=no
lt_cv_prog_compiler_c_o=yes
lt_cv_prog_compiler_c_o_CXX=yes
lt_cv_prog_compiler_pic='-fPIC -DPIC'
lt_cv_prog_compiler_pic_CXX='-fPIC -DPIC'
lt_cv_prog_compiler_pic_works=yes
lt_cv_prog_compiler_pic_works_CXX=yes
lt_cv_prog_compiler_rtti_exceptions=no
lt_cv_prog_compiler_static_works=yes
lt_cv_prog_compiler_static_works_CXX=yes
lt_cv_prog_gnu_ld=yes
lt_cv_prog_gnu_ldcxx=yes
lt_cv_sharedlib_from_linklib_cmd='printf %s\n'
lt_cv_shlibpath_overrides_runpath=no
lt_cv_sys_global_symbol_pipe='sed -n -e '\''s/^.*[	 ]\([ABCDGIRSTW][ABCDGIRSTW]*\)[	 ][	 ]*\([_A-Za-z][_A-Za-z0-9]*\)$/\1 \2 \2/p'\'' | sed '\''/ __gnu_lto/d'\'''
lt_cv_sys_global_symbol_to_c_name_address='sed -n -e '\''s/^: \([^ ]*\)[ ]*$/  {\"\1\", (void *) 0},/p'\'' -e '\''s/^[ABCDGIRSTW]* \([^ ]*\) \([^ ]*\)$/  {"\2", (void *) \&\2},/p'\'''
lt_cv_sys_global_symbol_to_c_name_address_lib_prefix='sed -n -e '\''s/^: \([^ ]*\)[ ]*$/  {\"\1\", (void *) 0},/p'\'' -e '\''s/^[ABCDGIRSTW]* \([^ ]*\) \(lib[^ ]*\)$/  {"\2", (void *) \&\2},/p'\'' -e '\''s/^[ABCDGIRSTW]* \([^ ]*\) \([^ ]*\)$/  {"lib\2", (void *) \&\2},/p'\'''
lt_cv_sys_global_symbol_to_cdecl='sed -n -e '\''s/^T .* \(.*\)$/extern int \1();/p'\'' -e '\''s/^[ABCDGIRSTW]* .* \(.*\)$/extern char \1;/p'\'''
lt_cv_sys_max_cmd_len=3458764513820540925
lt_cv_to_host_file_cmd=func_convert_file_noop
lt_cv_to_tool_file_cmd=func_convert_file_noop

## ----------------- ##
## Output variables. ##
## ----------------- ##

ACLOCAL='${SHELL} /home/paldier/asuswrt/release/src/router/pcre-8.31/missing --run aclocal-1.11'
AMDEPBACKSLASH=''
AMDEP_FALSE=''
AMDEP_TRUE='#'
AMTAR='${SHELL} /home/paldier/asuswrt/release/src/router/pcre-8.31/missing --run tar'
AM_BACKSLASH='\'
AM_DEFAULT_VERBOSITY='0'
AR='mips-openwrt-linux-uclibc-ar'
AS='mips-openwrt-linux-uclibc-as'
AUTOCONF='${SHELL} /home/paldier/asuswrt/release/src/router/pcre-8.31/missing --run autoconf'
AUTOHEADER='${SHELL} /home/paldier/asuswrt/release/src/router/pcre-8.31/missing --run autoheader'
AUTOMAKE='${SHELL} /home/paldier/asuswrt/release/src/router/pcre-8.31/missing --run automake-1.11'
AWK='gawk'
CC='mips-openwrt-linux-uclibc-gcc'
CCDEPMODE='depmode=none'
CFLAGS='-Os -Wall -DCONFIG_LANTIQ -DDEBUG_NOISY -DDEBUG_RCTEST -pipe -funit-at-a-time -Wno-pointer-sign -mips32r2 -mno-branch-likely -mtune=1004kc -DLINUX30 -DLINUX26 -DLINUX_KERNEL_VERSION=199272 --sysroot=/home/paldier/asuswrt/release/src-lantiq/tools/toolchain-mips_mips32_gcc-4.8-linaro_uClibc-0.9.33.2'
CPP='mips-openwrt-linux-uclibc-gcc -E'
CPPFLAGS=''
CXX='mips-openwrt-linux-uclibc-g++'
CXXCPP='mips-openwrt-linux-uclibc-g++ -E'
CXXDEPMODE='depmode=none'
CXXFLAGS='-O2'
CYGPATH_W='echo'
DEFS='-DHAVE_CONFIG_H'
DEPDIR='.deps'
DISTCHECK_CONFIGURE_FLAGS='CFLAGS='\'''\'' CXXFLAGS='\'''\'' --enable-pcre16 --enable-jit --enable-cpp --enable-unicode-properties'
DLLTOOL='dlltool'
DSYMUTIL=''
DUMPBIN=''
ECHO_C=''
ECHO_N='-n'
ECHO_T=''
EGREP='/bin/grep -E'
EXEEXT=''
EXTRA_LIBPCRE16_LDFLAGS='                         -version-info 0:1:0'
EXTRA_LIBPCRECPP_LDFLAGS='                            -version-info 0:0:0                           '
EXTRA_LIBPCREPOSIX_LDFLAGS='                              -version-info 0:1:0'
EXTRA_LIBPCRE_LDFLAGS='                         -version-info 1:1:0'
FGREP='/bin/grep -F'
GREP='/bin/grep'
INSTALL_DATA='${INSTALL} -m 644'
INSTALL_PROGRAM='${INSTALL}'
INSTALL_SCRIPT='${INSTALL}'
INSTALL_STRIP_PROGRAM='$(install_sh) -c -s'
LD='mips-openwrt-linux-uclibc-ld'
LDFLAGS=''
LIBBZ2=''
LIBOBJS=''
LIBREADLINE=''
LIBS='--sysroot=/home/paldier/asuswrt/release/src-lantiq/tools/toolchain-mips_mips32_gcc-4.8-linaro_uClibc-0.9.33.2'
LIBTOOL='$(SHELL) $(top_builddir)/libtool'
LIBZ=''
LIPO=''
LN_S='ln -s'
LTLIBOBJS=''
MAKEINFO='${SHELL} /home/paldier/asuswrt/release/src/router/pcre-8.31/missing --run makeinfo'
MANIFEST_TOOL=':'
MKDIR_P='/bin/mkdir -p'
NM='mips-openwrt-linux-uclibc-nm'
NMEDIT=''
OBJDUMP='mips-openwrt-linux-uclibc-objdump'
OBJEXT='o'
OTOOL64=''
OTOOL=''
PACKAGE='pcre'
PACKAGE_BUGREPORT=''
PACKAGE_NAME='PCRE'
PACKAGE_STRING='PCRE 8.31'
PACKAGE_TARNAME='pcre'
PACKAGE_URL=''
PACKAGE_VERSION='8.31'
PATH_SEPARATOR=':'
PCRE_DATE='2012-07-06'
PCRE_MAJOR='8'
PCRE_MINOR='31'
PCRE_PRERELEASE=''
PCRE_STATIC_CFLAG=''
RANLIB='mips-openwrt-linux-uclibc-ranlib'
SED='/bin/sed'
SET_MAKE=''
SHELL='/bin/bash'
STRIP='mips-openwrt-linux-uclibc-strip -R .note -R .comment'
VERSION='8.31'
WITH_JIT_FALSE=''
WITH_JIT_TRUE='#'
WITH_PCRE16_FALSE=''
WITH_PCRE16_TRUE='#'
WITH_PCRE8_FALSE='#'
WITH_PCRE8_TRUE=''
WITH_PCRE_CPP_FALSE='#'
WITH_PCRE_CPP_TRUE=''
WITH_REBUILD_CHARTABLES_FALSE=''
WITH_REBUILD_CHARTABLES_TRUE='#'
WITH_UTF_FALSE=''
WITH_UTF_TRUE='#'
ac_ct_AR=''
ac_ct_CC=''
ac_ct_CXX=''
ac_ct_DUMPBIN=''
am__EXEEXT_FALSE=''
am__EXEEXT_TRUE='#'
am__fastdepCC_FALSE=''
am__fastdepCC_TRUE='#'
am__fastdepCXX_FALSE=''
am__fastdepCXX_TRUE='#'
am__include='include'
am__isrc=''
am__leading_dot='.'
am__quote=''
am__tar='${AMTAR} chof - "$$tardir"'
am__untar='${AMTAR} xf -'
bindir='${exec_prefix}/bin'
build='x86_64-unknown-linux-uclibc'
build_alias=''
build_cpu='x86_64'
build_os='linux-uclibc'
build_vendor='unknown'
datadir='${datarootdir}'
datarootdir='${prefix}/share'
docdir='${datarootdir}/doc/${PACKAGE_TARNAME}'
dvidir='${docdir}'
enable_cpp='yes'
enable_pcre16='no'
enable_pcre8='yes'
exec_prefix='${prefix}'
host='mips-unknown-linux-gnu'
host_alias='mips-linux'
host_cpu='mips'
host_os='linux-gnu'
host_vendor='unknown'
htmldir='${docdir}/html'
includedir='${prefix}/include'
infodir='${datarootdir}/info'
install_sh='${SHELL} /home/paldier/asuswrt/release/src/router/pcre-8.31/install-sh'
libdir='${exec_prefix}/lib'
libexecdir='${exec_prefix}/libexec'
localedir='${datarootdir}/locale'
localstatedir='${prefix}/var'
mandir='${datarootdir}/man'
mkdir_p='/bin/mkdir -p'
oldincludedir='/usr/include'
pcre_have_bits_type_traits='0'
pcre_have_long_long='1'
pcre_have_type_traits='0'
pcre_have_ulong_long='1'
pdfdir='${docdir}'
prefix='/usr'
program_transform_name='s,x,x,'
psdir='${docdir}'
sbindir='${exec_prefix}/sbin'
sharedstatedir='${prefix}/com'
sysconfdir='${prefix}/etc'
target_alias=''

## ----------- ##
## confdefs.h. ##
## ----------- ##

/* confdefs.h */
#define PACKAGE_NAME "PCRE"
#define PACKAGE_TARNAME "pcre"
#define PACKAGE_VERSION "8.31"
#define PACKAGE_STRING "PCRE 8.31"
#define PACKAGE_BUGREPORT ""
#define PACKAGE_URL ""
#define PACKAGE "pcre"
#define VERSION "8.31"
#define STDC_HEADERS 1
#define HAVE_SYS_TYPES_H 1
#define HAVE_SYS_STAT_H 1
#define HAVE_STDLIB_H 1
#define HAVE_STRING_H 1
#define HAVE_MEMORY_H 1
#define HAVE_STRINGS_H 1
#define HAVE_INTTYPES_H 1
#define HAVE_STDINT_H 1
#define HAVE_UNISTD_H 1
#define HAVE_DLFCN_H 1
#define LT_OBJDIR ".libs/"
#define STDC_HEADERS 1
#define HAVE_LIMITS_H 1
#define HAVE_SYS_TYPES_H 1
#define HAVE_SYS_STAT_H 1
#define HAVE_DIRENT_H 1
#define HAVE_STRING 1
#define HAVE_STRTOQ 1
#define HAVE_LONG_LONG 1
#define HAVE_UNSIGNED_LONG_LONG 1
#define HAVE_BCOPY 1
#define HAVE_MEMMOVE 1
#define HAVE_STRERROR 1
#define SUPPORT_PCRE8 /**/
#define PCREGREP_BUFSIZE 20480
#define NEWLINE 10
#define LINK_SIZE 2
#define POSIX_MALLOC_THRESHOLD 10
#define MATCH_LIMIT 10000000
#define MATCH_LIMIT_RECURSION MATCH_LIMIT
#define MAX_NAME_SIZE 32
#define MAX_NAME_COUNT 10000

configure: exit 0
