This file contains any messages produced by compilers while
running configure, to aid debugging if configure makes a mistake.

It was created by configure, which was
generated by GNU Autoconf 2.68.  Invocation command line was

  $ ./configure --disable-option-checking --prefix=/usr --host=mips-linux --build= CC=mips-openwrt-linux-uclibc-gcc build_alias= host_alias=mips-linux CFLAGS=-DBLUECAVE -DBLUECAVE -DBLUECAVE -DBCMWPA2 -DCONFIG_LANTIQ -DDEBUG_NOISY -DDEBUG_RCTEST -pipe -funit-at-a-time -Wno-pointer-sign -mips32r2 -mno-branch-likely -mtune=1004kc -DLINUX30 -DLINUX26 -DLINUX_KERNEL_VERSION=199272 --sysroot=/home/paldier/asuswrt/release/src-lantiq/tools/toolchain-mips_mips32_gcc-4.8-linaro_uClibc-0.9.33.2 -DBLUECAVE -DLANTIQ_BSD -D__CONFIG_EMF__ -D__CONFIG_WPS__ --cache-file=/dev/null --srcdir=.

## --------- ##
## Platform. ##
## --------- ##

hostname = paldier-VirtualBox
uname -m = x86_64
uname -r = 4.2.0-42-generic
uname -s = Linux
uname -v = #49~14.04.1-Ubuntu SMP Wed Jun 29 20:22:11 UTC 2016

/usr/bin/uname -p = unknown
/bin/uname -X     = unknown

/bin/arch              = unknown
/usr/bin/arch -k       = unknown
/usr/convex/getsysinfo = unknown
/usr/bin/hostinfo      = unknown
/bin/machine           = unknown
/usr/bin/oslevel       = unknown
/bin/universe          = unknown

PATH: "/usr/local/sbin
PATH: /usr/local/bin
PATH: /usr/sbin
PATH: /usr/bin
PATH: /sbin
PATH: /bin
PATH: /usr/games
PATH: /usr/local/games
PATH: /snap/bin
PATH: /opt/brcm/hndtools-mipsel-linux/bin
PATH: /opt/brcm/hndtools-mipsel-uclibc/bin
PATH: /projects/tools
PATH: /projects/hnd/tools/linux/hndtools-arm-linux-2.6.36-uclibc-4.5.3/bin
PATH: /projects/hnd/tools/linux/hndtools-arm-linux-2.6.36-uclibc-4.5.3/arm-linux/bin
PATH: /projects/hnd/tools/linux/hndtools-arm-linux-2.6.36-uclibc-4.5.3/usr/bin
PATH: /projects/hnd/tools/linux/hndtools-armeabi-2011.09/bin"
PATH: /home/paldier/asuswrt/release/src-lantiq/tools/toolchain-mips_mips32_gcc-4.8-linaro_uClibc-0.9.33.2/bin
PATH: /home/paldier/asuswrt/release/src-lantiq/tools/host/bin


## ----------- ##
## Core tests. ##
## ----------- ##

configure:2173: checking whether make sets $(MAKE)
configure:2195: result: yes
configure:2216: checking for mips-linux-gcc
configure:2243: result: mips-openwrt-linux-uclibc-gcc
configure:2512: checking for C compiler version
configure:2521: mips-openwrt-linux-uclibc-gcc --version >&5
mips-openwrt-linux-uclibc-gcc (OpenWrt/Linaro GCC 4.8-2014.04 15.05_ltq) 4.8.3
Copyright (C) 2013 Free Software Foundation, Inc.
This is free software; see the source for copying conditions.  There is NO
warranty; not even for MERCHANTABILITY or FITNESS FOR A PARTICULAR PURPOSE.

configure:2532: $? = 0
configure:2521: mips-openwrt-linux-uclibc-gcc -v >&5
Reading specs from /home/paldier/asuswrt/release/src-lantiq/tools/toolchain-mips_mips32_gcc-4.8-linaro_uClibc-0.9.33.2/bin/../lib/gcc/mips-openwrt-linux-uclibc/4.8.3/specs
COLLECT_GCC=mips-openwrt-linux-uclibc-gcc
COLLECT_LTO_WRAPPER=/home/paldier/asuswrt/release/src-lantiq/tools/toolchain-mips_mips32_gcc-4.8-linaro_uClibc-0.9.33.2/bin/../libexec/gcc/mips-openwrt-linux-uclibc/4.8.3/lto-wrapper
Target: mips-openwrt-linux-uclibc
Configured with: /media/intel160g/3asuswrt/UGW-7.2MR1/UGW-7.2.1.20-SW-CD/Sources/UGW-7.2.1.20/build_dir/toolchain-mips_mips32_gcc-4.8-linaro_uClibc-0.9.33.2/gcc-linaro-4.8-2014.04/configure --with-bugurl=https://dev.openwrt.org/ --with-pkgversion='OpenWrt/Linaro GCC 4.8-2014.04 15.05_ltq' --prefix=/media/intel160g/3asuswrt/UGW-7.2MR1/UGW-7.2.1.20-SW-CD/Sources/UGW-7.2.1.20/staging_dir/toolchain-mips_mips32_gcc-4.8-linaro_uClibc-0.9.33.2 --build=i686-linux-gnu --host=i686-linux-gnu --target=mips-openwrt-linux-uclibc --with-gnu-ld --enable-target-optspace --disable-libgomp --disable-libmudflap --disable-multilib --disable-nls --with-host-libstdcxx=-lstdc++ --with-float=soft --with-gmp=/media/intel160g/3asuswrt/UGW-7.2MR1/UGW-7.2.1.20-SW-CD/Sources/UGW-7.2.1.20/staging_dir/host --with-mpfr=/media/intel160g/3asuswrt/UGW-7.2MR1/UGW-7.2.1.20-SW-CD/Sources/UGW-7.2.1.20/staging_dir/host --with-mpc=/media/intel160g/3asuswrt/UGW-7.2MR1/UGW-7.2.1.20-SW-CD/Sources/UGW-7.2.1.20/staging_dir/host --disable-decimal-float --with-mips-plt --enable-libssp --disable-__cxa_atexit --with-headers=/media/intel160g/3asuswrt/UGW-7.2MR1/UGW-7.2.1.20-SW-CD/Sources/UGW-7.2.1.20/staging_dir/toolchain-mips_mips32_gcc-4.8-linaro_uClibc-0.9.33.2/include --disable-libsanitizer --enable-languages=c,c++ --enable-shared --enable-threads --with-slibdir=/media/intel160g/3asuswrt/UGW-7.2MR1/UGW-7.2.1.20-SW-CD/Sources/UGW-7.2.1.20/staging_dir/toolchain-mips_mips32_gcc-4.8-linaro_uClibc-0.9.33.2/lib
Thread model: posix
gcc version 4.8.3 (OpenWrt/Linaro GCC 4.8-2014.04 15.05_ltq) 
configure:2532: $? = 0
configure:2521: mips-openwrt-linux-uclibc-gcc -V >&5
mips-openwrt-linux-uclibc-gcc: error: unrecognized command line option '-V'
mips-openwrt-linux-uclibc-gcc: fatal error: no input files
compilation terminated.
configure:2532: $? = 1
configure:2521: mips-openwrt-linux-uclibc-gcc -qversion >&5
mips-openwrt-linux-uclibc-gcc: error: unrecognized command line option '-qversion'
mips-openwrt-linux-uclibc-gcc: fatal error: no input files
compilation terminated.
configure:2532: $? = 1
configure:2552: checking whether the C compiler works
configure:2574: mips-openwrt-linux-uclibc-gcc -DBLUECAVE -DBLUECAVE -DBLUECAVE -DBCMWPA2 -DCONFIG_LANTIQ -DDEBUG_NOISY -DDEBUG_RCTEST -pipe -funit-at-a-time -Wno-pointer-sign -mips32r2 -mno-branch-likely -mtune=1004kc -DLINUX30 -DLINUX26 -DLINUX_KERNEL_VERSION=199272 --sysroot=/home/paldier/asuswrt/release/src-lantiq/tools/toolchain-mips_mips32_gcc-4.8-linaro_uClibc-0.9.33.2 -DBLUECAVE -DLANTIQ_BSD -D__CONFIG_EMF__ -D__CONFIG_WPS__   conftest.c  >&5
configure:2578: $? = 0
configure:2626: result: yes
configure:2629: checking for C compiler default output file name
configure:2631: result: a.out
configure:2637: checking for suffix of executables
configure:2644: mips-openwrt-linux-uclibc-gcc -o conftest -DBLUECAVE -DBLUECAVE -DBLUECAVE -DBCMWPA2 -DCONFIG_LANTIQ -DDEBUG_NOISY -DDEBUG_RCTEST -pipe -funit-at-a-time -Wno-pointer-sign -mips32r2 -mno-branch-likely -mtune=1004kc -DLINUX30 -DLINUX26 -DLINUX_KERNEL_VERSION=199272 --sysroot=/home/paldier/asuswrt/release/src-lantiq/tools/toolchain-mips_mips32_gcc-4.8-linaro_uClibc-0.9.33.2 -DBLUECAVE -DLANTIQ_BSD -D__CONFIG_EMF__ -D__CONFIG_WPS__   conftest.c  >&5
configure:2648: $? = 0
configure:2670: result: 
configure:2692: checking whether we are cross compiling
configure:2700: mips-openwrt-linux-uclibc-gcc -o conftest -DBLUECAVE -DBLUECAVE -DBLUECAVE -DBCMWPA2 -DCONFIG_LANTIQ -DDEBUG_NOISY -DDEBUG_RCTEST -pipe -funit-at-a-time -Wno-pointer-sign -mips32r2 -mno-branch-likely -mtune=1004kc -DLINUX30 -DLINUX26 -DLINUX_KERNEL_VERSION=199272 --sysroot=/home/paldier/asuswrt/release/src-lantiq/tools/toolchain-mips_mips32_gcc-4.8-linaro_uClibc-0.9.33.2 -DBLUECAVE -DLANTIQ_BSD -D__CONFIG_EMF__ -D__CONFIG_WPS__   conftest.c  >&5
configure:2704: $? = 0
configure:2711: ./conftest
./configure: line 2713: ./conftest: cannot execute binary file: Exec format error
configure:2715: $? = 126
configure:2730: result: yes
configure:2735: checking for suffix of object files
configure:2757: mips-openwrt-linux-uclibc-gcc -c -DBLUECAVE -DBLUECAVE -DBLUECAVE -DBCMWPA2 -DCONFIG_LANTIQ -DDEBUG_NOISY -DDEBUG_RCTEST -pipe -funit-at-a-time -Wno-pointer-sign -mips32r2 -mno-branch-likely -mtune=1004kc -DLINUX30 -DLINUX26 -DLINUX_KERNEL_VERSION=199272 --sysroot=/home/paldier/asuswrt/release/src-lantiq/tools/toolchain-mips_mips32_gcc-4.8-linaro_uClibc-0.9.33.2 -DBLUECAVE -DLANTIQ_BSD -D__CONFIG_EMF__ -D__CONFIG_WPS__  conftest.c >&5
configure:2761: $? = 0
configure:2782: result: o
configure:2786: checking whether we are using the GNU C compiler
configure:2805: mips-openwrt-linux-uclibc-gcc -c -DBLUECAVE -DBLUECAVE -DBLUECAVE -DBCMWPA2 -DCONFIG_LANTIQ -DDEBUG_NOISY -DDEBUG_RCTEST -pipe -funit-at-a-time -Wno-pointer-sign -mips32r2 -mno-branch-likely -mtune=1004kc -DLINUX30 -DLINUX26 -DLINUX_KERNEL_VERSION=199272 --sysroot=/home/paldier/asuswrt/release/src-lantiq/tools/toolchain-mips_mips32_gcc-4.8-linaro_uClibc-0.9.33.2 -DBLUECAVE -DLANTIQ_BSD -D__CONFIG_EMF__ -D__CONFIG_WPS__  conftest.c >&5
configure:2805: $? = 0
configure:2814: result: yes
configure:2823: checking whether mips-openwrt-linux-uclibc-gcc accepts -g
configure:2843: mips-openwrt-linux-uclibc-gcc -c -g  conftest.c >&5
configure:2843: $? = 0
configure:2884: result: yes
configure:2901: checking for mips-openwrt-linux-uclibc-gcc option to accept ISO C89
configure:2965: mips-openwrt-linux-uclibc-gcc  -c -DBLUECAVE -DBLUECAVE -DBLUECAVE -DBCMWPA2 -DCONFIG_LANTIQ -DDEBUG_NOISY -DDEBUG_RCTEST -pipe -funit-at-a-time -Wno-pointer-sign -mips32r2 -mno-branch-likely -mtune=1004kc -DLINUX30 -DLINUX26 -DLINUX_KERNEL_VERSION=199272 --sysroot=/home/paldier/asuswrt/release/src-lantiq/tools/toolchain-mips_mips32_gcc-4.8-linaro_uClibc-0.9.33.2 -DBLUECAVE -DLANTIQ_BSD -D__CONFIG_EMF__ -D__CONFIG_WPS__  conftest.c >&5
configure:2965: $? = 0
configure:2978: result: none needed
configure:3003: checking how to run the C preprocessor
configure:3034: mips-openwrt-linux-uclibc-gcc -E  conftest.c
configure:3034: $? = 0
configure:3048: mips-openwrt-linux-uclibc-gcc -E  conftest.c
conftest.c:9:28: fatal error: ac_nonexistent.h: No such file or directory
 #include <ac_nonexistent.h>
                            ^
compilation terminated.
configure:3048: $? = 1
configure: failed program was:
| /* confdefs.h */
| #define PACKAGE_NAME ""
| #define PACKAGE_TARNAME ""
| #define PACKAGE_VERSION ""
| #define PACKAGE_STRING ""
| #define PACKAGE_BUGREPORT ""
| #define PACKAGE_URL ""
| /* end confdefs.h.  */
| #include <ac_nonexistent.h>
configure:3073: result: mips-openwrt-linux-uclibc-gcc -E
configure:3093: mips-openwrt-linux-uclibc-gcc -E  conftest.c
configure:3093: $? = 0
configure:3107: mips-openwrt-linux-uclibc-gcc -E  conftest.c
conftest.c:9:28: fatal error: ac_nonexistent.h: No such file or directory
 #include <ac_nonexistent.h>
                            ^
compilation terminated.
configure:3107: $? = 1
configure: failed program was:
| /* confdefs.h */
| #define PACKAGE_NAME ""
| #define PACKAGE_TARNAME ""
| #define PACKAGE_VERSION ""
| #define PACKAGE_STRING ""
| #define PACKAGE_BUGREPORT ""
| #define PACKAGE_URL ""
| /* end confdefs.h.  */
| #include <ac_nonexistent.h>
configure:3149: checking for a BSD-compatible install
configure:3217: result: /usr/bin/install -c
configure:3234: checking build system type
configure:3248: result: x86_64-unknown-linux-gnu
configure:3268: checking host system type
configure:3281: result: mips-unknown-linux-gnu
configure:3304: checking whether to activate relocatable installation
configure:3319: result: no
configure:3356: checking for grep that handles long lines and -e
configure:3414: result: /bin/grep
configure:3419: checking for egrep
configure:3481: result: /bin/grep -E
configure:3486: checking for ANSI C header files
configure:3506: mips-openwrt-linux-uclibc-gcc -c -DBLUECAVE -DBLUECAVE -DBLUECAVE -DBCMWPA2 -DCONFIG_LANTIQ -DDEBUG_NOISY -DDEBUG_RCTEST -pipe -funit-at-a-time -Wno-pointer-sign -mips32r2 -mno-branch-likely -mtune=1004kc -DLINUX30 -DLINUX26 -DLINUX_KERNEL_VERSION=199272 --sysroot=/home/paldier/asuswrt/release/src-lantiq/tools/toolchain-mips_mips32_gcc-4.8-linaro_uClibc-0.9.33.2 -DBLUECAVE -DLANTIQ_BSD -D__CONFIG_EMF__ -D__CONFIG_WPS__  conftest.c >&5
configure:3506: $? = 0
configure:3590: result: yes
configure:3603: checking for sys/types.h
configure:3603: mips-openwrt-linux-uclibc-gcc -c -DBLUECAVE -DBLUECAVE -DBLUECAVE -DBCMWPA2 -DCONFIG_LANTIQ -DDEBUG_NOISY -DDEBUG_RCTEST -pipe -funit-at-a-time -Wno-pointer-sign -mips32r2 -mno-branch-likely -mtune=1004kc -DLINUX30 -DLINUX26 -DLINUX_KERNEL_VERSION=199272 --sysroot=/home/paldier/asuswrt/release/src-lantiq/tools/toolchain-mips_mips32_gcc-4.8-linaro_uClibc-0.9.33.2 -DBLUECAVE -DLANTIQ_BSD -D__CONFIG_EMF__ -D__CONFIG_WPS__  conftest.c >&5
configure:3603: $? = 0
configure:3603: result: yes
configure:3603: checking for sys/stat.h
configure:3603: mips-openwrt-linux-uclibc-gcc -c -DBLUECAVE -DBLUECAVE -DBLUECAVE -DBCMWPA2 -DCONFIG_LANTIQ -DDEBUG_NOISY -DDEBUG_RCTEST -pipe -funit-at-a-time -Wno-pointer-sign -mips32r2 -mno-branch-likely -mtune=1004kc -DLINUX30 -DLINUX26 -DLINUX_KERNEL_VERSION=199272 --sysroot=/home/paldier/asuswrt/release/src-lantiq/tools/toolchain-mips_mips32_gcc-4.8-linaro_uClibc-0.9.33.2 -DBLUECAVE -DLANTIQ_BSD -D__CONFIG_EMF__ -D__CONFIG_WPS__  conftest.c >&5
configure:3603: $? = 0
configure:3603: result: yes
configure:3603: checking for stdlib.h
configure:3603: mips-openwrt-linux-uclibc-gcc -c -DBLUECAVE -DBLUECAVE -DBLUECAVE -DBCMWPA2 -DCONFIG_LANTIQ -DDEBUG_NOISY -DDEBUG_RCTEST -pipe -funit-at-a-time -Wno-pointer-sign -mips32r2 -mno-branch-likely -mtune=1004kc -DLINUX30 -DLINUX26 -DLINUX_KERNEL_VERSION=199272 --sysroot=/home/paldier/asuswrt/release/src-lantiq/tools/toolchain-mips_mips32_gcc-4.8-linaro_uClibc-0.9.33.2 -DBLUECAVE -DLANTIQ_BSD -D__CONFIG_EMF__ -D__CONFIG_WPS__  conftest.c >&5
configure:3603: $? = 0
configure:3603: result: yes
configure:3603: checking for string.h
configure:3603: mips-openwrt-linux-uclibc-gcc -c -DBLUECAVE -DBLUECAVE -DBLUECAVE -DBCMWPA2 -DCONFIG_LANTIQ -DDEBUG_NOISY -DDEBUG_RCTEST -pipe -funit-at-a-time -Wno-pointer-sign -mips32r2 -mno-branch-likely -mtune=1004kc -DLINUX30 -DLINUX26 -DLINUX_KERNEL_VERSION=199272 --sysroot=/home/paldier/asuswrt/release/src-lantiq/tools/toolchain-mips_mips32_gcc-4.8-linaro_uClibc-0.9.33.2 -DBLUECAVE -DLANTIQ_BSD -D__CONFIG_EMF__ -D__CONFIG_WPS__  conftest.c >&5
configure:3603: $? = 0
configure:3603: result: yes
configure:3603: checking for memory.h
configure:3603: mips-openwrt-linux-uclibc-gcc -c -DBLUECAVE -DBLUECAVE -DBLUECAVE -DBCMWPA2 -DCONFIG_LANTIQ -DDEBUG_NOISY -DDEBUG_RCTEST -pipe -funit-at-a-time -Wno-pointer-sign -mips32r2 -mno-branch-likely -mtune=1004kc -DLINUX30 -DLINUX26 -DLINUX_KERNEL_VERSION=199272 --sysroot=/home/paldier/asuswrt/release/src-lantiq/tools/toolchain-mips_mips32_gcc-4.8-linaro_uClibc-0.9.33.2 -DBLUECAVE -DLANTIQ_BSD -D__CONFIG_EMF__ -D__CONFIG_WPS__  conftest.c >&5
configure:3603: $? = 0
configure:3603: result: yes
configure:3603: checking for strings.h
configure:3603: mips-openwrt-linux-uclibc-gcc -c -DBLUECAVE -DBLUECAVE -DBLUECAVE -DBCMWPA2 -DCONFIG_LANTIQ -DDEBUG_NOISY -DDEBUG_RCTEST -pipe -funit-at-a-time -Wno-pointer-sign -mips32r2 -mno-branch-likely -mtune=1004kc -DLINUX30 -DLINUX26 -DLINUX_KERNEL_VERSION=199272 --sysroot=/home/paldier/asuswrt/release/src-lantiq/tools/toolchain-mips_mips32_gcc-4.8-linaro_uClibc-0.9.33.2 -DBLUECAVE -DLANTIQ_BSD -D__CONFIG_EMF__ -D__CONFIG_WPS__  conftest.c >&5
configure:3603: $? = 0
configure:3603: result: yes
configure:3603: checking for inttypes.h
configure:3603: mips-openwrt-linux-uclibc-gcc -c -DBLUECAVE -DBLUECAVE -DBLUECAVE -DBCMWPA2 -DCONFIG_LANTIQ -DDEBUG_NOISY -DDEBUG_RCTEST -pipe -funit-at-a-time -Wno-pointer-sign -mips32r2 -mno-branch-likely -mtune=1004kc -DLINUX30 -DLINUX26 -DLINUX_KERNEL_VERSION=199272 --sysroot=/home/paldier/asuswrt/release/src-lantiq/tools/toolchain-mips_mips32_gcc-4.8-linaro_uClibc-0.9.33.2 -DBLUECAVE -DLANTIQ_BSD -D__CONFIG_EMF__ -D__CONFIG_WPS__  conftest.c >&5
configure:3603: $? = 0
configure:3603: result: yes
configure:3603: checking for stdint.h
configure:3603: mips-openwrt-linux-uclibc-gcc -c -DBLUECAVE -DBLUECAVE -DBLUECAVE -DBCMWPA2 -DCONFIG_LANTIQ -DDEBUG_NOISY -DDEBUG_RCTEST -pipe -funit-at-a-time -Wno-pointer-sign -mips32r2 -mno-branch-likely -mtune=1004kc -DLINUX30 -DLINUX26 -DLINUX_KERNEL_VERSION=199272 --sysroot=/home/paldier/asuswrt/release/src-lantiq/tools/toolchain-mips_mips32_gcc-4.8-linaro_uClibc-0.9.33.2 -DBLUECAVE -DLANTIQ_BSD -D__CONFIG_EMF__ -D__CONFIG_WPS__  conftest.c >&5
configure:3603: $? = 0
configure:3603: result: yes
configure:3603: checking for unistd.h
configure:3603: mips-openwrt-linux-uclibc-gcc -c -DBLUECAVE -DBLUECAVE -DBLUECAVE -DBCMWPA2 -DCONFIG_LANTIQ -DDEBUG_NOISY -DDEBUG_RCTEST -pipe -funit-at-a-time -Wno-pointer-sign -mips32r2 -mno-branch-likely -mtune=1004kc -DLINUX30 -DLINUX26 -DLINUX_KERNEL_VERSION=199272 --sysroot=/home/paldier/asuswrt/release/src-lantiq/tools/toolchain-mips_mips32_gcc-4.8-linaro_uClibc-0.9.33.2 -DBLUECAVE -DLANTIQ_BSD -D__CONFIG_EMF__ -D__CONFIG_WPS__  conftest.c >&5
configure:3603: $? = 0
configure:3603: result: yes
configure:3616: checking minix/config.h usability
configure:3616: mips-openwrt-linux-uclibc-gcc -c -DBLUECAVE -DBLUECAVE -DBLUECAVE -DBCMWPA2 -DCONFIG_LANTIQ -DDEBUG_NOISY -DDEBUG_RCTEST -pipe -funit-at-a-time -Wno-pointer-sign -mips32r2 -mno-branch-likely -mtune=1004kc -DLINUX30 -DLINUX26 -DLINUX_KERNEL_VERSION=199272 --sysroot=/home/paldier/asuswrt/release/src-lantiq/tools/toolchain-mips_mips32_gcc-4.8-linaro_uClibc-0.9.33.2 -DBLUECAVE -DLANTIQ_BSD -D__CONFIG_EMF__ -D__CONFIG_WPS__  conftest.c >&5
conftest.c:53:26: fatal error: minix/config.h: No such file or directory
 #include <minix/config.h>
                          ^
compilation terminated.
configure:3616: $? = 1
configure: failed program was:
| /* confdefs.h */
| #define PACKAGE_NAME ""
| #define PACKAGE_TARNAME ""
| #define PACKAGE_VERSION ""
| #define PACKAGE_STRING ""
| #define PACKAGE_BUGREPORT ""
| #define PACKAGE_URL ""
| #define INSTALLPREFIX "/usr"
| #define STDC_HEADERS 1
| #define HAVE_SYS_TYPES_H 1
| #define HAVE_SYS_STAT_H 1
| #define HAVE_STDLIB_H 1
| #define HAVE_STRING_H 1
| #define HAVE_MEMORY_H 1
| #define HAVE_STRINGS_H 1
| #define HAVE_INTTYPES_H 1
| #define HAVE_STDINT_H 1
| #define HAVE_UNISTD_H 1
| /* end confdefs.h.  */
| #include <stdio.h>
| #ifdef HAVE_SYS_TYPES_H
| # include <sys/types.h>
| #endif
| #ifdef HAVE_SYS_STAT_H
| # include <sys/stat.h>
| #endif
| #ifdef STDC_HEADERS
| # include <stdlib.h>
| # include <stddef.h>
| #else
| # ifdef HAVE_STDLIB_H
| #  include <stdlib.h>
| # endif
| #endif
| #ifdef HAVE_STRING_H
| # if !defined STDC_HEADERS && defined HAVE_MEMORY_H
| #  include <memory.h>
| # endif
| # include <string.h>
| #endif
| #ifdef HAVE_STRINGS_H
| # include <strings.h>
| #endif
| #ifdef HAVE_INTTYPES_H
| # include <inttypes.h>
| #endif
| #ifdef HAVE_STDINT_H
| # include <stdint.h>
| #endif
| #ifdef HAVE_UNISTD_H
| # include <unistd.h>
| #endif
| #include <minix/config.h>
configure:3616: result: no
configure:3616: checking minix/config.h presence
configure:3616: mips-openwrt-linux-uclibc-gcc -E  conftest.c
conftest.c:20:26: fatal error: minix/config.h: No such file or directory
 #include <minix/config.h>
                          ^
compilation terminated.
configure:3616: $? = 1
configure: failed program was:
| /* confdefs.h */
| #define PACKAGE_NAME ""
| #define PACKAGE_TARNAME ""
| #define PACKAGE_VERSION ""
| #define PACKAGE_STRING ""
| #define PACKAGE_BUGREPORT ""
| #define PACKAGE_URL ""
| #define INSTALLPREFIX "/usr"
| #define STDC_HEADERS 1
| #define HAVE_SYS_TYPES_H 1
| #define HAVE_SYS_STAT_H 1
| #define HAVE_STDLIB_H 1
| #define HAVE_STRING_H 1
| #define HAVE_MEMORY_H 1
| #define HAVE_STRINGS_H 1
| #define HAVE_INTTYPES_H 1
| #define HAVE_STDINT_H 1
| #define HAVE_UNISTD_H 1
| /* end confdefs.h.  */
| #include <minix/config.h>
configure:3616: result: no
configure:3616: checking for minix/config.h
configure:3616: result: no
configure:3637: checking whether it is safe to define __EXTENSIONS__
configure:3655: mips-openwrt-linux-uclibc-gcc -c -DBLUECAVE -DBLUECAVE -DBLUECAVE -DBCMWPA2 -DCONFIG_LANTIQ -DDEBUG_NOISY -DDEBUG_RCTEST -pipe -funit-at-a-time -Wno-pointer-sign -mips32r2 -mno-branch-likely -mtune=1004kc -DLINUX30 -DLINUX26 -DLINUX_KERNEL_VERSION=199272 --sysroot=/home/paldier/asuswrt/release/src-lantiq/tools/toolchain-mips_mips32_gcc-4.8-linaro_uClibc-0.9.33.2 -DBLUECAVE -DLANTIQ_BSD -D__CONFIG_EMF__ -D__CONFIG_WPS__  conftest.c >&5
configure:3655: $? = 0
configure:3662: result: yes
configure:3728: checking how to print strings
configure:3755: result: printf
configure:3776: checking for a sed that does not truncate output
configure:3840: result: /bin/sed
configure:3858: checking for fgrep
configure:3920: result: /bin/grep -F
configure:3955: checking for ld used by mips-openwrt-linux-uclibc-gcc
configure:4022: result: mips-openwrt-linux-uclibc-ld
configure:4029: checking if the linker (mips-openwrt-linux-uclibc-ld) is GNU ld
configure:4044: result: yes
configure:4056: checking for BSD- or MS-compatible name lister (nm)
configure:4105: result: mips-openwrt-linux-uclibc-nm
configure:4235: checking the name lister (mips-openwrt-linux-uclibc-nm) interface
configure:4242: mips-openwrt-linux-uclibc-gcc -c -DBLUECAVE -DBLUECAVE -DBLUECAVE -DBCMWPA2 -DCONFIG_LANTIQ -DDEBUG_NOISY -DDEBUG_RCTEST -pipe -funit-at-a-time -Wno-pointer-sign -mips32r2 -mno-branch-likely -mtune=1004kc -DLINUX30 -DLINUX26 -DLINUX_KERNEL_VERSION=199272 --sysroot=/home/paldier/asuswrt/release/src-lantiq/tools/toolchain-mips_mips32_gcc-4.8-linaro_uClibc-0.9.33.2 -DBLUECAVE -DLANTIQ_BSD -D__CONFIG_EMF__ -D__CONFIG_WPS__  conftest.c >&5
configure:4245: mips-openwrt-linux-uclibc-nm "conftest.o"
configure:4248: output
00000000 B some_variable
configure:4255: result: BSD nm
configure:4258: checking whether ln -s works
configure:4262: result: yes
configure:4270: checking the maximum length of command line arguments
configure:4395: result: 3458764513820540925
configure:4412: checking whether the shell understands some XSI constructs
configure:4422: result: yes
configure:4426: checking whether the shell understands "+="
configure:4432: result: yes
configure:4467: checking how to convert x86_64-unknown-linux-gnu file names to mips-unknown-linux-gnu format
configure:4507: result: func_convert_file_noop
configure:4514: checking how to convert x86_64-unknown-linux-gnu file names to toolchain format
configure:4534: result: func_convert_file_noop
configure:4541: checking for mips-openwrt-linux-uclibc-ld option to reload object files
configure:4548: result: -r
configure:4582: checking for mips-linux-objdump
configure:4609: result: mips-openwrt-linux-uclibc-objdump
configure:4678: checking how to recognize dependent libraries
configure:4880: result: pass_all
configure:4925: checking for mips-linux-dlltool
configure:4955: result: no
configure:4965: checking for dlltool
configure:4995: result: no
configure:5022: checking how to associate runtime and link libraries
configure:5049: result: printf %s\n
configure:5065: checking for mips-linux-ar
configure:5092: result: ar
configure:5173: checking for archiver @FILE support
configure:5190: mips-openwrt-linux-uclibc-gcc -c -DBLUECAVE -DBLUECAVE -DBLUECAVE -DBCMWPA2 -DCONFIG_LANTIQ -DDEBUG_NOISY -DDEBUG_RCTEST -pipe -funit-at-a-time -Wno-pointer-sign -mips32r2 -mno-branch-likely -mtune=1004kc -DLINUX30 -DLINUX26 -DLINUX_KERNEL_VERSION=199272 --sysroot=/home/paldier/asuswrt/release/src-lantiq/tools/toolchain-mips_mips32_gcc-4.8-linaro_uClibc-0.9.33.2 -DBLUECAVE -DLANTIQ_BSD -D__CONFIG_EMF__ -D__CONFIG_WPS__  conftest.c >&5
configure:5190: $? = 0
configure:5193: ar cru libconftest.a @conftest.lst >&5
configure:5196: $? = 0
configure:5201: ar cru libconftest.a @conftest.lst >&5
ar: conftest.o: No such file or directory
configure:5204: $? = 1
configure:5216: result: @
configure:5234: checking for mips-linux-strip
configure:5261: result: mips-openwrt-linux-uclibc-strip -R .note -R .comment
configure:5333: checking for mips-linux-ranlib
configure:5360: result: mips-openwrt-linux-uclibc-ranlib
configure:5477: checking for gawk
configure:5493: found /usr/bin/gawk
configure:5504: result: gawk
configure:5544: checking command to parse mips-openwrt-linux-uclibc-nm output from mips-openwrt-linux-uclibc-gcc object
configure:5663: mips-openwrt-linux-uclibc-gcc -c -DBLUECAVE -DBLUECAVE -DBLUECAVE -DBCMWPA2 -DCONFIG_LANTIQ -DDEBUG_NOISY -DDEBUG_RCTEST -pipe -funit-at-a-time -Wno-pointer-sign -mips32r2 -mno-branch-likely -mtune=1004kc -DLINUX30 -DLINUX26 -DLINUX_KERNEL_VERSION=199272 --sysroot=/home/paldier/asuswrt/release/src-lantiq/tools/toolchain-mips_mips32_gcc-4.8-linaro_uClibc-0.9.33.2 -DBLUECAVE -DLANTIQ_BSD -D__CONFIG_EMF__ -D__CONFIG_WPS__  conftest.c >&5
configure:5666: $? = 0
configure:5670: mips-openwrt-linux-uclibc-nm conftest.o \| sed -n -e 's/^.*[ ]\([ABCDGIRSTW][ABCDGIRSTW]*\)[ ][ ]*\([_A-Za-z][_A-Za-z0-9]*\)$/\1 \2 \2/p' | sed '/ __gnu_lto/d' \> conftest.nm
configure:5673: $? = 0
configure:5739: mips-openwrt-linux-uclibc-gcc -o conftest -DBLUECAVE -DBLUECAVE -DBLUECAVE -DBCMWPA2 -DCONFIG_LANTIQ -DDEBUG_NOISY -DDEBUG_RCTEST -pipe -funit-at-a-time -Wno-pointer-sign -mips32r2 -mno-branch-likely -mtune=1004kc -DLINUX30 -DLINUX26 -DLINUX_KERNEL_VERSION=199272 --sysroot=/home/paldier/asuswrt/release/src-lantiq/tools/toolchain-mips_mips32_gcc-4.8-linaro_uClibc-0.9.33.2 -DBLUECAVE -DLANTIQ_BSD -D__CONFIG_EMF__ -D__CONFIG_WPS__   conftest.c conftstm.o >&5
configure:5742: $? = 0
configure:5780: result: ok
configure:5817: checking for sysroot
configure:5847: result: no
configure:6050: checking for mips-linux-mt
configure:6080: result: no
configure:6090: checking for mt
configure:6106: found /bin/mt
configure:6117: result: mt
configure:6129: WARNING: using cross tools not prefixed with host triplet
configure:6140: checking if mt is a manifest tool
configure:6146: mt '-?'
configure:6154: result: no
configure:6783: checking for dlfcn.h
configure:6783: mips-openwrt-linux-uclibc-gcc -c -DBLUECAVE -DBLUECAVE -DBLUECAVE -DBCMWPA2 -DCONFIG_LANTIQ -DDEBUG_NOISY -DDEBUG_RCTEST -pipe -funit-at-a-time -Wno-pointer-sign -mips32r2 -mno-branch-likely -mtune=1004kc -DLINUX30 -DLINUX26 -DLINUX_KERNEL_VERSION=199272 --sysroot=/home/paldier/asuswrt/release/src-lantiq/tools/toolchain-mips_mips32_gcc-4.8-linaro_uClibc-0.9.33.2 -DBLUECAVE -DLANTIQ_BSD -D__CONFIG_EMF__ -D__CONFIG_WPS__  conftest.c >&5
configure:6783: $? = 0
configure:6783: result: yes
configure:7268: checking for objdir
configure:7283: result: .libs
configure:7554: checking if mips-openwrt-linux-uclibc-gcc supports -fno-rtti -fno-exceptions
configure:7572: mips-openwrt-linux-uclibc-gcc -c -DBLUECAVE -DBLUECAVE -DBLUECAVE -DBCMWPA2 -DCONFIG_LANTIQ -DDEBUG_NOISY -DDEBUG_RCTEST -pipe -funit-at-a-time -Wno-pointer-sign -mips32r2 -mno-branch-likely -mtune=1004kc -DLINUX30 -DLINUX26 -DLINUX_KERNEL_VERSION=199272 --sysroot=/home/paldier/asuswrt/release/src-lantiq/tools/toolchain-mips_mips32_gcc-4.8-linaro_uClibc-0.9.33.2 -DBLUECAVE -DLANTIQ_BSD -D__CONFIG_EMF__ -D__CONFIG_WPS__  -fno-rtti -fno-exceptions conftest.c >&5
cc1: warning: command line option '-fno-rtti' is valid for C++/ObjC++ but not for C [enabled by default]
configure:7576: $? = 0
configure:7589: result: no
configure:7899: checking for mips-openwrt-linux-uclibc-gcc option to produce PIC
configure:7906: result: -fPIC -DPIC
configure:7914: checking if mips-openwrt-linux-uclibc-gcc PIC flag -fPIC -DPIC works
configure:7932: mips-openwrt-linux-uclibc-gcc -c -DBLUECAVE -DBLUECAVE -DBLUECAVE -DBCMWPA2 -DCONFIG_LANTIQ -DDEBUG_NOISY -DDEBUG_RCTEST -pipe -funit-at-a-time -Wno-pointer-sign -mips32r2 -mno-branch-likely -mtune=1004kc -DLINUX30 -DLINUX26 -DLINUX_KERNEL_VERSION=199272 --sysroot=/home/paldier/asuswrt/release/src-lantiq/tools/toolchain-mips_mips32_gcc-4.8-linaro_uClibc-0.9.33.2 -DBLUECAVE -DLANTIQ_BSD -D__CONFIG_EMF__ -D__CONFIG_WPS__  -fPIC -DPIC -DPIC conftest.c >&5
configure:7936: $? = 0
configure:7949: result: yes
configure:7978: checking if mips-openwrt-linux-uclibc-gcc static flag -static works
configure:8006: result: yes
configure:8021: checking if mips-openwrt-linux-uclibc-gcc supports -c -o file.o
configure:8042: mips-openwrt-linux-uclibc-gcc -c -DBLUECAVE -DBLUECAVE -DBLUECAVE -DBCMWPA2 -DCONFIG_LANTIQ -DDEBUG_NOISY -DDEBUG_RCTEST -pipe -funit-at-a-time -Wno-pointer-sign -mips32r2 -mno-branch-likely -mtune=1004kc -DLINUX30 -DLINUX26 -DLINUX_KERNEL_VERSION=199272 --sysroot=/home/paldier/asuswrt/release/src-lantiq/tools/toolchain-mips_mips32_gcc-4.8-linaro_uClibc-0.9.33.2 -DBLUECAVE -DLANTIQ_BSD -D__CONFIG_EMF__ -D__CONFIG_WPS__  -o out/conftest2.o conftest.c >&5
configure:8046: $? = 0
configure:8068: result: yes
configure:8076: checking if mips-openwrt-linux-uclibc-gcc supports -c -o file.o
configure:8123: result: yes
configure:8156: checking whether the mips-openwrt-linux-uclibc-gcc linker (mips-openwrt-linux-uclibc-ld) supports shared libraries
configure:9314: result: yes
configure:9351: checking whether -lc should be explicitly linked in
configure:9359: mips-openwrt-linux-uclibc-gcc -c -DBLUECAVE -DBLUECAVE -DBLUECAVE -DBCMWPA2 -DCONFIG_LANTIQ -DDEBUG_NOISY -DDEBUG_RCTEST -pipe -funit-at-a-time -Wno-pointer-sign -mips32r2 -mno-branch-likely -mtune=1004kc -DLINUX30 -DLINUX26 -DLINUX_KERNEL_VERSION=199272 --sysroot=/home/paldier/asuswrt/release/src-lantiq/tools/toolchain-mips_mips32_gcc-4.8-linaro_uClibc-0.9.33.2 -DBLUECAVE -DLANTIQ_BSD -D__CONFIG_EMF__ -D__CONFIG_WPS__  conftest.c >&5
configure:9362: $? = 0
configure:9377: mips-openwrt-linux-uclibc-gcc -shared  -fPIC -DPIC conftest.o  -v -Wl,-soname -Wl,conftest -o conftest 2\>\&1 \| /bin/grep  -lc  \>/dev/null 2\>\&1
configure:9380: $? = 0
configure:9394: result: no
configure:9559: checking dynamic linker characteristics
configure:10073: mips-openwrt-linux-uclibc-gcc -o conftest -DBLUECAVE -DBLUECAVE -DBLUECAVE -DBCMWPA2 -DCONFIG_LANTIQ -DDEBUG_NOISY -DDEBUG_RCTEST -pipe -funit-at-a-time -Wno-pointer-sign -mips32r2 -mno-branch-likely -mtune=1004kc -DLINUX30 -DLINUX26 -DLINUX_KERNEL_VERSION=199272 --sysroot=/home/paldier/asuswrt/release/src-lantiq/tools/toolchain-mips_mips32_gcc-4.8-linaro_uClibc-0.9.33.2 -DBLUECAVE -DLANTIQ_BSD -D__CONFIG_EMF__ -D__CONFIG_WPS__   -Wl,-rpath -Wl,/foo conftest.c  >&5
configure:10073: $? = 0
configure:10295: result: GNU/Linux ld.so
configure:10402: checking how to hardcode library paths into programs
configure:10427: result: immediate
configure:10967: checking whether stripping libraries is possible
configure:10972: result: yes
configure:11007: checking if libtool supports shared libraries
configure:11009: result: yes
configure:11012: checking whether to build shared libraries
configure:11033: result: yes
configure:11036: checking whether to build static libraries
configure:11040: result: yes
configure:11080: checking for simple visibility declarations
configure:11102: mips-openwrt-linux-uclibc-gcc -c -DBLUECAVE -DBLUECAVE -DBLUECAVE -DBCMWPA2 -DCONFIG_LANTIQ -DDEBUG_NOISY -DDEBUG_RCTEST -pipe -funit-at-a-time -Wno-pointer-sign -mips32r2 -mno-branch-likely -mtune=1004kc -DLINUX30 -DLINUX26 -DLINUX_KERNEL_VERSION=199272 --sysroot=/home/paldier/asuswrt/release/src-lantiq/tools/toolchain-mips_mips32_gcc-4.8-linaro_uClibc-0.9.33.2 -DBLUECAVE -DLANTIQ_BSD -D__CONFIG_EMF__ -D__CONFIG_WPS__ -fvisibility=hidden  conftest.c >&5
configure:11102: $? = 0
configure:11111: result: yes
configure:11129: checking for nl_langinfo and CODESET
configure:11145: mips-openwrt-linux-uclibc-gcc -o conftest -DBLUECAVE -DBLUECAVE -DBLUECAVE -DBCMWPA2 -DCONFIG_LANTIQ -DDEBUG_NOISY -DDEBUG_RCTEST -pipe -funit-at-a-time -Wno-pointer-sign -mips32r2 -mno-branch-likely -mtune=1004kc -DLINUX30 -DLINUX26 -DLINUX_KERNEL_VERSION=199272 --sysroot=/home/paldier/asuswrt/release/src-lantiq/tools/toolchain-mips_mips32_gcc-4.8-linaro_uClibc-0.9.33.2 -DBLUECAVE -DLANTIQ_BSD -D__CONFIG_EMF__ -D__CONFIG_WPS__   conftest.c  >&5
configure:11145: $? = 0
configure:11154: result: yes
configure:11164: checking for working fcntl.h
configure:11236: result: cross-compiling
configure:11260: checking whether we are using the GNU C Library 2.1 or newer
configure:11287: result: yes
configure:11295: checking for setlocale
configure:11295: mips-openwrt-linux-uclibc-gcc -o conftest -DBLUECAVE -DBLUECAVE -DBLUECAVE -DBCMWPA2 -DCONFIG_LANTIQ -DDEBUG_NOISY -DDEBUG_RCTEST -pipe -funit-at-a-time -Wno-pointer-sign -mips32r2 -mno-branch-likely -mtune=1004kc -DLINUX30 -DLINUX26 -DLINUX_KERNEL_VERSION=199272 --sysroot=/home/paldier/asuswrt/release/src-lantiq/tools/toolchain-mips_mips32_gcc-4.8-linaro_uClibc-0.9.33.2 -DBLUECAVE -DLANTIQ_BSD -D__CONFIG_EMF__ -D__CONFIG_WPS__   conftest.c  >&5
configure:11295: $? = 0
configure:11295: result: yes
configure:11427: creating ./config.status

## ---------------------- ##
## Running config.status. ##
## ---------------------- ##

This file was extended by config.status, which was
generated by GNU Autoconf 2.68.  Invocation command line was

  CONFIG_FILES    = 
  CONFIG_HEADERS  = 
  CONFIG_LINKS    = 
  CONFIG_COMMANDS = 
  $ ./config.status 

on paldier-VirtualBox

config.status:1078: creating Makefile
config.status:1078: creating lib/Makefile
config.status:1078: creating include/localcharset.h
config.status:1078: creating include/localcharset.h.inst
config.status:1078: creating config.h
config.status:1253: config.h is unchanged
config.status:1267: executing libtool commands

## ---------------- ##
## Cache variables. ##
## ---------------- ##

ac_cv_build=x86_64-unknown-linux-gnu
ac_cv_c_compiler_gnu=yes
ac_cv_env_CC_set=set
ac_cv_env_CC_value=mips-openwrt-linux-uclibc-gcc
ac_cv_env_CFLAGS_set=set
ac_cv_env_CFLAGS_value='-DBLUECAVE -DBLUECAVE -DBLUECAVE -DBCMWPA2 -DCONFIG_LANTIQ -DDEBUG_NOISY -DDEBUG_RCTEST -pipe -funit-at-a-time -Wno-pointer-sign -mips32r2 -mno-branch-likely -mtune=1004kc -DLINUX30 -DLINUX26 -DLINUX_KERNEL_VERSION=199272 --sysroot=/home/paldier/asuswrt/release/src-lantiq/tools/toolchain-mips_mips32_gcc-4.8-linaro_uClibc-0.9.33.2 -DBLUECAVE -DLANTIQ_BSD -D__CONFIG_EMF__ -D__CONFIG_WPS__'
ac_cv_env_CPPFLAGS_set=
ac_cv_env_CPPFLAGS_value=
ac_cv_env_CPP_set=
ac_cv_env_CPP_value=
ac_cv_env_LDFLAGS_set=
ac_cv_env_LDFLAGS_value=
ac_cv_env_LIBS_set=
ac_cv_env_LIBS_value=
ac_cv_env_build_alias_set=set
ac_cv_env_build_alias_value=
ac_cv_env_host_alias_set=set
ac_cv_env_host_alias_value=mips-linux
ac_cv_env_target_alias_set=
ac_cv_env_target_alias_value=
ac_cv_func_setlocale=yes
ac_cv_gnu_library_2_1=yes
ac_cv_header_dlfcn_h=yes
ac_cv_header_inttypes_h=yes
ac_cv_header_memory_h=yes
ac_cv_header_minix_config_h=no
ac_cv_header_stdc=yes
ac_cv_header_stdint_h=yes
ac_cv_header_stdlib_h=yes
ac_cv_header_string_h=yes
ac_cv_header_strings_h=yes
ac_cv_header_sys_stat_h=yes
ac_cv_header_sys_types_h=yes
ac_cv_header_unistd_h=yes
ac_cv_host=mips-unknown-linux-gnu
ac_cv_objext=o
ac_cv_path_EGREP='/bin/grep -E'
ac_cv_path_FGREP='/bin/grep -F'
ac_cv_path_GREP=/bin/grep
ac_cv_path_SED=/bin/sed
ac_cv_path_install='/usr/bin/install -c'
ac_cv_prog_AR=ar
ac_cv_prog_AWK=gawk
ac_cv_prog_CC=mips-openwrt-linux-uclibc-gcc
ac_cv_prog_CPP='mips-openwrt-linux-uclibc-gcc -E'
ac_cv_prog_OBJDUMP=mips-openwrt-linux-uclibc-objdump
ac_cv_prog_RANLIB=mips-openwrt-linux-uclibc-ranlib
ac_cv_prog_STRIP='mips-openwrt-linux-uclibc-strip -R .note -R .comment'
ac_cv_prog_ac_ct_MANIFEST_TOOL=mt
ac_cv_prog_cc_c89=
ac_cv_prog_cc_g=yes
ac_cv_prog_make_make_set=yes
ac_cv_safe_to_define___extensions__=yes
am_cv_langinfo_codeset=yes
gl_cv_cc_visibility=yes
gl_cv_header_working_fcntl_h=cross-compiling
lt_cv_ar_at_file=@
lt_cv_archive_cmds_need_lc=no
lt_cv_deplibs_check_method=pass_all
lt_cv_file_magic_cmd='$MAGIC_CMD'
lt_cv_file_magic_test_file=
lt_cv_ld_reload_flag=-r
lt_cv_nm_interface='BSD nm'
lt_cv_objdir=.libs
lt_cv_path_LD=mips-openwrt-linux-uclibc-ld
lt_cv_path_NM=mips-openwrt-linux-uclibc-nm
lt_cv_path_mainfest_tool=no
lt_cv_prog_compiler_c_o=yes
lt_cv_prog_compiler_pic='-fPIC -DPIC'
lt_cv_prog_compiler_pic_works=yes
lt_cv_prog_compiler_rtti_exceptions=no
lt_cv_prog_compiler_static_works=yes
lt_cv_prog_gnu_ld=yes
lt_cv_sharedlib_from_linklib_cmd='printf %s\n'
lt_cv_shlibpath_overrides_runpath=no
lt_cv_sys_global_symbol_pipe='sed -n -e '\''s/^.*[	 ]\([ABCDGIRSTW][ABCDGIRSTW]*\)[	 ][	 ]*\([_A-Za-z][_A-Za-z0-9]*\)$/\1 \2 \2/p'\'' | sed '\''/ __gnu_lto/d'\'''
lt_cv_sys_global_symbol_to_c_name_address='sed -n -e '\''s/^: \([^ ]*\)[ ]*$/  {\"\1\", (void *) 0},/p'\'' -e '\''s/^[ABCDGIRSTW]* \([^ ]*\) \([^ ]*\)$/  {"\2", (void *) \&\2},/p'\'''
lt_cv_sys_global_symbol_to_c_name_address_lib_prefix='sed -n -e '\''s/^: \([^ ]*\)[ ]*$/  {\"\1\", (void *) 0},/p'\'' -e '\''s/^[ABCDGIRSTW]* \([^ ]*\) \(lib[^ ]*\)$/  {"\2", (void *) \&\2},/p'\'' -e '\''s/^[ABCDGIRSTW]* \([^ ]*\) \([^ ]*\)$/  {"lib\2", (void *) \&\2},/p'\'''
lt_cv_sys_global_symbol_to_cdecl='sed -n -e '\''s/^T .* \(.*\)$/extern int \1();/p'\'' -e '\''s/^[ABCDGIRSTW]* .* \(.*\)$/extern char \1;/p'\'''
lt_cv_sys_max_cmd_len=3458764513820540925
lt_cv_to_host_file_cmd=func_convert_file_noop
lt_cv_to_tool_file_cmd=func_convert_file_noop

## ----------------- ##
## Output variables. ##
## ----------------- ##

AR='ar'
AS='mips-openwrt-linux-uclibc-as'
AWK='gawk'
CC='mips-openwrt-linux-uclibc-gcc'
CFLAGS='-DBLUECAVE -DBLUECAVE -DBLUECAVE -DBCMWPA2 -DCONFIG_LANTIQ -DDEBUG_NOISY -DDEBUG_RCTEST -pipe -funit-at-a-time -Wno-pointer-sign -mips32r2 -mno-branch-likely -mtune=1004kc -DLINUX30 -DLINUX26 -DLINUX_KERNEL_VERSION=199272 --sysroot=/home/paldier/asuswrt/release/src-lantiq/tools/toolchain-mips_mips32_gcc-4.8-linaro_uClibc-0.9.33.2 -DBLUECAVE -DLANTIQ_BSD -D__CONFIG_EMF__ -D__CONFIG_WPS__'
CFLAG_VISIBILITY='-fvisibility=hidden'
CPP='mips-openwrt-linux-uclibc-gcc -E'
CPPFLAGS=''
DEFS='-DHAVE_CONFIG_H'
DLLTOOL='false'
DSYMUTIL=''
DUMPBIN=''
ECHO_C=''
ECHO_N='-n'
ECHO_T=''
EGREP='/bin/grep -E'
EXEEXT=''
FGREP='/bin/grep -F'
GLIBC21='yes'
GREP='/bin/grep'
HAVE_VISIBILITY='1'
INSTALL_DATA='${INSTALL} -m 644'
INSTALL_PROGRAM='${INSTALL}'
INSTALL_SCRIPT='${INSTALL}'
LD='mips-openwrt-linux-uclibc-ld'
LDFLAGS=''
LIBOBJS=''
LIBS=''
LIBTOOL='/bin/bash $(top_builddir)/libtool'
LIPO=''
LN_S='ln -s'
LTLIBOBJS=''
MANIFEST_TOOL=':'
NM='mips-openwrt-linux-uclibc-nm'
NMEDIT=''
OBJDUMP='mips-openwrt-linux-uclibc-objdump'
OBJEXT='o'
OTOOL64=''
OTOOL=''
PACKAGE=''
PACKAGE_BUGREPORT=''
PACKAGE_NAME=''
PACKAGE_STRING=''
PACKAGE_TARNAME=''
PACKAGE_URL=''
PACKAGE_VERSION=''
PATH_SEPARATOR=':'
RANLIB='mips-openwrt-linux-uclibc-ranlib'
RELOCATABLE='no'
SED='/bin/sed'
SET_MAKE=''
SHELL='/bin/bash'
STRIP='mips-openwrt-linux-uclibc-strip -R .note -R .comment'
VERSION=''
ac_ct_AR=''
ac_ct_CC=''
ac_ct_DUMPBIN=''
bindir='${exec_prefix}/bin'
build='x86_64-unknown-linux-gnu'
build_alias=''
build_cpu='x86_64'
build_os='linux-gnu'
build_vendor='unknown'
datadir='${datarootdir}'
datarootdir='${prefix}/share'
docdir='${datarootdir}/doc/${PACKAGE}'
dvidir='${docdir}'
exec_prefix='${prefix}'
host='mips-unknown-linux-gnu'
host_alias='mips-linux'
host_cpu='mips'
host_os='linux-gnu'
host_vendor='unknown'
htmldir='${docdir}'
includedir='${prefix}/include'
infodir='${datarootdir}/info'
libdir='${exec_prefix}/lib'
libexecdir='${exec_prefix}/libexec'
localedir='${datarootdir}/locale'
localstatedir='${prefix}/var'
mandir='${datarootdir}/man'
oldincludedir='/usr/include'
pdfdir='${docdir}'
prefix='/usr'
program_transform_name='s,x,x,'
psdir='${docdir}'
sbindir='${exec_prefix}/sbin'
sharedstatedir='${prefix}/com'
sysconfdir='${prefix}/etc'
target_alias=''

## ----------- ##
## confdefs.h. ##
## ----------- ##

/* confdefs.h */
#define PACKAGE_NAME ""
#define PACKAGE_TARNAME ""
#define PACKAGE_VERSION ""
#define PACKAGE_STRING ""
#define PACKAGE_BUGREPORT ""
#define PACKAGE_URL ""
#define INSTALLPREFIX "/usr"
#define STDC_HEADERS 1
#define HAVE_SYS_TYPES_H 1
#define HAVE_SYS_STAT_H 1
#define HAVE_STDLIB_H 1
#define HAVE_STRING_H 1
#define HAVE_MEMORY_H 1
#define HAVE_STRINGS_H 1
#define HAVE_INTTYPES_H 1
#define HAVE_STDINT_H 1
#define HAVE_UNISTD_H 1
#define __EXTENSIONS__ 1
#define _ALL_SOURCE 1
#define _GNU_SOURCE 1
#define _POSIX_PTHREAD_SEMANTICS 1
#define _TANDEM_SOURCE 1
#define HAVE_DLFCN_H 1
#define LT_OBJDIR ".libs/"
#define HAVE_VISIBILITY 1
#define HAVE_LANGINFO_CODESET 1
#define HAVE_WORKING_O_NOATIME 0
#define HAVE_WORKING_O_NOFOLLOW 0
#define HAVE_SETLOCALE 1

configure: exit 0
