This file contains any messages produced by compilers while
running configure, to aid debugging if configure makes a mistake.

It was created by libvorbis configure 1.2.3, which was
generated by GNU Autoconf 2.61.  Invocation command line was

  $ ./configure --host=mips-linux --build= --enable-shared --enable-static --prefix= --disable-oggtest --with-ogg-includes=/home/paldier/asuswrt/release/src-lantiq/router/libogg/include --with-ogg-libraries=/home/paldier/asuswrt/release/src-lantiq/router/libogg/src/.libs

## --------- ##
## Platform. ##
## --------- ##

hostname = paldier-VirtualBox
uname -m = x86_64
uname -r = 4.2.0-42-generic
uname -s = Linux
uname -v = #49~14.04.1-Ubuntu SMP Wed Jun 29 20:22:11 UTC 2016

/usr/bin/uname -p = unknown
/bin/uname -X     = unknown

/bin/arch              = unknown
/usr/bin/arch -k       = unknown
/usr/convex/getsysinfo = unknown
/usr/bin/hostinfo      = unknown
/bin/machine           = unknown
/usr/bin/oslevel       = unknown
/bin/universe          = unknown

PATH: "/usr/local/sbin
PATH: /usr/local/bin
PATH: /usr/sbin
PATH: /usr/bin
PATH: /sbin
PATH: /bin
PATH: /usr/games
PATH: /usr/local/games
PATH: /snap/bin
PATH: /opt/brcm/hndtools-mipsel-linux/bin
PATH: /opt/brcm/hndtools-mipsel-uclibc/bin
PATH: /projects/tools
PATH: /projects/hnd/tools/linux/hndtools-arm-linux-2.6.36-uclibc-4.5.3/bin
PATH: /projects/hnd/tools/linux/hndtools-arm-linux-2.6.36-uclibc-4.5.3/arm-linux/bin
PATH: /projects/hnd/tools/linux/hndtools-arm-linux-2.6.36-uclibc-4.5.3/usr/bin
PATH: /projects/hnd/tools/linux/hndtools-armeabi-2011.09/bin"
PATH: /home/paldier/asuswrt/release/src-lantiq/tools/toolchain-mips_mips32_gcc-4.8-linaro_uClibc-0.9.33.2/bin
PATH: /home/paldier/asuswrt/release/src-lantiq/tools/host/bin


## ----------- ##
## Core tests. ##
## ----------- ##

configure:2020: checking build system type
configure:2038: result: x86_64-unknown-linux-gnu
configure:2060: checking host system type
configure:2075: result: mips-unknown-linux-gnu
configure:2097: checking target system type
configure:2112: result: mips-unknown-linux-gnu
configure:2156: checking for a BSD-compatible install
configure:2212: result: /usr/bin/install -c
configure:2223: checking whether build environment is sane
configure:2266: result: yes
configure:2294: checking for a thread-safe mkdir -p
configure:2333: result: /bin/mkdir -p
configure:2346: checking for gawk
configure:2362: found /usr/bin/gawk
configure:2373: result: gawk
configure:2384: checking whether make sets $(MAKE)
configure:2405: result: yes
configure:2485: checking for mips-linux-strip
configure:2512: result: mips-openwrt-linux-uclibc-strip -R .note -R .comment
configure:2632: checking for mips-linux-gcc
configure:2659: result: mips-openwrt-linux-uclibc-gcc
configure:2937: checking for C compiler version
configure:2944: mips-openwrt-linux-uclibc-gcc --version >&5
mips-openwrt-linux-uclibc-gcc (OpenWrt/Linaro GCC 4.8-2014.04 15.05_ltq) 4.8.3
Copyright (C) 2013 Free Software Foundation, Inc.
This is free software; see the source for copying conditions.  There is NO
warranty; not even for MERCHANTABILITY or FITNESS FOR A PARTICULAR PURPOSE.

configure:2947: $? = 0
configure:2954: mips-openwrt-linux-uclibc-gcc -v >&5
Reading specs from /home/paldier/asuswrt/release/src-lantiq/tools/toolchain-mips_mips32_gcc-4.8-linaro_uClibc-0.9.33.2/bin/../lib/gcc/mips-openwrt-linux-uclibc/4.8.3/specs
COLLECT_GCC=mips-openwrt-linux-uclibc-gcc
COLLECT_LTO_WRAPPER=/home/paldier/asuswrt/release/src-lantiq/tools/toolchain-mips_mips32_gcc-4.8-linaro_uClibc-0.9.33.2/bin/../libexec/gcc/mips-openwrt-linux-uclibc/4.8.3/lto-wrapper
Target: mips-openwrt-linux-uclibc
Configured with: /media/intel160g/3asuswrt/UGW-7.2MR1/UGW-7.2.1.20-SW-CD/Sources/UGW-7.2.1.20/build_dir/toolchain-mips_mips32_gcc-4.8-linaro_uClibc-0.9.33.2/gcc-linaro-4.8-2014.04/configure --with-bugurl=https://dev.openwrt.org/ --with-pkgversion='OpenWrt/Linaro GCC 4.8-2014.04 15.05_ltq' --prefix=/media/intel160g/3asuswrt/UGW-7.2MR1/UGW-7.2.1.20-SW-CD/Sources/UGW-7.2.1.20/staging_dir/toolchain-mips_mips32_gcc-4.8-linaro_uClibc-0.9.33.2 --build=i686-linux-gnu --host=i686-linux-gnu --target=mips-openwrt-linux-uclibc --with-gnu-ld --enable-target-optspace --disable-libgomp --disable-libmudflap --disable-multilib --disable-nls --with-host-libstdcxx=-lstdc++ --with-float=soft --with-gmp=/media/intel160g/3asuswrt/UGW-7.2MR1/UGW-7.2.1.20-SW-CD/Sources/UGW-7.2.1.20/staging_dir/host --with-mpfr=/media/intel160g/3asuswrt/UGW-7.2MR1/UGW-7.2.1.20-SW-CD/Sources/UGW-7.2.1.20/staging_dir/host --with-mpc=/media/intel160g/3asuswrt/UGW-7.2MR1/UGW-7.2.1.20-SW-CD/Sources/UGW-7.2.1.20/staging_dir/host --disable-decimal-float --with-mips-plt --enable-libssp --disable-__cxa_atexit --with-headers=/media/intel160g/3asuswrt/UGW-7.2MR1/UGW-7.2.1.20-SW-CD/Sources/UGW-7.2.1.20/staging_dir/toolchain-mips_mips32_gcc-4.8-linaro_uClibc-0.9.33.2/include --disable-libsanitizer --enable-languages=c,c++ --enable-shared --enable-threads --with-slibdir=/media/intel160g/3asuswrt/UGW-7.2MR1/UGW-7.2.1.20-SW-CD/Sources/UGW-7.2.1.20/staging_dir/toolchain-mips_mips32_gcc-4.8-linaro_uClibc-0.9.33.2/lib
Thread model: posix
gcc version 4.8.3 (OpenWrt/Linaro GCC 4.8-2014.04 15.05_ltq) 
configure:2957: $? = 0
configure:2964: mips-openwrt-linux-uclibc-gcc -V >&5
mips-openwrt-linux-uclibc-gcc: error: unrecognized command line option '-V'
mips-openwrt-linux-uclibc-gcc: fatal error: no input files
compilation terminated.
configure:2967: $? = 1
configure:2990: checking for C compiler default output file name
configure:3017: mips-openwrt-linux-uclibc-gcc -Os -Wall -DCONFIG_LANTIQ -DDEBUG_NOISY -DDEBUG_RCTEST -pipe -funit-at-a-time -Wno-pointer-sign -mips32r2 -mno-branch-likely -mtune=1004kc -DLINUX30 -DLINUX26 -DLINUX_KERNEL_VERSION=199272 --sysroot=/home/paldier/asuswrt/release/src-lantiq/tools/toolchain-mips_mips32_gcc-4.8-linaro_uClibc-0.9.33.2 -fPIC -ffunction-sections -fdata-sections -I/home/paldier/asuswrt/release/src-lantiq/router/libogg/include -L/home/paldier/asuswrt/release/src-lantiq/router/libogg/src/.libs -fPIC -ffunction-sections -fdata-sections -Wl,--gc-sections -ldl conftest.c  >&5
configure:3020: $? = 0
configure:3058: result: a.out
configure:3075: checking whether the C compiler works
configure:3085: ./a.out
./configure: line 3086: ./a.out: cannot execute binary file: Exec format error
configure:3088: $? = 126
configure:3105: result: yes
configure:3112: checking whether we are cross compiling
configure:3114: result: yes
configure:3117: checking for suffix of executables
configure:3124: mips-openwrt-linux-uclibc-gcc -o conftest -Os -Wall -DCONFIG_LANTIQ -DDEBUG_NOISY -DDEBUG_RCTEST -pipe -funit-at-a-time -Wno-pointer-sign -mips32r2 -mno-branch-likely -mtune=1004kc -DLINUX30 -DLINUX26 -DLINUX_KERNEL_VERSION=199272 --sysroot=/home/paldier/asuswrt/release/src-lantiq/tools/toolchain-mips_mips32_gcc-4.8-linaro_uClibc-0.9.33.2 -fPIC -ffunction-sections -fdata-sections -I/home/paldier/asuswrt/release/src-lantiq/router/libogg/include -L/home/paldier/asuswrt/release/src-lantiq/router/libogg/src/.libs -fPIC -ffunction-sections -fdata-sections -Wl,--gc-sections -ldl conftest.c  >&5
configure:3127: $? = 0
configure:3151: result: 
configure:3157: checking for suffix of object files
configure:3183: mips-openwrt-linux-uclibc-gcc -c -Os -Wall -DCONFIG_LANTIQ -DDEBUG_NOISY -DDEBUG_RCTEST -pipe -funit-at-a-time -Wno-pointer-sign -mips32r2 -mno-branch-likely -mtune=1004kc -DLINUX30 -DLINUX26 -DLINUX_KERNEL_VERSION=199272 --sysroot=/home/paldier/asuswrt/release/src-lantiq/tools/toolchain-mips_mips32_gcc-4.8-linaro_uClibc-0.9.33.2 -fPIC -ffunction-sections -fdata-sections -I/home/paldier/asuswrt/release/src-lantiq/router/libogg/include conftest.c >&5
configure:3186: $? = 0
configure:3209: result: o
configure:3213: checking whether we are using the GNU C compiler
configure:3242: mips-openwrt-linux-uclibc-gcc -c -Os -Wall -DCONFIG_LANTIQ -DDEBUG_NOISY -DDEBUG_RCTEST -pipe -funit-at-a-time -Wno-pointer-sign -mips32r2 -mno-branch-likely -mtune=1004kc -DLINUX30 -DLINUX26 -DLINUX_KERNEL_VERSION=199272 --sysroot=/home/paldier/asuswrt/release/src-lantiq/tools/toolchain-mips_mips32_gcc-4.8-linaro_uClibc-0.9.33.2 -fPIC -ffunction-sections -fdata-sections -I/home/paldier/asuswrt/release/src-lantiq/router/libogg/include conftest.c >&5
configure:3248: $? = 0
configure:3265: result: yes
configure:3270: checking whether mips-openwrt-linux-uclibc-gcc accepts -g
configure:3300: mips-openwrt-linux-uclibc-gcc -c -g -I/home/paldier/asuswrt/release/src-lantiq/router/libogg/include conftest.c >&5
configure:3306: $? = 0
configure:3405: result: yes
configure:3422: checking for mips-openwrt-linux-uclibc-gcc option to accept ISO C89
configure:3496: mips-openwrt-linux-uclibc-gcc  -c -Os -Wall -DCONFIG_LANTIQ -DDEBUG_NOISY -DDEBUG_RCTEST -pipe -funit-at-a-time -Wno-pointer-sign -mips32r2 -mno-branch-likely -mtune=1004kc -DLINUX30 -DLINUX26 -DLINUX_KERNEL_VERSION=199272 --sysroot=/home/paldier/asuswrt/release/src-lantiq/tools/toolchain-mips_mips32_gcc-4.8-linaro_uClibc-0.9.33.2 -fPIC -ffunction-sections -fdata-sections -I/home/paldier/asuswrt/release/src-lantiq/router/libogg/include conftest.c >&5
configure:3502: $? = 0
configure:3525: result: none needed
configure:3554: checking for style of include used by make
configure:3582: result: GNU
configure:3607: checking dependency style of mips-openwrt-linux-uclibc-gcc
configure:3698: result: gcc3
configure:3718: checking how to run the C preprocessor
configure:3758: mips-openwrt-linux-uclibc-gcc -E -I/home/paldier/asuswrt/release/src-lantiq/router/libogg/include conftest.c
configure:3764: $? = 0
configure:3795: mips-openwrt-linux-uclibc-gcc -E -I/home/paldier/asuswrt/release/src-lantiq/router/libogg/include conftest.c
conftest.c:10:28: fatal error: ac_nonexistent.h: No such file or directory
 #include <ac_nonexistent.h>
                            ^
compilation terminated.
configure:3801: $? = 1
configure: failed program was:
| /* confdefs.h.  */
| #define PACKAGE_NAME "libvorbis"
| #define PACKAGE_TARNAME "libvorbis"
| #define PACKAGE_VERSION "1.2.3"
| #define PACKAGE_STRING "libvorbis 1.2.3"
| #define PACKAGE_BUGREPORT "vorbis-dev@xiph.org"
| #define PACKAGE "libvorbis"
| #define VERSION "1.2.3"
| /* end confdefs.h.  */
| #include <ac_nonexistent.h>
configure:3834: result: mips-openwrt-linux-uclibc-gcc -E
configure:3863: mips-openwrt-linux-uclibc-gcc -E -I/home/paldier/asuswrt/release/src-lantiq/router/libogg/include conftest.c
configure:3869: $? = 0
configure:3900: mips-openwrt-linux-uclibc-gcc -E -I/home/paldier/asuswrt/release/src-lantiq/router/libogg/include conftest.c
conftest.c:10:28: fatal error: ac_nonexistent.h: No such file or directory
 #include <ac_nonexistent.h>
                            ^
compilation terminated.
configure:3906: $? = 1
configure: failed program was:
| /* confdefs.h.  */
| #define PACKAGE_NAME "libvorbis"
| #define PACKAGE_TARNAME "libvorbis"
| #define PACKAGE_VERSION "1.2.3"
| #define PACKAGE_STRING "libvorbis 1.2.3"
| #define PACKAGE_BUGREPORT "vorbis-dev@xiph.org"
| #define PACKAGE "libvorbis"
| #define VERSION "1.2.3"
| /* end confdefs.h.  */
| #include <ac_nonexistent.h>
configure:3946: checking for inline
configure:3972: mips-openwrt-linux-uclibc-gcc -c -Os -Wall -DCONFIG_LANTIQ -DDEBUG_NOISY -DDEBUG_RCTEST -pipe -funit-at-a-time -Wno-pointer-sign -mips32r2 -mno-branch-likely -mtune=1004kc -DLINUX30 -DLINUX26 -DLINUX_KERNEL_VERSION=199272 --sysroot=/home/paldier/asuswrt/release/src-lantiq/tools/toolchain-mips_mips32_gcc-4.8-linaro_uClibc-0.9.33.2 -fPIC -ffunction-sections -fdata-sections -I/home/paldier/asuswrt/release/src-lantiq/router/libogg/include conftest.c >&5
configure:3978: $? = 0
configure:3996: result: inline
configure:4090: checking for a sed that does not truncate output
configure:4146: result: /bin/sed
configure:4149: checking for grep that handles long lines and -e
configure:4223: result: /bin/grep
configure:4228: checking for egrep
configure:4306: result: /bin/grep -E
configure:4322: checking for ld used by mips-openwrt-linux-uclibc-gcc
configure:4389: result: mips-openwrt-linux-uclibc-ld
configure:4398: checking if the linker (mips-openwrt-linux-uclibc-ld) is GNU ld
configure:4413: result: yes
configure:4418: checking for mips-openwrt-linux-uclibc-ld option to reload object files
configure:4425: result: -r
configure:4443: checking for BSD-compatible nm
configure:4492: result: mips-openwrt-linux-uclibc-nm
configure:4496: checking whether ln -s works
configure:4500: result: yes
configure:4507: checking how to recognize dependent libraries
configure:4693: result: pass_all
configure:5223: checking for ANSI C header files
configure:5253: mips-openwrt-linux-uclibc-gcc -c -Os -Wall -DCONFIG_LANTIQ -DDEBUG_NOISY -DDEBUG_RCTEST -pipe -funit-at-a-time -Wno-pointer-sign -mips32r2 -mno-branch-likely -mtune=1004kc -DLINUX30 -DLINUX26 -DLINUX_KERNEL_VERSION=199272 --sysroot=/home/paldier/asuswrt/release/src-lantiq/tools/toolchain-mips_mips32_gcc-4.8-linaro_uClibc-0.9.33.2 -fPIC -ffunction-sections -fdata-sections -I/home/paldier/asuswrt/release/src-lantiq/router/libogg/include conftest.c >&5
configure:5259: $? = 0
configure:5387: result: yes
configure:5411: checking for sys/types.h
configure:5432: mips-openwrt-linux-uclibc-gcc -c -Os -Wall -DCONFIG_LANTIQ -DDEBUG_NOISY -DDEBUG_RCTEST -pipe -funit-at-a-time -Wno-pointer-sign -mips32r2 -mno-branch-likely -mtune=1004kc -DLINUX30 -DLINUX26 -DLINUX_KERNEL_VERSION=199272 --sysroot=/home/paldier/asuswrt/release/src-lantiq/tools/toolchain-mips_mips32_gcc-4.8-linaro_uClibc-0.9.33.2 -fPIC -ffunction-sections -fdata-sections -I/home/paldier/asuswrt/release/src-lantiq/router/libogg/include conftest.c >&5
configure:5438: $? = 0
configure:5454: result: yes
configure:5411: checking for sys/stat.h
configure:5432: mips-openwrt-linux-uclibc-gcc -c -Os -Wall -DCONFIG_LANTIQ -DDEBUG_NOISY -DDEBUG_RCTEST -pipe -funit-at-a-time -Wno-pointer-sign -mips32r2 -mno-branch-likely -mtune=1004kc -DLINUX30 -DLINUX26 -DLINUX_KERNEL_VERSION=199272 --sysroot=/home/paldier/asuswrt/release/src-lantiq/tools/toolchain-mips_mips32_gcc-4.8-linaro_uClibc-0.9.33.2 -fPIC -ffunction-sections -fdata-sections -I/home/paldier/asuswrt/release/src-lantiq/router/libogg/include conftest.c >&5
configure:5438: $? = 0
configure:5454: result: yes
configure:5411: checking for stdlib.h
configure:5432: mips-openwrt-linux-uclibc-gcc -c -Os -Wall -DCONFIG_LANTIQ -DDEBUG_NOISY -DDEBUG_RCTEST -pipe -funit-at-a-time -Wno-pointer-sign -mips32r2 -mno-branch-likely -mtune=1004kc -DLINUX30 -DLINUX26 -DLINUX_KERNEL_VERSION=199272 --sysroot=/home/paldier/asuswrt/release/src-lantiq/tools/toolchain-mips_mips32_gcc-4.8-linaro_uClibc-0.9.33.2 -fPIC -ffunction-sections -fdata-sections -I/home/paldier/asuswrt/release/src-lantiq/router/libogg/include conftest.c >&5
configure:5438: $? = 0
configure:5454: result: yes
configure:5411: checking for string.h
configure:5432: mips-openwrt-linux-uclibc-gcc -c -Os -Wall -DCONFIG_LANTIQ -DDEBUG_NOISY -DDEBUG_RCTEST -pipe -funit-at-a-time -Wno-pointer-sign -mips32r2 -mno-branch-likely -mtune=1004kc -DLINUX30 -DLINUX26 -DLINUX_KERNEL_VERSION=199272 --sysroot=/home/paldier/asuswrt/release/src-lantiq/tools/toolchain-mips_mips32_gcc-4.8-linaro_uClibc-0.9.33.2 -fPIC -ffunction-sections -fdata-sections -I/home/paldier/asuswrt/release/src-lantiq/router/libogg/include conftest.c >&5
configure:5438: $? = 0
configure:5454: result: yes
configure:5411: checking for memory.h
configure:5432: mips-openwrt-linux-uclibc-gcc -c -Os -Wall -DCONFIG_LANTIQ -DDEBUG_NOISY -DDEBUG_RCTEST -pipe -funit-at-a-time -Wno-pointer-sign -mips32r2 -mno-branch-likely -mtune=1004kc -DLINUX30 -DLINUX26 -DLINUX_KERNEL_VERSION=199272 --sysroot=/home/paldier/asuswrt/release/src-lantiq/tools/toolchain-mips_mips32_gcc-4.8-linaro_uClibc-0.9.33.2 -fPIC -ffunction-sections -fdata-sections -I/home/paldier/asuswrt/release/src-lantiq/router/libogg/include conftest.c >&5
configure:5438: $? = 0
configure:5454: result: yes
configure:5411: checking for strings.h
configure:5432: mips-openwrt-linux-uclibc-gcc -c -Os -Wall -DCONFIG_LANTIQ -DDEBUG_NOISY -DDEBUG_RCTEST -pipe -funit-at-a-time -Wno-pointer-sign -mips32r2 -mno-branch-likely -mtune=1004kc -DLINUX30 -DLINUX26 -DLINUX_KERNEL_VERSION=199272 --sysroot=/home/paldier/asuswrt/release/src-lantiq/tools/toolchain-mips_mips32_gcc-4.8-linaro_uClibc-0.9.33.2 -fPIC -ffunction-sections -fdata-sections -I/home/paldier/asuswrt/release/src-lantiq/router/libogg/include conftest.c >&5
configure:5438: $? = 0
configure:5454: result: yes
configure:5411: checking for inttypes.h
configure:5432: mips-openwrt-linux-uclibc-gcc -c -Os -Wall -DCONFIG_LANTIQ -DDEBUG_NOISY -DDEBUG_RCTEST -pipe -funit-at-a-time -Wno-pointer-sign -mips32r2 -mno-branch-likely -mtune=1004kc -DLINUX30 -DLINUX26 -DLINUX_KERNEL_VERSION=199272 --sysroot=/home/paldier/asuswrt/release/src-lantiq/tools/toolchain-mips_mips32_gcc-4.8-linaro_uClibc-0.9.33.2 -fPIC -ffunction-sections -fdata-sections -I/home/paldier/asuswrt/release/src-lantiq/router/libogg/include conftest.c >&5
configure:5438: $? = 0
configure:5454: result: yes
configure:5411: checking for stdint.h
configure:5432: mips-openwrt-linux-uclibc-gcc -c -Os -Wall -DCONFIG_LANTIQ -DDEBUG_NOISY -DDEBUG_RCTEST -pipe -funit-at-a-time -Wno-pointer-sign -mips32r2 -mno-branch-likely -mtune=1004kc -DLINUX30 -DLINUX26 -DLINUX_KERNEL_VERSION=199272 --sysroot=/home/paldier/asuswrt/release/src-lantiq/tools/toolchain-mips_mips32_gcc-4.8-linaro_uClibc-0.9.33.2 -fPIC -ffunction-sections -fdata-sections -I/home/paldier/asuswrt/release/src-lantiq/router/libogg/include conftest.c >&5
configure:5438: $? = 0
configure:5454: result: yes
configure:5411: checking for unistd.h
configure:5432: mips-openwrt-linux-uclibc-gcc -c -Os -Wall -DCONFIG_LANTIQ -DDEBUG_NOISY -DDEBUG_RCTEST -pipe -funit-at-a-time -Wno-pointer-sign -mips32r2 -mno-branch-likely -mtune=1004kc -DLINUX30 -DLINUX26 -DLINUX_KERNEL_VERSION=199272 --sysroot=/home/paldier/asuswrt/release/src-lantiq/tools/toolchain-mips_mips32_gcc-4.8-linaro_uClibc-0.9.33.2 -fPIC -ffunction-sections -fdata-sections -I/home/paldier/asuswrt/release/src-lantiq/router/libogg/include conftest.c >&5
configure:5438: $? = 0
configure:5454: result: yes
configure:5481: checking dlfcn.h usability
configure:5498: mips-openwrt-linux-uclibc-gcc -c -Os -Wall -DCONFIG_LANTIQ -DDEBUG_NOISY -DDEBUG_RCTEST -pipe -funit-at-a-time -Wno-pointer-sign -mips32r2 -mno-branch-likely -mtune=1004kc -DLINUX30 -DLINUX26 -DLINUX_KERNEL_VERSION=199272 --sysroot=/home/paldier/asuswrt/release/src-lantiq/tools/toolchain-mips_mips32_gcc-4.8-linaro_uClibc-0.9.33.2 -fPIC -ffunction-sections -fdata-sections -I/home/paldier/asuswrt/release/src-lantiq/router/libogg/include conftest.c >&5
configure:5504: $? = 0
configure:5518: result: yes
configure:5522: checking dlfcn.h presence
configure:5537: mips-openwrt-linux-uclibc-gcc -E -I/home/paldier/asuswrt/release/src-lantiq/router/libogg/include conftest.c
configure:5543: $? = 0
configure:5557: result: yes
configure:5590: checking for dlfcn.h
configure:5598: result: yes
configure:5727: checking for C++ compiler version
configure:5734: mips-openwrt-linux-uclibc-g++ --version >&5
mips-openwrt-linux-uclibc-g++ (OpenWrt/Linaro GCC 4.8-2014.04 15.05_ltq) 4.8.3
Copyright (C) 2013 Free Software Foundation, Inc.
This is free software; see the source for copying conditions.  There is NO
warranty; not even for MERCHANTABILITY or FITNESS FOR A PARTICULAR PURPOSE.

configure:5737: $? = 0
configure:5744: mips-openwrt-linux-uclibc-g++ -v >&5
Reading specs from /home/paldier/asuswrt/release/src-lantiq/tools/toolchain-mips_mips32_gcc-4.8-linaro_uClibc-0.9.33.2/bin/../lib/gcc/mips-openwrt-linux-uclibc/4.8.3/specs
COLLECT_GCC=mips-openwrt-linux-uclibc-g++
COLLECT_LTO_WRAPPER=/home/paldier/asuswrt/release/src-lantiq/tools/toolchain-mips_mips32_gcc-4.8-linaro_uClibc-0.9.33.2/bin/../libexec/gcc/mips-openwrt-linux-uclibc/4.8.3/lto-wrapper
Target: mips-openwrt-linux-uclibc
Configured with: /media/intel160g/3asuswrt/UGW-7.2MR1/UGW-7.2.1.20-SW-CD/Sources/UGW-7.2.1.20/build_dir/toolchain-mips_mips32_gcc-4.8-linaro_uClibc-0.9.33.2/gcc-linaro-4.8-2014.04/configure --with-bugurl=https://dev.openwrt.org/ --with-pkgversion='OpenWrt/Linaro GCC 4.8-2014.04 15.05_ltq' --prefix=/media/intel160g/3asuswrt/UGW-7.2MR1/UGW-7.2.1.20-SW-CD/Sources/UGW-7.2.1.20/staging_dir/toolchain-mips_mips32_gcc-4.8-linaro_uClibc-0.9.33.2 --build=i686-linux-gnu --host=i686-linux-gnu --target=mips-openwrt-linux-uclibc --with-gnu-ld --enable-target-optspace --disable-libgomp --disable-libmudflap --disable-multilib --disable-nls --with-host-libstdcxx=-lstdc++ --with-float=soft --with-gmp=/media/intel160g/3asuswrt/UGW-7.2MR1/UGW-7.2.1.20-SW-CD/Sources/UGW-7.2.1.20/staging_dir/host --with-mpfr=/media/intel160g/3asuswrt/UGW-7.2MR1/UGW-7.2.1.20-SW-CD/Sources/UGW-7.2.1.20/staging_dir/host --with-mpc=/media/intel160g/3asuswrt/UGW-7.2MR1/UGW-7.2.1.20-SW-CD/Sources/UGW-7.2.1.20/staging_dir/host --disable-decimal-float --with-mips-plt --enable-libssp --disable-__cxa_atexit --with-headers=/media/intel160g/3asuswrt/UGW-7.2MR1/UGW-7.2.1.20-SW-CD/Sources/UGW-7.2.1.20/staging_dir/toolchain-mips_mips32_gcc-4.8-linaro_uClibc-0.9.33.2/include --disable-libsanitizer --enable-languages=c,c++ --enable-shared --enable-threads --with-slibdir=/media/intel160g/3asuswrt/UGW-7.2MR1/UGW-7.2.1.20-SW-CD/Sources/UGW-7.2.1.20/staging_dir/toolchain-mips_mips32_gcc-4.8-linaro_uClibc-0.9.33.2/lib
Thread model: posix
gcc version 4.8.3 (OpenWrt/Linaro GCC 4.8-2014.04 15.05_ltq) 
configure:5747: $? = 0
configure:5754: mips-openwrt-linux-uclibc-g++ -V >&5
mips-openwrt-linux-uclibc-g++: error: unrecognized command line option '-V'
mips-openwrt-linux-uclibc-g++: fatal error: no input files
compilation terminated.
configure:5757: $? = 1
configure:5760: checking whether we are using the GNU C++ compiler
configure:5789: mips-openwrt-linux-uclibc-g++ -c  -I/home/paldier/asuswrt/release/src-lantiq/router/libogg/include conftest.cpp >&5
configure:5795: $? = 0
configure:5812: result: yes
configure:5817: checking whether mips-openwrt-linux-uclibc-g++ accepts -g
configure:5847: mips-openwrt-linux-uclibc-g++ -c -g -I/home/paldier/asuswrt/release/src-lantiq/router/libogg/include conftest.cpp >&5
configure:5853: $? = 0
configure:5952: result: yes
configure:5977: checking dependency style of mips-openwrt-linux-uclibc-g++
configure:6068: result: gcc3
configure:6093: checking how to run the C++ preprocessor
configure:6129: mips-openwrt-linux-uclibc-g++ -E -I/home/paldier/asuswrt/release/src-lantiq/router/libogg/include conftest.cpp
configure:6135: $? = 0
configure:6166: mips-openwrt-linux-uclibc-g++ -E -I/home/paldier/asuswrt/release/src-lantiq/router/libogg/include conftest.cpp
conftest.cpp:21:28: fatal error: ac_nonexistent.h: No such file or directory
 #include <ac_nonexistent.h>
                            ^
compilation terminated.
configure:6172: $? = 1
configure: failed program was:
| /* confdefs.h.  */
| #define PACKAGE_NAME "libvorbis"
| #define PACKAGE_TARNAME "libvorbis"
| #define PACKAGE_VERSION "1.2.3"
| #define PACKAGE_STRING "libvorbis 1.2.3"
| #define PACKAGE_BUGREPORT "vorbis-dev@xiph.org"
| #define PACKAGE "libvorbis"
| #define VERSION "1.2.3"
| #define STDC_HEADERS 1
| #define HAVE_SYS_TYPES_H 1
| #define HAVE_SYS_STAT_H 1
| #define HAVE_STDLIB_H 1
| #define HAVE_STRING_H 1
| #define HAVE_MEMORY_H 1
| #define HAVE_STRINGS_H 1
| #define HAVE_INTTYPES_H 1
| #define HAVE_STDINT_H 1
| #define HAVE_UNISTD_H 1
| #define HAVE_DLFCN_H 1
| /* end confdefs.h.  */
| #include <ac_nonexistent.h>
configure:6205: result: mips-openwrt-linux-uclibc-g++ -E
configure:6234: mips-openwrt-linux-uclibc-g++ -E -I/home/paldier/asuswrt/release/src-lantiq/router/libogg/include conftest.cpp
configure:6240: $? = 0
configure:6271: mips-openwrt-linux-uclibc-g++ -E -I/home/paldier/asuswrt/release/src-lantiq/router/libogg/include conftest.cpp
conftest.cpp:21:28: fatal error: ac_nonexistent.h: No such file or directory
 #include <ac_nonexistent.h>
                            ^
compilation terminated.
configure:6277: $? = 1
configure: failed program was:
| /* confdefs.h.  */
| #define PACKAGE_NAME "libvorbis"
| #define PACKAGE_TARNAME "libvorbis"
| #define PACKAGE_VERSION "1.2.3"
| #define PACKAGE_STRING "libvorbis 1.2.3"
| #define PACKAGE_BUGREPORT "vorbis-dev@xiph.org"
| #define PACKAGE "libvorbis"
| #define VERSION "1.2.3"
| #define STDC_HEADERS 1
| #define HAVE_SYS_TYPES_H 1
| #define HAVE_SYS_STAT_H 1
| #define HAVE_STDLIB_H 1
| #define HAVE_STRING_H 1
| #define HAVE_MEMORY_H 1
| #define HAVE_STRINGS_H 1
| #define HAVE_INTTYPES_H 1
| #define HAVE_STDINT_H 1
| #define HAVE_UNISTD_H 1
| #define HAVE_DLFCN_H 1
| /* end confdefs.h.  */
| #include <ac_nonexistent.h>
configure:6326: checking for mips-linux-g77
configure:6356: result: no
configure:6326: checking for mips-linux-xlf
configure:6356: result: no
configure:6326: checking for mips-linux-f77
configure:6356: result: no
configure:6326: checking for mips-linux-frt
configure:6356: result: no
configure:6326: checking for mips-linux-pgf77
configure:6356: result: no
configure:6326: checking for mips-linux-cf77
configure:6356: result: no
configure:6326: checking for mips-linux-fort77
configure:6356: result: no
configure:6326: checking for mips-linux-fl32
configure:6356: result: no
configure:6326: checking for mips-linux-af77
configure:6356: result: no
configure:6326: checking for mips-linux-xlf90
configure:6356: result: no
configure:6326: checking for mips-linux-f90
configure:6356: result: no
configure:6326: checking for mips-linux-pgf90
configure:6356: result: no
configure:6326: checking for mips-linux-pghpf
configure:6356: result: no
configure:6326: checking for mips-linux-epcf90
configure:6356: result: no
configure:6326: checking for mips-linux-gfortran
configure:6356: result: no
configure:6326: checking for mips-linux-g95
configure:6356: result: no
configure:6326: checking for mips-linux-xlf95
configure:6356: result: no
configure:6326: checking for mips-linux-f95
configure:6356: result: no
configure:6326: checking for mips-linux-fort
configure:6356: result: no
configure:6326: checking for mips-linux-ifort
configure:6356: result: no
configure:6326: checking for mips-linux-ifc
configure:6356: result: no
configure:6326: checking for mips-linux-efc
configure:6356: result: no
configure:6326: checking for mips-linux-pgf95
configure:6356: result: no
configure:6326: checking for mips-linux-lf95
configure:6356: result: no
configure:6326: checking for mips-linux-ftn
configure:6356: result: no
configure:6370: checking for g77
configure:6400: result: no
configure:6370: checking for xlf
configure:6400: result: no
configure:6370: checking for f77
configure:6400: result: no
configure:6370: checking for frt
configure:6400: result: no
configure:6370: checking for pgf77
configure:6400: result: no
configure:6370: checking for cf77
configure:6400: result: no
configure:6370: checking for fort77
configure:6400: result: no
configure:6370: checking for fl32
configure:6400: result: no
configure:6370: checking for af77
configure:6400: result: no
configure:6370: checking for xlf90
configure:6400: result: no
configure:6370: checking for f90
configure:6400: result: no
configure:6370: checking for pgf90
configure:6400: result: no
configure:6370: checking for pghpf
configure:6400: result: no
configure:6370: checking for epcf90
configure:6400: result: no
configure:6370: checking for gfortran
configure:6400: result: no
configure:6370: checking for g95
configure:6400: result: no
configure:6370: checking for xlf95
configure:6400: result: no
configure:6370: checking for f95
configure:6400: result: no
configure:6370: checking for fort
configure:6400: result: no
configure:6370: checking for ifort
configure:6400: result: no
configure:6370: checking for ifc
configure:6400: result: no
configure:6370: checking for efc
configure:6400: result: no
configure:6370: checking for pgf95
configure:6400: result: no
configure:6370: checking for lf95
configure:6400: result: no
configure:6370: checking for ftn
configure:6400: result: no
configure:6427: checking for Fortran 77 compiler version
configure:6434:  --version >&5
./configure: line 6435: --version: command not found
configure:6437: $? = 127
configure:6444:  -v >&5
./configure: line 6445: -v: command not found
configure:6447: $? = 127
configure:6454:  -V >&5
./configure: line 6455: -V: command not found
configure:6457: $? = 127
configure:6465: checking whether we are using the GNU Fortran 77 compiler
configure:6484:  -c  conftest.F >&5
./configure: line 6485: -c: command not found
configure:6490: $? = 127
configure: failed program was:
|       program main
| #ifndef __GNUC__
|        choke me
| #endif
| 
|       end
configure:6507: result: no
configure:6513: checking whether  accepts -g
configure:6530:  -c -g conftest.f >&5
./configure: line 6531: -c: command not found
configure:6536: $? = 127
configure: failed program was:
|       program main
| 
|       end
configure:6552: result: no
configure:6581: checking the maximum length of command line arguments
configure:6693: result: 3458764513820540925
configure:6705: checking command to parse mips-openwrt-linux-uclibc-nm output from mips-openwrt-linux-uclibc-gcc object
configure:6810: mips-openwrt-linux-uclibc-gcc -c -Os -Wall -DCONFIG_LANTIQ -DDEBUG_NOISY -DDEBUG_RCTEST -pipe -funit-at-a-time -Wno-pointer-sign -mips32r2 -mno-branch-likely -mtune=1004kc -DLINUX30 -DLINUX26 -DLINUX_KERNEL_VERSION=199272 --sysroot=/home/paldier/asuswrt/release/src-lantiq/tools/toolchain-mips_mips32_gcc-4.8-linaro_uClibc-0.9.33.2 -fPIC -ffunction-sections -fdata-sections -I/home/paldier/asuswrt/release/src-lantiq/router/libogg/include conftest.c >&5
configure:6813: $? = 0
configure:6817: mips-openwrt-linux-uclibc-nm conftest.o \| sed -n -e 's/^.*[ 	]\([ABCDGIRSTW][ABCDGIRSTW]*\)[ 	][ 	]*\([_A-Za-z][_A-Za-z0-9]*\)$/\1 \2 \2/p' \> conftest.nm
configure:6820: $? = 0
configure:6872: mips-openwrt-linux-uclibc-gcc -o conftest -Os -Wall -DCONFIG_LANTIQ -DDEBUG_NOISY -DDEBUG_RCTEST -pipe -funit-at-a-time -Wno-pointer-sign -mips32r2 -mno-branch-likely -mtune=1004kc -DLINUX30 -DLINUX26 -DLINUX_KERNEL_VERSION=199272 --sysroot=/home/paldier/asuswrt/release/src-lantiq/tools/toolchain-mips_mips32_gcc-4.8-linaro_uClibc-0.9.33.2 -fPIC -ffunction-sections -fdata-sections -I/home/paldier/asuswrt/release/src-lantiq/router/libogg/include -L/home/paldier/asuswrt/release/src-lantiq/router/libogg/src/.libs -fPIC -ffunction-sections -fdata-sections -Wl,--gc-sections -ldl conftest.c conftstm.o >&5
configure:6875: $? = 0
configure:6913: result: ok
configure:6917: checking for objdir
configure:6932: result: .libs
configure:6984: checking for mips-linux-ar
configure:7011: result: mips-openwrt-linux-uclibc-ar
configure:7080: checking for mips-linux-ranlib
configure:7107: result: mips-openwrt-linux-uclibc-ranlib
configure:7176: checking for mips-linux-strip
configure:7203: result: mips-openwrt-linux-uclibc-strip -R .note -R .comment
configure:7841: checking if mips-openwrt-linux-uclibc-gcc supports -fno-rtti -fno-exceptions
configure:7859: mips-openwrt-linux-uclibc-gcc -c -Os -Wall -DCONFIG_LANTIQ -DDEBUG_NOISY -DDEBUG_RCTEST -pipe -funit-at-a-time -Wno-pointer-sign -mips32r2 -mno-branch-likely -mtune=1004kc -DLINUX30 -DLINUX26 -DLINUX_KERNEL_VERSION=199272 --sysroot=/home/paldier/asuswrt/release/src-lantiq/tools/toolchain-mips_mips32_gcc-4.8-linaro_uClibc-0.9.33.2 -fPIC -ffunction-sections -fdata-sections -I/home/paldier/asuswrt/release/src-lantiq/router/libogg/include -fno-rtti -fno-exceptions conftest.c >&5
cc1: warning: command line option '-fno-rtti' is valid for C++/ObjC++ but not for C [enabled by default]
configure:7863: $? = 0
configure:7876: result: no
configure:7891: checking for mips-openwrt-linux-uclibc-gcc option to produce PIC
configure:8123: result: -fPIC
configure:8131: checking if mips-openwrt-linux-uclibc-gcc PIC flag -fPIC works
configure:8149: mips-openwrt-linux-uclibc-gcc -c -Os -Wall -DCONFIG_LANTIQ -DDEBUG_NOISY -DDEBUG_RCTEST -pipe -funit-at-a-time -Wno-pointer-sign -mips32r2 -mno-branch-likely -mtune=1004kc -DLINUX30 -DLINUX26 -DLINUX_KERNEL_VERSION=199272 --sysroot=/home/paldier/asuswrt/release/src-lantiq/tools/toolchain-mips_mips32_gcc-4.8-linaro_uClibc-0.9.33.2 -fPIC -ffunction-sections -fdata-sections -I/home/paldier/asuswrt/release/src-lantiq/router/libogg/include -fPIC -DPIC conftest.c >&5
configure:8153: $? = 0
configure:8166: result: yes
configure:8194: checking if mips-openwrt-linux-uclibc-gcc static flag -static works
configure:8222: result: yes
configure:8232: checking if mips-openwrt-linux-uclibc-gcc supports -c -o file.o
configure:8253: mips-openwrt-linux-uclibc-gcc -c -Os -Wall -DCONFIG_LANTIQ -DDEBUG_NOISY -DDEBUG_RCTEST -pipe -funit-at-a-time -Wno-pointer-sign -mips32r2 -mno-branch-likely -mtune=1004kc -DLINUX30 -DLINUX26 -DLINUX_KERNEL_VERSION=199272 --sysroot=/home/paldier/asuswrt/release/src-lantiq/tools/toolchain-mips_mips32_gcc-4.8-linaro_uClibc-0.9.33.2 -fPIC -ffunction-sections -fdata-sections -I/home/paldier/asuswrt/release/src-lantiq/router/libogg/include -o out/conftest2.o conftest.c >&5
configure:8257: $? = 0
configure:8279: result: yes
configure:8305: checking whether the mips-openwrt-linux-uclibc-gcc linker (mips-openwrt-linux-uclibc-ld) supports shared libraries
configure:9286: result: yes
configure:9307: checking whether -lc should be explicitly linked in
configure:9312: mips-openwrt-linux-uclibc-gcc -c -Os -Wall -DCONFIG_LANTIQ -DDEBUG_NOISY -DDEBUG_RCTEST -pipe -funit-at-a-time -Wno-pointer-sign -mips32r2 -mno-branch-likely -mtune=1004kc -DLINUX30 -DLINUX26 -DLINUX_KERNEL_VERSION=199272 --sysroot=/home/paldier/asuswrt/release/src-lantiq/tools/toolchain-mips_mips32_gcc-4.8-linaro_uClibc-0.9.33.2 -fPIC -ffunction-sections -fdata-sections -I/home/paldier/asuswrt/release/src-lantiq/router/libogg/include conftest.c >&5
configure:9315: $? = 0
configure:9330: mips-openwrt-linux-uclibc-gcc -shared conftest.o  -v -Wl,-soname -Wl,conftest -o conftest 2\>\&1 \| grep  -lc  \>/dev/null 2\>\&1
configure:9333: $? = 0
configure:9345: result: no
configure:9353: checking dynamic linker characteristics
configure:9967: result: GNU/Linux ld.so
configure:9991: checking how to hardcode library paths into programs
configure:10016: result: immediate
configure:10030: checking whether stripping libraries is possible
configure:10035: result: yes
configure:10837: checking if libtool supports shared libraries
configure:10839: result: yes
configure:10842: checking whether to build shared libraries
configure:10863: result: yes
configure:10866: checking whether to build static libraries
configure:10870: result: yes
configure:10964: creating libtool
configure:11557: checking for ld used by mips-openwrt-linux-uclibc-g++
configure:11624: result: mips-openwrt-linux-uclibc-ld
configure:11633: checking if the linker (mips-openwrt-linux-uclibc-ld) is GNU ld
configure:11648: result: yes
configure:11699: checking whether the mips-openwrt-linux-uclibc-g++ linker (mips-openwrt-linux-uclibc-ld) supports shared libraries
configure:12645: result: yes
configure:12662: mips-openwrt-linux-uclibc-g++ -c -g -O2 -I/home/paldier/asuswrt/release/src-lantiq/router/libogg/include conftest.cpp >&5
configure:12665: $? = 0
configure:12821: checking for mips-openwrt-linux-uclibc-g++ option to produce PIC
configure:13105: result: -fPIC
configure:13113: checking if mips-openwrt-linux-uclibc-g++ PIC flag -fPIC works
configure:13131: mips-openwrt-linux-uclibc-g++ -c -g -O2 -I/home/paldier/asuswrt/release/src-lantiq/router/libogg/include -fPIC -DPIC conftest.cpp >&5
configure:13135: $? = 0
configure:13148: result: yes
configure:13176: checking if mips-openwrt-linux-uclibc-g++ static flag -static works
configure:13204: result: yes
configure:13214: checking if mips-openwrt-linux-uclibc-g++ supports -c -o file.o
configure:13235: mips-openwrt-linux-uclibc-g++ -c -g -O2 -I/home/paldier/asuswrt/release/src-lantiq/router/libogg/include -o out/conftest2.o conftest.cpp >&5
configure:13239: $? = 0
configure:13261: result: yes
configure:13287: checking whether the mips-openwrt-linux-uclibc-g++ linker (mips-openwrt-linux-uclibc-ld) supports shared libraries
configure:13316: result: yes
configure:13383: checking dynamic linker characteristics
configure:13945: result: GNU/Linux ld.so
configure:13969: checking how to hardcode library paths into programs
configure:13994: result: immediate
configure:20242: checking whether mips-openwrt-linux-uclibc-gcc and cc understand -c and -o together
configure:20277: mips-openwrt-linux-uclibc-gcc -c conftest.c -o conftest2.o >&5
configure:20280: $? = 0
configure:20286: mips-openwrt-linux-uclibc-gcc -c conftest.c -o conftest2.o >&5
configure:20289: $? = 0
configure:20300: cc -c conftest.c >&5
configure:20303: $? = 0
configure:20311: cc -c conftest.c -o conftest2.o >&5
configure:20314: $? = 0
configure:20320: cc -c conftest.c -o conftest2.o >&5
configure:20323: $? = 0
configure:20341: result: yes
configure:20500: checking GCC version
configure:20503: result: 4.8.3
configure:20674: checking if mips-openwrt-linux-uclibc-gcc accepts -Wdeclaration-after-statement
configure:20699: mips-openwrt-linux-uclibc-gcc -o conftest -O20 -Wall -Wextra -ffast-math -D_REENTRANT -fsigned-char -Wdeclaration-after-statement -I/home/paldier/asuswrt/release/src-lantiq/router/libogg/include -L/home/paldier/asuswrt/release/src-lantiq/router/libogg/src/.libs -fPIC -ffunction-sections -fdata-sections -Wl,--gc-sections -ldl conftest.c  >&5
configure:20705: $? = 0
configure:20711: result: yes
configure:20730: checking for memory.h
configure:20735: result: yes
configure:20870: checking for cos in -lm
configure:20905: mips-openwrt-linux-uclibc-gcc -o conftest -O20 -Wall -Wextra -ffast-math -D_REENTRANT -fsigned-char -Wdeclaration-after-statement -Os -Wall -DCONFIG_LANTIQ -DDEBUG_NOISY -DDEBUG_RCTEST -pipe -funit-at-a-time -Wno-pointer-sign -mips32r2 -mno-branch-likely -mtune=1004kc -DLINUX30 -DLINUX26 -DLINUX_KERNEL_VERSION=199272 --sysroot=/home/paldier/asuswrt/release/src-lantiq/tools/toolchain-mips_mips32_gcc-4.8-linaro_uClibc-0.9.33.2 -fPIC -ffunction-sections -fdata-sections -DUSE_MEMORY_H -I/home/paldier/asuswrt/release/src-lantiq/router/libogg/include -L/home/paldier/asuswrt/release/src-lantiq/router/libogg/src/.libs -fPIC -ffunction-sections -fdata-sections -Wl,--gc-sections -ldl conftest.c -lm   >&5
conftest.c:28:6: warning: conflicting types for built-in function 'cos' [enabled by default]
 char cos ();
      ^
configure:20911: $? = 0
configure:20929: result: yes
configure:20937: checking for pthread_create in -lpthread
configure:20972: mips-openwrt-linux-uclibc-gcc -o conftest -O20 -Wall -Wextra -ffast-math -D_REENTRANT -fsigned-char -Wdeclaration-after-statement -Os -Wall -DCONFIG_LANTIQ -DDEBUG_NOISY -DDEBUG_RCTEST -pipe -funit-at-a-time -Wno-pointer-sign -mips32r2 -mno-branch-likely -mtune=1004kc -DLINUX30 -DLINUX26 -DLINUX_KERNEL_VERSION=199272 --sysroot=/home/paldier/asuswrt/release/src-lantiq/tools/toolchain-mips_mips32_gcc-4.8-linaro_uClibc-0.9.33.2 -fPIC -ffunction-sections -fdata-sections -DUSE_MEMORY_H -I/home/paldier/asuswrt/release/src-lantiq/router/libogg/include -L/home/paldier/asuswrt/release/src-lantiq/router/libogg/src/.libs -fPIC -ffunction-sections -fdata-sections -Wl,--gc-sections -ldl conftest.c -lpthread   >&5
configure:20978: $? = 0
configure:20996: result: yes
configure:21011: checking for mips-linux-pkg-config
configure:21044: result: no
configure:21054: checking for pkg-config
configure:21072: found /usr/bin/pkg-config
configure:21084: result: /usr/bin/pkg-config
configure:21098: WARNING: In the future, Autoconf will not detect cross-tools
whose name does not start with the host triplet.  If you think this
configuration is useful to you, please write to autoconf@gnu.org.
configure:21113: checking pkg-config is at least version 0.9.0
configure:21116: result: yes
configure:21131: checking for OGG
configure:21139: $PKG_CONFIG --exists --print-errors "ogg >= 1.0"
Package ogg was not found in the pkg-config search path.
Perhaps you should add the directory containing `ogg.pc'
to the PKG_CONFIG_PATH environment variable
No package 'ogg' found
configure:21142: $? = 1
configure:21157: $PKG_CONFIG --exists --print-errors "ogg >= 1.0"
Package ogg was not found in the pkg-config search path.
Perhaps you should add the directory containing `ogg.pc'
to the PKG_CONFIG_PATH environment variable
No package 'ogg' found
configure:21160: $? = 1
No package 'ogg' found
configure:21188: result: no
configure:21259: checking for Ogg
configure:21342: result: yes
configure:21425: checking for oggpack_writealign
configure:21481: mips-openwrt-linux-uclibc-gcc -o conftest -O20 -Wall -Wextra -ffast-math -D_REENTRANT -fsigned-char -Wdeclaration-after-statement -Os -Wall -DCONFIG_LANTIQ -DDEBUG_NOISY -DDEBUG_RCTEST -pipe -funit-at-a-time -Wno-pointer-sign -mips32r2 -mno-branch-likely -mtune=1004kc -DLINUX30 -DLINUX26 -DLINUX_KERNEL_VERSION=199272 --sysroot=/home/paldier/asuswrt/release/src-lantiq/tools/toolchain-mips_mips32_gcc-4.8-linaro_uClibc-0.9.33.2 -fPIC -ffunction-sections -fdata-sections -DUSE_MEMORY_H -I/home/paldier/asuswrt/release/src-lantiq/router/libogg/include -L/home/paldier/asuswrt/release/src-lantiq/router/libogg/src/.libs -fPIC -ffunction-sections -fdata-sections -Wl,--gc-sections -ldl conftest.c -L/home/paldier/asuswrt/release/src-lantiq/router/libogg/src/.libs -logg -lm >&5
configure:21487: $? = 0
configure:21504: result: yes
configure:21520: checking for working alloca.h
configure:21547: mips-openwrt-linux-uclibc-gcc -o conftest -O20 -Wall -Wextra -ffast-math -D_REENTRANT -fsigned-char -Wdeclaration-after-statement -Os -Wall -DCONFIG_LANTIQ -DDEBUG_NOISY -DDEBUG_RCTEST -pipe -funit-at-a-time -Wno-pointer-sign -mips32r2 -mno-branch-likely -mtune=1004kc -DLINUX30 -DLINUX26 -DLINUX_KERNEL_VERSION=199272 --sysroot=/home/paldier/asuswrt/release/src-lantiq/tools/toolchain-mips_mips32_gcc-4.8-linaro_uClibc-0.9.33.2 -fPIC -ffunction-sections -fdata-sections -DUSE_MEMORY_H -I/home/paldier/asuswrt/release/src-lantiq/router/libogg/include -L/home/paldier/asuswrt/release/src-lantiq/router/libogg/src/.libs -fPIC -ffunction-sections -fdata-sections -Wl,--gc-sections -ldl conftest.c  >&5
configure:21553: $? = 0
configure:21570: result: yes
configure:21580: checking for alloca
configure:21627: mips-openwrt-linux-uclibc-gcc -o conftest -O20 -Wall -Wextra -ffast-math -D_REENTRANT -fsigned-char -Wdeclaration-after-statement -Os -Wall -DCONFIG_LANTIQ -DDEBUG_NOISY -DDEBUG_RCTEST -pipe -funit-at-a-time -Wno-pointer-sign -mips32r2 -mno-branch-likely -mtune=1004kc -DLINUX30 -DLINUX26 -DLINUX_KERNEL_VERSION=199272 --sysroot=/home/paldier/asuswrt/release/src-lantiq/tools/toolchain-mips_mips32_gcc-4.8-linaro_uClibc-0.9.33.2 -fPIC -ffunction-sections -fdata-sections -DUSE_MEMORY_H -I/home/paldier/asuswrt/release/src-lantiq/router/libogg/include -L/home/paldier/asuswrt/release/src-lantiq/router/libogg/src/.libs -fPIC -ffunction-sections -fdata-sections -Wl,--gc-sections -ldl conftest.c  >&5
configure:21633: $? = 0
configure:21650: result: yes
configure:21877: checking for working memcmp
configure:21958: result: no
configure:22106: creating ./config.status

## ---------------------- ##
## Running config.status. ##
## ---------------------- ##

This file was extended by libvorbis config.status 1.2.3, which was
generated by GNU Autoconf 2.61.  Invocation command line was

  CONFIG_FILES    = 
  CONFIG_HEADERS  = 
  CONFIG_LINKS    = 
  CONFIG_COMMANDS = 
  $ ./config.status 

on paldier-VirtualBox

config.status:716: creating Makefile
config.status:716: creating m4/Makefile
config.status:716: creating lib/Makefile
config.status:716: creating lib/modes/Makefile
config.status:716: creating lib/books/Makefile
config.status:716: creating lib/books/coupled/Makefile
config.status:716: creating lib/books/uncoupled/Makefile
config.status:716: creating lib/books/floor/Makefile
config.status:716: creating doc/Makefile
config.status:716: creating doc/vorbisfile/Makefile
config.status:716: creating doc/vorbisenc/Makefile
config.status:716: creating include/Makefile
config.status:716: creating include/vorbis/Makefile
config.status:716: creating examples/Makefile
config.status:716: creating test/Makefile
config.status:716: creating vq/Makefile
config.status:716: creating libvorbis.spec
config.status:716: creating vorbis.pc
config.status:716: creating vorbisenc.pc
config.status:716: creating vorbisfile.pc
config.status:716: creating vorbis-uninstalled.pc
config.status:716: creating vorbisenc-uninstalled.pc
config.status:716: creating vorbisfile-uninstalled.pc
config.status:716: creating config.h
config.status:945: config.h is unchanged
config.status:992: executing depfiles commands

## ---------------- ##
## Cache variables. ##
## ---------------- ##

ac_cv_build=x86_64-unknown-linux-gnu
ac_cv_c_compiler_gnu=yes
ac_cv_c_inline=inline
ac_cv_cxx_compiler_gnu=yes
ac_cv_env_CCC_set=
ac_cv_env_CCC_value=
ac_cv_env_CC_set=set
ac_cv_env_CC_value=mips-openwrt-linux-uclibc-gcc
ac_cv_env_CFLAGS_set=set
ac_cv_env_CFLAGS_value='-Os -Wall -DCONFIG_LANTIQ -DDEBUG_NOISY -DDEBUG_RCTEST -pipe -funit-at-a-time -Wno-pointer-sign -mips32r2 -mno-branch-likely -mtune=1004kc -DLINUX30 -DLINUX26 -DLINUX_KERNEL_VERSION=199272 --sysroot=/home/paldier/asuswrt/release/src-lantiq/tools/toolchain-mips_mips32_gcc-4.8-linaro_uClibc-0.9.33.2 -fPIC -ffunction-sections -fdata-sections'
ac_cv_env_CPPFLAGS_set=set
ac_cv_env_CPPFLAGS_value=-I/home/paldier/asuswrt/release/src-lantiq/router/libogg/include
ac_cv_env_CPP_set=
ac_cv_env_CPP_value=
ac_cv_env_CXXCPP_set=
ac_cv_env_CXXCPP_value=
ac_cv_env_CXXFLAGS_set=
ac_cv_env_CXXFLAGS_value=
ac_cv_env_CXX_set=set
ac_cv_env_CXX_value=mips-openwrt-linux-uclibc-g++
ac_cv_env_F77_set=
ac_cv_env_F77_value=
ac_cv_env_FFLAGS_set=
ac_cv_env_FFLAGS_value=
ac_cv_env_LDFLAGS_set=set
ac_cv_env_LDFLAGS_value='-L/home/paldier/asuswrt/release/src-lantiq/router/libogg/src/.libs -fPIC -ffunction-sections -fdata-sections -Wl,--gc-sections -ldl'
ac_cv_env_LIBS_set=
ac_cv_env_LIBS_value=
ac_cv_env_OGG_CFLAGS_set=
ac_cv_env_OGG_CFLAGS_value=
ac_cv_env_OGG_LIBS_set=
ac_cv_env_OGG_LIBS_value=
ac_cv_env_PKG_CONFIG_set=
ac_cv_env_PKG_CONFIG_value=
ac_cv_env_build_alias_set=set
ac_cv_env_build_alias_value=
ac_cv_env_host_alias_set=set
ac_cv_env_host_alias_value=mips-linux
ac_cv_env_target_alias_set=
ac_cv_env_target_alias_value=
ac_cv_f77_compiler_gnu=no
ac_cv_func_alloca_works=yes
ac_cv_func_memcmp_working=no
ac_cv_func_oggpack_writealign=yes
ac_cv_header_dlfcn_h=yes
ac_cv_header_inttypes_h=yes
ac_cv_header_memory_h=yes
ac_cv_header_stdc=yes
ac_cv_header_stdint_h=yes
ac_cv_header_stdlib_h=yes
ac_cv_header_string_h=yes
ac_cv_header_strings_h=yes
ac_cv_header_sys_stat_h=yes
ac_cv_header_sys_types_h=yes
ac_cv_header_unistd_h=yes
ac_cv_host=mips-unknown-linux-gnu
ac_cv_lib_m_cos=yes
ac_cv_lib_pthread_pthread_create=yes
ac_cv_objext=o
ac_cv_path_EGREP='/bin/grep -E'
ac_cv_path_GREP=/bin/grep
ac_cv_path_ac_pt_PKG_CONFIG=/usr/bin/pkg-config
ac_cv_path_install='/usr/bin/install -c'
ac_cv_path_mkdir=/bin/mkdir
ac_cv_prog_AR=mips-openwrt-linux-uclibc-ar
ac_cv_prog_AWK=gawk
ac_cv_prog_CC=mips-openwrt-linux-uclibc-gcc
ac_cv_prog_CPP='mips-openwrt-linux-uclibc-gcc -E'
ac_cv_prog_CXXCPP='mips-openwrt-linux-uclibc-g++ -E'
ac_cv_prog_RANLIB=mips-openwrt-linux-uclibc-ranlib
ac_cv_prog_STRIP='mips-openwrt-linux-uclibc-strip -R .note -R .comment'
ac_cv_prog_cc_c89=
ac_cv_prog_cc_g=yes
ac_cv_prog_cc_mips_openwrt_linux_uclibc_gcc_c_o=yes
ac_cv_prog_cxx_g=yes
ac_cv_prog_f77_g=no
ac_cv_prog_make_make_set=yes
ac_cv_target=mips-unknown-linux-gnu
ac_cv_working_alloca_h=yes
am_cv_CC_dependencies_compiler_type=gcc3
am_cv_CXX_dependencies_compiler_type=gcc3
lt_cv_deplibs_check_method=pass_all
lt_cv_file_magic_cmd='$MAGIC_CMD'
lt_cv_file_magic_test_file=
lt_cv_ld_reload_flag=-r
lt_cv_objdir=.libs
lt_cv_path_LD=mips-openwrt-linux-uclibc-ld
lt_cv_path_LDCXX=mips-openwrt-linux-uclibc-ld
lt_cv_path_NM=mips-openwrt-linux-uclibc-nm
lt_cv_path_SED=/bin/sed
lt_cv_prog_compiler_c_o=yes
lt_cv_prog_compiler_c_o_CXX=yes
lt_cv_prog_compiler_pic_works=yes
lt_cv_prog_compiler_pic_works_CXX=yes
lt_cv_prog_compiler_rtti_exceptions=no
lt_cv_prog_compiler_static_works=yes
lt_cv_prog_compiler_static_works_CXX=yes
lt_cv_prog_gnu_ld=yes
lt_cv_prog_gnu_ldcxx=yes
lt_cv_sys_global_symbol_pipe='sed -n -e '\''s/^.*[ 	]\([ABCDGIRSTW][ABCDGIRSTW]*\)[ 	][ 	]*\([_A-Za-z][_A-Za-z0-9]*\)$/\1 \2 \2/p'\'''
lt_cv_sys_global_symbol_to_c_name_address='sed -n -e '\''s/^: \([^ ]*\) $/  {\"\1\", (lt_ptr) 0},/p'\'' -e '\''s/^[BCDEGRST] \([^ ]*\) \([^ ]*\)$/  {"\2", (lt_ptr) \&\2},/p'\'''
lt_cv_sys_global_symbol_to_cdecl='sed -n -e '\''s/^. .* \(.*\)$/extern int \1;/p'\'''
lt_cv_sys_lib_dlsearch_path_spec='/lib /usr/lib /var/lib/VBoxGuestAdditions/lib /usr/lib/x86_64-linux-gnu/libfakeroot /lib/i386-linux-gnu /usr/lib/i386-linux-gnu /lib/i686-linux-gnu /usr/lib/i686-linux-gnu /usr/local/lib /lib/x86_64-linux-gnu /usr/lib/x86_64-linux-gnu /usr/lib/x86_64-linux-gnu/mesa-egl /usr/lib/x86_64-linux-gnu/mesa /lib32 /usr/lib32 /libx32 /usr/libx32 '
lt_cv_sys_lib_search_path_spec='/home/paldier/asuswrt/release/src-lantiq/tools/toolchain-mips_mips32_gcc-4.8-linaro_uClibc-0.9.33.2/lib/gcc/mips-openwrt-linux-uclibc/4.8.3 /home/paldier/asuswrt/release/src-lantiq/tools/toolchain-mips_mips32_gcc-4.8-linaro_uClibc-0.9.33.2/lib/gcc /home/paldier/asuswrt/release/src-lantiq/tools/toolchain-mips_mips32_gcc-4.8-linaro_uClibc-0.9.33.2/mips-openwrt-linux-uclibc/lib'
lt_cv_sys_max_cmd_len=3458764513820540925
lt_lt_cv_prog_compiler_c_o='"yes"'
lt_lt_cv_prog_compiler_c_o_CXX='"yes"'
lt_lt_cv_sys_global_symbol_pipe='"sed -n -e '\''s/^.*[ 	]\\([ABCDGIRSTW][ABCDGIRSTW]*\\)[ 	][ 	]*\\([_A-Za-z][_A-Za-z0-9]*\\)\$/\\1 \\2 \\2/p'\''"'
lt_lt_cv_sys_global_symbol_to_c_name_address='"sed -n -e '\''s/^: \\([^ ]*\\) \$/  {\\\"\\1\\\", (lt_ptr) 0},/p'\'' -e '\''s/^[BCDEGRST] \\([^ ]*\\) \\([^ ]*\\)\$/  {\"\\2\", (lt_ptr) \\&\\2},/p'\''"'
lt_lt_cv_sys_global_symbol_to_cdecl='"sed -n -e '\''s/^. .* \\(.*\\)\$/extern int \\1;/p'\''"'

## ----------------- ##
## Output variables. ##
## ----------------- ##

ACLOCAL='${SHELL} /home/paldier/asuswrt/release/src/router/libvorbis/missing --run aclocal-1.10'
ACLOCAL_AMFLAGS='-I m4'
ALLOCA=''
AMDEPBACKSLASH='\'
AMDEP_FALSE='#'
AMDEP_TRUE=''
AMTAR='${SHELL} /home/paldier/asuswrt/release/src/router/libvorbis/missing --run tar'
AR='mips-openwrt-linux-uclibc-ar'
AS='mips-openwrt-linux-uclibc-as'
AUTOCONF='${SHELL} /home/paldier/asuswrt/release/src/router/libvorbis/missing --run autoconf'
AUTOHEADER='${SHELL} /home/paldier/asuswrt/release/src/router/libvorbis/missing --run autoheader'
AUTOMAKE='${SHELL} /home/paldier/asuswrt/release/src/router/libvorbis/missing --run automake-1.10'
AWK='gawk'
BUILD_DOCS_FALSE=''
BUILD_DOCS_TRUE='#'
CC='mips-openwrt-linux-uclibc-gcc'
CCDEPMODE='depmode=gcc3'
CFLAGS='-O20 -Wall -Wextra -ffast-math -D_REENTRANT -fsigned-char -Wdeclaration-after-statement -Os -Wall -DCONFIG_LANTIQ -DDEBUG_NOISY -DDEBUG_RCTEST -pipe -funit-at-a-time -Wno-pointer-sign -mips32r2 -mno-branch-likely -mtune=1004kc -DLINUX30 -DLINUX26 -DLINUX_KERNEL_VERSION=199272 --sysroot=/home/paldier/asuswrt/release/src-lantiq/tools/toolchain-mips_mips32_gcc-4.8-linaro_uClibc-0.9.33.2 -fPIC -ffunction-sections -fdata-sections -DUSE_MEMORY_H'
CPP='mips-openwrt-linux-uclibc-gcc -E'
CPPFLAGS='-I/home/paldier/asuswrt/release/src-lantiq/router/libogg/include'
CXX='mips-openwrt-linux-uclibc-g++'
CXXCPP='mips-openwrt-linux-uclibc-g++ -E'
CXXDEPMODE='depmode=gcc3'
CXXFLAGS='-g -O2'
CYGPATH_W='echo'
DEBUG='-g -Wall -Wextra -D_REENTRANT -D__NO_MATH_INLINES -fsigned-char'
DEFS='-DHAVE_CONFIG_H'
DEPDIR='.deps'
DLLTOOL='dlltool'
DSYMUTIL=''
ECHO='echo'
ECHO_C=''
ECHO_N='-n'
ECHO_T=''
EGREP='/bin/grep -E'
EXEEXT=''
F77=''
FFLAGS=''
GREP='/bin/grep'
HTLATEX=''
INSTALL_DATA='${INSTALL} -m 644'
INSTALL_PROGRAM='${INSTALL}'
INSTALL_SCRIPT='${INSTALL}'
INSTALL_STRIP_PROGRAM='$(install_sh) -c -s'
LDFLAGS='-L/home/paldier/asuswrt/release/src-lantiq/router/libogg/src/.libs -fPIC -ffunction-sections -fdata-sections -Wl,--gc-sections -ldl'
LIBOBJS=' ${LIBOBJDIR}memcmp$U.o'
LIBS=''
LIBTOOL='$(SHELL) $(top_builddir)/libtool'
LIBTOOL_DEPS='./ltmain.sh'
LN_S='ln -s'
LTLIBOBJS=' ${LIBOBJDIR}memcmp$U.lo'
MAKEINFO='${SHELL} /home/paldier/asuswrt/release/src/router/libvorbis/missing --run makeinfo'
NMEDIT=''
OBJDUMP='mips-openwrt-linux-uclibc-objdump'
OBJEXT='o'
OGG_CFLAGS='-I/home/paldier/asuswrt/release/src-lantiq/router/libogg/include'
OGG_LIBS='-L/home/paldier/asuswrt/release/src-lantiq/router/libogg/src/.libs -logg'
PACKAGE='libvorbis'
PACKAGE_BUGREPORT='vorbis-dev@xiph.org'
PACKAGE_NAME='libvorbis'
PACKAGE_STRING='libvorbis 1.2.3'
PACKAGE_TARNAME='libvorbis'
PACKAGE_VERSION='1.2.3'
PATH_SEPARATOR=':'
PDFLATEX=''
PKG_CONFIG='/usr/bin/pkg-config'
PROFILE='-pg -g -O20 -ffast-math -D_REENTRANT -fsigned-char'
RANLIB='mips-openwrt-linux-uclibc-ranlib'
SED='/bin/sed'
SET_MAKE=''
SHELL='/bin/bash'
STRIP='mips-openwrt-linux-uclibc-strip -R .note -R .comment'
VERSION='1.2.3'
VE_LIB_AGE='0'
VE_LIB_CURRENT='2'
VE_LIB_REVISION='6'
VF_LIB_AGE='3'
VF_LIB_CURRENT='6'
VF_LIB_REVISION='2'
VORBIS_LIBS='-lm'
V_LIB_AGE='4'
V_LIB_CURRENT='4'
V_LIB_REVISION='3'
ac_ct_CC=''
ac_ct_CXX=''
ac_ct_F77=''
am__fastdepCC_FALSE='#'
am__fastdepCC_TRUE=''
am__fastdepCXX_FALSE='#'
am__fastdepCXX_TRUE=''
am__include='include'
am__isrc=''
am__leading_dot='.'
am__quote=''
am__tar='${AMTAR} chof - "$$tardir"'
am__untar='${AMTAR} xf -'
bindir='${exec_prefix}/bin'
build='x86_64-unknown-linux-gnu'
build_alias=''
build_cpu='x86_64'
build_os='linux-gnu'
build_vendor='unknown'
datadir='${datarootdir}'
datarootdir='${prefix}/share'
docdir='${datarootdir}/doc/${PACKAGE_TARNAME}'
dvidir='${docdir}'
exec_prefix='${prefix}'
host='mips-unknown-linux-gnu'
host_alias='mips-linux'
host_cpu='mips'
host_os='linux-gnu'
host_vendor='unknown'
htmldir='${docdir}'
includedir='${prefix}/include'
infodir='${datarootdir}/info'
install_sh='$(SHELL) /home/paldier/asuswrt/release/src/router/libvorbis/install-sh'
libdir='${exec_prefix}/lib'
libexecdir='${exec_prefix}/libexec'
localedir='${datarootdir}/locale'
localstatedir='${prefix}/var'
mandir='${datarootdir}/man'
mkdir_p='/bin/mkdir -p'
oldincludedir='/usr/include'
pdfdir='${docdir}'
prefix=''
program_transform_name='s,x,x,'
psdir='${docdir}'
pthread_lib='-lpthread'
sbindir='${exec_prefix}/sbin'
sharedstatedir='${prefix}/com'
sysconfdir='${prefix}/etc'
target='mips-unknown-linux-gnu'
target_alias=''
target_cpu='mips'
target_os='linux-gnu'
target_vendor='unknown'

## ----------- ##
## confdefs.h. ##
## ----------- ##

#define PACKAGE_NAME "libvorbis"
#define PACKAGE_TARNAME "libvorbis"
#define PACKAGE_VERSION "1.2.3"
#define PACKAGE_STRING "libvorbis 1.2.3"
#define PACKAGE_BUGREPORT "vorbis-dev@xiph.org"
#define PACKAGE "libvorbis"
#define VERSION "1.2.3"
#define STDC_HEADERS 1
#define HAVE_SYS_TYPES_H 1
#define HAVE_SYS_STAT_H 1
#define HAVE_STDLIB_H 1
#define HAVE_STRING_H 1
#define HAVE_MEMORY_H 1
#define HAVE_STRINGS_H 1
#define HAVE_INTTYPES_H 1
#define HAVE_STDINT_H 1
#define HAVE_UNISTD_H 1
#define HAVE_DLFCN_H 1
#define HAVE_ALLOCA_H 1
#define HAVE_ALLOCA 1

configure: exit 0
