This file contains any messages produced by compilers while
running configure, to aid debugging if configure makes a mistake.

It was created by gdbm configure 1.8.3, which was
generated by GNU Autoconf 2.54.  Invocation command line was

  $ ./configure --host=mips-linux --build= --enable-shared --enable-static --prefix=

## --------- ##
## Platform. ##
## --------- ##

hostname = paldier-VirtualBox
uname -m = x86_64
uname -r = 4.2.0-42-generic
uname -s = Linux
uname -v = #49~14.04.1-Ubuntu SMP Wed Jun 29 20:22:11 UTC 2016

/usr/bin/uname -p = unknown
/bin/uname -X     = unknown

/bin/arch              = unknown
/usr/bin/arch -k       = unknown
/usr/convex/getsysinfo = unknown
hostinfo               = unknown
/bin/machine           = unknown
/usr/bin/oslevel       = unknown
/bin/universe          = unknown

PATH: "/usr/local/sbin
PATH: /usr/local/bin
PATH: /usr/sbin
PATH: /usr/bin
PATH: /sbin
PATH: /bin
PATH: /usr/games
PATH: /usr/local/games
PATH: /snap/bin
PATH: /opt/brcm/hndtools-mipsel-linux/bin
PATH: /opt/brcm/hndtools-mipsel-uclibc/bin
PATH: /projects/tools
PATH: /projects/hnd/tools/linux/hndtools-arm-linux-2.6.36-uclibc-4.5.3/bin
PATH: /projects/hnd/tools/linux/hndtools-arm-linux-2.6.36-uclibc-4.5.3/arm-linux/bin
PATH: /projects/hnd/tools/linux/hndtools-arm-linux-2.6.36-uclibc-4.5.3/usr/bin
PATH: /projects/hnd/tools/linux/hndtools-armeabi-2011.09/bin"
PATH: /home/paldier/asuswrt/release/src-lantiq/tools/toolchain-mips_mips32_gcc-4.8-linaro_uClibc-0.9.33.2/bin
PATH: /home/paldier/asuswrt/release/src-lantiq/tools/host/bin


## ----------- ##
## Core tests. ##
## ----------- ##

configure:1422: checking for mips-linux-gcc
configure:1448: result: mips-openwrt-linux-uclibc-gcc
configure:1728: checking for C compiler version
configure:1731: mips-openwrt-linux-uclibc-gcc --version </dev/null >&5
mips-openwrt-linux-uclibc-gcc (OpenWrt/Linaro GCC 4.8-2014.04 15.05_ltq) 4.8.3
Copyright (C) 2013 Free Software Foundation, Inc.
This is free software; see the source for copying conditions.  There is NO
warranty; not even for MERCHANTABILITY or FITNESS FOR A PARTICULAR PURPOSE.

configure:1734: $? = 0
configure:1736: mips-openwrt-linux-uclibc-gcc -v </dev/null >&5
Reading specs from /home/paldier/asuswrt/release/src-lantiq/tools/toolchain-mips_mips32_gcc-4.8-linaro_uClibc-0.9.33.2/bin/../lib/gcc/mips-openwrt-linux-uclibc/4.8.3/specs
COLLECT_GCC=mips-openwrt-linux-uclibc-gcc
COLLECT_LTO_WRAPPER=/home/paldier/asuswrt/release/src-lantiq/tools/toolchain-mips_mips32_gcc-4.8-linaro_uClibc-0.9.33.2/bin/../libexec/gcc/mips-openwrt-linux-uclibc/4.8.3/lto-wrapper
Target: mips-openwrt-linux-uclibc
Configured with: /media/intel160g/3asuswrt/UGW-7.2MR1/UGW-7.2.1.20-SW-CD/Sources/UGW-7.2.1.20/build_dir/toolchain-mips_mips32_gcc-4.8-linaro_uClibc-0.9.33.2/gcc-linaro-4.8-2014.04/configure --with-bugurl=https://dev.openwrt.org/ --with-pkgversion='OpenWrt/Linaro GCC 4.8-2014.04 15.05_ltq' --prefix=/media/intel160g/3asuswrt/UGW-7.2MR1/UGW-7.2.1.20-SW-CD/Sources/UGW-7.2.1.20/staging_dir/toolchain-mips_mips32_gcc-4.8-linaro_uClibc-0.9.33.2 --build=i686-linux-gnu --host=i686-linux-gnu --target=mips-openwrt-linux-uclibc --with-gnu-ld --enable-target-optspace --disable-libgomp --disable-libmudflap --disable-multilib --disable-nls --with-host-libstdcxx=-lstdc++ --with-float=soft --with-gmp=/media/intel160g/3asuswrt/UGW-7.2MR1/UGW-7.2.1.20-SW-CD/Sources/UGW-7.2.1.20/staging_dir/host --with-mpfr=/media/intel160g/3asuswrt/UGW-7.2MR1/UGW-7.2.1.20-SW-CD/Sources/UGW-7.2.1.20/staging_dir/host --with-mpc=/media/intel160g/3asuswrt/UGW-7.2MR1/UGW-7.2.1.20-SW-CD/Sources/UGW-7.2.1.20/staging_dir/host --disable-decimal-float --with-mips-plt --enable-libssp --disable-__cxa_atexit --with-headers=/media/intel160g/3asuswrt/UGW-7.2MR1/UGW-7.2.1.20-SW-CD/Sources/UGW-7.2.1.20/staging_dir/toolchain-mips_mips32_gcc-4.8-linaro_uClibc-0.9.33.2/include --disable-libsanitizer --enable-languages=c,c++ --enable-shared --enable-threads --with-slibdir=/media/intel160g/3asuswrt/UGW-7.2MR1/UGW-7.2.1.20-SW-CD/Sources/UGW-7.2.1.20/staging_dir/toolchain-mips_mips32_gcc-4.8-linaro_uClibc-0.9.33.2/lib
Thread model: posix
gcc version 4.8.3 (OpenWrt/Linaro GCC 4.8-2014.04 15.05_ltq) 
configure:1739: $? = 0
configure:1741: mips-openwrt-linux-uclibc-gcc -V </dev/null >&5
mips-openwrt-linux-uclibc-gcc: error: unrecognized command line option '-V'
mips-openwrt-linux-uclibc-gcc: fatal error: no input files
compilation terminated.
configure:1744: $? = 1
configure:1764: checking for C compiler default output
configure:1767: mips-openwrt-linux-uclibc-gcc -Os -Wall -DCONFIG_LANTIQ -DDEBUG_NOISY -DDEBUG_RCTEST -pipe -funit-at-a-time -Wno-pointer-sign -mips32r2 -mno-branch-likely -mtune=1004kc -DLINUX30 -DLINUX26 -DLINUX_KERNEL_VERSION=199272 --sysroot=/home/paldier/asuswrt/release/src-lantiq/tools/toolchain-mips_mips32_gcc-4.8-linaro_uClibc-0.9.33.2 -fPIC -ffunction-sections -fdata-sections -I/home/paldier/asuswrt/release/src-lantiq/router/zlib -fPIC -ffunction-sections -fdata-sections -Wl,--gc-sections conftest.c  >&5
configure:1770: $? = 0
configure:1804: result: a.out
configure:1809: checking whether the C compiler works
configure:1815: ./a.out
./configure: line 1816: ./a.out: cannot execute binary file: Exec format error
configure:1818: $? = 126
configure:1833: result: yes
configure:1840: checking whether we are cross compiling
configure:1842: result: yes
configure:1845: checking for suffix of executables
configure:1847: mips-openwrt-linux-uclibc-gcc -o conftest -Os -Wall -DCONFIG_LANTIQ -DDEBUG_NOISY -DDEBUG_RCTEST -pipe -funit-at-a-time -Wno-pointer-sign -mips32r2 -mno-branch-likely -mtune=1004kc -DLINUX30 -DLINUX26 -DLINUX_KERNEL_VERSION=199272 --sysroot=/home/paldier/asuswrt/release/src-lantiq/tools/toolchain-mips_mips32_gcc-4.8-linaro_uClibc-0.9.33.2 -fPIC -ffunction-sections -fdata-sections -I/home/paldier/asuswrt/release/src-lantiq/router/zlib -fPIC -ffunction-sections -fdata-sections -Wl,--gc-sections conftest.c  >&5
configure:1850: $? = 0
configure:1873: result: 
configure:1879: checking for suffix of object files
configure:1897: mips-openwrt-linux-uclibc-gcc -c -Os -Wall -DCONFIG_LANTIQ -DDEBUG_NOISY -DDEBUG_RCTEST -pipe -funit-at-a-time -Wno-pointer-sign -mips32r2 -mno-branch-likely -mtune=1004kc -DLINUX30 -DLINUX26 -DLINUX_KERNEL_VERSION=199272 --sysroot=/home/paldier/asuswrt/release/src-lantiq/tools/toolchain-mips_mips32_gcc-4.8-linaro_uClibc-0.9.33.2 -fPIC -ffunction-sections -fdata-sections -I/home/paldier/asuswrt/release/src-lantiq/router/zlib conftest.c >&5
configure:1900: $? = 0
configure:1919: result: o
configure:1923: checking whether we are using the GNU C compiler
configure:1944: mips-openwrt-linux-uclibc-gcc -c -Os -Wall -DCONFIG_LANTIQ -DDEBUG_NOISY -DDEBUG_RCTEST -pipe -funit-at-a-time -Wno-pointer-sign -mips32r2 -mno-branch-likely -mtune=1004kc -DLINUX30 -DLINUX26 -DLINUX_KERNEL_VERSION=199272 --sysroot=/home/paldier/asuswrt/release/src-lantiq/tools/toolchain-mips_mips32_gcc-4.8-linaro_uClibc-0.9.33.2 -fPIC -ffunction-sections -fdata-sections -I/home/paldier/asuswrt/release/src-lantiq/router/zlib conftest.c >&5
configure:1947: $? = 0
configure:1950: test -s conftest.o
configure:1953: $? = 0
configure:1965: result: yes
configure:1971: checking whether mips-openwrt-linux-uclibc-gcc accepts -g
configure:1989: mips-openwrt-linux-uclibc-gcc -c -g -I/home/paldier/asuswrt/release/src-lantiq/router/zlib conftest.c >&5
configure:1992: $? = 0
configure:1995: test -s conftest.o
configure:1998: $? = 0
configure:2008: result: yes
configure:2025: checking for mips-openwrt-linux-uclibc-gcc option to accept ANSI C
configure:2082: mips-openwrt-linux-uclibc-gcc  -c -Os -Wall -DCONFIG_LANTIQ -DDEBUG_NOISY -DDEBUG_RCTEST -pipe -funit-at-a-time -Wno-pointer-sign -mips32r2 -mno-branch-likely -mtune=1004kc -DLINUX30 -DLINUX26 -DLINUX_KERNEL_VERSION=199272 --sysroot=/home/paldier/asuswrt/release/src-lantiq/tools/toolchain-mips_mips32_gcc-4.8-linaro_uClibc-0.9.33.2 -fPIC -ffunction-sections -fdata-sections -I/home/paldier/asuswrt/release/src-lantiq/router/zlib conftest.c >&5
configure:2085: $? = 0
configure:2088: test -s conftest.o
configure:2091: $? = 0
configure:2108: result: none needed
configure:2126: mips-openwrt-linux-uclibc-gcc -c -Os -Wall -DCONFIG_LANTIQ -DDEBUG_NOISY -DDEBUG_RCTEST -pipe -funit-at-a-time -Wno-pointer-sign -mips32r2 -mno-branch-likely -mtune=1004kc -DLINUX30 -DLINUX26 -DLINUX_KERNEL_VERSION=199272 --sysroot=/home/paldier/asuswrt/release/src-lantiq/tools/toolchain-mips_mips32_gcc-4.8-linaro_uClibc-0.9.33.2 -fPIC -ffunction-sections -fdata-sections -I/home/paldier/asuswrt/release/src-lantiq/router/zlib conftest.c >&5
conftest.c:2:3: error: unknown type name 'choke'
   choke me
   ^
conftest.c:2:3: error: expected '=', ',', ';', 'asm' or '__attribute__' at end of input
configure:2129: $? = 1
configure: failed program was:
#ifndef __cplusplus
  choke me
#endif
configure:2232: checking how to run the C preprocessor
configure:2258: mips-openwrt-linux-uclibc-gcc -E -I/home/paldier/asuswrt/release/src-lantiq/router/zlib conftest.c
configure:2264: $? = 0
configure:2291: mips-openwrt-linux-uclibc-gcc -E -I/home/paldier/asuswrt/release/src-lantiq/router/zlib conftest.c
configure:2287:28: fatal error: ac_nonexistent.h: No such file or directory
 #line $LINENO "configure"
                            ^
compilation terminated.
configure:2297: $? = 1
configure: failed program was:
#line 2286 "configure"
#include "confdefs.h"
#include <ac_nonexistent.h>
configure:2334: result: mips-openwrt-linux-uclibc-gcc -E
configure:2349: mips-openwrt-linux-uclibc-gcc -E -I/home/paldier/asuswrt/release/src-lantiq/router/zlib conftest.c
configure:2355: $? = 0
configure:2382: mips-openwrt-linux-uclibc-gcc -E -I/home/paldier/asuswrt/release/src-lantiq/router/zlib conftest.c
configure:2378:28: fatal error: ac_nonexistent.h: No such file or directory
 #line $LINENO "configure"
                            ^
compilation terminated.
configure:2388: $? = 1
configure: failed program was:
#line 2377 "configure"
#include "confdefs.h"
#include <ac_nonexistent.h>
configure:2464: checking for a BSD-compatible install
configure:2518: result: /usr/bin/install -c
configure:2601: checking build system type
configure:2619: result: x86_64-unknown-linux-gnu
configure:2627: checking host system type
configure:2641: result: mips-unknown-linux-gnu
configure:2671: checking for ld used by GCC
configure:2734: result: mips-openwrt-linux-uclibc-ld
configure:2743: checking if the linker (mips-openwrt-linux-uclibc-ld) is GNU ld
GNU ld (GNU Binutils) 2.24.0
configure:2755: result: yes
configure:2760: checking for mips-openwrt-linux-uclibc-ld option to reload object files
configure:2767: result: -r
configure:2772: checking for BSD-compatible nm
configure:2808: result: mips-openwrt-linux-uclibc-nm
configure:2811: checking whether ln -s works
configure:2815: result: yes
configure:2822: checking how to recognise dependant libraries
configure:3000: result: file_magic ELF [0-9][0-9]*-bit [LM]SB (shared object|dynamic lib )
configure:3013: checking command to parse mips-openwrt-linux-uclibc-nm output
configure:3094: mips-openwrt-linux-uclibc-gcc -c -Os -Wall -DCONFIG_LANTIQ -DDEBUG_NOISY -DDEBUG_RCTEST -pipe -funit-at-a-time -Wno-pointer-sign -mips32r2 -mno-branch-likely -mtune=1004kc -DLINUX30 -DLINUX26 -DLINUX_KERNEL_VERSION=199272 --sysroot=/home/paldier/asuswrt/release/src-lantiq/tools/toolchain-mips_mips32_gcc-4.8-linaro_uClibc-0.9.33.2 -fPIC -ffunction-sections -fdata-sections -I/home/paldier/asuswrt/release/src-lantiq/router/zlib conftest.c >&5
configure:3097: $? = 0
configure:3101: mips-openwrt-linux-uclibc-nm conftest.o \| sed -n -e 's/^.*[ 	]\([ABCDGISTW][ABCDGISTW]*\)[ 	][ 	]*\(\)\([_A-Za-z][_A-Za-z0-9]*\)$/\1 \2\3 \3/p' \> conftest.nm
configure:3104: $? = 0
configure:3156: mips-openwrt-linux-uclibc-gcc -o conftest -Os -Wall -DCONFIG_LANTIQ -DDEBUG_NOISY -DDEBUG_RCTEST -pipe -funit-at-a-time -Wno-pointer-sign -mips32r2 -mno-branch-likely -mtune=1004kc -DLINUX30 -DLINUX26 -DLINUX_KERNEL_VERSION=199272 --sysroot=/home/paldier/asuswrt/release/src-lantiq/tools/toolchain-mips_mips32_gcc-4.8-linaro_uClibc-0.9.33.2 -fPIC -ffunction-sections -fdata-sections -I/home/paldier/asuswrt/release/src-lantiq/router/zlib -fPIC -ffunction-sections -fdata-sections -Wl,--gc-sections conftest.c conftstm.o >&5
conftest.c:6:13: warning: 'main' is usually a function [-Wmain]
 extern char main;
             ^
configure:3159: $? = 0
configure:3203: result: ok
configure:3208: checking for egrep
configure:3218: result: grep -E
configure:3223: checking for ANSI C header files
configure:3237: mips-openwrt-linux-uclibc-gcc -E -I/home/paldier/asuswrt/release/src-lantiq/router/zlib conftest.c
configure:3243: $? = 0
configure:3352: result: yes
configure:3376: checking for sys/types.h
configure:3389: mips-openwrt-linux-uclibc-gcc -c -Os -Wall -DCONFIG_LANTIQ -DDEBUG_NOISY -DDEBUG_RCTEST -pipe -funit-at-a-time -Wno-pointer-sign -mips32r2 -mno-branch-likely -mtune=1004kc -DLINUX30 -DLINUX26 -DLINUX_KERNEL_VERSION=199272 --sysroot=/home/paldier/asuswrt/release/src-lantiq/tools/toolchain-mips_mips32_gcc-4.8-linaro_uClibc-0.9.33.2 -fPIC -ffunction-sections -fdata-sections -I/home/paldier/asuswrt/release/src-lantiq/router/zlib conftest.c >&5
configure:3392: $? = 0
configure:3395: test -s conftest.o
configure:3398: $? = 0
configure:3408: result: yes
configure:3376: checking for sys/stat.h
configure:3389: mips-openwrt-linux-uclibc-gcc -c -Os -Wall -DCONFIG_LANTIQ -DDEBUG_NOISY -DDEBUG_RCTEST -pipe -funit-at-a-time -Wno-pointer-sign -mips32r2 -mno-branch-likely -mtune=1004kc -DLINUX30 -DLINUX26 -DLINUX_KERNEL_VERSION=199272 --sysroot=/home/paldier/asuswrt/release/src-lantiq/tools/toolchain-mips_mips32_gcc-4.8-linaro_uClibc-0.9.33.2 -fPIC -ffunction-sections -fdata-sections -I/home/paldier/asuswrt/release/src-lantiq/router/zlib conftest.c >&5
configure:3392: $? = 0
configure:3395: test -s conftest.o
configure:3398: $? = 0
configure:3408: result: yes
configure:3376: checking for stdlib.h
configure:3389: mips-openwrt-linux-uclibc-gcc -c -Os -Wall -DCONFIG_LANTIQ -DDEBUG_NOISY -DDEBUG_RCTEST -pipe -funit-at-a-time -Wno-pointer-sign -mips32r2 -mno-branch-likely -mtune=1004kc -DLINUX30 -DLINUX26 -DLINUX_KERNEL_VERSION=199272 --sysroot=/home/paldier/asuswrt/release/src-lantiq/tools/toolchain-mips_mips32_gcc-4.8-linaro_uClibc-0.9.33.2 -fPIC -ffunction-sections -fdata-sections -I/home/paldier/asuswrt/release/src-lantiq/router/zlib conftest.c >&5
configure:3392: $? = 0
configure:3395: test -s conftest.o
configure:3398: $? = 0
configure:3408: result: yes
configure:3376: checking for string.h
configure:3389: mips-openwrt-linux-uclibc-gcc -c -Os -Wall -DCONFIG_LANTIQ -DDEBUG_NOISY -DDEBUG_RCTEST -pipe -funit-at-a-time -Wno-pointer-sign -mips32r2 -mno-branch-likely -mtune=1004kc -DLINUX30 -DLINUX26 -DLINUX_KERNEL_VERSION=199272 --sysroot=/home/paldier/asuswrt/release/src-lantiq/tools/toolchain-mips_mips32_gcc-4.8-linaro_uClibc-0.9.33.2 -fPIC -ffunction-sections -fdata-sections -I/home/paldier/asuswrt/release/src-lantiq/router/zlib conftest.c >&5
configure:3392: $? = 0
configure:3395: test -s conftest.o
configure:3398: $? = 0
configure:3408: result: yes
configure:3376: checking for memory.h
configure:3389: mips-openwrt-linux-uclibc-gcc -c -Os -Wall -DCONFIG_LANTIQ -DDEBUG_NOISY -DDEBUG_RCTEST -pipe -funit-at-a-time -Wno-pointer-sign -mips32r2 -mno-branch-likely -mtune=1004kc -DLINUX30 -DLINUX26 -DLINUX_KERNEL_VERSION=199272 --sysroot=/home/paldier/asuswrt/release/src-lantiq/tools/toolchain-mips_mips32_gcc-4.8-linaro_uClibc-0.9.33.2 -fPIC -ffunction-sections -fdata-sections -I/home/paldier/asuswrt/release/src-lantiq/router/zlib conftest.c >&5
configure:3392: $? = 0
configure:3395: test -s conftest.o
configure:3398: $? = 0
configure:3408: result: yes
configure:3376: checking for strings.h
configure:3389: mips-openwrt-linux-uclibc-gcc -c -Os -Wall -DCONFIG_LANTIQ -DDEBUG_NOISY -DDEBUG_RCTEST -pipe -funit-at-a-time -Wno-pointer-sign -mips32r2 -mno-branch-likely -mtune=1004kc -DLINUX30 -DLINUX26 -DLINUX_KERNEL_VERSION=199272 --sysroot=/home/paldier/asuswrt/release/src-lantiq/tools/toolchain-mips_mips32_gcc-4.8-linaro_uClibc-0.9.33.2 -fPIC -ffunction-sections -fdata-sections -I/home/paldier/asuswrt/release/src-lantiq/router/zlib conftest.c >&5
configure:3392: $? = 0
configure:3395: test -s conftest.o
configure:3398: $? = 0
configure:3408: result: yes
configure:3376: checking for inttypes.h
configure:3389: mips-openwrt-linux-uclibc-gcc -c -Os -Wall -DCONFIG_LANTIQ -DDEBUG_NOISY -DDEBUG_RCTEST -pipe -funit-at-a-time -Wno-pointer-sign -mips32r2 -mno-branch-likely -mtune=1004kc -DLINUX30 -DLINUX26 -DLINUX_KERNEL_VERSION=199272 --sysroot=/home/paldier/asuswrt/release/src-lantiq/tools/toolchain-mips_mips32_gcc-4.8-linaro_uClibc-0.9.33.2 -fPIC -ffunction-sections -fdata-sections -I/home/paldier/asuswrt/release/src-lantiq/router/zlib conftest.c >&5
configure:3392: $? = 0
configure:3395: test -s conftest.o
configure:3398: $? = 0
configure:3408: result: yes
configure:3376: checking for stdint.h
configure:3389: mips-openwrt-linux-uclibc-gcc -c -Os -Wall -DCONFIG_LANTIQ -DDEBUG_NOISY -DDEBUG_RCTEST -pipe -funit-at-a-time -Wno-pointer-sign -mips32r2 -mno-branch-likely -mtune=1004kc -DLINUX30 -DLINUX26 -DLINUX_KERNEL_VERSION=199272 --sysroot=/home/paldier/asuswrt/release/src-lantiq/tools/toolchain-mips_mips32_gcc-4.8-linaro_uClibc-0.9.33.2 -fPIC -ffunction-sections -fdata-sections -I/home/paldier/asuswrt/release/src-lantiq/router/zlib conftest.c >&5
configure:3392: $? = 0
configure:3395: test -s conftest.o
configure:3398: $? = 0
configure:3408: result: yes
configure:3376: checking for unistd.h
configure:3389: mips-openwrt-linux-uclibc-gcc -c -Os -Wall -DCONFIG_LANTIQ -DDEBUG_NOISY -DDEBUG_RCTEST -pipe -funit-at-a-time -Wno-pointer-sign -mips32r2 -mno-branch-likely -mtune=1004kc -DLINUX30 -DLINUX26 -DLINUX_KERNEL_VERSION=199272 --sysroot=/home/paldier/asuswrt/release/src-lantiq/tools/toolchain-mips_mips32_gcc-4.8-linaro_uClibc-0.9.33.2 -fPIC -ffunction-sections -fdata-sections -I/home/paldier/asuswrt/release/src-lantiq/router/zlib conftest.c >&5
configure:3392: $? = 0
configure:3395: test -s conftest.o
configure:3398: $? = 0
configure:3408: result: yes
configure:3434: checking dlfcn.h usability
configure:3443: mips-openwrt-linux-uclibc-gcc -c -Os -Wall -DCONFIG_LANTIQ -DDEBUG_NOISY -DDEBUG_RCTEST -pipe -funit-at-a-time -Wno-pointer-sign -mips32r2 -mno-branch-likely -mtune=1004kc -DLINUX30 -DLINUX26 -DLINUX_KERNEL_VERSION=199272 --sysroot=/home/paldier/asuswrt/release/src-lantiq/tools/toolchain-mips_mips32_gcc-4.8-linaro_uClibc-0.9.33.2 -fPIC -ffunction-sections -fdata-sections -I/home/paldier/asuswrt/release/src-lantiq/router/zlib conftest.c >&5
configure:3446: $? = 0
configure:3449: test -s conftest.o
configure:3452: $? = 0
configure:3461: result: yes
configure:3465: checking dlfcn.h presence
configure:3472: mips-openwrt-linux-uclibc-gcc -E -I/home/paldier/asuswrt/release/src-lantiq/router/zlib conftest.c
configure:3478: $? = 0
configure:3496: result: yes
configure:3514: checking for dlfcn.h
configure:3521: result: yes
configure:3542: checking for mips-linux-file
configure:3600: result: no
configure:3606: checking for file
configure:3661: result: /usr/bin/file
configure:3680: checking for mips-linux-ranlib
configure:3706: result: mips-openwrt-linux-uclibc-ranlib
configure:3760: checking for mips-linux-strip
configure:3786: result: mips-openwrt-linux-uclibc-strip -R .note -R .comment
configure:4032: checking for objdir
configure:4043: result: .libs
configure:4064: checking for mips-openwrt-linux-uclibc-gcc option to produce PIC
configure:4214: result: -fPIC
configure:4218: checking if mips-openwrt-linux-uclibc-gcc PIC flag -fPIC works
configure:4238: mips-openwrt-linux-uclibc-gcc -c -Os -Wall -DCONFIG_LANTIQ -DDEBUG_NOISY -DDEBUG_RCTEST -pipe -funit-at-a-time -Wno-pointer-sign -mips32r2 -mno-branch-likely -mtune=1004kc -DLINUX30 -DLINUX26 -DLINUX_KERNEL_VERSION=199272 --sysroot=/home/paldier/asuswrt/release/src-lantiq/tools/toolchain-mips_mips32_gcc-4.8-linaro_uClibc-0.9.33.2 -fPIC -ffunction-sections -fdata-sections -fPIC -DPIC -I/home/paldier/asuswrt/release/src-lantiq/router/zlib conftest.c >&5
configure:4241: $? = 0
configure:4244: test -s conftest.o
configure:4247: $? = 0
configure:4284: result: yes
configure:4304: checking if mips-openwrt-linux-uclibc-gcc static flag -static works
configure:4325: mips-openwrt-linux-uclibc-gcc -o conftest -Os -Wall -DCONFIG_LANTIQ -DDEBUG_NOISY -DDEBUG_RCTEST -pipe -funit-at-a-time -Wno-pointer-sign -mips32r2 -mno-branch-likely -mtune=1004kc -DLINUX30 -DLINUX26 -DLINUX_KERNEL_VERSION=199272 --sysroot=/home/paldier/asuswrt/release/src-lantiq/tools/toolchain-mips_mips32_gcc-4.8-linaro_uClibc-0.9.33.2 -fPIC -ffunction-sections -fdata-sections -I/home/paldier/asuswrt/release/src-lantiq/router/zlib -fPIC -ffunction-sections -fdata-sections -Wl,--gc-sections -static conftest.c  >&5
configure:4328: $? = 0
configure:4331: test -s conftest
configure:4334: $? = 0
configure:4349: result: yes
configure:4365: checking if mips-openwrt-linux-uclibc-gcc supports -c -o file.o
configure:4385: mips-openwrt-linux-uclibc-gcc -c -Os -Wall -DCONFIG_LANTIQ -DDEBUG_NOISY -DDEBUG_RCTEST -pipe -funit-at-a-time -Wno-pointer-sign -mips32r2 -mno-branch-likely -mtune=1004kc -DLINUX30 -DLINUX26 -DLINUX_KERNEL_VERSION=199272 --sysroot=/home/paldier/asuswrt/release/src-lantiq/tools/toolchain-mips_mips32_gcc-4.8-linaro_uClibc-0.9.33.2 -fPIC -ffunction-sections -fdata-sections -o out/conftest2.o -I/home/paldier/asuswrt/release/src-lantiq/router/zlib conftest.c >&5
configure:4409: result: yes
configure:4414: checking if mips-openwrt-linux-uclibc-gcc supports -c -o file.lo
configure:4438: mips-openwrt-linux-uclibc-gcc -c -Os -Wall -DCONFIG_LANTIQ -DDEBUG_NOISY -DDEBUG_RCTEST -pipe -funit-at-a-time -Wno-pointer-sign -mips32r2 -mno-branch-likely -mtune=1004kc -DLINUX30 -DLINUX26 -DLINUX_KERNEL_VERSION=199272 --sysroot=/home/paldier/asuswrt/release/src-lantiq/tools/toolchain-mips_mips32_gcc-4.8-linaro_uClibc-0.9.33.2 -fPIC -ffunction-sections -fdata-sections -c -o conftest.lo -I/home/paldier/asuswrt/release/src-lantiq/router/zlib conftest.c >&5
configure: In function 'main':
configure:4430:5: warning: unused variable 'some_variable' [-Wunused-variable]
 main ()
     ^
configure:4441: $? = 0
configure:4444: test -s conftest.lo
configure:4447: $? = 0
configure:4468: result: yes
configure:4507: checking if mips-openwrt-linux-uclibc-gcc supports -fno-rtti -fno-exceptions
configure:4526: mips-openwrt-linux-uclibc-gcc -c -Os -Wall -DCONFIG_LANTIQ -DDEBUG_NOISY -DDEBUG_RCTEST -pipe -funit-at-a-time -Wno-pointer-sign -mips32r2 -mno-branch-likely -mtune=1004kc -DLINUX30 -DLINUX26 -DLINUX_KERNEL_VERSION=199272 --sysroot=/home/paldier/asuswrt/release/src-lantiq/tools/toolchain-mips_mips32_gcc-4.8-linaro_uClibc-0.9.33.2 -fPIC -ffunction-sections -fdata-sections -fno-rtti -fno-exceptions -c conftest.c -I/home/paldier/asuswrt/release/src-lantiq/router/zlib conftest.c >&5
cc1: warning: command line option '-fno-rtti' is valid for C++/ObjC++ but not for C [enabled by default]
configure: In function 'main':
configure:4518:5: warning: unused variable 'some_variable' [-Wunused-variable]
 main ()
     ^
cc1: warning: command line option '-fno-rtti' is valid for C++/ObjC++ but not for C [enabled by default]
configure: In function 'main':
configure:4518:5: warning: unused variable 'some_variable' [-Wunused-variable]
 main ()
     ^
configure:4529: $? = 0
configure:4532: test -s conftest.o
configure:4535: $? = 0
configure:4551: result: yes
configure:4566: checking whether the linker (mips-openwrt-linux-uclibc-ld) supports shared libraries
configure:5246: result: yes
configure:5255: checking how to hardcode library paths into programs
configure:5279: result: immediate
configure:5288: checking whether stripping libraries is possible
configure:5293: result: yes
configure:5308: checking dynamic linker characteristics
configure:5701: result: GNU/Linux ld.so
configure:5710: checking if libtool supports shared libraries
configure:5712: result: yes
configure:5719: checking whether to build shared libraries
configure:5740: result: yes
configure:5747: checking whether to build static libraries
configure:5751: result: yes
configure:6381: checking whether -lc should be explicitly linked in
configure:6389: mips-openwrt-linux-uclibc-gcc -c -Os -Wall -DCONFIG_LANTIQ -DDEBUG_NOISY -DDEBUG_RCTEST -pipe -funit-at-a-time -Wno-pointer-sign -mips32r2 -mno-branch-likely -mtune=1004kc -DLINUX30 -DLINUX26 -DLINUX_KERNEL_VERSION=199272 --sysroot=/home/paldier/asuswrt/release/src-lantiq/tools/toolchain-mips_mips32_gcc-4.8-linaro_uClibc-0.9.33.2 -fPIC -ffunction-sections -fdata-sections -I/home/paldier/asuswrt/release/src-lantiq/router/zlib conftest.c >&5
conftest.c:1:12: warning: 'dummy' defined but not used [-Wunused-variable]
 static int dummy;
            ^
configure:6392: $? = 0
configure:6406: mips-openwrt-linux-uclibc-gcc -shared conftest.o  -v -Wl,-soname -Wl,conftest -o conftest 2\>\&1 \| grep  -lc  \>/dev/null 2\>\&1
configure:6409: $? = 0
configure:6422: result: no
configure:6998: checking for an ANSI C-conforming const
configure:7062: mips-openwrt-linux-uclibc-gcc -c -Os -Wall -DCONFIG_LANTIQ -DDEBUG_NOISY -DDEBUG_RCTEST -pipe -funit-at-a-time -Wno-pointer-sign -mips32r2 -mno-branch-likely -mtune=1004kc -DLINUX30 -DLINUX26 -DLINUX_KERNEL_VERSION=199272 --sysroot=/home/paldier/asuswrt/release/src-lantiq/tools/toolchain-mips_mips32_gcc-4.8-linaro_uClibc-0.9.33.2 -fPIC -ffunction-sections -fdata-sections -I/home/paldier/asuswrt/release/src-lantiq/router/zlib conftest.c >&5
configure: In function 'main':
configure:7031:17: warning: unused variable 's' [-Wunused-variable]
   { /* SCO 3.2v4 cc rejects this.  */
                 ^
configure:7051:15: warning: unused variable 'foo' [-Wunused-variable]
   }
               ^
configure:7018:29: warning: unused variable 'zero' [-Wunused-variable]
   /* NEC SVR4.0.2 mips cc rejects this.  */
                             ^
configure:7012:17: warning: unused variable 'x' [-Wunused-variable]
   /* Ultrix mips cc rejects this.  */
                 ^
configure:7033:7: warning: 't' is used uninitialized in this function [-Wuninitialized]
     char const *s = 0 ? (char *) 0 : (char const *) 0;
       ^
configure:7048:23: warning: 'b' is used uninitialized in this function [-Wuninitialized]
        "k.c", line 2.27: 1506-025 (S) Operand must be a modifiable lvalue. */
                       ^
configure:7065: $? = 0
configure:7068: test -s conftest.o
configure:7071: $? = 0
configure:7081: result: yes
configure:7102: checking for stdlib.h
configure:7107: result: yes
configure:7102: checking for string.h
configure:7107: result: yes
configure:7111: checking sys/file.h usability
configure:7120: mips-openwrt-linux-uclibc-gcc -c -Os -Wall -DCONFIG_LANTIQ -DDEBUG_NOISY -DDEBUG_RCTEST -pipe -funit-at-a-time -Wno-pointer-sign -mips32r2 -mno-branch-likely -mtune=1004kc -DLINUX30 -DLINUX26 -DLINUX_KERNEL_VERSION=199272 --sysroot=/home/paldier/asuswrt/release/src-lantiq/tools/toolchain-mips_mips32_gcc-4.8-linaro_uClibc-0.9.33.2 -fPIC -ffunction-sections -fdata-sections -I/home/paldier/asuswrt/release/src-lantiq/router/zlib conftest.c >&5
configure:7123: $? = 0
configure:7126: test -s conftest.o
configure:7129: $? = 0
configure:7138: result: yes
configure:7142: checking sys/file.h presence
configure:7149: mips-openwrt-linux-uclibc-gcc -E -I/home/paldier/asuswrt/release/src-lantiq/router/zlib conftest.c
configure:7155: $? = 0
configure:7173: result: yes
configure:7191: checking for sys/file.h
configure:7198: result: yes
configure:7102: checking for unistd.h
configure:7107: result: yes
configure:7111: checking fcntl.h usability
configure:7120: mips-openwrt-linux-uclibc-gcc -c -Os -Wall -DCONFIG_LANTIQ -DDEBUG_NOISY -DDEBUG_RCTEST -pipe -funit-at-a-time -Wno-pointer-sign -mips32r2 -mno-branch-likely -mtune=1004kc -DLINUX30 -DLINUX26 -DLINUX_KERNEL_VERSION=199272 --sysroot=/home/paldier/asuswrt/release/src-lantiq/tools/toolchain-mips_mips32_gcc-4.8-linaro_uClibc-0.9.33.2 -fPIC -ffunction-sections -fdata-sections -I/home/paldier/asuswrt/release/src-lantiq/router/zlib conftest.c >&5
configure:7123: $? = 0
configure:7126: test -s conftest.o
configure:7129: $? = 0
configure:7138: result: yes
configure:7142: checking fcntl.h presence
configure:7149: mips-openwrt-linux-uclibc-gcc -E -I/home/paldier/asuswrt/release/src-lantiq/router/zlib conftest.c
configure:7155: $? = 0
configure:7173: result: yes
configure:7191: checking for fcntl.h
configure:7198: result: yes
configure:7102: checking for sys/types.h
configure:7107: result: yes
configure:7111: checking memory.y usability
configure:7120: mips-openwrt-linux-uclibc-gcc -c -Os -Wall -DCONFIG_LANTIQ -DDEBUG_NOISY -DDEBUG_RCTEST -pipe -funit-at-a-time -Wno-pointer-sign -mips32r2 -mno-branch-likely -mtune=1004kc -DLINUX30 -DLINUX26 -DLINUX_KERNEL_VERSION=199272 --sysroot=/home/paldier/asuswrt/release/src-lantiq/tools/toolchain-mips_mips32_gcc-4.8-linaro_uClibc-0.9.33.2 -fPIC -ffunction-sections -fdata-sections -I/home/paldier/asuswrt/release/src-lantiq/router/zlib conftest.c >&5
configure:7148:20: fatal error: memory.y: No such file or directory
 _ACEOF
                    ^
compilation terminated.
configure:7123: $? = 1
configure: failed program was:
#line 7113 "configure"
#include "confdefs.h"
#include <stdio.h>
#if HAVE_SYS_TYPES_H
# include <sys/types.h>
#endif
#if HAVE_SYS_STAT_H
# include <sys/stat.h>
#endif
#if STDC_HEADERS
# include <stdlib.h>
# include <stddef.h>
#else
# if HAVE_STDLIB_H
#  include <stdlib.h>
# endif
#endif
#if HAVE_STRING_H
# if !STDC_HEADERS && HAVE_MEMORY_H
#  include <memory.h>
# endif
# include <string.h>
#endif
#if HAVE_STRINGS_H
# include <strings.h>
#endif
#if HAVE_INTTYPES_H
# include <inttypes.h>
#else
# if HAVE_STDINT_H
#  include <stdint.h>
# endif
#endif
#if HAVE_UNISTD_H
# include <unistd.h>
#endif
#include <memory.y>
configure:7138: result: no
configure:7142: checking memory.y presence
configure:7149: mips-openwrt-linux-uclibc-gcc -E -I/home/paldier/asuswrt/release/src-lantiq/router/zlib conftest.c
configure:7145:20: fatal error: memory.y: No such file or directory
 #line $LINENO "configure"
                    ^
compilation terminated.
configure:7155: $? = 1
configure: failed program was:
#line 7144 "configure"
#include "confdefs.h"
#include <memory.y>
configure:7173: result: no
configure:7191: checking for memory.y
configure:7198: result: no
configure:7212: checking for main in -ldbm
configure:7233: mips-openwrt-linux-uclibc-gcc -o conftest -Os -Wall -DCONFIG_LANTIQ -DDEBUG_NOISY -DDEBUG_RCTEST -pipe -funit-at-a-time -Wno-pointer-sign -mips32r2 -mno-branch-likely -mtune=1004kc -DLINUX30 -DLINUX26 -DLINUX_KERNEL_VERSION=199272 --sysroot=/home/paldier/asuswrt/release/src-lantiq/tools/toolchain-mips_mips32_gcc-4.8-linaro_uClibc-0.9.33.2 -fPIC -ffunction-sections -fdata-sections -I/home/paldier/asuswrt/release/src-lantiq/router/zlib -fPIC -ffunction-sections -fdata-sections -Wl,--gc-sections conftest.c -ldbm   >&5
/home/paldier/asuswrt/release/src-lantiq/tools/toolchain-mips_mips32_gcc-4.8-linaro_uClibc-0.9.33.2/bin/../lib/gcc/mips-openwrt-linux-uclibc/4.8.3/../../../../mips-openwrt-linux-uclibc/bin/ld: cannot find -ldbm
collect2: error: ld returned 1 exit status
configure:7236: $? = 1
configure: failed program was:
#line 7219 "configure"
#include "confdefs.h"


int
main ()
{
main ();
  ;
  return 0;
}
configure:7253: result: no
configure:7265: checking for main in -lndbm
configure:7286: mips-openwrt-linux-uclibc-gcc -o conftest -Os -Wall -DCONFIG_LANTIQ -DDEBUG_NOISY -DDEBUG_RCTEST -pipe -funit-at-a-time -Wno-pointer-sign -mips32r2 -mno-branch-likely -mtune=1004kc -DLINUX30 -DLINUX26 -DLINUX_KERNEL_VERSION=199272 --sysroot=/home/paldier/asuswrt/release/src-lantiq/tools/toolchain-mips_mips32_gcc-4.8-linaro_uClibc-0.9.33.2 -fPIC -ffunction-sections -fdata-sections -I/home/paldier/asuswrt/release/src-lantiq/router/zlib -fPIC -ffunction-sections -fdata-sections -Wl,--gc-sections conftest.c -lndbm   >&5
/home/paldier/asuswrt/release/src-lantiq/tools/toolchain-mips_mips32_gcc-4.8-linaro_uClibc-0.9.33.2/bin/../lib/gcc/mips-openwrt-linux-uclibc/4.8.3/../../../../mips-openwrt-linux-uclibc/bin/ld: cannot find -lndbm
collect2: error: ld returned 1 exit status
configure:7289: $? = 1
configure: failed program was:
#line 7272 "configure"
#include "confdefs.h"


int
main ()
{
main ();
  ;
  return 0;
}
configure:7306: result: no
configure:7325: checking for rename
configure:7362: mips-openwrt-linux-uclibc-gcc -o conftest -Os -Wall -DCONFIG_LANTIQ -DDEBUG_NOISY -DDEBUG_RCTEST -pipe -funit-at-a-time -Wno-pointer-sign -mips32r2 -mno-branch-likely -mtune=1004kc -DLINUX30 -DLINUX26 -DLINUX_KERNEL_VERSION=199272 --sysroot=/home/paldier/asuswrt/release/src-lantiq/tools/toolchain-mips_mips32_gcc-4.8-linaro_uClibc-0.9.33.2 -fPIC -ffunction-sections -fdata-sections -I/home/paldier/asuswrt/release/src-lantiq/router/zlib -fPIC -ffunction-sections -fdata-sections -Wl,--gc-sections conftest.c  >&5
configure:7365: $? = 0
configure:7368: test -s conftest
configure:7371: $? = 0
configure:7381: result: yes
configure:7325: checking for ftruncate
configure:7362: mips-openwrt-linux-uclibc-gcc -o conftest -Os -Wall -DCONFIG_LANTIQ -DDEBUG_NOISY -DDEBUG_RCTEST -pipe -funit-at-a-time -Wno-pointer-sign -mips32r2 -mno-branch-likely -mtune=1004kc -DLINUX30 -DLINUX26 -DLINUX_KERNEL_VERSION=199272 --sysroot=/home/paldier/asuswrt/release/src-lantiq/tools/toolchain-mips_mips32_gcc-4.8-linaro_uClibc-0.9.33.2 -fPIC -ffunction-sections -fdata-sections -I/home/paldier/asuswrt/release/src-lantiq/router/zlib -fPIC -ffunction-sections -fdata-sections -Wl,--gc-sections conftest.c  >&5
configure:7365: $? = 0
configure:7368: test -s conftest
configure:7371: $? = 0
configure:7381: result: yes
configure:7325: checking for flock
configure:7362: mips-openwrt-linux-uclibc-gcc -o conftest -Os -Wall -DCONFIG_LANTIQ -DDEBUG_NOISY -DDEBUG_RCTEST -pipe -funit-at-a-time -Wno-pointer-sign -mips32r2 -mno-branch-likely -mtune=1004kc -DLINUX30 -DLINUX26 -DLINUX_KERNEL_VERSION=199272 --sysroot=/home/paldier/asuswrt/release/src-lantiq/tools/toolchain-mips_mips32_gcc-4.8-linaro_uClibc-0.9.33.2 -fPIC -ffunction-sections -fdata-sections -I/home/paldier/asuswrt/release/src-lantiq/router/zlib -fPIC -ffunction-sections -fdata-sections -Wl,--gc-sections conftest.c  >&5
configure:7365: $? = 0
configure:7368: test -s conftest
configure:7371: $? = 0
configure:7381: result: yes
configure:7325: checking for bcopy
configure:7362: mips-openwrt-linux-uclibc-gcc -o conftest -Os -Wall -DCONFIG_LANTIQ -DDEBUG_NOISY -DDEBUG_RCTEST -pipe -funit-at-a-time -Wno-pointer-sign -mips32r2 -mno-branch-likely -mtune=1004kc -DLINUX30 -DLINUX26 -DLINUX_KERNEL_VERSION=199272 --sysroot=/home/paldier/asuswrt/release/src-lantiq/tools/toolchain-mips_mips32_gcc-4.8-linaro_uClibc-0.9.33.2 -fPIC -ffunction-sections -fdata-sections -I/home/paldier/asuswrt/release/src-lantiq/router/zlib -fPIC -ffunction-sections -fdata-sections -Wl,--gc-sections conftest.c  >&5
configure:7340:6: warning: conflicting types for built-in function 'bcopy' [enabled by default]
 /* We use char because int might match the return type of a gcc2
      ^
configure:7365: $? = 0
configure:7368: test -s conftest
configure:7371: $? = 0
configure:7381: result: yes
configure:7325: checking for fsync
configure:7362: mips-openwrt-linux-uclibc-gcc -o conftest -Os -Wall -DCONFIG_LANTIQ -DDEBUG_NOISY -DDEBUG_RCTEST -pipe -funit-at-a-time -Wno-pointer-sign -mips32r2 -mno-branch-likely -mtune=1004kc -DLINUX30 -DLINUX26 -DLINUX_KERNEL_VERSION=199272 --sysroot=/home/paldier/asuswrt/release/src-lantiq/tools/toolchain-mips_mips32_gcc-4.8-linaro_uClibc-0.9.33.2 -fPIC -ffunction-sections -fdata-sections -I/home/paldier/asuswrt/release/src-lantiq/router/zlib -fPIC -ffunction-sections -fdata-sections -Wl,--gc-sections conftest.c  >&5
configure:7365: $? = 0
configure:7368: test -s conftest
configure:7371: $? = 0
configure:7381: result: yes
configure:7395: checking for getopt
configure:7432: mips-openwrt-linux-uclibc-gcc -o conftest -Os -Wall -DCONFIG_LANTIQ -DDEBUG_NOISY -DDEBUG_RCTEST -pipe -funit-at-a-time -Wno-pointer-sign -mips32r2 -mno-branch-likely -mtune=1004kc -DLINUX30 -DLINUX26 -DLINUX_KERNEL_VERSION=199272 --sysroot=/home/paldier/asuswrt/release/src-lantiq/tools/toolchain-mips_mips32_gcc-4.8-linaro_uClibc-0.9.33.2 -fPIC -ffunction-sections -fdata-sections -I/home/paldier/asuswrt/release/src-lantiq/router/zlib -fPIC -ffunction-sections -fdata-sections -Wl,--gc-sections conftest.c  >&5
configure:7435: $? = 0
configure:7438: test -s conftest
configure:7441: $? = 0
configure:7451: result: yes
configure:7464: checking for off_t
configure:7485: mips-openwrt-linux-uclibc-gcc -c -Os -Wall -DCONFIG_LANTIQ -DDEBUG_NOISY -DDEBUG_RCTEST -pipe -funit-at-a-time -Wno-pointer-sign -mips32r2 -mno-branch-likely -mtune=1004kc -DLINUX30 -DLINUX26 -DLINUX_KERNEL_VERSION=199272 --sysroot=/home/paldier/asuswrt/release/src-lantiq/tools/toolchain-mips_mips32_gcc-4.8-linaro_uClibc-0.9.33.2 -fPIC -ffunction-sections -fdata-sections -I/home/paldier/asuswrt/release/src-lantiq/router/zlib conftest.c >&5
configure:7488: $? = 0
configure:7491: test -s conftest.o
configure:7494: $? = 0
configure:7504: result: yes
configure:7516: checking for struct stat.st_blksize
configure:7536: mips-openwrt-linux-uclibc-gcc -c -Os -Wall -DCONFIG_LANTIQ -DDEBUG_NOISY -DDEBUG_RCTEST -pipe -funit-at-a-time -Wno-pointer-sign -mips32r2 -mno-branch-likely -mtune=1004kc -DLINUX30 -DLINUX26 -DLINUX_KERNEL_VERSION=199272 --sysroot=/home/paldier/asuswrt/release/src-lantiq/tools/toolchain-mips_mips32_gcc-4.8-linaro_uClibc-0.9.33.2 -fPIC -ffunction-sections -fdata-sections -I/home/paldier/asuswrt/release/src-lantiq/router/zlib conftest.c >&5
configure:7539: $? = 0
configure:7542: test -s conftest.o
configure:7545: $? = 0
configure:7587: result: yes
configure:7695: creating ./config.status

## ---------------------- ##
## Running config.status. ##
## ---------------------- ##

This file was extended by gdbm config.status 1.8.3, which was
generated by GNU Autoconf 2.54.  Invocation command line was

  CONFIG_FILES    = 
  CONFIG_HEADERS  = 
  CONFIG_LINKS    = 
  CONFIG_COMMANDS = 
  $ ./config.status 

on paldier-VirtualBox

config.status:607: creating Makefile
config.status:711: creating autoconf.h
config.status:840: autoconf.h is unchanged

## ---------------- ##
## Cache variables. ##
## ---------------- ##

ac_cv_build=x86_64-unknown-linux-gnu
ac_cv_build_alias=x86_64-unknown-linux-gnu
ac_cv_c_compiler_gnu=yes
ac_cv_c_const=yes
ac_cv_env_CC_set=set
ac_cv_env_CC_value=mips-openwrt-linux-uclibc-gcc
ac_cv_env_CFLAGS_set=set
ac_cv_env_CFLAGS_value='-Os -Wall -DCONFIG_LANTIQ -DDEBUG_NOISY -DDEBUG_RCTEST -pipe -funit-at-a-time -Wno-pointer-sign -mips32r2 -mno-branch-likely -mtune=1004kc -DLINUX30 -DLINUX26 -DLINUX_KERNEL_VERSION=199272 --sysroot=/home/paldier/asuswrt/release/src-lantiq/tools/toolchain-mips_mips32_gcc-4.8-linaro_uClibc-0.9.33.2 -fPIC -ffunction-sections -fdata-sections'
ac_cv_env_CPPFLAGS_set=set
ac_cv_env_CPPFLAGS_value=-I/home/paldier/asuswrt/release/src-lantiq/router/zlib
ac_cv_env_CPP_set=
ac_cv_env_CPP_value=
ac_cv_env_LDFLAGS_set=set
ac_cv_env_LDFLAGS_value='-fPIC -ffunction-sections -fdata-sections -Wl,--gc-sections'
ac_cv_env_build_alias_set=set
ac_cv_env_build_alias_value=
ac_cv_env_host_alias_set=set
ac_cv_env_host_alias_value=mips-linux
ac_cv_env_target_alias_set=
ac_cv_env_target_alias_value=
ac_cv_exeext=
ac_cv_func_bcopy=yes
ac_cv_func_flock=yes
ac_cv_func_fsync=yes
ac_cv_func_ftruncate=yes
ac_cv_func_getopt=yes
ac_cv_func_rename=yes
ac_cv_header_dlfcn_h=yes
ac_cv_header_fcntl_h=yes
ac_cv_header_inttypes_h=yes
ac_cv_header_memory_h=yes
ac_cv_header_memory_y=no
ac_cv_header_stdc=yes
ac_cv_header_stdint_h=yes
ac_cv_header_stdlib_h=yes
ac_cv_header_string_h=yes
ac_cv_header_strings_h=yes
ac_cv_header_sys_file_h=yes
ac_cv_header_sys_stat_h=yes
ac_cv_header_sys_types_h=yes
ac_cv_header_unistd_h=yes
ac_cv_host=mips-unknown-linux-gnu
ac_cv_host_alias=mips-linux
ac_cv_lib_dbm_main=no
ac_cv_lib_ndbm_main=no
ac_cv_member_struct_stat_st_blksize=yes
ac_cv_objext=o
ac_cv_path_install='/usr/bin/install -c'
ac_cv_prog_CC=mips-openwrt-linux-uclibc-gcc
ac_cv_prog_CPP='mips-openwrt-linux-uclibc-gcc -E'
ac_cv_prog_RANLIB=mips-openwrt-linux-uclibc-ranlib
ac_cv_prog_STRIP='mips-openwrt-linux-uclibc-strip -R .note -R .comment'
ac_cv_prog_cc_g=yes
ac_cv_prog_cc_stdc=
ac_cv_prog_egrep='grep -E'
ac_cv_type_off_t=yes
lt_cv_archive_cmds_need_lc=no
lt_cv_compiler_c_o=yes
lt_cv_compiler_o_lo=yes
lt_cv_deplibs_check_method='file_magic ELF [0-9][0-9]*-bit [LM]SB (shared object|dynamic lib )'
lt_cv_file_magic_cmd='$MAGIC_CMD'
lt_cv_file_magic_test_file='/lib/libc.so* /lib/libc-*.so'
lt_cv_global_symbol_to_c_name_address='sed -n -e '\''s/^: \([^ ]*\) $/  {\"\1\", (lt_ptr) 0},/p'\'' -e '\''s/^[BCDEGRST] \([^ ]*\) \([^ ]*\)$/  {"\2", (lt_ptr) \&\2},/p'\'''
lt_cv_global_symbol_to_cdecl='sed -n -e '\''s/^. .* \(.*\)$/extern char \1;/p'\'''
lt_cv_ld_reload_flag=-r
lt_cv_path_LD=mips-openwrt-linux-uclibc-ld
lt_cv_path_MAGIC_CMD=/usr/bin/file
lt_cv_path_NM=mips-openwrt-linux-uclibc-nm
lt_cv_prog_cc_can_build_shared=yes
lt_cv_prog_cc_no_builtin=
lt_cv_prog_cc_pic=' -fPIC'
lt_cv_prog_cc_pic_works=yes
lt_cv_prog_cc_shlib=
lt_cv_prog_cc_static=-static
lt_cv_prog_cc_static_works=yes
lt_cv_prog_cc_wl=-Wl,
lt_cv_prog_gnu_ld=yes
lt_cv_sys_global_symbol_pipe='sed -n -e '\''s/^.*[ 	]\([ABCDGISTW][ABCDGISTW]*\)[ 	][ 	]*\(\)\([_A-Za-z][_A-Za-z0-9]*\)$/\1 \2\3 \3/p'\'''

## ----------------- ##
## Output variables. ##
## ----------------- ##

CC='mips-openwrt-linux-uclibc-gcc'
CFLAGS='-Os -Wall -DCONFIG_LANTIQ -DDEBUG_NOISY -DDEBUG_RCTEST -pipe -funit-at-a-time -Wno-pointer-sign -mips32r2 -mno-branch-likely -mtune=1004kc -DLINUX30 -DLINUX26 -DLINUX_KERNEL_VERSION=199272 --sysroot=/home/paldier/asuswrt/release/src-lantiq/tools/toolchain-mips_mips32_gcc-4.8-linaro_uClibc-0.9.33.2 -fPIC -ffunction-sections -fdata-sections'
CPP='mips-openwrt-linux-uclibc-gcc -E'
CPPFLAGS='-I/home/paldier/asuswrt/release/src-lantiq/router/zlib'
DEFS='-DHAVE_CONFIG_H'
ECHO='echo'
ECHO_C=''
ECHO_N='-n'
ECHO_T=''
EGREP='grep -E'
EXEEXT=''
INSTALL_DATA='${INSTALL} -m 644'
INSTALL_PROGRAM='${INSTALL}'
INSTALL_SCRIPT='${INSTALL}'
LDFLAGS='-fPIC -ffunction-sections -fdata-sections -Wl,--gc-sections'
LIBOBJS=''
LIBS=''
LIBTOOL='$(SHELL) $(top_builddir)/libtool'
LN_S='ln -s'
LTLIBOBJS=''
OBJEXT='o'
PACKAGE_BUGREPORT=''
PACKAGE_NAME='gdbm'
PACKAGE_STRING='gdbm 1.8.3'
PACKAGE_TARNAME='gdbm'
PACKAGE_VERSION='1.8.3'
PATH_SEPARATOR=':'
RANLIB='mips-openwrt-linux-uclibc-ranlib'
SHELL='/bin/bash'
STRIP='mips-openwrt-linux-uclibc-strip -R .note -R .comment'
ac_ct_CC=''
ac_ct_RANLIB=''
ac_ct_STRIP=''
bindir='${exec_prefix}/bin'
build='x86_64-unknown-linux-gnu'
build_alias=''
build_cpu='x86_64'
build_os='linux-gnu'
build_vendor='unknown'
datadir='${prefix}/share'
exec_prefix='${prefix}'
host='mips-unknown-linux-gnu'
host_alias='mips-linux'
host_cpu='mips'
host_os='linux-gnu'
host_vendor='unknown'
includedir='${prefix}/include'
infodir='${prefix}/info'
libdir='${exec_prefix}/lib'
libexecdir='${exec_prefix}/libexec'
localstatedir='${prefix}/var'
mandir='${prefix}/man'
oldincludedir='/usr/include'
prefix=''
program_transform_name='s,x,x,'
sbindir='${exec_prefix}/sbin'
sharedstatedir='${prefix}/com'
sysconfdir='${prefix}/etc'
target_alias=''

## ----------- ##
## confdefs.h. ##
## ----------- ##

#define HAVE_BCOPY 1
#define HAVE_DLFCN_H 1
#define HAVE_FCNTL_H 1
#define HAVE_FLOCK 1
#define HAVE_FSYNC 1
#define HAVE_FTRUNCATE 1
#define HAVE_GETOPT 1
#define HAVE_INTTYPES_H 1
#define HAVE_MEMORY_H 1
#define HAVE_RENAME 1
#define HAVE_STDINT_H 1
#define HAVE_STDLIB_H 1
#define HAVE_STDLIB_H 1
#define HAVE_STRINGS_H 1
#define HAVE_STRING_H 1
#define HAVE_STRING_H 1
#define HAVE_STRUCT_STAT_ST_BLKSIZE 1
#define HAVE_SYS_FILE_H 1
#define HAVE_SYS_STAT_H 1
#define HAVE_SYS_TYPES_H 1
#define HAVE_SYS_TYPES_H 1
#define HAVE_UNISTD_H 1
#define HAVE_UNISTD_H 1
#define PACKAGE_BUGREPORT ""
#define PACKAGE_NAME "gdbm"
#define PACKAGE_STRING "gdbm 1.8.3"
#define PACKAGE_TARNAME "gdbm"
#define PACKAGE_VERSION "1.8.3"
#define STDC_HEADERS 1

configure: exit 0
