This file contains any messages produced by compilers while
running configure, to aid debugging if configure makes a mistake.

It was created by expat configure 2.0.1, which was
generated by GNU Autoconf 2.59.  Invocation command line was

  $ ./configure --host=mips-linux --build= --build=i686-linux --prefix=/usr

## --------- ##
## Platform. ##
## --------- ##

hostname = paldier-VirtualBox
uname -m = x86_64
uname -r = 4.2.0-42-generic
uname -s = Linux
uname -v = #49~14.04.1-Ubuntu SMP Wed Jun 29 20:22:11 UTC 2016

/usr/bin/uname -p = unknown
/bin/uname -X     = unknown

/bin/arch              = unknown
/usr/bin/arch -k       = unknown
/usr/convex/getsysinfo = unknown
hostinfo               = unknown
/bin/machine           = unknown
/usr/bin/oslevel       = unknown
/bin/universe          = unknown

PATH: "/usr/local/sbin
PATH: /usr/local/bin
PATH: /usr/sbin
PATH: /usr/bin
PATH: /sbin
PATH: /bin
PATH: /usr/games
PATH: /usr/local/games
PATH: /snap/bin
PATH: /opt/brcm/hndtools-mipsel-linux/bin
PATH: /opt/brcm/hndtools-mipsel-uclibc/bin
PATH: /projects/tools
PATH: /projects/hnd/tools/linux/hndtools-arm-linux-2.6.36-uclibc-4.5.3/bin
PATH: /projects/hnd/tools/linux/hndtools-arm-linux-2.6.36-uclibc-4.5.3/arm-linux/bin
PATH: /projects/hnd/tools/linux/hndtools-arm-linux-2.6.36-uclibc-4.5.3/usr/bin
PATH: /projects/hnd/tools/linux/hndtools-armeabi-2011.09/bin"
PATH: /home/paldier/asuswrt/release/src-lantiq/tools/toolchain-mips_mips32_gcc-4.8-linaro_uClibc-0.9.33.2/bin
PATH: /home/paldier/asuswrt/release/src-lantiq/tools/host/bin


## ----------- ##
## Core tests. ##
## ----------- ##

configure:2092: checking build system type
configure:2110: result: i686-pc-linux-gnu
configure:2118: checking host system type
configure:2132: result: mips-unknown-linux-gnu
configure:2148: checking for mips-linux-gcc
configure:2174: result: mips-openwrt-linux-uclibc-gcc
configure:2456: checking for C compiler version
configure:2459: mips-openwrt-linux-uclibc-gcc --version </dev/null >&5
mips-openwrt-linux-uclibc-gcc (OpenWrt/Linaro GCC 4.8-2014.04 15.05_ltq) 4.8.3
Copyright (C) 2013 Free Software Foundation, Inc.
This is free software; see the source for copying conditions.  There is NO
warranty; not even for MERCHANTABILITY or FITNESS FOR A PARTICULAR PURPOSE.

configure:2462: $? = 0
configure:2464: mips-openwrt-linux-uclibc-gcc -v </dev/null >&5
Reading specs from /home/paldier/asuswrt/release/src-lantiq/tools/toolchain-mips_mips32_gcc-4.8-linaro_uClibc-0.9.33.2/bin/../lib/gcc/mips-openwrt-linux-uclibc/4.8.3/specs
COLLECT_GCC=mips-openwrt-linux-uclibc-gcc
COLLECT_LTO_WRAPPER=/home/paldier/asuswrt/release/src-lantiq/tools/toolchain-mips_mips32_gcc-4.8-linaro_uClibc-0.9.33.2/bin/../libexec/gcc/mips-openwrt-linux-uclibc/4.8.3/lto-wrapper
Target: mips-openwrt-linux-uclibc
Configured with: /media/intel160g/3asuswrt/UGW-7.2MR1/UGW-7.2.1.20-SW-CD/Sources/UGW-7.2.1.20/build_dir/toolchain-mips_mips32_gcc-4.8-linaro_uClibc-0.9.33.2/gcc-linaro-4.8-2014.04/configure --with-bugurl=https://dev.openwrt.org/ --with-pkgversion='OpenWrt/Linaro GCC 4.8-2014.04 15.05_ltq' --prefix=/media/intel160g/3asuswrt/UGW-7.2MR1/UGW-7.2.1.20-SW-CD/Sources/UGW-7.2.1.20/staging_dir/toolchain-mips_mips32_gcc-4.8-linaro_uClibc-0.9.33.2 --build=i686-linux-gnu --host=i686-linux-gnu --target=mips-openwrt-linux-uclibc --with-gnu-ld --enable-target-optspace --disable-libgomp --disable-libmudflap --disable-multilib --disable-nls --with-host-libstdcxx=-lstdc++ --with-float=soft --with-gmp=/media/intel160g/3asuswrt/UGW-7.2MR1/UGW-7.2.1.20-SW-CD/Sources/UGW-7.2.1.20/staging_dir/host --with-mpfr=/media/intel160g/3asuswrt/UGW-7.2MR1/UGW-7.2.1.20-SW-CD/Sources/UGW-7.2.1.20/staging_dir/host --with-mpc=/media/intel160g/3asuswrt/UGW-7.2MR1/UGW-7.2.1.20-SW-CD/Sources/UGW-7.2.1.20/staging_dir/host --disable-decimal-float --with-mips-plt --enable-libssp --disable-__cxa_atexit --with-headers=/media/intel160g/3asuswrt/UGW-7.2MR1/UGW-7.2.1.20-SW-CD/Sources/UGW-7.2.1.20/staging_dir/toolchain-mips_mips32_gcc-4.8-linaro_uClibc-0.9.33.2/include --disable-libsanitizer --enable-languages=c,c++ --enable-shared --enable-threads --with-slibdir=/media/intel160g/3asuswrt/UGW-7.2MR1/UGW-7.2.1.20-SW-CD/Sources/UGW-7.2.1.20/staging_dir/toolchain-mips_mips32_gcc-4.8-linaro_uClibc-0.9.33.2/lib
Thread model: posix
gcc version 4.8.3 (OpenWrt/Linaro GCC 4.8-2014.04 15.05_ltq) 
configure:2467: $? = 0
configure:2469: mips-openwrt-linux-uclibc-gcc -V </dev/null >&5
mips-openwrt-linux-uclibc-gcc: error: unrecognized command line option '-V'
mips-openwrt-linux-uclibc-gcc: fatal error: no input files
compilation terminated.
configure:2472: $? = 1
configure:2495: checking for C compiler default output file name
configure:2498: mips-openwrt-linux-uclibc-gcc -DBLUECAVE -DBLUECAVE -DBCMWPA2 -DCONFIG_LANTIQ -DDEBUG_NOISY -DDEBUG_RCTEST -pipe -funit-at-a-time -Wno-pointer-sign -mips32r2 -mno-branch-likely -mtune=1004kc -DLINUX30 -DLINUX26 -DLINUX_KERNEL_VERSION=199272 --sysroot=/home/paldier/asuswrt/release/src-lantiq/tools/toolchain-mips_mips32_gcc-4.8-linaro_uClibc-0.9.33.2 -DBLUECAVE -DLANTIQ_BSD -D__CONFIG_EMF__ -D__CONFIG_WPS__   conftest.c  >&5
configure:2501: $? = 0
configure:2547: result: a.out
configure:2552: checking whether the C compiler works
configure:2578: result: yes
configure:2585: checking whether we are cross compiling
configure:2587: result: yes
configure:2590: checking for suffix of executables
configure:2592: mips-openwrt-linux-uclibc-gcc -o conftest -DBLUECAVE -DBLUECAVE -DBCMWPA2 -DCONFIG_LANTIQ -DDEBUG_NOISY -DDEBUG_RCTEST -pipe -funit-at-a-time -Wno-pointer-sign -mips32r2 -mno-branch-likely -mtune=1004kc -DLINUX30 -DLINUX26 -DLINUX_KERNEL_VERSION=199272 --sysroot=/home/paldier/asuswrt/release/src-lantiq/tools/toolchain-mips_mips32_gcc-4.8-linaro_uClibc-0.9.33.2 -DBLUECAVE -DLANTIQ_BSD -D__CONFIG_EMF__ -D__CONFIG_WPS__   conftest.c  >&5
configure:2595: $? = 0
configure:2620: result: 
configure:2626: checking for suffix of object files
configure:2647: mips-openwrt-linux-uclibc-gcc -c -DBLUECAVE -DBLUECAVE -DBCMWPA2 -DCONFIG_LANTIQ -DDEBUG_NOISY -DDEBUG_RCTEST -pipe -funit-at-a-time -Wno-pointer-sign -mips32r2 -mno-branch-likely -mtune=1004kc -DLINUX30 -DLINUX26 -DLINUX_KERNEL_VERSION=199272 --sysroot=/home/paldier/asuswrt/release/src-lantiq/tools/toolchain-mips_mips32_gcc-4.8-linaro_uClibc-0.9.33.2 -DBLUECAVE -DLANTIQ_BSD -D__CONFIG_EMF__ -D__CONFIG_WPS__  conftest.c >&5
configure:2650: $? = 0
configure:2672: result: o
configure:2676: checking whether we are using the GNU C compiler
configure:2700: mips-openwrt-linux-uclibc-gcc -c -DBLUECAVE -DBLUECAVE -DBCMWPA2 -DCONFIG_LANTIQ -DDEBUG_NOISY -DDEBUG_RCTEST -pipe -funit-at-a-time -Wno-pointer-sign -mips32r2 -mno-branch-likely -mtune=1004kc -DLINUX30 -DLINUX26 -DLINUX_KERNEL_VERSION=199272 --sysroot=/home/paldier/asuswrt/release/src-lantiq/tools/toolchain-mips_mips32_gcc-4.8-linaro_uClibc-0.9.33.2 -DBLUECAVE -DLANTIQ_BSD -D__CONFIG_EMF__ -D__CONFIG_WPS__  conftest.c >&5
configure:2706: $? = 0
configure:2710: test -z 
			 || test ! -s conftest.err
configure:2713: $? = 0
configure:2716: test -s conftest.o
configure:2719: $? = 0
configure:2732: result: yes
configure:2738: checking whether mips-openwrt-linux-uclibc-gcc accepts -g
configure:2759: mips-openwrt-linux-uclibc-gcc -c -g  conftest.c >&5
configure:2765: $? = 0
configure:2769: test -z 
			 || test ! -s conftest.err
configure:2772: $? = 0
configure:2775: test -s conftest.o
configure:2778: $? = 0
configure:2789: result: yes
configure:2806: checking for mips-openwrt-linux-uclibc-gcc option to accept ANSI C
configure:2876: mips-openwrt-linux-uclibc-gcc  -c -DBLUECAVE -DBLUECAVE -DBCMWPA2 -DCONFIG_LANTIQ -DDEBUG_NOISY -DDEBUG_RCTEST -pipe -funit-at-a-time -Wno-pointer-sign -mips32r2 -mno-branch-likely -mtune=1004kc -DLINUX30 -DLINUX26 -DLINUX_KERNEL_VERSION=199272 --sysroot=/home/paldier/asuswrt/release/src-lantiq/tools/toolchain-mips_mips32_gcc-4.8-linaro_uClibc-0.9.33.2 -DBLUECAVE -DLANTIQ_BSD -D__CONFIG_EMF__ -D__CONFIG_WPS__  conftest.c >&5
configure:2882: $? = 0
configure:2886: test -z 
			 || test ! -s conftest.err
configure:2889: $? = 0
configure:2892: test -s conftest.o
configure:2895: $? = 0
configure:2913: result: none needed
configure:2931: mips-openwrt-linux-uclibc-gcc -c -DBLUECAVE -DBLUECAVE -DBCMWPA2 -DCONFIG_LANTIQ -DDEBUG_NOISY -DDEBUG_RCTEST -pipe -funit-at-a-time -Wno-pointer-sign -mips32r2 -mno-branch-likely -mtune=1004kc -DLINUX30 -DLINUX26 -DLINUX_KERNEL_VERSION=199272 --sysroot=/home/paldier/asuswrt/release/src-lantiq/tools/toolchain-mips_mips32_gcc-4.8-linaro_uClibc-0.9.33.2 -DBLUECAVE -DLANTIQ_BSD -D__CONFIG_EMF__ -D__CONFIG_WPS__  conftest.c >&5
conftest.c:2:3: error: unknown type name 'choke'
   choke me
   ^
conftest.c:2:3: error: expected '=', ',', ';', 'asm' or '__attribute__' at end of input
configure:2937: $? = 1
configure: failed program was:
| #ifndef __cplusplus
|   choke me
| #endif
configure:3070: checking for a sed that does not truncate output
configure:3124: result: /bin/sed
configure:3127: checking for egrep
configure:3137: result: grep -E
configure:3153: checking for ld used by mips-openwrt-linux-uclibc-gcc
configure:3220: result: mips-openwrt-linux-uclibc-ld
configure:3229: checking if the linker (mips-openwrt-linux-uclibc-ld) is GNU ld
configure:3244: result: yes
configure:3249: checking for mips-openwrt-linux-uclibc-ld option to reload object files
configure:3256: result: -r
configure:3274: checking for BSD-compatible nm
configure:3323: result: mips-openwrt-linux-uclibc-nm
configure:3327: checking whether ln -s works
configure:3331: result: yes
configure:3338: checking how to recognise dependent libraries
configure:3514: result: pass_all
configure:3993: checking how to run the C preprocessor
configure:4028: mips-openwrt-linux-uclibc-gcc -E  conftest.c
configure:4034: $? = 0
configure:4066: mips-openwrt-linux-uclibc-gcc -E  conftest.c
conftest.c:9:28: fatal error: ac_nonexistent.h: No such file or directory
 #include <ac_nonexistent.h>
                            ^
compilation terminated.
configure:4072: $? = 1
configure: failed program was:
| /* confdefs.h.  */
| 
| #define PACKAGE_NAME "expat"
| #define PACKAGE_TARNAME "expat"
| #define PACKAGE_VERSION "2.0.1"
| #define PACKAGE_STRING "expat 2.0.1"
| #define PACKAGE_BUGREPORT "expat-bugs@libexpat.org"
| /* end confdefs.h.  */
| #include <ac_nonexistent.h>
configure:4111: result: mips-openwrt-linux-uclibc-gcc -E
configure:4135: mips-openwrt-linux-uclibc-gcc -E  conftest.c
configure:4141: $? = 0
configure:4173: mips-openwrt-linux-uclibc-gcc -E  conftest.c
conftest.c:9:28: fatal error: ac_nonexistent.h: No such file or directory
 #include <ac_nonexistent.h>
                            ^
compilation terminated.
configure:4179: $? = 1
configure: failed program was:
| /* confdefs.h.  */
| 
| #define PACKAGE_NAME "expat"
| #define PACKAGE_TARNAME "expat"
| #define PACKAGE_VERSION "2.0.1"
| #define PACKAGE_STRING "expat 2.0.1"
| #define PACKAGE_BUGREPORT "expat-bugs@libexpat.org"
| /* end confdefs.h.  */
| #include <ac_nonexistent.h>
configure:4223: checking for ANSI C header files
configure:4248: mips-openwrt-linux-uclibc-gcc -c -DBLUECAVE -DBLUECAVE -DBCMWPA2 -DCONFIG_LANTIQ -DDEBUG_NOISY -DDEBUG_RCTEST -pipe -funit-at-a-time -Wno-pointer-sign -mips32r2 -mno-branch-likely -mtune=1004kc -DLINUX30 -DLINUX26 -DLINUX_KERNEL_VERSION=199272 --sysroot=/home/paldier/asuswrt/release/src-lantiq/tools/toolchain-mips_mips32_gcc-4.8-linaro_uClibc-0.9.33.2 -DBLUECAVE -DLANTIQ_BSD -D__CONFIG_EMF__ -D__CONFIG_WPS__  conftest.c >&5
configure:4254: $? = 0
configure:4258: test -z 
			 || test ! -s conftest.err
configure:4261: $? = 0
configure:4264: test -s conftest.o
configure:4267: $? = 0
configure:4379: result: yes
configure:4403: checking for sys/types.h
configure:4419: mips-openwrt-linux-uclibc-gcc -c -DBLUECAVE -DBLUECAVE -DBCMWPA2 -DCONFIG_LANTIQ -DDEBUG_NOISY -DDEBUG_RCTEST -pipe -funit-at-a-time -Wno-pointer-sign -mips32r2 -mno-branch-likely -mtune=1004kc -DLINUX30 -DLINUX26 -DLINUX_KERNEL_VERSION=199272 --sysroot=/home/paldier/asuswrt/release/src-lantiq/tools/toolchain-mips_mips32_gcc-4.8-linaro_uClibc-0.9.33.2 -DBLUECAVE -DLANTIQ_BSD -D__CONFIG_EMF__ -D__CONFIG_WPS__  conftest.c >&5
configure:4425: $? = 0
configure:4429: test -z 
			 || test ! -s conftest.err
configure:4432: $? = 0
configure:4435: test -s conftest.o
configure:4438: $? = 0
configure:4449: result: yes
configure:4403: checking for sys/stat.h
configure:4419: mips-openwrt-linux-uclibc-gcc -c -DBLUECAVE -DBLUECAVE -DBCMWPA2 -DCONFIG_LANTIQ -DDEBUG_NOISY -DDEBUG_RCTEST -pipe -funit-at-a-time -Wno-pointer-sign -mips32r2 -mno-branch-likely -mtune=1004kc -DLINUX30 -DLINUX26 -DLINUX_KERNEL_VERSION=199272 --sysroot=/home/paldier/asuswrt/release/src-lantiq/tools/toolchain-mips_mips32_gcc-4.8-linaro_uClibc-0.9.33.2 -DBLUECAVE -DLANTIQ_BSD -D__CONFIG_EMF__ -D__CONFIG_WPS__  conftest.c >&5
configure:4425: $? = 0
configure:4429: test -z 
			 || test ! -s conftest.err
configure:4432: $? = 0
configure:4435: test -s conftest.o
configure:4438: $? = 0
configure:4449: result: yes
configure:4403: checking for stdlib.h
configure:4419: mips-openwrt-linux-uclibc-gcc -c -DBLUECAVE -DBLUECAVE -DBCMWPA2 -DCONFIG_LANTIQ -DDEBUG_NOISY -DDEBUG_RCTEST -pipe -funit-at-a-time -Wno-pointer-sign -mips32r2 -mno-branch-likely -mtune=1004kc -DLINUX30 -DLINUX26 -DLINUX_KERNEL_VERSION=199272 --sysroot=/home/paldier/asuswrt/release/src-lantiq/tools/toolchain-mips_mips32_gcc-4.8-linaro_uClibc-0.9.33.2 -DBLUECAVE -DLANTIQ_BSD -D__CONFIG_EMF__ -D__CONFIG_WPS__  conftest.c >&5
configure:4425: $? = 0
configure:4429: test -z 
			 || test ! -s conftest.err
configure:4432: $? = 0
configure:4435: test -s conftest.o
configure:4438: $? = 0
configure:4449: result: yes
configure:4403: checking for string.h
configure:4419: mips-openwrt-linux-uclibc-gcc -c -DBLUECAVE -DBLUECAVE -DBCMWPA2 -DCONFIG_LANTIQ -DDEBUG_NOISY -DDEBUG_RCTEST -pipe -funit-at-a-time -Wno-pointer-sign -mips32r2 -mno-branch-likely -mtune=1004kc -DLINUX30 -DLINUX26 -DLINUX_KERNEL_VERSION=199272 --sysroot=/home/paldier/asuswrt/release/src-lantiq/tools/toolchain-mips_mips32_gcc-4.8-linaro_uClibc-0.9.33.2 -DBLUECAVE -DLANTIQ_BSD -D__CONFIG_EMF__ -D__CONFIG_WPS__  conftest.c >&5
configure:4425: $? = 0
configure:4429: test -z 
			 || test ! -s conftest.err
configure:4432: $? = 0
configure:4435: test -s conftest.o
configure:4438: $? = 0
configure:4449: result: yes
configure:4403: checking for memory.h
configure:4419: mips-openwrt-linux-uclibc-gcc -c -DBLUECAVE -DBLUECAVE -DBCMWPA2 -DCONFIG_LANTIQ -DDEBUG_NOISY -DDEBUG_RCTEST -pipe -funit-at-a-time -Wno-pointer-sign -mips32r2 -mno-branch-likely -mtune=1004kc -DLINUX30 -DLINUX26 -DLINUX_KERNEL_VERSION=199272 --sysroot=/home/paldier/asuswrt/release/src-lantiq/tools/toolchain-mips_mips32_gcc-4.8-linaro_uClibc-0.9.33.2 -DBLUECAVE -DLANTIQ_BSD -D__CONFIG_EMF__ -D__CONFIG_WPS__  conftest.c >&5
configure:4425: $? = 0
configure:4429: test -z 
			 || test ! -s conftest.err
configure:4432: $? = 0
configure:4435: test -s conftest.o
configure:4438: $? = 0
configure:4449: result: yes
configure:4403: checking for strings.h
configure:4419: mips-openwrt-linux-uclibc-gcc -c -DBLUECAVE -DBLUECAVE -DBCMWPA2 -DCONFIG_LANTIQ -DDEBUG_NOISY -DDEBUG_RCTEST -pipe -funit-at-a-time -Wno-pointer-sign -mips32r2 -mno-branch-likely -mtune=1004kc -DLINUX30 -DLINUX26 -DLINUX_KERNEL_VERSION=199272 --sysroot=/home/paldier/asuswrt/release/src-lantiq/tools/toolchain-mips_mips32_gcc-4.8-linaro_uClibc-0.9.33.2 -DBLUECAVE -DLANTIQ_BSD -D__CONFIG_EMF__ -D__CONFIG_WPS__  conftest.c >&5
configure:4425: $? = 0
configure:4429: test -z 
			 || test ! -s conftest.err
configure:4432: $? = 0
configure:4435: test -s conftest.o
configure:4438: $? = 0
configure:4449: result: yes
configure:4403: checking for inttypes.h
configure:4419: mips-openwrt-linux-uclibc-gcc -c -DBLUECAVE -DBLUECAVE -DBCMWPA2 -DCONFIG_LANTIQ -DDEBUG_NOISY -DDEBUG_RCTEST -pipe -funit-at-a-time -Wno-pointer-sign -mips32r2 -mno-branch-likely -mtune=1004kc -DLINUX30 -DLINUX26 -DLINUX_KERNEL_VERSION=199272 --sysroot=/home/paldier/asuswrt/release/src-lantiq/tools/toolchain-mips_mips32_gcc-4.8-linaro_uClibc-0.9.33.2 -DBLUECAVE -DLANTIQ_BSD -D__CONFIG_EMF__ -D__CONFIG_WPS__  conftest.c >&5
configure:4425: $? = 0
configure:4429: test -z 
			 || test ! -s conftest.err
configure:4432: $? = 0
configure:4435: test -s conftest.o
configure:4438: $? = 0
configure:4449: result: yes
configure:4403: checking for stdint.h
configure:4419: mips-openwrt-linux-uclibc-gcc -c -DBLUECAVE -DBLUECAVE -DBCMWPA2 -DCONFIG_LANTIQ -DDEBUG_NOISY -DDEBUG_RCTEST -pipe -funit-at-a-time -Wno-pointer-sign -mips32r2 -mno-branch-likely -mtune=1004kc -DLINUX30 -DLINUX26 -DLINUX_KERNEL_VERSION=199272 --sysroot=/home/paldier/asuswrt/release/src-lantiq/tools/toolchain-mips_mips32_gcc-4.8-linaro_uClibc-0.9.33.2 -DBLUECAVE -DLANTIQ_BSD -D__CONFIG_EMF__ -D__CONFIG_WPS__  conftest.c >&5
configure:4425: $? = 0
configure:4429: test -z 
			 || test ! -s conftest.err
configure:4432: $? = 0
configure:4435: test -s conftest.o
configure:4438: $? = 0
configure:4449: result: yes
configure:4403: checking for unistd.h
configure:4419: mips-openwrt-linux-uclibc-gcc -c -DBLUECAVE -DBLUECAVE -DBCMWPA2 -DCONFIG_LANTIQ -DDEBUG_NOISY -DDEBUG_RCTEST -pipe -funit-at-a-time -Wno-pointer-sign -mips32r2 -mno-branch-likely -mtune=1004kc -DLINUX30 -DLINUX26 -DLINUX_KERNEL_VERSION=199272 --sysroot=/home/paldier/asuswrt/release/src-lantiq/tools/toolchain-mips_mips32_gcc-4.8-linaro_uClibc-0.9.33.2 -DBLUECAVE -DLANTIQ_BSD -D__CONFIG_EMF__ -D__CONFIG_WPS__  conftest.c >&5
configure:4425: $? = 0
configure:4429: test -z 
			 || test ! -s conftest.err
configure:4432: $? = 0
configure:4435: test -s conftest.o
configure:4438: $? = 0
configure:4449: result: yes
configure:4475: checking dlfcn.h usability
configure:4487: mips-openwrt-linux-uclibc-gcc -c -DBLUECAVE -DBLUECAVE -DBCMWPA2 -DCONFIG_LANTIQ -DDEBUG_NOISY -DDEBUG_RCTEST -pipe -funit-at-a-time -Wno-pointer-sign -mips32r2 -mno-branch-likely -mtune=1004kc -DLINUX30 -DLINUX26 -DLINUX_KERNEL_VERSION=199272 --sysroot=/home/paldier/asuswrt/release/src-lantiq/tools/toolchain-mips_mips32_gcc-4.8-linaro_uClibc-0.9.33.2 -DBLUECAVE -DLANTIQ_BSD -D__CONFIG_EMF__ -D__CONFIG_WPS__  conftest.c >&5
configure:4493: $? = 0
configure:4497: test -z 
			 || test ! -s conftest.err
configure:4500: $? = 0
configure:4503: test -s conftest.o
configure:4506: $? = 0
configure:4516: result: yes
configure:4520: checking dlfcn.h presence
configure:4530: mips-openwrt-linux-uclibc-gcc -E  conftest.c
configure:4536: $? = 0
configure:4556: result: yes
configure:4591: checking for dlfcn.h
configure:4598: result: yes
configure:4621: checking for mips-linux-g++
configure:4647: result: mips-openwrt-linux-uclibc-g++
configure:4705: checking for C++ compiler version
configure:4708: mips-openwrt-linux-uclibc-g++ --version </dev/null >&5
mips-openwrt-linux-uclibc-g++ (OpenWrt/Linaro GCC 4.8-2014.04 15.05_ltq) 4.8.3
Copyright (C) 2013 Free Software Foundation, Inc.
This is free software; see the source for copying conditions.  There is NO
warranty; not even for MERCHANTABILITY or FITNESS FOR A PARTICULAR PURPOSE.

configure:4711: $? = 0
configure:4713: mips-openwrt-linux-uclibc-g++ -v </dev/null >&5
Reading specs from /home/paldier/asuswrt/release/src-lantiq/tools/toolchain-mips_mips32_gcc-4.8-linaro_uClibc-0.9.33.2/bin/../lib/gcc/mips-openwrt-linux-uclibc/4.8.3/specs
COLLECT_GCC=mips-openwrt-linux-uclibc-g++
COLLECT_LTO_WRAPPER=/home/paldier/asuswrt/release/src-lantiq/tools/toolchain-mips_mips32_gcc-4.8-linaro_uClibc-0.9.33.2/bin/../libexec/gcc/mips-openwrt-linux-uclibc/4.8.3/lto-wrapper
Target: mips-openwrt-linux-uclibc
Configured with: /media/intel160g/3asuswrt/UGW-7.2MR1/UGW-7.2.1.20-SW-CD/Sources/UGW-7.2.1.20/build_dir/toolchain-mips_mips32_gcc-4.8-linaro_uClibc-0.9.33.2/gcc-linaro-4.8-2014.04/configure --with-bugurl=https://dev.openwrt.org/ --with-pkgversion='OpenWrt/Linaro GCC 4.8-2014.04 15.05_ltq' --prefix=/media/intel160g/3asuswrt/UGW-7.2MR1/UGW-7.2.1.20-SW-CD/Sources/UGW-7.2.1.20/staging_dir/toolchain-mips_mips32_gcc-4.8-linaro_uClibc-0.9.33.2 --build=i686-linux-gnu --host=i686-linux-gnu --target=mips-openwrt-linux-uclibc --with-gnu-ld --enable-target-optspace --disable-libgomp --disable-libmudflap --disable-multilib --disable-nls --with-host-libstdcxx=-lstdc++ --with-float=soft --with-gmp=/media/intel160g/3asuswrt/UGW-7.2MR1/UGW-7.2.1.20-SW-CD/Sources/UGW-7.2.1.20/staging_dir/host --with-mpfr=/media/intel160g/3asuswrt/UGW-7.2MR1/UGW-7.2.1.20-SW-CD/Sources/UGW-7.2.1.20/staging_dir/host --with-mpc=/media/intel160g/3asuswrt/UGW-7.2MR1/UGW-7.2.1.20-SW-CD/Sources/UGW-7.2.1.20/staging_dir/host --disable-decimal-float --with-mips-plt --enable-libssp --disable-__cxa_atexit --with-headers=/media/intel160g/3asuswrt/UGW-7.2MR1/UGW-7.2.1.20-SW-CD/Sources/UGW-7.2.1.20/staging_dir/toolchain-mips_mips32_gcc-4.8-linaro_uClibc-0.9.33.2/include --disable-libsanitizer --enable-languages=c,c++ --enable-shared --enable-threads --with-slibdir=/media/intel160g/3asuswrt/UGW-7.2MR1/UGW-7.2.1.20-SW-CD/Sources/UGW-7.2.1.20/staging_dir/toolchain-mips_mips32_gcc-4.8-linaro_uClibc-0.9.33.2/lib
Thread model: posix
gcc version 4.8.3 (OpenWrt/Linaro GCC 4.8-2014.04 15.05_ltq) 
configure:4716: $? = 0
configure:4718: mips-openwrt-linux-uclibc-g++ -V </dev/null >&5
mips-openwrt-linux-uclibc-g++: error: unrecognized command line option '-V'
mips-openwrt-linux-uclibc-g++: fatal error: no input files
compilation terminated.
configure:4721: $? = 1
configure:4724: checking whether we are using the GNU C++ compiler
configure:4748: mips-openwrt-linux-uclibc-g++ -c   conftest.cc >&5
configure:4754: $? = 0
configure:4758: test -z 
			 || test ! -s conftest.err
configure:4761: $? = 0
configure:4764: test -s conftest.o
configure:4767: $? = 0
configure:4780: result: yes
configure:4786: checking whether mips-openwrt-linux-uclibc-g++ accepts -g
configure:4807: mips-openwrt-linux-uclibc-g++ -c -g  conftest.cc >&5
configure:4813: $? = 0
configure:4817: test -z 
			 || test ! -s conftest.err
configure:4820: $? = 0
configure:4823: test -s conftest.o
configure:4826: $? = 0
configure:4837: result: yes
configure:4879: mips-openwrt-linux-uclibc-g++ -c -g -O2  conftest.cc >&5
configure:4885: $? = 0
configure:4889: test -z 
			 || test ! -s conftest.err
configure:4892: $? = 0
configure:4895: test -s conftest.o
configure:4898: $? = 0
configure:4924: mips-openwrt-linux-uclibc-g++ -c -g -O2  conftest.cc >&5
conftest.cc: In function 'int main()':
conftest.cc:24:9: error: 'exit' was not declared in this scope
 exit (42);
         ^
configure:4930: $? = 1
configure: failed program was:
| /* confdefs.h.  */
| 
| #define PACKAGE_NAME "expat"
| #define PACKAGE_TARNAME "expat"
| #define PACKAGE_VERSION "2.0.1"
| #define PACKAGE_STRING "expat 2.0.1"
| #define PACKAGE_BUGREPORT "expat-bugs@libexpat.org"
| #define STDC_HEADERS 1
| #define HAVE_SYS_TYPES_H 1
| #define HAVE_SYS_STAT_H 1
| #define HAVE_STDLIB_H 1
| #define HAVE_STRING_H 1
| #define HAVE_MEMORY_H 1
| #define HAVE_STRINGS_H 1
| #define HAVE_INTTYPES_H 1
| #define HAVE_STDINT_H 1
| #define HAVE_UNISTD_H 1
| #define HAVE_DLFCN_H 1
| /* end confdefs.h.  */
| 
| int
| main ()
| {
| exit (42);
|   ;
|   return 0;
| }
configure:4879: mips-openwrt-linux-uclibc-g++ -c -g -O2  conftest.cc >&5
conftest.cc:20:40: error: 'void std::exit(int)' should have been declared inside 'std'
 extern "C" void std::exit (int) throw (); using std::exit;
                                        ^
configure:4885: $? = 1
configure: failed program was:
| /* confdefs.h.  */
| 
| #define PACKAGE_NAME "expat"
| #define PACKAGE_TARNAME "expat"
| #define PACKAGE_VERSION "2.0.1"
| #define PACKAGE_STRING "expat 2.0.1"
| #define PACKAGE_BUGREPORT "expat-bugs@libexpat.org"
| #define STDC_HEADERS 1
| #define HAVE_SYS_TYPES_H 1
| #define HAVE_SYS_STAT_H 1
| #define HAVE_STDLIB_H 1
| #define HAVE_STRING_H 1
| #define HAVE_MEMORY_H 1
| #define HAVE_STRINGS_H 1
| #define HAVE_INTTYPES_H 1
| #define HAVE_STDINT_H 1
| #define HAVE_UNISTD_H 1
| #define HAVE_DLFCN_H 1
| /* end confdefs.h.  */
| extern "C" void std::exit (int) throw (); using std::exit;
| #include <stdlib.h>
| int
| main ()
| {
| exit (42);
|   ;
|   return 0;
| }
configure:4879: mips-openwrt-linux-uclibc-g++ -c -g -O2  conftest.cc >&5
conftest.cc:20:31: error: 'void std::exit(int)' should have been declared inside 'std'
 extern "C" void std::exit (int); using std::exit;
                               ^
In file included from conftest.cc:21:0:
/home/paldier/asuswrt/release/src-lantiq/tools/toolchain-mips_mips32_gcc-4.8-linaro_uClibc-0.9.33.2/include/stdlib.h:532:70: error: declaration of 'void std::exit(int) throw ()' has a different exception specifier
 extern void exit (int __status) __THROW __attribute__ ((__noreturn__));
                                                                      ^
conftest.cc:20:17: error: from previous declaration 'void std::exit(int)'
 extern "C" void std::exit (int); using std::exit;
                 ^
configure:4885: $? = 1
configure: failed program was:
| /* confdefs.h.  */
| 
| #define PACKAGE_NAME "expat"
| #define PACKAGE_TARNAME "expat"
| #define PACKAGE_VERSION "2.0.1"
| #define PACKAGE_STRING "expat 2.0.1"
| #define PACKAGE_BUGREPORT "expat-bugs@libexpat.org"
| #define STDC_HEADERS 1
| #define HAVE_SYS_TYPES_H 1
| #define HAVE_SYS_STAT_H 1
| #define HAVE_STDLIB_H 1
| #define HAVE_STRING_H 1
| #define HAVE_MEMORY_H 1
| #define HAVE_STRINGS_H 1
| #define HAVE_INTTYPES_H 1
| #define HAVE_STDINT_H 1
| #define HAVE_UNISTD_H 1
| #define HAVE_DLFCN_H 1
| /* end confdefs.h.  */
| extern "C" void std::exit (int); using std::exit;
| #include <stdlib.h>
| int
| main ()
| {
| exit (42);
|   ;
|   return 0;
| }
configure:4879: mips-openwrt-linux-uclibc-g++ -c -g -O2  conftest.cc >&5
configure:4885: $? = 0
configure:4889: test -z 
			 || test ! -s conftest.err
configure:4892: $? = 0
configure:4895: test -s conftest.o
configure:4898: $? = 0
configure:4924: mips-openwrt-linux-uclibc-g++ -c -g -O2  conftest.cc >&5
configure:4930: $? = 0
configure:4934: test -z 
			 || test ! -s conftest.err
configure:4937: $? = 0
configure:4940: test -s conftest.o
configure:4943: $? = 0
configure:4976: checking how to run the C++ preprocessor
configure:5007: mips-openwrt-linux-uclibc-g++ -E  conftest.cc
configure:5013: $? = 0
configure:5045: mips-openwrt-linux-uclibc-g++ -E  conftest.cc
conftest.cc:23:28: fatal error: ac_nonexistent.h: No such file or directory
 #include <ac_nonexistent.h>
                            ^
compilation terminated.
configure:5051: $? = 1
configure: failed program was:
| /* confdefs.h.  */
| 
| #define PACKAGE_NAME "expat"
| #define PACKAGE_TARNAME "expat"
| #define PACKAGE_VERSION "2.0.1"
| #define PACKAGE_STRING "expat 2.0.1"
| #define PACKAGE_BUGREPORT "expat-bugs@libexpat.org"
| #define STDC_HEADERS 1
| #define HAVE_SYS_TYPES_H 1
| #define HAVE_SYS_STAT_H 1
| #define HAVE_STDLIB_H 1
| #define HAVE_STRING_H 1
| #define HAVE_MEMORY_H 1
| #define HAVE_STRINGS_H 1
| #define HAVE_INTTYPES_H 1
| #define HAVE_STDINT_H 1
| #define HAVE_UNISTD_H 1
| #define HAVE_DLFCN_H 1
| #ifdef __cplusplus
| extern "C" void exit (int) throw ();
| #endif
| /* end confdefs.h.  */
| #include <ac_nonexistent.h>
configure:5090: result: mips-openwrt-linux-uclibc-g++ -E
configure:5114: mips-openwrt-linux-uclibc-g++ -E  conftest.cc
configure:5120: $? = 0
configure:5152: mips-openwrt-linux-uclibc-g++ -E  conftest.cc
conftest.cc:23:28: fatal error: ac_nonexistent.h: No such file or directory
 #include <ac_nonexistent.h>
                            ^
compilation terminated.
configure:5158: $? = 1
configure: failed program was:
| /* confdefs.h.  */
| 
| #define PACKAGE_NAME "expat"
| #define PACKAGE_TARNAME "expat"
| #define PACKAGE_VERSION "2.0.1"
| #define PACKAGE_STRING "expat 2.0.1"
| #define PACKAGE_BUGREPORT "expat-bugs@libexpat.org"
| #define STDC_HEADERS 1
| #define HAVE_SYS_TYPES_H 1
| #define HAVE_SYS_STAT_H 1
| #define HAVE_STDLIB_H 1
| #define HAVE_STRING_H 1
| #define HAVE_MEMORY_H 1
| #define HAVE_STRINGS_H 1
| #define HAVE_INTTYPES_H 1
| #define HAVE_STDINT_H 1
| #define HAVE_UNISTD_H 1
| #define HAVE_DLFCN_H 1
| #ifdef __cplusplus
| extern "C" void exit (int) throw ();
| #endif
| /* end confdefs.h.  */
| #include <ac_nonexistent.h>
configure:5213: checking for mips-linux-g77
configure:5242: result: no
configure:5213: checking for mips-linux-f77
configure:5242: result: no
configure:5213: checking for mips-linux-xlf
configure:5242: result: no
configure:5213: checking for mips-linux-frt
configure:5242: result: no
configure:5213: checking for mips-linux-pgf77
configure:5242: result: no
configure:5213: checking for mips-linux-fort77
configure:5242: result: no
configure:5213: checking for mips-linux-fl32
configure:5242: result: no
configure:5213: checking for mips-linux-af77
configure:5242: result: no
configure:5213: checking for mips-linux-f90
configure:5242: result: no
configure:5213: checking for mips-linux-xlf90
configure:5242: result: no
configure:5213: checking for mips-linux-pgf90
configure:5242: result: no
configure:5213: checking for mips-linux-epcf90
configure:5242: result: no
configure:5213: checking for mips-linux-f95
configure:5242: result: no
configure:5213: checking for mips-linux-fort
configure:5242: result: no
configure:5213: checking for mips-linux-xlf95
configure:5242: result: no
configure:5213: checking for mips-linux-ifc
configure:5242: result: no
configure:5213: checking for mips-linux-efc
configure:5242: result: no
configure:5213: checking for mips-linux-pgf95
configure:5242: result: no
configure:5213: checking for mips-linux-lf95
configure:5242: result: no
configure:5213: checking for mips-linux-gfortran
configure:5242: result: no
configure:5255: checking for g77
configure:5284: result: no
configure:5255: checking for f77
configure:5284: result: no
configure:5255: checking for xlf
configure:5284: result: no
configure:5255: checking for frt
configure:5284: result: no
configure:5255: checking for pgf77
configure:5284: result: no
configure:5255: checking for fort77
configure:5284: result: no
configure:5255: checking for fl32
configure:5284: result: no
configure:5255: checking for af77
configure:5284: result: no
configure:5255: checking for f90
configure:5284: result: no
configure:5255: checking for xlf90
configure:5284: result: no
configure:5255: checking for pgf90
configure:5284: result: no
configure:5255: checking for epcf90
configure:5284: result: no
configure:5255: checking for f95
configure:5284: result: no
configure:5255: checking for fort
configure:5284: result: no
configure:5255: checking for xlf95
configure:5284: result: no
configure:5255: checking for ifc
configure:5284: result: no
configure:5255: checking for efc
configure:5284: result: no
configure:5255: checking for pgf95
configure:5284: result: no
configure:5255: checking for lf95
configure:5284: result: no
configure:5255: checking for gfortran
configure:5284: result: no
configure:5296: checking for Fortran 77 compiler version
configure:5299:  --version </dev/null >&5
./configure: line 5300: --version: command not found
configure:5302: $? = 127
configure:5304:  -v </dev/null >&5
./configure: line 5305: -v: command not found
configure:5307: $? = 127
configure:5309:  -V </dev/null >&5
./configure: line 5310: -V: command not found
configure:5312: $? = 127
configure:5320: checking whether we are using the GNU Fortran 77 compiler
configure:5334:  -c  conftest.F >&5
./configure: line 5335: -c: command not found
configure:5340: $? = 127
configure: failed program was:
|       program main
| #ifndef __GNUC__
|        choke me
| #endif
| 
|       end
configure:5366: result: no
configure:5372: checking whether  accepts -g
configure:5384:  -c -g conftest.f >&5
./configure: line 5385: -c: command not found
configure:5390: $? = 127
configure: failed program was:
|       program main
| 
|       end
configure:5415: result: no
configure:5445: checking the maximum length of command line arguments
configure:5554: result: 32768
configure:5565: checking command to parse mips-openwrt-linux-uclibc-nm output from mips-openwrt-linux-uclibc-gcc object
configure:5670: mips-openwrt-linux-uclibc-gcc -c -DBLUECAVE -DBLUECAVE -DBCMWPA2 -DCONFIG_LANTIQ -DDEBUG_NOISY -DDEBUG_RCTEST -pipe -funit-at-a-time -Wno-pointer-sign -mips32r2 -mno-branch-likely -mtune=1004kc -DLINUX30 -DLINUX26 -DLINUX_KERNEL_VERSION=199272 --sysroot=/home/paldier/asuswrt/release/src-lantiq/tools/toolchain-mips_mips32_gcc-4.8-linaro_uClibc-0.9.33.2 -DBLUECAVE -DLANTIQ_BSD -D__CONFIG_EMF__ -D__CONFIG_WPS__  conftest.c >&5
configure:5673: $? = 0
configure:5677: mips-openwrt-linux-uclibc-nm conftest.o \| sed -n -e 's/^.*[ 	]\([ABCDGIRSTW][ABCDGIRSTW]*\)[ 	][ 	]*\([_A-Za-z][_A-Za-z0-9]*\)$/\1 \2 \2/p' \> conftest.nm
configure:5680: $? = 0
configure:5732: mips-openwrt-linux-uclibc-gcc -o conftest -DBLUECAVE -DBLUECAVE -DBCMWPA2 -DCONFIG_LANTIQ -DDEBUG_NOISY -DDEBUG_RCTEST -pipe -funit-at-a-time -Wno-pointer-sign -mips32r2 -mno-branch-likely -mtune=1004kc -DLINUX30 -DLINUX26 -DLINUX_KERNEL_VERSION=199272 --sysroot=/home/paldier/asuswrt/release/src-lantiq/tools/toolchain-mips_mips32_gcc-4.8-linaro_uClibc-0.9.33.2 -DBLUECAVE -DLANTIQ_BSD -D__CONFIG_EMF__ -D__CONFIG_WPS__   conftest.c conftstm.o >&5
configure:5735: $? = 0
configure:5773: result: ok
configure:5777: checking for objdir
configure:5792: result: .libs
configure:5844: checking for mips-linux-ar
configure:5870: result: mips-openwrt-linux-uclibc-ar
configure:5924: checking for mips-linux-ranlib
configure:5950: result: mips-openwrt-linux-uclibc-ranlib
configure:6004: checking for mips-linux-strip
configure:6030: result: mips-openwrt-linux-uclibc-strip -R .note -R .comment
configure:6345: checking if mips-openwrt-linux-uclibc-gcc supports -fno-rtti -fno-exceptions
configure:6363: mips-openwrt-linux-uclibc-gcc -c -DBLUECAVE -DBLUECAVE -DBCMWPA2 -DCONFIG_LANTIQ -DDEBUG_NOISY -DDEBUG_RCTEST -pipe -funit-at-a-time -Wno-pointer-sign -mips32r2 -mno-branch-likely -mtune=1004kc -DLINUX30 -DLINUX26 -DLINUX_KERNEL_VERSION=199272 --sysroot=/home/paldier/asuswrt/release/src-lantiq/tools/toolchain-mips_mips32_gcc-4.8-linaro_uClibc-0.9.33.2 -DBLUECAVE -DLANTIQ_BSD -D__CONFIG_EMF__ -D__CONFIG_WPS__  -fno-rtti -fno-exceptions conftest.c >&5
cc1: warning: command line option '-fno-rtti' is valid for C++/ObjC++ but not for C [enabled by default]
configure:6367: $? = 0
configure:6380: result: no
configure:6395: checking for mips-openwrt-linux-uclibc-gcc option to produce PIC
configure:6605: result: -fPIC
configure:6613: checking if mips-openwrt-linux-uclibc-gcc PIC flag -fPIC works
configure:6631: mips-openwrt-linux-uclibc-gcc -c -DBLUECAVE -DBLUECAVE -DBCMWPA2 -DCONFIG_LANTIQ -DDEBUG_NOISY -DDEBUG_RCTEST -pipe -funit-at-a-time -Wno-pointer-sign -mips32r2 -mno-branch-likely -mtune=1004kc -DLINUX30 -DLINUX26 -DLINUX_KERNEL_VERSION=199272 --sysroot=/home/paldier/asuswrt/release/src-lantiq/tools/toolchain-mips_mips32_gcc-4.8-linaro_uClibc-0.9.33.2 -DBLUECAVE -DLANTIQ_BSD -D__CONFIG_EMF__ -D__CONFIG_WPS__  -fPIC -DPIC conftest.c >&5
configure:6635: $? = 0
configure:6648: result: yes
configure:6676: checking if mips-openwrt-linux-uclibc-gcc static flag -static works
configure:6704: result: yes
configure:6714: checking if mips-openwrt-linux-uclibc-gcc supports -c -o file.o
configure:6735: mips-openwrt-linux-uclibc-gcc -c -DBLUECAVE -DBLUECAVE -DBCMWPA2 -DCONFIG_LANTIQ -DDEBUG_NOISY -DDEBUG_RCTEST -pipe -funit-at-a-time -Wno-pointer-sign -mips32r2 -mno-branch-likely -mtune=1004kc -DLINUX30 -DLINUX26 -DLINUX_KERNEL_VERSION=199272 --sysroot=/home/paldier/asuswrt/release/src-lantiq/tools/toolchain-mips_mips32_gcc-4.8-linaro_uClibc-0.9.33.2 -DBLUECAVE -DLANTIQ_BSD -D__CONFIG_EMF__ -D__CONFIG_WPS__  -o out/conftest2.o conftest.c >&5
configure:6739: $? = 0
configure:6761: result: yes
configure:6787: checking whether the mips-openwrt-linux-uclibc-gcc linker (mips-openwrt-linux-uclibc-ld) supports shared libraries
configure:7745: result: yes
configure:7766: checking whether -lc should be explicitly linked in
configure:7771: mips-openwrt-linux-uclibc-gcc -c -DBLUECAVE -DBLUECAVE -DBCMWPA2 -DCONFIG_LANTIQ -DDEBUG_NOISY -DDEBUG_RCTEST -pipe -funit-at-a-time -Wno-pointer-sign -mips32r2 -mno-branch-likely -mtune=1004kc -DLINUX30 -DLINUX26 -DLINUX_KERNEL_VERSION=199272 --sysroot=/home/paldier/asuswrt/release/src-lantiq/tools/toolchain-mips_mips32_gcc-4.8-linaro_uClibc-0.9.33.2 -DBLUECAVE -DLANTIQ_BSD -D__CONFIG_EMF__ -D__CONFIG_WPS__  conftest.c >&5
configure:7774: $? = 0
configure:7789: mips-openwrt-linux-uclibc-gcc -shared conftest.o  -v -Wl,-soname -Wl,conftest -o conftest 2\>\&1 \| grep  -lc  \>/dev/null 2\>\&1
configure:7792: $? = 0
configure:7804: result: no
configure:7812: checking dynamic linker characteristics
configure:8400: result: GNU/Linux ld.so
configure:8409: checking how to hardcode library paths into programs
configure:8434: result: immediate
configure:8448: checking whether stripping libraries is possible
configure:8453: result: yes
configure:9287: checking if libtool supports shared libraries
configure:9289: result: yes
configure:9292: checking whether to build shared libraries
configure:9313: result: yes
configure:9316: checking whether to build static libraries
configure:9320: result: yes
configure:9412: creating libtool
configure:10000: checking for ld used by mips-openwrt-linux-uclibc-g++
configure:10067: result: mips-openwrt-linux-uclibc-ld
configure:10076: checking if the linker (mips-openwrt-linux-uclibc-ld) is GNU ld
configure:10091: result: yes
configure:10142: checking whether the mips-openwrt-linux-uclibc-g++ linker (mips-openwrt-linux-uclibc-ld) supports shared libraries
configure:11080: result: yes
configure:11102: mips-openwrt-linux-uclibc-g++ -c -g -O2  conftest.cpp >&5
configure:11105: $? = 0
configure:11224: checking for mips-openwrt-linux-uclibc-g++ option to produce PIC
configure:11498: result: -fPIC
configure:11506: checking if mips-openwrt-linux-uclibc-g++ PIC flag -fPIC works
configure:11524: mips-openwrt-linux-uclibc-g++ -c -g -O2  -fPIC -DPIC conftest.cpp >&5
configure:11528: $? = 0
configure:11541: result: yes
configure:11569: checking if mips-openwrt-linux-uclibc-g++ static flag -static works
configure:11597: result: yes
configure:11607: checking if mips-openwrt-linux-uclibc-g++ supports -c -o file.o
configure:11628: mips-openwrt-linux-uclibc-g++ -c -g -O2  -o out/conftest2.o conftest.cpp >&5
configure:11632: $? = 0
configure:11654: result: yes
configure:11680: checking whether the mips-openwrt-linux-uclibc-g++ linker (mips-openwrt-linux-uclibc-ld) supports shared libraries
configure:11705: result: yes
configure:11772: checking dynamic linker characteristics
configure:12360: result: GNU/Linux ld.so
configure:12369: checking how to hardcode library paths into programs
configure:12394: result: immediate
configure:18561: checking for mips-linux-gcc
configure:18587: result: mips-openwrt-linux-uclibc-gcc
configure:18869: checking for C compiler version
configure:18872: mips-openwrt-linux-uclibc-gcc --version </dev/null >&5
mips-openwrt-linux-uclibc-gcc (OpenWrt/Linaro GCC 4.8-2014.04 15.05_ltq) 4.8.3
Copyright (C) 2013 Free Software Foundation, Inc.
This is free software; see the source for copying conditions.  There is NO
warranty; not even for MERCHANTABILITY or FITNESS FOR A PARTICULAR PURPOSE.

configure:18875: $? = 0
configure:18877: mips-openwrt-linux-uclibc-gcc -v </dev/null >&5
Reading specs from /home/paldier/asuswrt/release/src-lantiq/tools/toolchain-mips_mips32_gcc-4.8-linaro_uClibc-0.9.33.2/bin/../lib/gcc/mips-openwrt-linux-uclibc/4.8.3/specs
COLLECT_GCC=mips-openwrt-linux-uclibc-gcc
COLLECT_LTO_WRAPPER=/home/paldier/asuswrt/release/src-lantiq/tools/toolchain-mips_mips32_gcc-4.8-linaro_uClibc-0.9.33.2/bin/../libexec/gcc/mips-openwrt-linux-uclibc/4.8.3/lto-wrapper
Target: mips-openwrt-linux-uclibc
Configured with: /media/intel160g/3asuswrt/UGW-7.2MR1/UGW-7.2.1.20-SW-CD/Sources/UGW-7.2.1.20/build_dir/toolchain-mips_mips32_gcc-4.8-linaro_uClibc-0.9.33.2/gcc-linaro-4.8-2014.04/configure --with-bugurl=https://dev.openwrt.org/ --with-pkgversion='OpenWrt/Linaro GCC 4.8-2014.04 15.05_ltq' --prefix=/media/intel160g/3asuswrt/UGW-7.2MR1/UGW-7.2.1.20-SW-CD/Sources/UGW-7.2.1.20/staging_dir/toolchain-mips_mips32_gcc-4.8-linaro_uClibc-0.9.33.2 --build=i686-linux-gnu --host=i686-linux-gnu --target=mips-openwrt-linux-uclibc --with-gnu-ld --enable-target-optspace --disable-libgomp --disable-libmudflap --disable-multilib --disable-nls --with-host-libstdcxx=-lstdc++ --with-float=soft --with-gmp=/media/intel160g/3asuswrt/UGW-7.2MR1/UGW-7.2.1.20-SW-CD/Sources/UGW-7.2.1.20/staging_dir/host --with-mpfr=/media/intel160g/3asuswrt/UGW-7.2MR1/UGW-7.2.1.20-SW-CD/Sources/UGW-7.2.1.20/staging_dir/host --with-mpc=/media/intel160g/3asuswrt/UGW-7.2MR1/UGW-7.2.1.20-SW-CD/Sources/UGW-7.2.1.20/staging_dir/host --disable-decimal-float --with-mips-plt --enable-libssp --disable-__cxa_atexit --with-headers=/media/intel160g/3asuswrt/UGW-7.2MR1/UGW-7.2.1.20-SW-CD/Sources/UGW-7.2.1.20/staging_dir/toolchain-mips_mips32_gcc-4.8-linaro_uClibc-0.9.33.2/include --disable-libsanitizer --enable-languages=c,c++ --enable-shared --enable-threads --with-slibdir=/media/intel160g/3asuswrt/UGW-7.2MR1/UGW-7.2.1.20-SW-CD/Sources/UGW-7.2.1.20/staging_dir/toolchain-mips_mips32_gcc-4.8-linaro_uClibc-0.9.33.2/lib
Thread model: posix
gcc version 4.8.3 (OpenWrt/Linaro GCC 4.8-2014.04 15.05_ltq) 
configure:18880: $? = 0
configure:18882: mips-openwrt-linux-uclibc-gcc -V </dev/null >&5
mips-openwrt-linux-uclibc-gcc: error: unrecognized command line option '-V'
mips-openwrt-linux-uclibc-gcc: fatal error: no input files
compilation terminated.
configure:18885: $? = 1
configure:18888: checking whether we are using the GNU C compiler
configure:18944: result: yes
configure:18950: checking whether mips-openwrt-linux-uclibc-gcc accepts -g
configure:19001: result: yes
configure:19018: checking for mips-openwrt-linux-uclibc-gcc option to accept ANSI C
configure:19125: result: none needed
configure:19143: mips-openwrt-linux-uclibc-gcc -c -DBLUECAVE -DBLUECAVE -DBCMWPA2 -DCONFIG_LANTIQ -DDEBUG_NOISY -DDEBUG_RCTEST -pipe -funit-at-a-time -Wno-pointer-sign -mips32r2 -mno-branch-likely -mtune=1004kc -DLINUX30 -DLINUX26 -DLINUX_KERNEL_VERSION=199272 --sysroot=/home/paldier/asuswrt/release/src-lantiq/tools/toolchain-mips_mips32_gcc-4.8-linaro_uClibc-0.9.33.2 -DBLUECAVE -DLANTIQ_BSD -D__CONFIG_EMF__ -D__CONFIG_WPS__  conftest.c >&5
conftest.c:2:3: error: unknown type name 'choke'
   choke me
   ^
conftest.c:2:3: error: expected '=', ',', ';', 'asm' or '__attribute__' at end of input
configure:19149: $? = 1
configure: failed program was:
| #ifndef __cplusplus
|   choke me
| #endif
configure:19295: checking for a BSD-compatible install
configure:19350: result: /usr/bin/install -c
configure:19365: checking whether mips-openwrt-linux-uclibc-gcc accepts -fexceptions
configure:19383: mips-openwrt-linux-uclibc-gcc -o conftest -DBLUECAVE -DBLUECAVE -DBCMWPA2 -DCONFIG_LANTIQ -DDEBUG_NOISY -DDEBUG_RCTEST -pipe -funit-at-a-time -Wno-pointer-sign -mips32r2 -mno-branch-likely -mtune=1004kc -DLINUX30 -DLINUX26 -DLINUX_KERNEL_VERSION=199272 --sysroot=/home/paldier/asuswrt/release/src-lantiq/tools/toolchain-mips_mips32_gcc-4.8-linaro_uClibc-0.9.33.2 -DBLUECAVE -DLANTIQ_BSD -D__CONFIG_EMF__ -D__CONFIG_WPS__ -Wall -Wmissing-prototypes -Wstrict-prototypes -fexceptions   conftest.c  >&5
conftest.c:25:1: warning: function declaration isn't a prototype [-Wstrict-prototypes]
 main ()
 ^
configure:19389: $? = 0
configure:19393: test -z 
			 || test ! -s conftest.err
configure:19396: $? = 0
configure:19399: test -s conftest
configure:19402: $? = 0
configure:19404: result: yes
configure:19418: checking for ANSI C header files
configure:19574: result: yes
configure:19586: checking whether byte ordering is bigendian
configure:19613: mips-openwrt-linux-uclibc-gcc -c -DBLUECAVE -DBLUECAVE -DBCMWPA2 -DCONFIG_LANTIQ -DDEBUG_NOISY -DDEBUG_RCTEST -pipe -funit-at-a-time -Wno-pointer-sign -mips32r2 -mno-branch-likely -mtune=1004kc -DLINUX30 -DLINUX26 -DLINUX_KERNEL_VERSION=199272 --sysroot=/home/paldier/asuswrt/release/src-lantiq/tools/toolchain-mips_mips32_gcc-4.8-linaro_uClibc-0.9.33.2 -DBLUECAVE -DLANTIQ_BSD -D__CONFIG_EMF__ -D__CONFIG_WPS__ -Wall -Wmissing-prototypes -Wstrict-prototypes -fexceptions  conftest.c >&5
conftest.c:27:1: warning: function declaration isn't a prototype [-Wstrict-prototypes]
 main ()
 ^
configure:19619: $? = 0
configure:19623: test -z 
			 || test ! -s conftest.err
configure:19626: $? = 0
configure:19629: test -s conftest.o
configure:19632: $? = 0
configure:19655: mips-openwrt-linux-uclibc-gcc -c -DBLUECAVE -DBLUECAVE -DBCMWPA2 -DCONFIG_LANTIQ -DDEBUG_NOISY -DDEBUG_RCTEST -pipe -funit-at-a-time -Wno-pointer-sign -mips32r2 -mno-branch-likely -mtune=1004kc -DLINUX30 -DLINUX26 -DLINUX_KERNEL_VERSION=199272 --sysroot=/home/paldier/asuswrt/release/src-lantiq/tools/toolchain-mips_mips32_gcc-4.8-linaro_uClibc-0.9.33.2 -DBLUECAVE -DLANTIQ_BSD -D__CONFIG_EMF__ -D__CONFIG_WPS__ -Wall -Wmissing-prototypes -Wstrict-prototypes -fexceptions  conftest.c >&5
conftest.c:27:1: warning: function declaration isn't a prototype [-Wstrict-prototypes]
 main ()
 ^
configure:19661: $? = 0
configure:19665: test -z 
			 || test ! -s conftest.err
configure:19668: $? = 0
configure:19671: test -s conftest.o
configure:19674: $? = 0
configure:19735: result: yes
configure:19792: checking for an ANSI C-conforming const
configure:19859: mips-openwrt-linux-uclibc-gcc -c -DBLUECAVE -DBLUECAVE -DBCMWPA2 -DCONFIG_LANTIQ -DDEBUG_NOISY -DDEBUG_RCTEST -pipe -funit-at-a-time -Wno-pointer-sign -mips32r2 -mno-branch-likely -mtune=1004kc -DLINUX30 -DLINUX26 -DLINUX_KERNEL_VERSION=199272 --sysroot=/home/paldier/asuswrt/release/src-lantiq/tools/toolchain-mips_mips32_gcc-4.8-linaro_uClibc-0.9.33.2 -DBLUECAVE -DLANTIQ_BSD -D__CONFIG_EMF__ -D__CONFIG_WPS__ -Wall -Wmissing-prototypes -Wstrict-prototypes -fexceptions  conftest.c >&5
conftest.c:28:1: warning: function declaration isn't a prototype [-Wstrict-prototypes]
 main ()
 ^
conftest.c: In function 'main':
conftest.c:53:17: warning: unused variable 's' [-Wunused-variable]
     char const *s = 0 ? (char *) 0 : (char const *) 0;
                 ^
conftest.c:73:15: warning: unused variable 'foo' [-Wunused-variable]
     const int foo = 10;
               ^
conftest.c:40:29: warning: unused variable 'zero' [-Wunused-variable]
   static struct point const zero = {0,0};
                             ^
conftest.c:34:17: warning: unused variable 'x' [-Wunused-variable]
   const charset x;
                 ^
conftest.c:55:7: warning: 't' is used uninitialized in this function [-Wuninitialized]
     *t++ = 0;
       ^
conftest.c:70:23: warning: 'b' is used uninitialized in this function [-Wuninitialized]
     struct s *b; b->j = 5;
                       ^
configure:19865: $? = 0
configure:19869: test -z 
			 || test ! -s conftest.err
configure:19872: $? = 0
configure:19875: test -s conftest.o
configure:19878: $? = 0
configure:19889: result: yes
configure:19899: checking for size_t
configure:19923: mips-openwrt-linux-uclibc-gcc -c -DBLUECAVE -DBLUECAVE -DBCMWPA2 -DCONFIG_LANTIQ -DDEBUG_NOISY -DDEBUG_RCTEST -pipe -funit-at-a-time -Wno-pointer-sign -mips32r2 -mno-branch-likely -mtune=1004kc -DLINUX30 -DLINUX26 -DLINUX_KERNEL_VERSION=199272 --sysroot=/home/paldier/asuswrt/release/src-lantiq/tools/toolchain-mips_mips32_gcc-4.8-linaro_uClibc-0.9.33.2 -DBLUECAVE -DLANTIQ_BSD -D__CONFIG_EMF__ -D__CONFIG_WPS__ -Wall -Wmissing-prototypes -Wstrict-prototypes -fexceptions  conftest.c >&5
conftest.c:61:1: warning: function declaration isn't a prototype [-Wstrict-prototypes]
 main ()
 ^
configure:19929: $? = 0
configure:19933: test -z 
			 || test ! -s conftest.err
configure:19936: $? = 0
configure:19939: test -s conftest.o
configure:19942: $? = 0
configure:19953: result: yes
configure:19970: checking for memmove
configure:20027: mips-openwrt-linux-uclibc-gcc -o conftest -DBLUECAVE -DBLUECAVE -DBCMWPA2 -DCONFIG_LANTIQ -DDEBUG_NOISY -DDEBUG_RCTEST -pipe -funit-at-a-time -Wno-pointer-sign -mips32r2 -mno-branch-likely -mtune=1004kc -DLINUX30 -DLINUX26 -DLINUX_KERNEL_VERSION=199272 --sysroot=/home/paldier/asuswrt/release/src-lantiq/tools/toolchain-mips_mips32_gcc-4.8-linaro_uClibc-0.9.33.2 -DBLUECAVE -DLANTIQ_BSD -D__CONFIG_EMF__ -D__CONFIG_WPS__ -Wall -Wmissing-prototypes -Wstrict-prototypes -fexceptions   conftest.c  >&5
conftest.c:50:1: warning: function declaration isn't a prototype [-Wstrict-prototypes]
 char memmove ();
 ^
conftest.c:50:6: warning: conflicting types for built-in function 'memmove' [enabled by default]
 char memmove ();
      ^
conftest.c:57:1: warning: function declaration isn't a prototype [-Wstrict-prototypes]
 char (*f) () = memmove;
 ^
conftest.c:64:1: warning: function declaration isn't a prototype [-Wstrict-prototypes]
 main ()
 ^
configure:20033: $? = 0
configure:20037: test -z 
			 || test ! -s conftest.err
configure:20040: $? = 0
configure:20043: test -s conftest
configure:20046: $? = 0
configure:20058: result: yes
configure:19970: checking for bcopy
configure:20027: mips-openwrt-linux-uclibc-gcc -o conftest -DBLUECAVE -DBLUECAVE -DBCMWPA2 -DCONFIG_LANTIQ -DDEBUG_NOISY -DDEBUG_RCTEST -pipe -funit-at-a-time -Wno-pointer-sign -mips32r2 -mno-branch-likely -mtune=1004kc -DLINUX30 -DLINUX26 -DLINUX_KERNEL_VERSION=199272 --sysroot=/home/paldier/asuswrt/release/src-lantiq/tools/toolchain-mips_mips32_gcc-4.8-linaro_uClibc-0.9.33.2 -DBLUECAVE -DLANTIQ_BSD -D__CONFIG_EMF__ -D__CONFIG_WPS__ -Wall -Wmissing-prototypes -Wstrict-prototypes -fexceptions   conftest.c  >&5
conftest.c:51:1: warning: function declaration isn't a prototype [-Wstrict-prototypes]
 char bcopy ();
 ^
conftest.c:51:6: warning: conflicting types for built-in function 'bcopy' [enabled by default]
 char bcopy ();
      ^
conftest.c:58:1: warning: function declaration isn't a prototype [-Wstrict-prototypes]
 char (*f) () = bcopy;
 ^
conftest.c:65:1: warning: function declaration isn't a prototype [-Wstrict-prototypes]
 main ()
 ^
configure:20033: $? = 0
configure:20037: test -z 
			 || test ! -s conftest.err
configure:20040: $? = 0
configure:20043: test -s conftest
configure:20046: $? = 0
configure:20058: result: yes
configure:20084: checking fcntl.h usability
configure:20096: mips-openwrt-linux-uclibc-gcc -c -DBLUECAVE -DBLUECAVE -DBCMWPA2 -DCONFIG_LANTIQ -DDEBUG_NOISY -DDEBUG_RCTEST -pipe -funit-at-a-time -Wno-pointer-sign -mips32r2 -mno-branch-likely -mtune=1004kc -DLINUX30 -DLINUX26 -DLINUX_KERNEL_VERSION=199272 --sysroot=/home/paldier/asuswrt/release/src-lantiq/tools/toolchain-mips_mips32_gcc-4.8-linaro_uClibc-0.9.33.2 -DBLUECAVE -DLANTIQ_BSD -D__CONFIG_EMF__ -D__CONFIG_WPS__ -Wall -Wmissing-prototypes -Wstrict-prototypes -fexceptions  conftest.c >&5
configure:20102: $? = 0
configure:20106: test -z 
			 || test ! -s conftest.err
configure:20109: $? = 0
configure:20112: test -s conftest.o
configure:20115: $? = 0
configure:20125: result: yes
configure:20129: checking fcntl.h presence
configure:20139: mips-openwrt-linux-uclibc-gcc -E  conftest.c
configure:20145: $? = 0
configure:20165: result: yes
configure:20200: checking for fcntl.h
configure:20207: result: yes
configure:20075: checking for unistd.h
configure:20080: result: yes
configure:20220: checking for off_t
configure:20244: mips-openwrt-linux-uclibc-gcc -c -DBLUECAVE -DBLUECAVE -DBCMWPA2 -DCONFIG_LANTIQ -DDEBUG_NOISY -DDEBUG_RCTEST -pipe -funit-at-a-time -Wno-pointer-sign -mips32r2 -mno-branch-likely -mtune=1004kc -DLINUX30 -DLINUX26 -DLINUX_KERNEL_VERSION=199272 --sysroot=/home/paldier/asuswrt/release/src-lantiq/tools/toolchain-mips_mips32_gcc-4.8-linaro_uClibc-0.9.33.2 -DBLUECAVE -DLANTIQ_BSD -D__CONFIG_EMF__ -D__CONFIG_WPS__ -Wall -Wmissing-prototypes -Wstrict-prototypes -fexceptions  conftest.c >&5
conftest.c:65:1: warning: function declaration isn't a prototype [-Wstrict-prototypes]
 main ()
 ^
configure:20250: $? = 0
configure:20254: test -z 
			 || test ! -s conftest.err
configure:20257: $? = 0
configure:20260: test -s conftest.o
configure:20263: $? = 0
configure:20274: result: yes
configure:20292: checking for stdlib.h
configure:20297: result: yes
configure:20292: checking for unistd.h
configure:20297: result: yes
configure:20441: checking for getpagesize
configure:20498: mips-openwrt-linux-uclibc-gcc -o conftest -DBLUECAVE -DBLUECAVE -DBCMWPA2 -DCONFIG_LANTIQ -DDEBUG_NOISY -DDEBUG_RCTEST -pipe -funit-at-a-time -Wno-pointer-sign -mips32r2 -mno-branch-likely -mtune=1004kc -DLINUX30 -DLINUX26 -DLINUX_KERNEL_VERSION=199272 --sysroot=/home/paldier/asuswrt/release/src-lantiq/tools/toolchain-mips_mips32_gcc-4.8-linaro_uClibc-0.9.33.2 -DBLUECAVE -DLANTIQ_BSD -D__CONFIG_EMF__ -D__CONFIG_WPS__ -Wall -Wmissing-prototypes -Wstrict-prototypes -fexceptions   conftest.c  >&5
conftest.c:56:1: warning: function declaration isn't a prototype [-Wstrict-prototypes]
 char getpagesize ();
 ^
conftest.c:63:1: warning: function declaration isn't a prototype [-Wstrict-prototypes]
 char (*f) () = getpagesize;
 ^
conftest.c:70:1: warning: function declaration isn't a prototype [-Wstrict-prototypes]
 main ()
 ^
configure:20504: $? = 0
configure:20508: test -z 
			 || test ! -s conftest.err
configure:20511: $? = 0
configure:20514: test -s conftest
configure:20517: $? = 0
configure:20529: result: yes
configure:20539: checking for working mmap
configure:20703: result: no
configure:20731: checking for an ANSI C99-conforming __func__
configure:20752: mips-openwrt-linux-uclibc-gcc -c -DBLUECAVE -DBLUECAVE -DBCMWPA2 -DCONFIG_LANTIQ -DDEBUG_NOISY -DDEBUG_RCTEST -pipe -funit-at-a-time -Wno-pointer-sign -mips32r2 -mno-branch-likely -mtune=1004kc -DLINUX30 -DLINUX26 -DLINUX_KERNEL_VERSION=199272 --sysroot=/home/paldier/asuswrt/release/src-lantiq/tools/toolchain-mips_mips32_gcc-4.8-linaro_uClibc-0.9.33.2 -DBLUECAVE -DLANTIQ_BSD -D__CONFIG_EMF__ -D__CONFIG_WPS__ -Wall -Wmissing-prototypes -Wstrict-prototypes -fexceptions  conftest.c >&5
conftest.c:35:1: warning: function declaration isn't a prototype [-Wstrict-prototypes]
 main ()
 ^
conftest.c: In function 'main':
conftest.c:37:13: warning: initialization discards 'const' qualifier from pointer target type [enabled by default]
 char *foo = __func__;
             ^
conftest.c:37:7: warning: unused variable 'foo' [-Wunused-variable]
 char *foo = __func__;
       ^
configure:20758: $? = 0
configure:20762: test -z 
			 || test ! -s conftest.err
configure:20765: $? = 0
configure:20768: test -s conftest.o
configure:20771: $? = 0
configure:20826: result: yes
configure:20957: creating ./config.status

## ---------------------- ##
## Running config.status. ##
## ---------------------- ##

This file was extended by expat config.status 2.0.1, which was
generated by GNU Autoconf 2.59.  Invocation command line was

  CONFIG_FILES    = 
  CONFIG_HEADERS  = 
  CONFIG_LINKS    = 
  CONFIG_COMMANDS = 
  $ ./config.status 

on paldier-VirtualBox

config.status:683: creating Makefile
config.status:787: creating expat_config.h

## ---------------- ##
## Cache variables. ##
## ---------------- ##

ac_cv_build=i686-pc-linux-gnu
ac_cv_build_alias=i686-linux
ac_cv_c_bigendian=yes
ac_cv_c_compiler_gnu=yes
ac_cv_c_const=yes
ac_cv_cpp_func=yes
ac_cv_cxx_compiler_gnu=yes
ac_cv_env_CC_set=set
ac_cv_env_CC_value=mips-openwrt-linux-uclibc-gcc
ac_cv_env_CFLAGS_set=set
ac_cv_env_CFLAGS_value='-DBLUECAVE -DBLUECAVE -DBCMWPA2 -DCONFIG_LANTIQ -DDEBUG_NOISY -DDEBUG_RCTEST -pipe -funit-at-a-time -Wno-pointer-sign -mips32r2 -mno-branch-likely -mtune=1004kc -DLINUX30 -DLINUX26 -DLINUX_KERNEL_VERSION=199272 --sysroot=/home/paldier/asuswrt/release/src-lantiq/tools/toolchain-mips_mips32_gcc-4.8-linaro_uClibc-0.9.33.2 -DBLUECAVE -DLANTIQ_BSD -D__CONFIG_EMF__ -D__CONFIG_WPS__'
ac_cv_env_CPPFLAGS_set=
ac_cv_env_CPPFLAGS_value=
ac_cv_env_CPP_set=
ac_cv_env_CPP_value=
ac_cv_env_CXXCPP_set=
ac_cv_env_CXXCPP_value=
ac_cv_env_CXXFLAGS_set=
ac_cv_env_CXXFLAGS_value=
ac_cv_env_CXX_set=set
ac_cv_env_CXX_value=mips-openwrt-linux-uclibc-g++
ac_cv_env_F77_set=
ac_cv_env_F77_value=
ac_cv_env_FFLAGS_set=
ac_cv_env_FFLAGS_value=
ac_cv_env_LDFLAGS_set=
ac_cv_env_LDFLAGS_value=
ac_cv_env_build_alias_set=set
ac_cv_env_build_alias_value=i686-linux
ac_cv_env_host_alias_set=set
ac_cv_env_host_alias_value=mips-linux
ac_cv_env_target_alias_set=
ac_cv_env_target_alias_value=
ac_cv_exeext=
ac_cv_f77_compiler_gnu=no
ac_cv_func_bcopy=yes
ac_cv_func_getpagesize=yes
ac_cv_func_memmove=yes
ac_cv_func_mmap_fixed_mapped=no
ac_cv_header_dlfcn_h=yes
ac_cv_header_fcntl_h=yes
ac_cv_header_inttypes_h=yes
ac_cv_header_memory_h=yes
ac_cv_header_stdc=yes
ac_cv_header_stdint_h=yes
ac_cv_header_stdlib_h=yes
ac_cv_header_string_h=yes
ac_cv_header_strings_h=yes
ac_cv_header_sys_stat_h=yes
ac_cv_header_sys_types_h=yes
ac_cv_header_unistd_h=yes
ac_cv_host=mips-unknown-linux-gnu
ac_cv_host_alias=mips-linux
ac_cv_objext=o
ac_cv_path_install='/usr/bin/install -c'
ac_cv_prog_AR=mips-openwrt-linux-uclibc-ar
ac_cv_prog_CC=mips-openwrt-linux-uclibc-gcc
ac_cv_prog_CPP='mips-openwrt-linux-uclibc-gcc -E'
ac_cv_prog_CXX=mips-openwrt-linux-uclibc-g++
ac_cv_prog_CXXCPP='mips-openwrt-linux-uclibc-g++ -E'
ac_cv_prog_RANLIB=mips-openwrt-linux-uclibc-ranlib
ac_cv_prog_STRIP='mips-openwrt-linux-uclibc-strip -R .note -R .comment'
ac_cv_prog_cc_g=yes
ac_cv_prog_cc_stdc=
ac_cv_prog_cxx_g=yes
ac_cv_prog_egrep='grep -E'
ac_cv_prog_f77_g=no
ac_cv_type_off_t=yes
ac_cv_type_size_t=yes
lt_cv_deplibs_check_method=pass_all
lt_cv_file_magic_cmd='$MAGIC_CMD'
lt_cv_file_magic_test_file=
lt_cv_ld_reload_flag=-r
lt_cv_objdir=.libs
lt_cv_path_LD=mips-openwrt-linux-uclibc-ld
lt_cv_path_LDCXX=mips-openwrt-linux-uclibc-ld
lt_cv_path_NM=mips-openwrt-linux-uclibc-nm
lt_cv_path_SED=/bin/sed
lt_cv_prog_compiler_c_o=yes
lt_cv_prog_compiler_c_o_CXX=yes
lt_cv_prog_compiler_rtti_exceptions=no
lt_cv_prog_gnu_ld=yes
lt_cv_prog_gnu_ldcxx=yes
lt_cv_sys_global_symbol_pipe='sed -n -e '\''s/^.*[ 	]\([ABCDGIRSTW][ABCDGIRSTW]*\)[ 	][ 	]*\([_A-Za-z][_A-Za-z0-9]*\)$/\1 \2 \2/p'\'''
lt_cv_sys_global_symbol_to_c_name_address='sed -n -e '\''s/^: \([^ ]*\) $/  {\"\1\", (lt_ptr) 0},/p'\'' -e '\''s/^[BCDEGRST] \([^ ]*\) \([^ ]*\)$/  {"\2", (lt_ptr) \&\2},/p'\'''
lt_cv_sys_global_symbol_to_cdecl='sed -n -e '\''s/^. .* \(.*\)$/extern int \1;/p'\'''
lt_cv_sys_max_cmd_len=32768
lt_lt_cv_prog_compiler_c_o='"yes"'
lt_lt_cv_prog_compiler_c_o_CXX='"yes"'
lt_lt_cv_sys_global_symbol_pipe='"sed -n -e '\''s/^.*[ 	]\\([ABCDGIRSTW][ABCDGIRSTW]*\\)[ 	][ 	]*\\([_A-Za-z][_A-Za-z0-9]*\\)\$/\\1 \\2 \\2/p'\''"'
lt_lt_cv_sys_global_symbol_to_c_name_address='"sed -n -e '\''s/^: \\([^ ]*\\) \$/  {\\\"\\1\\\", (lt_ptr) 0},/p'\'' -e '\''s/^[BCDEGRST] \\([^ ]*\\) \\([^ ]*\\)\$/  {\"\\2\", (lt_ptr) \\&\\2},/p'\''"'
lt_lt_cv_sys_global_symbol_to_cdecl='"sed -n -e '\''s/^. .* \\(.*\\)\$/extern int \\1;/p'\''"'

## ----------------- ##
## Output variables. ##
## ----------------- ##

AR='mips-openwrt-linux-uclibc-ar'
AS='mips-openwrt-linux-uclibc-as'
CC='mips-openwrt-linux-uclibc-gcc'
CFLAGS='-DBLUECAVE -DBLUECAVE -DBCMWPA2 -DCONFIG_LANTIQ -DDEBUG_NOISY -DDEBUG_RCTEST -pipe -funit-at-a-time -Wno-pointer-sign -mips32r2 -mno-branch-likely -mtune=1004kc -DLINUX30 -DLINUX26 -DLINUX_KERNEL_VERSION=199272 --sysroot=/home/paldier/asuswrt/release/src-lantiq/tools/toolchain-mips_mips32_gcc-4.8-linaro_uClibc-0.9.33.2 -DBLUECAVE -DLANTIQ_BSD -D__CONFIG_EMF__ -D__CONFIG_WPS__ -Wall -Wmissing-prototypes -Wstrict-prototypes -fexceptions'
CPP='mips-openwrt-linux-uclibc-gcc -E'
CPPFLAGS=''
CXX='mips-openwrt-linux-uclibc-g++'
CXXCPP='mips-openwrt-linux-uclibc-g++ -E'
CXXFLAGS='-DBLUECAVE -DBLUECAVE -DBCMWPA2 -DCONFIG_LANTIQ -DDEBUG_NOISY -DDEBUG_RCTEST -pipe -funit-at-a-time -Wno-pointer-sign -mips32r2 -mno-branch-likely -mtune=1004kc -DLINUX30 -DLINUX26 -DLINUX_KERNEL_VERSION=199272 --sysroot=/home/paldier/asuswrt/release/src-lantiq/tools/toolchain-mips_mips32_gcc-4.8-linaro_uClibc-0.9.33.2 -DBLUECAVE -DLANTIQ_BSD -D__CONFIG_EMF__ -D__CONFIG_WPS__ -Wall -fexceptions'
DEFS='-DHAVE_CONFIG_H'
DLLTOOL='dlltool'
ECHO='echo'
ECHO_C=''
ECHO_N='-n'
ECHO_T=''
EGREP='grep -E'
EXEEXT=''
F77=''
FFLAGS=''
FILEMAP='readfilemap'
INSTALL_DATA='${INSTALL} -m 644'
INSTALL_PROGRAM='${INSTALL}'
INSTALL_SCRIPT='${INSTALL}'
LDFLAGS=''
LIBAGE='5'
LIBCURRENT='6'
LIBOBJS=''
LIBREVISION='2'
LIBS=''
LIBTOOL='$(SHELL) $(top_builddir)/libtool'
LN_S='ln -s'
LTLIBOBJS=''
OBJDUMP='mips-openwrt-linux-uclibc-objdump'
OBJEXT='o'
PACKAGE_BUGREPORT='expat-bugs@libexpat.org'
PACKAGE_NAME='expat'
PACKAGE_STRING='expat 2.0.1'
PACKAGE_TARNAME='expat'
PACKAGE_VERSION='2.0.1'
PATH_SEPARATOR=':'
RANLIB='mips-openwrt-linux-uclibc-ranlib'
SHELL='/bin/bash'
STRIP='mips-openwrt-linux-uclibc-strip -R .note -R .comment'
ac_ct_AR=''
ac_ct_AS=''
ac_ct_CC=''
ac_ct_CXX=''
ac_ct_DLLTOOL=''
ac_ct_F77=''
ac_ct_OBJDUMP=''
ac_ct_RANLIB=''
ac_ct_STRIP=''
bindir='${exec_prefix}/bin'
build='i686-pc-linux-gnu'
build_alias='i686-linux'
build_cpu='i686'
build_os='linux-gnu'
build_vendor='pc'
datadir='${prefix}/share'
exec_prefix='${prefix}'
host='mips-unknown-linux-gnu'
host_alias='mips-linux'
host_cpu='mips'
host_os='linux-gnu'
host_vendor='unknown'
includedir='${prefix}/include'
infodir='${prefix}/info'
libdir='${exec_prefix}/lib'
libexecdir='${exec_prefix}/libexec'
localstatedir='${prefix}/var'
mandir='${prefix}/man'
oldincludedir='/usr/include'
prefix='/usr'
program_transform_name='s,x,x,'
sbindir='${exec_prefix}/sbin'
sharedstatedir='${prefix}/com'
sysconfdir='${prefix}/etc'
target_alias=''

## ----------- ##
## confdefs.h. ##
## ----------- ##

#define BYTEORDER 4321
#define HAVE_BCOPY 1
#define HAVE_DLFCN_H 1
#define HAVE_FCNTL_H 1
#define HAVE_GETPAGESIZE 1
#define HAVE_INTTYPES_H 1
#define HAVE_MEMMOVE 1
#define HAVE_MEMORY_H 1
#define HAVE_STDINT_H 1
#define HAVE_STDLIB_H 1
#define HAVE_STDLIB_H 1
#define HAVE_STRINGS_H 1
#define HAVE_STRING_H 1
#define HAVE_SYS_STAT_H 1
#define HAVE_SYS_TYPES_H 1
#define HAVE_UNISTD_H 1
#define HAVE_UNISTD_H 1
#define HAVE_UNISTD_H 1
#define PACKAGE_BUGREPORT "expat-bugs@libexpat.org"
#define PACKAGE_NAME "expat"
#define PACKAGE_STRING "expat 2.0.1"
#define PACKAGE_TARNAME "expat"
#define PACKAGE_VERSION "2.0.1"
#define STDC_HEADERS 1
#define STDC_HEADERS 1
#define WORDS_BIGENDIAN 1
#define XML_CONTEXT_BYTES 1024
#define XML_DTD 1
#define XML_NS 1
#endif
#ifdef __cplusplus
extern "C" void exit (int) throw ();

configure: exit 0
