This file contains any messages produced by compilers while
running configure, to aid debugging if configure makes a mistake.

It was created by email configure 3.1.3, which was
generated by GNU Autoconf 2.61.  Invocation command line was

  $ ./configure --host=mips-linux --build= --with-ssl --sysconfdir=/etc CFLAGS=-I/home/paldier/asuswrt/release/src-lantiq/router/openssl/include -I/home/paldier/asuswrt/release/src-lantiq/router/nt_center/lib -I/home/paldier/asuswrt/release/src-lantiq/router/sqlite -DRTCONFIG_NOTIFICATION_CENTER LDFLAGS=-L/home/paldier/asuswrt/release/src-lantiq/router/openssl -L/home/paldier/asuswrt/release/src-lantiq/router/nt_center/lib -L/home/paldier/asuswrt/release/src-lantiq/router/sqlite/.libs LIBS=-lnt -lsqlite3 -lpthread -lcrypto -lssl 

## --------- ##
## Platform. ##
## --------- ##

hostname = paldier-VirtualBox
uname -m = x86_64
uname -r = 4.2.0-42-generic
uname -s = Linux
uname -v = #49~14.04.1-Ubuntu SMP Wed Jun 29 20:22:11 UTC 2016

/usr/bin/uname -p = unknown
/bin/uname -X     = unknown

/bin/arch              = unknown
/usr/bin/arch -k       = unknown
/usr/convex/getsysinfo = unknown
/usr/bin/hostinfo      = unknown
/bin/machine           = unknown
/usr/bin/oslevel       = unknown
/bin/universe          = unknown

PATH: "/usr/local/sbin
PATH: /usr/local/bin
PATH: /usr/sbin
PATH: /usr/bin
PATH: /sbin
PATH: /bin
PATH: /usr/games
PATH: /usr/local/games
PATH: /snap/bin
PATH: /opt/brcm/hndtools-mipsel-linux/bin
PATH: /opt/brcm/hndtools-mipsel-uclibc/bin
PATH: /projects/tools
PATH: /projects/hnd/tools/linux/hndtools-arm-linux-2.6.36-uclibc-4.5.3/bin
PATH: /projects/hnd/tools/linux/hndtools-arm-linux-2.6.36-uclibc-4.5.3/arm-linux/bin
PATH: /projects/hnd/tools/linux/hndtools-arm-linux-2.6.36-uclibc-4.5.3/usr/bin
PATH: /projects/hnd/tools/linux/hndtools-armeabi-2011.09/bin"
PATH: /home/paldier/asuswrt/release/src-lantiq/tools/toolchain-mips_mips32_gcc-4.8-linaro_uClibc-0.9.33.2/bin
PATH: /home/paldier/asuswrt/release/src-lantiq/tools/host/bin


## ----------- ##
## Core tests. ##
## ----------- ##

configure:1721: checking for mips-linux-gcc
configure:1748: result: mips-openwrt-linux-uclibc-gcc
configure:2026: checking for C compiler version
configure:2033: mips-openwrt-linux-uclibc-gcc --version >&5
mips-openwrt-linux-uclibc-gcc (OpenWrt/Linaro GCC 4.8-2014.04 15.05_ltq) 4.8.3
Copyright (C) 2013 Free Software Foundation, Inc.
This is free software; see the source for copying conditions.  There is NO
warranty; not even for MERCHANTABILITY or FITNESS FOR A PARTICULAR PURPOSE.

configure:2036: $? = 0
configure:2043: mips-openwrt-linux-uclibc-gcc -v >&5
Reading specs from /home/paldier/asuswrt/release/src-lantiq/tools/toolchain-mips_mips32_gcc-4.8-linaro_uClibc-0.9.33.2/bin/../lib/gcc/mips-openwrt-linux-uclibc/4.8.3/specs
COLLECT_GCC=mips-openwrt-linux-uclibc-gcc
COLLECT_LTO_WRAPPER=/home/paldier/asuswrt/release/src-lantiq/tools/toolchain-mips_mips32_gcc-4.8-linaro_uClibc-0.9.33.2/bin/../libexec/gcc/mips-openwrt-linux-uclibc/4.8.3/lto-wrapper
Target: mips-openwrt-linux-uclibc
Configured with: /media/intel160g/3asuswrt/UGW-7.2MR1/UGW-7.2.1.20-SW-CD/Sources/UGW-7.2.1.20/build_dir/toolchain-mips_mips32_gcc-4.8-linaro_uClibc-0.9.33.2/gcc-linaro-4.8-2014.04/configure --with-bugurl=https://dev.openwrt.org/ --with-pkgversion='OpenWrt/Linaro GCC 4.8-2014.04 15.05_ltq' --prefix=/media/intel160g/3asuswrt/UGW-7.2MR1/UGW-7.2.1.20-SW-CD/Sources/UGW-7.2.1.20/staging_dir/toolchain-mips_mips32_gcc-4.8-linaro_uClibc-0.9.33.2 --build=i686-linux-gnu --host=i686-linux-gnu --target=mips-openwrt-linux-uclibc --with-gnu-ld --enable-target-optspace --disable-libgomp --disable-libmudflap --disable-multilib --disable-nls --with-host-libstdcxx=-lstdc++ --with-float=soft --with-gmp=/media/intel160g/3asuswrt/UGW-7.2MR1/UGW-7.2.1.20-SW-CD/Sources/UGW-7.2.1.20/staging_dir/host --with-mpfr=/media/intel160g/3asuswrt/UGW-7.2MR1/UGW-7.2.1.20-SW-CD/Sources/UGW-7.2.1.20/staging_dir/host --with-mpc=/media/intel160g/3asuswrt/UGW-7.2MR1/UGW-7.2.1.20-SW-CD/Sources/UGW-7.2.1.20/staging_dir/host --disable-decimal-float --with-mips-plt --enable-libssp --disable-__cxa_atexit --with-headers=/media/intel160g/3asuswrt/UGW-7.2MR1/UGW-7.2.1.20-SW-CD/Sources/UGW-7.2.1.20/staging_dir/toolchain-mips_mips32_gcc-4.8-linaro_uClibc-0.9.33.2/include --disable-libsanitizer --enable-languages=c,c++ --enable-shared --enable-threads --with-slibdir=/media/intel160g/3asuswrt/UGW-7.2MR1/UGW-7.2.1.20-SW-CD/Sources/UGW-7.2.1.20/staging_dir/toolchain-mips_mips32_gcc-4.8-linaro_uClibc-0.9.33.2/lib
Thread model: posix
gcc version 4.8.3 (OpenWrt/Linaro GCC 4.8-2014.04 15.05_ltq) 
configure:2046: $? = 0
configure:2053: mips-openwrt-linux-uclibc-gcc -V >&5
mips-openwrt-linux-uclibc-gcc: error: unrecognized command line option '-V'
mips-openwrt-linux-uclibc-gcc: fatal error: no input files
compilation terminated.
configure:2056: $? = 1
configure:2108: 
configure:2111: $? = 0
configure:2149: result: 
configure: failed program was:
| /* confdefs.h.  */
| #define PACKAGE_NAME "email"
| #define PACKAGE_TARNAME "email"
| #define PACKAGE_VERSION "3.1.3"
| #define PACKAGE_STRING "email 3.1.3"
| #define PACKAGE_BUGREPORT "<deanjones@cleancode.org>"
| #define _GNU_SOURCE 1
| /* end confdefs.h.  */
| 
| int
| main ()
| {
| 
|   ;
|   return 0;
| }
configure:2168: checking whether the C compiler works
configure:2178: ./
./configure: line 2179: ./: Is a directory
configure:2181: $? = 126
configure:2198: result: yes
configure:2205: checking whether we are cross compiling
configure:2207: result: yes
configure:2209: checking for suffix of executables
configure:2216: mips-openwrt-linux-uclibc-gcc -o conftest -I/home/paldier/asuswrt/release/src-lantiq/router/openssl/include -I/home/paldier/asuswrt/release/src-lantiq/router/nt_center/lib -I/home/paldier/asuswrt/release/src-lantiq/router/sqlite -DRTCONFIG_NOTIFICATION_CENTER  -L/home/paldier/asuswrt/release/src-lantiq/router/openssl -L/home/paldier/asuswrt/release/src-lantiq/router/nt_center/lib -L/home/paldier/asuswrt/release/src-lantiq/router/sqlite/.libs conftest.c -lnt -lsqlite3 -lpthread -lcrypto -lssl  >&5
/home/paldier/asuswrt/release/src-lantiq/router/openssl/libcrypto.so: warning: gethostbyname is obsolescent, use getnameinfo() instead.
configure:2219: $? = 0
configure:2246: result: 
configure:2252: checking for suffix of object files
configure:2278: mips-openwrt-linux-uclibc-gcc -c -I/home/paldier/asuswrt/release/src-lantiq/router/openssl/include -I/home/paldier/asuswrt/release/src-lantiq/router/nt_center/lib -I/home/paldier/asuswrt/release/src-lantiq/router/sqlite -DRTCONFIG_NOTIFICATION_CENTER  conftest.c >&5
configure:2281: $? = 0
configure:2304: result: o
configure:2308: checking whether we are using the GNU C compiler
configure:2337: mips-openwrt-linux-uclibc-gcc -c -I/home/paldier/asuswrt/release/src-lantiq/router/openssl/include -I/home/paldier/asuswrt/release/src-lantiq/router/nt_center/lib -I/home/paldier/asuswrt/release/src-lantiq/router/sqlite -DRTCONFIG_NOTIFICATION_CENTER  conftest.c >&5
configure:2343: $? = 0
configure:2360: result: yes
configure:2365: checking whether mips-openwrt-linux-uclibc-gcc accepts -g
configure:2395: mips-openwrt-linux-uclibc-gcc -c -g  conftest.c >&5
configure:2401: $? = 0
configure:2500: result: yes
configure:2517: checking for mips-openwrt-linux-uclibc-gcc option to accept ISO C89
configure:2591: mips-openwrt-linux-uclibc-gcc  -c -I/home/paldier/asuswrt/release/src-lantiq/router/openssl/include -I/home/paldier/asuswrt/release/src-lantiq/router/nt_center/lib -I/home/paldier/asuswrt/release/src-lantiq/router/sqlite -DRTCONFIG_NOTIFICATION_CENTER  conftest.c >&5
configure:2597: $? = 0
configure:2620: result: none needed
configure:2638: checking whether make sets $(MAKE)
configure:2659: result: yes
configure:2693: checking for special C compiler options needed for large files
configure:2786: result: no
configure:2792: checking for _FILE_OFFSET_BITS value needed for large files
configure:2827: mips-openwrt-linux-uclibc-gcc -c -I/home/paldier/asuswrt/release/src-lantiq/router/openssl/include -I/home/paldier/asuswrt/release/src-lantiq/router/nt_center/lib -I/home/paldier/asuswrt/release/src-lantiq/router/sqlite -DRTCONFIG_NOTIFICATION_CENTER  conftest.c >&5
conftest.c:15:3: warning: left shift count >= width of type [enabled by default]
   int off_t_is_large[(LARGE_OFF_T % 2147483629 == 721
   ^
conftest.c:15:3: warning: left shift count >= width of type [enabled by default]
conftest.c:16:10: warning: left shift count >= width of type [enabled by default]
          && LARGE_OFF_T % 2147483647 == 1)
          ^
conftest.c:16:10: warning: left shift count >= width of type [enabled by default]
conftest.c:15:7: error: variably modified 'off_t_is_large' at file scope
   int off_t_is_large[(LARGE_OFF_T % 2147483629 == 721
       ^
configure:2833: $? = 1
configure: failed program was:
| /* confdefs.h.  */
| #define PACKAGE_NAME "email"
| #define PACKAGE_TARNAME "email"
| #define PACKAGE_VERSION "3.1.3"
| #define PACKAGE_STRING "email 3.1.3"
| #define PACKAGE_BUGREPORT "<deanjones@cleancode.org>"
| #define _GNU_SOURCE 1
| /* end confdefs.h.  */
| #include <sys/types.h>
|  /* Check that off_t can represent 2**63 - 1 correctly.
|     We can't simply define LARGE_OFF_T to be 9223372036854775807,
|     since some C++ compilers masquerading as C compilers
|     incorrectly reject 9223372036854775807.  */
| #define LARGE_OFF_T (((off_t) 1 << 62) - 1 + ((off_t) 1 << 62))
|   int off_t_is_large[(LARGE_OFF_T % 2147483629 == 721
| 		       && LARGE_OFF_T % 2147483647 == 1)
| 		      ? 1 : -1];
| int
| main ()
| {
| 
|   ;
|   return 0;
| }
configure:2877: mips-openwrt-linux-uclibc-gcc -c -I/home/paldier/asuswrt/release/src-lantiq/router/openssl/include -I/home/paldier/asuswrt/release/src-lantiq/router/nt_center/lib -I/home/paldier/asuswrt/release/src-lantiq/router/sqlite -DRTCONFIG_NOTIFICATION_CENTER  conftest.c >&5
configure:2883: $? = 0
configure:2901: result: 64
configure:3042: checking for library containing socket
configure:3083: mips-openwrt-linux-uclibc-gcc -o conftest -I/home/paldier/asuswrt/release/src-lantiq/router/openssl/include -I/home/paldier/asuswrt/release/src-lantiq/router/nt_center/lib -I/home/paldier/asuswrt/release/src-lantiq/router/sqlite -DRTCONFIG_NOTIFICATION_CENTER -Wall -W  -L/home/paldier/asuswrt/release/src-lantiq/router/openssl -L/home/paldier/asuswrt/release/src-lantiq/router/nt_center/lib -L/home/paldier/asuswrt/release/src-lantiq/router/sqlite/.libs conftest.c -lnt -lsqlite3 -lpthread -lcrypto -lssl  >&5
/home/paldier/asuswrt/release/src-lantiq/router/openssl/libcrypto.so: warning: gethostbyname is obsolescent, use getnameinfo() instead.
configure:3089: $? = 0
configure:3117: result: none required
configure:3125: checking for library containing sqrt
configure:3166: mips-openwrt-linux-uclibc-gcc -o conftest -I/home/paldier/asuswrt/release/src-lantiq/router/openssl/include -I/home/paldier/asuswrt/release/src-lantiq/router/nt_center/lib -I/home/paldier/asuswrt/release/src-lantiq/router/sqlite -DRTCONFIG_NOTIFICATION_CENTER -Wall -W  -L/home/paldier/asuswrt/release/src-lantiq/router/openssl -L/home/paldier/asuswrt/release/src-lantiq/router/nt_center/lib -L/home/paldier/asuswrt/release/src-lantiq/router/sqlite/.libs conftest.c -lnt -lsqlite3 -lpthread -lcrypto -lssl  >&5
conftest.c:17:6: warning: conflicting types for built-in function 'sqrt' [enabled by default]
 char sqrt ();
      ^
/home/paldier/asuswrt/release/src-lantiq/router/openssl/libcrypto.so: warning: gethostbyname is obsolescent, use getnameinfo() instead.
/home/paldier/asuswrt/release/src-lantiq/tools/toolchain-mips_mips32_gcc-4.8-linaro_uClibc-0.9.33.2/bin/../lib/gcc/mips-openwrt-linux-uclibc/4.8.3/../../../../mips-openwrt-linux-uclibc/bin/ld: /tmp/ccus0ExR.o: undefined reference to symbol 'sqrt'
/home/paldier/asuswrt/release/src-lantiq/tools/toolchain-mips_mips32_gcc-4.8-linaro_uClibc-0.9.33.2/mips-openwrt-linux-uclibc/bin/../../../toolchain-mips_mips32_gcc-4.8-linaro_uClibc-0.9.33.2/lib/libm.so.0: error adding symbols: DSO missing from command line
collect2: error: ld returned 1 exit status
configure:3172: $? = 1
configure: failed program was:
| /* confdefs.h.  */
| #define PACKAGE_NAME "email"
| #define PACKAGE_TARNAME "email"
| #define PACKAGE_VERSION "3.1.3"
| #define PACKAGE_STRING "email 3.1.3"
| #define PACKAGE_BUGREPORT "<deanjones@cleancode.org>"
| #define _GNU_SOURCE 1
| #define _FILE_OFFSET_BITS 64
| /* end confdefs.h.  */
| 
| /* Override any GCC internal prototype to avoid an error.
|    Use char because int might match the return type of a GCC
|    builtin and then its argument prototype would still apply.  */
| #ifdef __cplusplus
| extern "C"
| #endif
| char sqrt ();
| int
| main ()
| {
| return sqrt ();
|   ;
|   return 0;
| }
configure:3166: mips-openwrt-linux-uclibc-gcc -o conftest -I/home/paldier/asuswrt/release/src-lantiq/router/openssl/include -I/home/paldier/asuswrt/release/src-lantiq/router/nt_center/lib -I/home/paldier/asuswrt/release/src-lantiq/router/sqlite -DRTCONFIG_NOTIFICATION_CENTER -Wall -W  -L/home/paldier/asuswrt/release/src-lantiq/router/openssl -L/home/paldier/asuswrt/release/src-lantiq/router/nt_center/lib -L/home/paldier/asuswrt/release/src-lantiq/router/sqlite/.libs conftest.c -lm  -lnt -lsqlite3 -lpthread -lcrypto -lssl  >&5
conftest.c:17:6: warning: conflicting types for built-in function 'sqrt' [enabled by default]
 char sqrt ();
      ^
/home/paldier/asuswrt/release/src-lantiq/router/openssl/libcrypto.so: warning: gethostbyname is obsolescent, use getnameinfo() instead.
configure:3172: $? = 0
configure:3200: result: -lm
configure:3208: checking for library containing gethostbyname
configure:3249: mips-openwrt-linux-uclibc-gcc -o conftest -I/home/paldier/asuswrt/release/src-lantiq/router/openssl/include -I/home/paldier/asuswrt/release/src-lantiq/router/nt_center/lib -I/home/paldier/asuswrt/release/src-lantiq/router/sqlite -DRTCONFIG_NOTIFICATION_CENTER -Wall -W  -L/home/paldier/asuswrt/release/src-lantiq/router/openssl -L/home/paldier/asuswrt/release/src-lantiq/router/nt_center/lib -L/home/paldier/asuswrt/release/src-lantiq/router/sqlite/.libs conftest.c -lm -lnt -lsqlite3 -lpthread -lcrypto -lssl  >&5
/tmp/ccOIsitZ.o: In function `main':
conftest.c:(.text+0x10): warning: gethostbyname is obsolescent, use getnameinfo() instead.
configure:3255: $? = 0
configure:3283: result: none required
configure:3293: checking for SSL_library_init in -lssl
configure:3328: mips-openwrt-linux-uclibc-gcc -o conftest -I/home/paldier/asuswrt/release/src-lantiq/router/openssl/include -I/home/paldier/asuswrt/release/src-lantiq/router/nt_center/lib -I/home/paldier/asuswrt/release/src-lantiq/router/sqlite -DRTCONFIG_NOTIFICATION_CENTER -Wall -W  -L/home/paldier/asuswrt/release/src-lantiq/router/openssl -L/home/paldier/asuswrt/release/src-lantiq/router/nt_center/lib -L/home/paldier/asuswrt/release/src-lantiq/router/sqlite/.libs conftest.c -lssl  -lm -lnt -lsqlite3 -lpthread -lcrypto -lssl  >&5
/home/paldier/asuswrt/release/src-lantiq/router/openssl/libcrypto.so: warning: gethostbyname is obsolescent, use getnameinfo() instead.
configure:3334: $? = 0
configure:3355: result: yes
configure:3366: checking for library containing X509_free
configure:3407: mips-openwrt-linux-uclibc-gcc -o conftest -I/home/paldier/asuswrt/release/src-lantiq/router/openssl/include -I/home/paldier/asuswrt/release/src-lantiq/router/nt_center/lib -I/home/paldier/asuswrt/release/src-lantiq/router/sqlite -DRTCONFIG_NOTIFICATION_CENTER -Wall -W  -L/home/paldier/asuswrt/release/src-lantiq/router/openssl -L/home/paldier/asuswrt/release/src-lantiq/router/nt_center/lib -L/home/paldier/asuswrt/release/src-lantiq/router/sqlite/.libs conftest.c -lm -lnt -lsqlite3 -lpthread -lcrypto -lssl  >&5
/home/paldier/asuswrt/release/src-lantiq/router/openssl/libcrypto.so: warning: gethostbyname is obsolescent, use getnameinfo() instead.
configure:3413: $? = 0
configure:3444: result: 
configure:3452: checking for library containing RAND_seed
configure:3493: mips-openwrt-linux-uclibc-gcc -o conftest -I/home/paldier/asuswrt/release/src-lantiq/router/openssl/include -I/home/paldier/asuswrt/release/src-lantiq/router/nt_center/lib -I/home/paldier/asuswrt/release/src-lantiq/router/sqlite -DRTCONFIG_NOTIFICATION_CENTER -Wall -W  -L/home/paldier/asuswrt/release/src-lantiq/router/openssl -L/home/paldier/asuswrt/release/src-lantiq/router/nt_center/lib -L/home/paldier/asuswrt/release/src-lantiq/router/sqlite/.libs conftest.c  -lm -lnt -lsqlite3 -lpthread -lcrypto -lssl  >&5
/home/paldier/asuswrt/release/src-lantiq/router/openssl/libcrypto.so: warning: gethostbyname is obsolescent, use getnameinfo() instead.
configure:3499: $? = 0
configure:3530: result: 
configure:3548: checking how to run the C preprocessor
configure:3588: mips-openwrt-linux-uclibc-gcc -E  conftest.c
configure:3594: $? = 0
configure:3625: mips-openwrt-linux-uclibc-gcc -E  conftest.c
conftest.c:11:28: fatal error: ac_nonexistent.h: No such file or directory
 #include <ac_nonexistent.h>
                            ^
compilation terminated.
configure:3631: $? = 1
configure: failed program was:
| /* confdefs.h.  */
| #define PACKAGE_NAME "email"
| #define PACKAGE_TARNAME "email"
| #define PACKAGE_VERSION "3.1.3"
| #define PACKAGE_STRING "email 3.1.3"
| #define PACKAGE_BUGREPORT "<deanjones@cleancode.org>"
| #define _GNU_SOURCE 1
| #define _FILE_OFFSET_BITS 64
| #define HAVE_LIBSSL 1
| /* end confdefs.h.  */
| #include <ac_nonexistent.h>
configure:3664: result: mips-openwrt-linux-uclibc-gcc -E
configure:3693: mips-openwrt-linux-uclibc-gcc -E  conftest.c
configure:3699: $? = 0
configure:3730: mips-openwrt-linux-uclibc-gcc -E  conftest.c
conftest.c:11:28: fatal error: ac_nonexistent.h: No such file or directory
 #include <ac_nonexistent.h>
                            ^
compilation terminated.
configure:3736: $? = 1
configure: failed program was:
| /* confdefs.h.  */
| #define PACKAGE_NAME "email"
| #define PACKAGE_TARNAME "email"
| #define PACKAGE_VERSION "3.1.3"
| #define PACKAGE_STRING "email 3.1.3"
| #define PACKAGE_BUGREPORT "<deanjones@cleancode.org>"
| #define _GNU_SOURCE 1
| #define _FILE_OFFSET_BITS 64
| #define HAVE_LIBSSL 1
| /* end confdefs.h.  */
| #include <ac_nonexistent.h>
configure:3774: checking for grep that handles long lines and -e
configure:3848: result: /bin/grep
configure:3853: checking for egrep
configure:3931: result: /bin/grep -E
configure:3936: checking for ANSI C header files
configure:3966: mips-openwrt-linux-uclibc-gcc -c -I/home/paldier/asuswrt/release/src-lantiq/router/openssl/include -I/home/paldier/asuswrt/release/src-lantiq/router/nt_center/lib -I/home/paldier/asuswrt/release/src-lantiq/router/sqlite -DRTCONFIG_NOTIFICATION_CENTER -Wall -W  conftest.c >&5
configure:3972: $? = 0
configure:4100: result: yes
configure:4110: checking for sys/wait.h that is POSIX.1 compatible
configure:4146: mips-openwrt-linux-uclibc-gcc -c -I/home/paldier/asuswrt/release/src-lantiq/router/openssl/include -I/home/paldier/asuswrt/release/src-lantiq/router/nt_center/lib -I/home/paldier/asuswrt/release/src-lantiq/router/sqlite -DRTCONFIG_NOTIFICATION_CENTER -Wall -W  conftest.c >&5
configure:4152: $? = 0
configure:4167: result: yes
configure:4191: checking for sys/types.h
configure:4212: mips-openwrt-linux-uclibc-gcc -c -I/home/paldier/asuswrt/release/src-lantiq/router/openssl/include -I/home/paldier/asuswrt/release/src-lantiq/router/nt_center/lib -I/home/paldier/asuswrt/release/src-lantiq/router/sqlite -DRTCONFIG_NOTIFICATION_CENTER -Wall -W  conftest.c >&5
configure:4218: $? = 0
configure:4234: result: yes
configure:4191: checking for sys/stat.h
configure:4212: mips-openwrt-linux-uclibc-gcc -c -I/home/paldier/asuswrt/release/src-lantiq/router/openssl/include -I/home/paldier/asuswrt/release/src-lantiq/router/nt_center/lib -I/home/paldier/asuswrt/release/src-lantiq/router/sqlite -DRTCONFIG_NOTIFICATION_CENTER -Wall -W  conftest.c >&5
configure:4218: $? = 0
configure:4234: result: yes
configure:4191: checking for stdlib.h
configure:4212: mips-openwrt-linux-uclibc-gcc -c -I/home/paldier/asuswrt/release/src-lantiq/router/openssl/include -I/home/paldier/asuswrt/release/src-lantiq/router/nt_center/lib -I/home/paldier/asuswrt/release/src-lantiq/router/sqlite -DRTCONFIG_NOTIFICATION_CENTER -Wall -W  conftest.c >&5
configure:4218: $? = 0
configure:4234: result: yes
configure:4191: checking for string.h
configure:4212: mips-openwrt-linux-uclibc-gcc -c -I/home/paldier/asuswrt/release/src-lantiq/router/openssl/include -I/home/paldier/asuswrt/release/src-lantiq/router/nt_center/lib -I/home/paldier/asuswrt/release/src-lantiq/router/sqlite -DRTCONFIG_NOTIFICATION_CENTER -Wall -W  conftest.c >&5
configure:4218: $? = 0
configure:4234: result: yes
configure:4191: checking for memory.h
configure:4212: mips-openwrt-linux-uclibc-gcc -c -I/home/paldier/asuswrt/release/src-lantiq/router/openssl/include -I/home/paldier/asuswrt/release/src-lantiq/router/nt_center/lib -I/home/paldier/asuswrt/release/src-lantiq/router/sqlite -DRTCONFIG_NOTIFICATION_CENTER -Wall -W  conftest.c >&5
configure:4218: $? = 0
configure:4234: result: yes
configure:4191: checking for strings.h
configure:4212: mips-openwrt-linux-uclibc-gcc -c -I/home/paldier/asuswrt/release/src-lantiq/router/openssl/include -I/home/paldier/asuswrt/release/src-lantiq/router/nt_center/lib -I/home/paldier/asuswrt/release/src-lantiq/router/sqlite -DRTCONFIG_NOTIFICATION_CENTER -Wall -W  conftest.c >&5
configure:4218: $? = 0
configure:4234: result: yes
configure:4191: checking for inttypes.h
configure:4212: mips-openwrt-linux-uclibc-gcc -c -I/home/paldier/asuswrt/release/src-lantiq/router/openssl/include -I/home/paldier/asuswrt/release/src-lantiq/router/nt_center/lib -I/home/paldier/asuswrt/release/src-lantiq/router/sqlite -DRTCONFIG_NOTIFICATION_CENTER -Wall -W  conftest.c >&5
configure:4218: $? = 0
configure:4234: result: yes
configure:4191: checking for stdint.h
configure:4212: mips-openwrt-linux-uclibc-gcc -c -I/home/paldier/asuswrt/release/src-lantiq/router/openssl/include -I/home/paldier/asuswrt/release/src-lantiq/router/nt_center/lib -I/home/paldier/asuswrt/release/src-lantiq/router/sqlite -DRTCONFIG_NOTIFICATION_CENTER -Wall -W  conftest.c >&5
configure:4218: $? = 0
configure:4234: result: yes
configure:4191: checking for unistd.h
configure:4212: mips-openwrt-linux-uclibc-gcc -c -I/home/paldier/asuswrt/release/src-lantiq/router/openssl/include -I/home/paldier/asuswrt/release/src-lantiq/router/nt_center/lib -I/home/paldier/asuswrt/release/src-lantiq/router/sqlite -DRTCONFIG_NOTIFICATION_CENTER -Wall -W  conftest.c >&5
configure:4218: $? = 0
configure:4234: result: yes
configure:4273: checking arpa/inet.h usability
configure:4290: mips-openwrt-linux-uclibc-gcc -c -I/home/paldier/asuswrt/release/src-lantiq/router/openssl/include -I/home/paldier/asuswrt/release/src-lantiq/router/nt_center/lib -I/home/paldier/asuswrt/release/src-lantiq/router/sqlite -DRTCONFIG_NOTIFICATION_CENTER -Wall -W  conftest.c >&5
configure:4296: $? = 0
configure:4310: result: yes
configure:4314: checking arpa/inet.h presence
configure:4329: mips-openwrt-linux-uclibc-gcc -E  conftest.c
configure:4335: $? = 0
configure:4349: result: yes
configure:4382: checking for arpa/inet.h
configure:4390: result: yes
configure:4273: checking fcntl.h usability
configure:4290: mips-openwrt-linux-uclibc-gcc -c -I/home/paldier/asuswrt/release/src-lantiq/router/openssl/include -I/home/paldier/asuswrt/release/src-lantiq/router/nt_center/lib -I/home/paldier/asuswrt/release/src-lantiq/router/sqlite -DRTCONFIG_NOTIFICATION_CENTER -Wall -W  conftest.c >&5
configure:4296: $? = 0
configure:4310: result: yes
configure:4314: checking fcntl.h presence
configure:4329: mips-openwrt-linux-uclibc-gcc -E  conftest.c
configure:4335: $? = 0
configure:4349: result: yes
configure:4382: checking for fcntl.h
configure:4390: result: yes
configure:4273: checking libintl.h usability
configure:4290: mips-openwrt-linux-uclibc-gcc -c -I/home/paldier/asuswrt/release/src-lantiq/router/openssl/include -I/home/paldier/asuswrt/release/src-lantiq/router/nt_center/lib -I/home/paldier/asuswrt/release/src-lantiq/router/sqlite -DRTCONFIG_NOTIFICATION_CENTER -Wall -W  conftest.c >&5
conftest.c:57:21: fatal error: libintl.h: No such file or directory
 #include <libintl.h>
                     ^
compilation terminated.
configure:4296: $? = 1
configure: failed program was:
| /* confdefs.h.  */
| #define PACKAGE_NAME "email"
| #define PACKAGE_TARNAME "email"
| #define PACKAGE_VERSION "3.1.3"
| #define PACKAGE_STRING "email 3.1.3"
| #define PACKAGE_BUGREPORT "<deanjones@cleancode.org>"
| #define _GNU_SOURCE 1
| #define _FILE_OFFSET_BITS 64
| #define HAVE_LIBSSL 1
| #define STDC_HEADERS 1
| #define HAVE_SYS_WAIT_H 1
| #define HAVE_SYS_TYPES_H 1
| #define HAVE_SYS_STAT_H 1
| #define HAVE_STDLIB_H 1
| #define HAVE_STRING_H 1
| #define HAVE_MEMORY_H 1
| #define HAVE_STRINGS_H 1
| #define HAVE_INTTYPES_H 1
| #define HAVE_STDINT_H 1
| #define HAVE_UNISTD_H 1
| #define HAVE_ARPA_INET_H 1
| #define HAVE_FCNTL_H 1
| /* end confdefs.h.  */
| #include <stdio.h>
| #ifdef HAVE_SYS_TYPES_H
| # include <sys/types.h>
| #endif
| #ifdef HAVE_SYS_STAT_H
| # include <sys/stat.h>
| #endif
| #ifdef STDC_HEADERS
| # include <stdlib.h>
| # include <stddef.h>
| #else
| # ifdef HAVE_STDLIB_H
| #  include <stdlib.h>
| # endif
| #endif
| #ifdef HAVE_STRING_H
| # if !defined STDC_HEADERS && defined HAVE_MEMORY_H
| #  include <memory.h>
| # endif
| # include <string.h>
| #endif
| #ifdef HAVE_STRINGS_H
| # include <strings.h>
| #endif
| #ifdef HAVE_INTTYPES_H
| # include <inttypes.h>
| #endif
| #ifdef HAVE_STDINT_H
| # include <stdint.h>
| #endif
| #ifdef HAVE_UNISTD_H
| # include <unistd.h>
| #endif
| #include <libintl.h>
configure:4310: result: no
configure:4314: checking libintl.h presence
configure:4329: mips-openwrt-linux-uclibc-gcc -E  conftest.c
conftest.c:24:21: fatal error: libintl.h: No such file or directory
 #include <libintl.h>
                     ^
compilation terminated.
configure:4335: $? = 1
configure: failed program was:
| /* confdefs.h.  */
| #define PACKAGE_NAME "email"
| #define PACKAGE_TARNAME "email"
| #define PACKAGE_VERSION "3.1.3"
| #define PACKAGE_STRING "email 3.1.3"
| #define PACKAGE_BUGREPORT "<deanjones@cleancode.org>"
| #define _GNU_SOURCE 1
| #define _FILE_OFFSET_BITS 64
| #define HAVE_LIBSSL 1
| #define STDC_HEADERS 1
| #define HAVE_SYS_WAIT_H 1
| #define HAVE_SYS_TYPES_H 1
| #define HAVE_SYS_STAT_H 1
| #define HAVE_STDLIB_H 1
| #define HAVE_STRING_H 1
| #define HAVE_MEMORY_H 1
| #define HAVE_STRINGS_H 1
| #define HAVE_INTTYPES_H 1
| #define HAVE_STDINT_H 1
| #define HAVE_UNISTD_H 1
| #define HAVE_ARPA_INET_H 1
| #define HAVE_FCNTL_H 1
| /* end confdefs.h.  */
| #include <libintl.h>
configure:4349: result: no
configure:4382: checking for libintl.h
configure:4390: result: no
configure:4273: checking netdb.h usability
configure:4290: mips-openwrt-linux-uclibc-gcc -c -I/home/paldier/asuswrt/release/src-lantiq/router/openssl/include -I/home/paldier/asuswrt/release/src-lantiq/router/nt_center/lib -I/home/paldier/asuswrt/release/src-lantiq/router/sqlite -DRTCONFIG_NOTIFICATION_CENTER -Wall -W  conftest.c >&5
configure:4296: $? = 0
configure:4310: result: yes
configure:4314: checking netdb.h presence
configure:4329: mips-openwrt-linux-uclibc-gcc -E  conftest.c
configure:4335: $? = 0
configure:4349: result: yes
configure:4382: checking for netdb.h
configure:4390: result: yes
configure:4273: checking netinet/in.h usability
configure:4290: mips-openwrt-linux-uclibc-gcc -c -I/home/paldier/asuswrt/release/src-lantiq/router/openssl/include -I/home/paldier/asuswrt/release/src-lantiq/router/nt_center/lib -I/home/paldier/asuswrt/release/src-lantiq/router/sqlite -DRTCONFIG_NOTIFICATION_CENTER -Wall -W  conftest.c >&5
configure:4296: $? = 0
configure:4310: result: yes
configure:4314: checking netinet/in.h presence
configure:4329: mips-openwrt-linux-uclibc-gcc -E  conftest.c
configure:4335: $? = 0
configure:4349: result: yes
configure:4382: checking for netinet/in.h
configure:4390: result: yes
configure:4263: checking for stdlib.h
configure:4269: result: yes
configure:4263: checking for string.h
configure:4269: result: yes
configure:4263: checking for strings.h
configure:4269: result: yes
configure:4273: checking sys/ioctl.h usability
configure:4290: mips-openwrt-linux-uclibc-gcc -c -I/home/paldier/asuswrt/release/src-lantiq/router/openssl/include -I/home/paldier/asuswrt/release/src-lantiq/router/nt_center/lib -I/home/paldier/asuswrt/release/src-lantiq/router/sqlite -DRTCONFIG_NOTIFICATION_CENTER -Wall -W  conftest.c >&5
configure:4296: $? = 0
configure:4310: result: yes
configure:4314: checking sys/ioctl.h presence
configure:4329: mips-openwrt-linux-uclibc-gcc -E  conftest.c
configure:4335: $? = 0
configure:4349: result: yes
configure:4382: checking for sys/ioctl.h
configure:4390: result: yes
configure:4273: checking sys/socket.h usability
configure:4290: mips-openwrt-linux-uclibc-gcc -c -I/home/paldier/asuswrt/release/src-lantiq/router/openssl/include -I/home/paldier/asuswrt/release/src-lantiq/router/nt_center/lib -I/home/paldier/asuswrt/release/src-lantiq/router/sqlite -DRTCONFIG_NOTIFICATION_CENTER -Wall -W  conftest.c >&5
configure:4296: $? = 0
configure:4310: result: yes
configure:4314: checking sys/socket.h presence
configure:4329: mips-openwrt-linux-uclibc-gcc -E  conftest.c
configure:4335: $? = 0
configure:4349: result: yes
configure:4382: checking for sys/socket.h
configure:4390: result: yes
configure:4273: checking sys/time.h usability
configure:4290: mips-openwrt-linux-uclibc-gcc -c -I/home/paldier/asuswrt/release/src-lantiq/router/openssl/include -I/home/paldier/asuswrt/release/src-lantiq/router/nt_center/lib -I/home/paldier/asuswrt/release/src-lantiq/router/sqlite -DRTCONFIG_NOTIFICATION_CENTER -Wall -W  conftest.c >&5
configure:4296: $? = 0
configure:4310: result: yes
configure:4314: checking sys/time.h presence
configure:4329: mips-openwrt-linux-uclibc-gcc -E  conftest.c
configure:4335: $? = 0
configure:4349: result: yes
configure:4382: checking for sys/time.h
configure:4390: result: yes
configure:4273: checking termios.h usability
configure:4290: mips-openwrt-linux-uclibc-gcc -c -I/home/paldier/asuswrt/release/src-lantiq/router/openssl/include -I/home/paldier/asuswrt/release/src-lantiq/router/nt_center/lib -I/home/paldier/asuswrt/release/src-lantiq/router/sqlite -DRTCONFIG_NOTIFICATION_CENTER -Wall -W  conftest.c >&5
configure:4296: $? = 0
configure:4310: result: yes
configure:4314: checking termios.h presence
configure:4329: mips-openwrt-linux-uclibc-gcc -E  conftest.c
configure:4335: $? = 0
configure:4349: result: yes
configure:4382: checking for termios.h
configure:4390: result: yes
configure:4263: checking for unistd.h
configure:4269: result: yes
configure:4405: checking whether time.h and sys/time.h may both be included
configure:4435: mips-openwrt-linux-uclibc-gcc -c -I/home/paldier/asuswrt/release/src-lantiq/router/openssl/include -I/home/paldier/asuswrt/release/src-lantiq/router/nt_center/lib -I/home/paldier/asuswrt/release/src-lantiq/router/sqlite -DRTCONFIG_NOTIFICATION_CENTER -Wall -W  conftest.c >&5
configure:4441: $? = 0
configure:4456: result: yes
configure:4466: checking whether struct tm is in sys/time.h or time.h
configure:4496: mips-openwrt-linux-uclibc-gcc -c -I/home/paldier/asuswrt/release/src-lantiq/router/openssl/include -I/home/paldier/asuswrt/release/src-lantiq/router/nt_center/lib -I/home/paldier/asuswrt/release/src-lantiq/router/sqlite -DRTCONFIG_NOTIFICATION_CENTER -Wall -W  conftest.c >&5
configure:4502: $? = 0
configure:4517: result: time.h
configure:4529: checking for pid_t
configure:4559: mips-openwrt-linux-uclibc-gcc -c -I/home/paldier/asuswrt/release/src-lantiq/router/openssl/include -I/home/paldier/asuswrt/release/src-lantiq/router/nt_center/lib -I/home/paldier/asuswrt/release/src-lantiq/router/sqlite -DRTCONFIG_NOTIFICATION_CENTER -Wall -W  conftest.c >&5
configure:4565: $? = 0
configure:4580: result: yes
configure:4607: checking vfork.h usability
configure:4624: mips-openwrt-linux-uclibc-gcc -c -I/home/paldier/asuswrt/release/src-lantiq/router/openssl/include -I/home/paldier/asuswrt/release/src-lantiq/router/nt_center/lib -I/home/paldier/asuswrt/release/src-lantiq/router/sqlite -DRTCONFIG_NOTIFICATION_CENTER -Wall -W  conftest.c >&5
conftest.c:68:19: fatal error: vfork.h: No such file or directory
 #include <vfork.h>
                   ^
compilation terminated.
configure:4630: $? = 1
configure: failed program was:
| /* confdefs.h.  */
| #define PACKAGE_NAME "email"
| #define PACKAGE_TARNAME "email"
| #define PACKAGE_VERSION "3.1.3"
| #define PACKAGE_STRING "email 3.1.3"
| #define PACKAGE_BUGREPORT "<deanjones@cleancode.org>"
| #define _GNU_SOURCE 1
| #define _FILE_OFFSET_BITS 64
| #define HAVE_LIBSSL 1
| #define STDC_HEADERS 1
| #define HAVE_SYS_WAIT_H 1
| #define HAVE_SYS_TYPES_H 1
| #define HAVE_SYS_STAT_H 1
| #define HAVE_STDLIB_H 1
| #define HAVE_STRING_H 1
| #define HAVE_MEMORY_H 1
| #define HAVE_STRINGS_H 1
| #define HAVE_INTTYPES_H 1
| #define HAVE_STDINT_H 1
| #define HAVE_UNISTD_H 1
| #define HAVE_ARPA_INET_H 1
| #define HAVE_FCNTL_H 1
| #define HAVE_NETDB_H 1
| #define HAVE_NETINET_IN_H 1
| #define HAVE_STDLIB_H 1
| #define HAVE_STRING_H 1
| #define HAVE_STRINGS_H 1
| #define HAVE_SYS_IOCTL_H 1
| #define HAVE_SYS_SOCKET_H 1
| #define HAVE_SYS_TIME_H 1
| #define HAVE_TERMIOS_H 1
| #define HAVE_UNISTD_H 1
| #define TIME_WITH_SYS_TIME 1
| /* end confdefs.h.  */
| #include <stdio.h>
| #ifdef HAVE_SYS_TYPES_H
| # include <sys/types.h>
| #endif
| #ifdef HAVE_SYS_STAT_H
| # include <sys/stat.h>
| #endif
| #ifdef STDC_HEADERS
| # include <stdlib.h>
| # include <stddef.h>
| #else
| # ifdef HAVE_STDLIB_H
| #  include <stdlib.h>
| # endif
| #endif
| #ifdef HAVE_STRING_H
| # if !defined STDC_HEADERS && defined HAVE_MEMORY_H
| #  include <memory.h>
| # endif
| # include <string.h>
| #endif
| #ifdef HAVE_STRINGS_H
| # include <strings.h>
| #endif
| #ifdef HAVE_INTTYPES_H
| # include <inttypes.h>
| #endif
| #ifdef HAVE_STDINT_H
| # include <stdint.h>
| #endif
| #ifdef HAVE_UNISTD_H
| # include <unistd.h>
| #endif
| #include <vfork.h>
configure:4644: result: no
configure:4648: checking vfork.h presence
configure:4663: mips-openwrt-linux-uclibc-gcc -E  conftest.c
conftest.c:35:19: fatal error: vfork.h: No such file or directory
 #include <vfork.h>
                   ^
compilation terminated.
configure:4669: $? = 1
configure: failed program was:
| /* confdefs.h.  */
| #define PACKAGE_NAME "email"
| #define PACKAGE_TARNAME "email"
| #define PACKAGE_VERSION "3.1.3"
| #define PACKAGE_STRING "email 3.1.3"
| #define PACKAGE_BUGREPORT "<deanjones@cleancode.org>"
| #define _GNU_SOURCE 1
| #define _FILE_OFFSET_BITS 64
| #define HAVE_LIBSSL 1
| #define STDC_HEADERS 1
| #define HAVE_SYS_WAIT_H 1
| #define HAVE_SYS_TYPES_H 1
| #define HAVE_SYS_STAT_H 1
| #define HAVE_STDLIB_H 1
| #define HAVE_STRING_H 1
| #define HAVE_MEMORY_H 1
| #define HAVE_STRINGS_H 1
| #define HAVE_INTTYPES_H 1
| #define HAVE_STDINT_H 1
| #define HAVE_UNISTD_H 1
| #define HAVE_ARPA_INET_H 1
| #define HAVE_FCNTL_H 1
| #define HAVE_NETDB_H 1
| #define HAVE_NETINET_IN_H 1
| #define HAVE_STDLIB_H 1
| #define HAVE_STRING_H 1
| #define HAVE_STRINGS_H 1
| #define HAVE_SYS_IOCTL_H 1
| #define HAVE_SYS_SOCKET_H 1
| #define HAVE_SYS_TIME_H 1
| #define HAVE_TERMIOS_H 1
| #define HAVE_UNISTD_H 1
| #define TIME_WITH_SYS_TIME 1
| /* end confdefs.h.  */
| #include <vfork.h>
configure:4683: result: no
configure:4716: checking for vfork.h
configure:4724: result: no
configure:4742: checking for fork
configure:4798: mips-openwrt-linux-uclibc-gcc -o conftest -I/home/paldier/asuswrt/release/src-lantiq/router/openssl/include -I/home/paldier/asuswrt/release/src-lantiq/router/nt_center/lib -I/home/paldier/asuswrt/release/src-lantiq/router/sqlite -DRTCONFIG_NOTIFICATION_CENTER -Wall -W  -L/home/paldier/asuswrt/release/src-lantiq/router/openssl -L/home/paldier/asuswrt/release/src-lantiq/router/nt_center/lib -L/home/paldier/asuswrt/release/src-lantiq/router/sqlite/.libs conftest.c   -lm -lnt -lsqlite3 -lpthread -lcrypto -lssl  >&5
conftest.c:58:6: warning: conflicting types for built-in function 'fork' [enabled by default]
 char fork ();
      ^
/home/paldier/asuswrt/release/src-lantiq/router/openssl/libcrypto.so: warning: gethostbyname is obsolescent, use getnameinfo() instead.
configure:4804: $? = 0
configure:4822: result: yes
configure:4742: checking for vfork
configure:4798: mips-openwrt-linux-uclibc-gcc -o conftest -I/home/paldier/asuswrt/release/src-lantiq/router/openssl/include -I/home/paldier/asuswrt/release/src-lantiq/router/nt_center/lib -I/home/paldier/asuswrt/release/src-lantiq/router/sqlite -DRTCONFIG_NOTIFICATION_CENTER -Wall -W  -L/home/paldier/asuswrt/release/src-lantiq/router/openssl -L/home/paldier/asuswrt/release/src-lantiq/router/nt_center/lib -L/home/paldier/asuswrt/release/src-lantiq/router/sqlite/.libs conftest.c   -lm -lnt -lsqlite3 -lpthread -lcrypto -lssl  >&5
/home/paldier/asuswrt/release/src-lantiq/router/openssl/libcrypto.so: warning: gethostbyname is obsolescent, use getnameinfo() instead.
configure:4804: $? = 0
configure:4822: result: yes
configure:4833: checking for working fork
configure:4893: result: cross
configure:4909: WARNING: result yes guessed because of cross compilation
configure:4914: checking for working vfork
configure:5052: result: yes
configure:5084: checking whether mips-openwrt-linux-uclibc-gcc needs -traditional
In file included from conftest.c:39:0:
/home/paldier/asuswrt/release/src-lantiq/tools/toolchain-mips_mips32_gcc-4.8-linaro_uClibc-0.9.33.2/include/sgtty.h:22:2: warning: #warning useless header on uClibc [-Wcpp]
 #warning useless header on uClibc
  ^
configure:5126: result: no
configure:5138: checking for stdlib.h
configure:5144: result: yes
configure:5278: checking for GNU libc compatible malloc
configure:5340: result: no
configure:5373: checking for stdlib.h
configure:5379: result: yes
configure:5513: checking for GNU libc compatible realloc
configure:5575: result: no
configure:5603: checking return type of signal handlers
configure:5631: mips-openwrt-linux-uclibc-gcc -c -I/home/paldier/asuswrt/release/src-lantiq/router/openssl/include -I/home/paldier/asuswrt/release/src-lantiq/router/nt_center/lib -I/home/paldier/asuswrt/release/src-lantiq/router/sqlite -DRTCONFIG_NOTIFICATION_CENTER -Wall -W  conftest.c >&5
conftest.c: In function 'main':
conftest.c:50:1: error: void value not ignored as it ought to be
 return *(signal (0, 0)) (0) == 1;
 ^
configure:5637: $? = 1
configure: failed program was:
| /* confdefs.h.  */
| #define PACKAGE_NAME "email"
| #define PACKAGE_TARNAME "email"
| #define PACKAGE_VERSION "3.1.3"
| #define PACKAGE_STRING "email 3.1.3"
| #define PACKAGE_BUGREPORT "<deanjones@cleancode.org>"
| #define _GNU_SOURCE 1
| #define _FILE_OFFSET_BITS 64
| #define HAVE_LIBSSL 1
| #define STDC_HEADERS 1
| #define HAVE_SYS_WAIT_H 1
| #define HAVE_SYS_TYPES_H 1
| #define HAVE_SYS_STAT_H 1
| #define HAVE_STDLIB_H 1
| #define HAVE_STRING_H 1
| #define HAVE_MEMORY_H 1
| #define HAVE_STRINGS_H 1
| #define HAVE_INTTYPES_H 1
| #define HAVE_STDINT_H 1
| #define HAVE_UNISTD_H 1
| #define HAVE_ARPA_INET_H 1
| #define HAVE_FCNTL_H 1
| #define HAVE_NETDB_H 1
| #define HAVE_NETINET_IN_H 1
| #define HAVE_STDLIB_H 1
| #define HAVE_STRING_H 1
| #define HAVE_STRINGS_H 1
| #define HAVE_SYS_IOCTL_H 1
| #define HAVE_SYS_SOCKET_H 1
| #define HAVE_SYS_TIME_H 1
| #define HAVE_TERMIOS_H 1
| #define HAVE_UNISTD_H 1
| #define TIME_WITH_SYS_TIME 1
| #define HAVE_FORK 1
| #define HAVE_VFORK 1
| #define HAVE_WORKING_VFORK 1
| #define HAVE_WORKING_FORK 1
| #define HAVE_STDLIB_H 1
| #define HAVE_MALLOC 0
| #define HAVE_STDLIB_H 1
| #define HAVE_REALLOC 0
| #define realloc rpl_realloc
| /* end confdefs.h.  */
| #include <sys/types.h>
| #include <signal.h>
| 
| int
| main ()
| {
| return *(signal (0, 0)) (0) == 1;
|   ;
|   return 0;
| }
configure:5652: result: void
configure:5660: checking whether lstat dereferences a symlink specified with a trailing slash
configure:5731: result: no
configure:5750: checking whether stat accepts an empty string
configure:5808: result: yes
configure:5828: checking for strftime
configure:5884: mips-openwrt-linux-uclibc-gcc -o conftest -I/home/paldier/asuswrt/release/src-lantiq/router/openssl/include -I/home/paldier/asuswrt/release/src-lantiq/router/nt_center/lib -I/home/paldier/asuswrt/release/src-lantiq/router/sqlite -DRTCONFIG_NOTIFICATION_CENTER -Wall -W  -L/home/paldier/asuswrt/release/src-lantiq/router/openssl -L/home/paldier/asuswrt/release/src-lantiq/router/nt_center/lib -L/home/paldier/asuswrt/release/src-lantiq/router/sqlite/.libs conftest.c   -lm -lnt -lsqlite3 -lpthread -lcrypto -lssl  >&5
conftest.c:69:6: warning: conflicting types for built-in function 'strftime' [enabled by default]
 char strftime ();
      ^
/home/paldier/asuswrt/release/src-lantiq/router/openssl/libcrypto.so: warning: gethostbyname is obsolescent, use getnameinfo() instead.
configure:5890: $? = 0
configure:5908: result: yes
configure:5993: checking for vprintf
configure:6049: mips-openwrt-linux-uclibc-gcc -o conftest -I/home/paldier/asuswrt/release/src-lantiq/router/openssl/include -I/home/paldier/asuswrt/release/src-lantiq/router/nt_center/lib -I/home/paldier/asuswrt/release/src-lantiq/router/sqlite -DRTCONFIG_NOTIFICATION_CENTER -Wall -W  -L/home/paldier/asuswrt/release/src-lantiq/router/openssl -L/home/paldier/asuswrt/release/src-lantiq/router/nt_center/lib -L/home/paldier/asuswrt/release/src-lantiq/router/sqlite/.libs conftest.c   -lm -lnt -lsqlite3 -lpthread -lcrypto -lssl  >&5
conftest.c:70:6: warning: conflicting types for built-in function 'vprintf' [enabled by default]
 char vprintf ();
      ^
/home/paldier/asuswrt/release/src-lantiq/router/openssl/libcrypto.so: warning: gethostbyname is obsolescent, use getnameinfo() instead.
configure:6055: $? = 0
configure:6073: result: yes
configure:6080: checking for _doprnt
configure:6136: mips-openwrt-linux-uclibc-gcc -o conftest -I/home/paldier/asuswrt/release/src-lantiq/router/openssl/include -I/home/paldier/asuswrt/release/src-lantiq/router/nt_center/lib -I/home/paldier/asuswrt/release/src-lantiq/router/sqlite -DRTCONFIG_NOTIFICATION_CENTER -Wall -W  -L/home/paldier/asuswrt/release/src-lantiq/router/openssl -L/home/paldier/asuswrt/release/src-lantiq/router/nt_center/lib -L/home/paldier/asuswrt/release/src-lantiq/router/sqlite/.libs conftest.c   -lm -lnt -lsqlite3 -lpthread -lcrypto -lssl  >&5
/home/paldier/asuswrt/release/src-lantiq/router/openssl/libcrypto.so: warning: gethostbyname is obsolescent, use getnameinfo() instead.
/tmp/ccCQi3UY.o: In function `main':
conftest.c:(.text+0x10): undefined reference to `_doprnt'
collect2: error: ld returned 1 exit status
configure:6142: $? = 1
configure: failed program was:
| /* confdefs.h.  */
| #define PACKAGE_NAME "email"
| #define PACKAGE_TARNAME "email"
| #define PACKAGE_VERSION "3.1.3"
| #define PACKAGE_STRING "email 3.1.3"
| #define PACKAGE_BUGREPORT "<deanjones@cleancode.org>"
| #define _GNU_SOURCE 1
| #define _FILE_OFFSET_BITS 64
| #define HAVE_LIBSSL 1
| #define STDC_HEADERS 1
| #define HAVE_SYS_WAIT_H 1
| #define HAVE_SYS_TYPES_H 1
| #define HAVE_SYS_STAT_H 1
| #define HAVE_STDLIB_H 1
| #define HAVE_STRING_H 1
| #define HAVE_MEMORY_H 1
| #define HAVE_STRINGS_H 1
| #define HAVE_INTTYPES_H 1
| #define HAVE_STDINT_H 1
| #define HAVE_UNISTD_H 1
| #define HAVE_ARPA_INET_H 1
| #define HAVE_FCNTL_H 1
| #define HAVE_NETDB_H 1
| #define HAVE_NETINET_IN_H 1
| #define HAVE_STDLIB_H 1
| #define HAVE_STRING_H 1
| #define HAVE_STRINGS_H 1
| #define HAVE_SYS_IOCTL_H 1
| #define HAVE_SYS_SOCKET_H 1
| #define HAVE_SYS_TIME_H 1
| #define HAVE_TERMIOS_H 1
| #define HAVE_UNISTD_H 1
| #define TIME_WITH_SYS_TIME 1
| #define HAVE_FORK 1
| #define HAVE_VFORK 1
| #define HAVE_WORKING_VFORK 1
| #define HAVE_WORKING_FORK 1
| #define HAVE_STDLIB_H 1
| #define HAVE_MALLOC 0
| #define HAVE_STDLIB_H 1
| #define HAVE_REALLOC 0
| #define realloc rpl_realloc
| #define RETSIGTYPE void
| #define HAVE_STAT_EMPTY_STRING_BUG 1
| #define HAVE_STRFTIME 1
| #define HAVE_VPRINTF 1
| /* end confdefs.h.  */
| /* Define _doprnt to an innocuous variant, in case <limits.h> declares _doprnt.
|    For example, HP-UX 11i <limits.h> declares gettimeofday.  */
| #define _doprnt innocuous__doprnt
| 
| /* System header to define __stub macros and hopefully few prototypes,
|     which can conflict with char _doprnt (); below.
|     Prefer <limits.h> to <assert.h> if __STDC__ is defined, since
|     <limits.h> exists even on freestanding compilers.  */
| 
| #ifdef __STDC__
| # include <limits.h>
| #else
| # include <assert.h>
| #endif
| 
| #undef _doprnt
| 
| /* Override any GCC internal prototype to avoid an error.
|    Use char because int might match the return type of a GCC
|    builtin and then its argument prototype would still apply.  */
| #ifdef __cplusplus
| extern "C"
| #endif
| char _doprnt ();
| /* The GNU C library defines this for functions which it implements
|     to always fail with ENOSYS.  Some functions are actually named
|     something starting with __ and the normal name is an alias.  */
| #if defined __stub__doprnt || defined __stub____doprnt
| choke me
| #endif
| 
| int
| main ()
| {
| return _doprnt ();
|   ;
|   return 0;
| }
configure:6159: result: no
configure:6189: checking for gethostbyname
configure:6245: mips-openwrt-linux-uclibc-gcc -o conftest -I/home/paldier/asuswrt/release/src-lantiq/router/openssl/include -I/home/paldier/asuswrt/release/src-lantiq/router/nt_center/lib -I/home/paldier/asuswrt/release/src-lantiq/router/sqlite -DRTCONFIG_NOTIFICATION_CENTER -Wall -W  -L/home/paldier/asuswrt/release/src-lantiq/router/openssl -L/home/paldier/asuswrt/release/src-lantiq/router/nt_center/lib -L/home/paldier/asuswrt/release/src-lantiq/router/sqlite/.libs conftest.c   -lm -lnt -lsqlite3 -lpthread -lcrypto -lssl  >&5
/tmp/ccp46Vn0.o: In function `main':
conftest.c:(.text+0x10): warning: gethostbyname is obsolescent, use getnameinfo() instead.
configure:6251: $? = 0
configure:6269: result: yes
configure:6189: checking for gethostname
configure:6245: mips-openwrt-linux-uclibc-gcc -o conftest -I/home/paldier/asuswrt/release/src-lantiq/router/openssl/include -I/home/paldier/asuswrt/release/src-lantiq/router/nt_center/lib -I/home/paldier/asuswrt/release/src-lantiq/router/sqlite -DRTCONFIG_NOTIFICATION_CENTER -Wall -W  -L/home/paldier/asuswrt/release/src-lantiq/router/openssl -L/home/paldier/asuswrt/release/src-lantiq/router/nt_center/lib -L/home/paldier/asuswrt/release/src-lantiq/router/sqlite/.libs conftest.c   -lm -lnt -lsqlite3 -lpthread -lcrypto -lssl  >&5
/home/paldier/asuswrt/release/src-lantiq/router/openssl/libcrypto.so: warning: gethostbyname is obsolescent, use getnameinfo() instead.
configure:6251: $? = 0
configure:6269: result: yes
configure:6189: checking for getpass
configure:6245: mips-openwrt-linux-uclibc-gcc -o conftest -I/home/paldier/asuswrt/release/src-lantiq/router/openssl/include -I/home/paldier/asuswrt/release/src-lantiq/router/nt_center/lib -I/home/paldier/asuswrt/release/src-lantiq/router/sqlite -DRTCONFIG_NOTIFICATION_CENTER -Wall -W  -L/home/paldier/asuswrt/release/src-lantiq/router/openssl -L/home/paldier/asuswrt/release/src-lantiq/router/nt_center/lib -L/home/paldier/asuswrt/release/src-lantiq/router/sqlite/.libs conftest.c   -lm -lnt -lsqlite3 -lpthread -lcrypto -lssl  >&5
/home/paldier/asuswrt/release/src-lantiq/router/openssl/libcrypto.so: warning: gethostbyname is obsolescent, use getnameinfo() instead.
configure:6251: $? = 0
configure:6269: result: yes
configure:6189: checking for gettimeofday
configure:6245: mips-openwrt-linux-uclibc-gcc -o conftest -I/home/paldier/asuswrt/release/src-lantiq/router/openssl/include -I/home/paldier/asuswrt/release/src-lantiq/router/nt_center/lib -I/home/paldier/asuswrt/release/src-lantiq/router/sqlite -DRTCONFIG_NOTIFICATION_CENTER -Wall -W  -L/home/paldier/asuswrt/release/src-lantiq/router/openssl -L/home/paldier/asuswrt/release/src-lantiq/router/nt_center/lib -L/home/paldier/asuswrt/release/src-lantiq/router/sqlite/.libs conftest.c   -lm -lnt -lsqlite3 -lpthread -lcrypto -lssl  >&5
/home/paldier/asuswrt/release/src-lantiq/router/openssl/libcrypto.so: warning: gethostbyname is obsolescent, use getnameinfo() instead.
configure:6251: $? = 0
configure:6269: result: yes
configure:6189: checking for memset
configure:6245: mips-openwrt-linux-uclibc-gcc -o conftest -I/home/paldier/asuswrt/release/src-lantiq/router/openssl/include -I/home/paldier/asuswrt/release/src-lantiq/router/nt_center/lib -I/home/paldier/asuswrt/release/src-lantiq/router/sqlite -DRTCONFIG_NOTIFICATION_CENTER -Wall -W  -L/home/paldier/asuswrt/release/src-lantiq/router/openssl -L/home/paldier/asuswrt/release/src-lantiq/router/nt_center/lib -L/home/paldier/asuswrt/release/src-lantiq/router/sqlite/.libs conftest.c   -lm -lnt -lsqlite3 -lpthread -lcrypto -lssl  >&5
conftest.c:75:6: warning: conflicting types for built-in function 'memset' [enabled by default]
 char memset ();
      ^
/home/paldier/asuswrt/release/src-lantiq/router/openssl/libcrypto.so: warning: gethostbyname is obsolescent, use getnameinfo() instead.
configure:6251: $? = 0
configure:6269: result: yes
configure:6189: checking for putenv
configure:6245: mips-openwrt-linux-uclibc-gcc -o conftest -I/home/paldier/asuswrt/release/src-lantiq/router/openssl/include -I/home/paldier/asuswrt/release/src-lantiq/router/nt_center/lib -I/home/paldier/asuswrt/release/src-lantiq/router/sqlite -DRTCONFIG_NOTIFICATION_CENTER -Wall -W  -L/home/paldier/asuswrt/release/src-lantiq/router/openssl -L/home/paldier/asuswrt/release/src-lantiq/router/nt_center/lib -L/home/paldier/asuswrt/release/src-lantiq/router/sqlite/.libs conftest.c   -lm -lnt -lsqlite3 -lpthread -lcrypto -lssl  >&5
/home/paldier/asuswrt/release/src-lantiq/router/openssl/libcrypto.so: warning: gethostbyname is obsolescent, use getnameinfo() instead.
configure:6251: $? = 0
configure:6269: result: yes
configure:6189: checking for socket
configure:6245: mips-openwrt-linux-uclibc-gcc -o conftest -I/home/paldier/asuswrt/release/src-lantiq/router/openssl/include -I/home/paldier/asuswrt/release/src-lantiq/router/nt_center/lib -I/home/paldier/asuswrt/release/src-lantiq/router/sqlite -DRTCONFIG_NOTIFICATION_CENTER -Wall -W  -L/home/paldier/asuswrt/release/src-lantiq/router/openssl -L/home/paldier/asuswrt/release/src-lantiq/router/nt_center/lib -L/home/paldier/asuswrt/release/src-lantiq/router/sqlite/.libs conftest.c   -lm -lnt -lsqlite3 -lpthread -lcrypto -lssl  >&5
/home/paldier/asuswrt/release/src-lantiq/router/openssl/libcrypto.so: warning: gethostbyname is obsolescent, use getnameinfo() instead.
configure:6251: $? = 0
configure:6269: result: yes
configure:6189: checking for sqrt
configure:6245: mips-openwrt-linux-uclibc-gcc -o conftest -I/home/paldier/asuswrt/release/src-lantiq/router/openssl/include -I/home/paldier/asuswrt/release/src-lantiq/router/nt_center/lib -I/home/paldier/asuswrt/release/src-lantiq/router/sqlite -DRTCONFIG_NOTIFICATION_CENTER -Wall -W  -L/home/paldier/asuswrt/release/src-lantiq/router/openssl -L/home/paldier/asuswrt/release/src-lantiq/router/nt_center/lib -L/home/paldier/asuswrt/release/src-lantiq/router/sqlite/.libs conftest.c   -lm -lnt -lsqlite3 -lpthread -lcrypto -lssl  >&5
conftest.c:78:6: warning: conflicting types for built-in function 'sqrt' [enabled by default]
 char sqrt ();
      ^
/home/paldier/asuswrt/release/src-lantiq/router/openssl/libcrypto.so: warning: gethostbyname is obsolescent, use getnameinfo() instead.
configure:6251: $? = 0
configure:6269: result: yes
configure:6189: checking for strcasecmp
configure:6245: mips-openwrt-linux-uclibc-gcc -o conftest -I/home/paldier/asuswrt/release/src-lantiq/router/openssl/include -I/home/paldier/asuswrt/release/src-lantiq/router/nt_center/lib -I/home/paldier/asuswrt/release/src-lantiq/router/sqlite -DRTCONFIG_NOTIFICATION_CENTER -Wall -W  -L/home/paldier/asuswrt/release/src-lantiq/router/openssl -L/home/paldier/asuswrt/release/src-lantiq/router/nt_center/lib -L/home/paldier/asuswrt/release/src-lantiq/router/sqlite/.libs conftest.c   -lm -lnt -lsqlite3 -lpthread -lcrypto -lssl  >&5
conftest.c:79:6: warning: conflicting types for built-in function 'strcasecmp' [enabled by default]
 char strcasecmp ();
      ^
/home/paldier/asuswrt/release/src-lantiq/router/openssl/libcrypto.so: warning: gethostbyname is obsolescent, use getnameinfo() instead.
configure:6251: $? = 0
configure:6269: result: yes
configure:6189: checking for strchr
configure:6245: mips-openwrt-linux-uclibc-gcc -o conftest -I/home/paldier/asuswrt/release/src-lantiq/router/openssl/include -I/home/paldier/asuswrt/release/src-lantiq/router/nt_center/lib -I/home/paldier/asuswrt/release/src-lantiq/router/sqlite -DRTCONFIG_NOTIFICATION_CENTER -Wall -W  -L/home/paldier/asuswrt/release/src-lantiq/router/openssl -L/home/paldier/asuswrt/release/src-lantiq/router/nt_center/lib -L/home/paldier/asuswrt/release/src-lantiq/router/sqlite/.libs conftest.c   -lm -lnt -lsqlite3 -lpthread -lcrypto -lssl  >&5
conftest.c:80:6: warning: conflicting types for built-in function 'strchr' [enabled by default]
 char strchr ();
      ^
/home/paldier/asuswrt/release/src-lantiq/router/openssl/libcrypto.so: warning: gethostbyname is obsolescent, use getnameinfo() instead.
configure:6251: $? = 0
configure:6269: result: yes
configure:6189: checking for strerror
configure:6245: mips-openwrt-linux-uclibc-gcc -o conftest -I/home/paldier/asuswrt/release/src-lantiq/router/openssl/include -I/home/paldier/asuswrt/release/src-lantiq/router/nt_center/lib -I/home/paldier/asuswrt/release/src-lantiq/router/sqlite -DRTCONFIG_NOTIFICATION_CENTER -Wall -W  -L/home/paldier/asuswrt/release/src-lantiq/router/openssl -L/home/paldier/asuswrt/release/src-lantiq/router/nt_center/lib -L/home/paldier/asuswrt/release/src-lantiq/router/sqlite/.libs conftest.c   -lm -lnt -lsqlite3 -lpthread -lcrypto -lssl  >&5
/home/paldier/asuswrt/release/src-lantiq/router/openssl/libcrypto.so: warning: gethostbyname is obsolescent, use getnameinfo() instead.
configure:6251: $? = 0
configure:6269: result: yes
configure:6189: checking for strrchr
configure:6245: mips-openwrt-linux-uclibc-gcc -o conftest -I/home/paldier/asuswrt/release/src-lantiq/router/openssl/include -I/home/paldier/asuswrt/release/src-lantiq/router/nt_center/lib -I/home/paldier/asuswrt/release/src-lantiq/router/sqlite -DRTCONFIG_NOTIFICATION_CENTER -Wall -W  -L/home/paldier/asuswrt/release/src-lantiq/router/openssl -L/home/paldier/asuswrt/release/src-lantiq/router/nt_center/lib -L/home/paldier/asuswrt/release/src-lantiq/router/sqlite/.libs conftest.c   -lm -lnt -lsqlite3 -lpthread -lcrypto -lssl  >&5
conftest.c:82:6: warning: conflicting types for built-in function 'strrchr' [enabled by default]
 char strrchr ();
      ^
/home/paldier/asuswrt/release/src-lantiq/router/openssl/libcrypto.so: warning: gethostbyname is obsolescent, use getnameinfo() instead.
configure:6251: $? = 0
configure:6269: result: yes
configure:6189: checking for uname
configure:6245: mips-openwrt-linux-uclibc-gcc -o conftest -I/home/paldier/asuswrt/release/src-lantiq/router/openssl/include -I/home/paldier/asuswrt/release/src-lantiq/router/nt_center/lib -I/home/paldier/asuswrt/release/src-lantiq/router/sqlite -DRTCONFIG_NOTIFICATION_CENTER -Wall -W  -L/home/paldier/asuswrt/release/src-lantiq/router/openssl -L/home/paldier/asuswrt/release/src-lantiq/router/nt_center/lib -L/home/paldier/asuswrt/release/src-lantiq/router/sqlite/.libs conftest.c   -lm -lnt -lsqlite3 -lpthread -lcrypto -lssl  >&5
/home/paldier/asuswrt/release/src-lantiq/router/openssl/libcrypto.so: warning: gethostbyname is obsolescent, use getnameinfo() instead.
configure:6251: $? = 0
configure:6269: result: yes
configure:6406: creating ./config.status

## ---------------------- ##
## Running config.status. ##
## ---------------------- ##

This file was extended by email config.status 3.1.3, which was
generated by GNU Autoconf 2.61.  Invocation command line was

  CONFIG_FILES    = 
  CONFIG_HEADERS  = 
  CONFIG_LINKS    = 
  CONFIG_COMMANDS = 
  $ ./config.status 

on paldier-VirtualBox

config.status:596: creating Makefile
config.status:596: creating src/Makefile
config.status:596: creating email.help
config.status:596: creating email.1
config.status:596: creating include/config.h
config.status:860: include/config.h is unchanged

## ---------------- ##
## Cache variables. ##
## ---------------- ##

ac_cv_c_compiler_gnu=yes
ac_cv_env_CC_set=set
ac_cv_env_CC_value=mips-openwrt-linux-uclibc-gcc
ac_cv_env_CFLAGS_set=set
ac_cv_env_CFLAGS_value='-I/home/paldier/asuswrt/release/src-lantiq/router/openssl/include -I/home/paldier/asuswrt/release/src-lantiq/router/nt_center/lib -I/home/paldier/asuswrt/release/src-lantiq/router/sqlite -DRTCONFIG_NOTIFICATION_CENTER'
ac_cv_env_CPPFLAGS_set=
ac_cv_env_CPPFLAGS_value=
ac_cv_env_CPP_set=
ac_cv_env_CPP_value=
ac_cv_env_LDFLAGS_set=set
ac_cv_env_LDFLAGS_value='-L/home/paldier/asuswrt/release/src-lantiq/router/openssl -L/home/paldier/asuswrt/release/src-lantiq/router/nt_center/lib -L/home/paldier/asuswrt/release/src-lantiq/router/sqlite/.libs'
ac_cv_env_LIBS_set=set
ac_cv_env_LIBS_value='-lnt -lsqlite3 -lpthread -lcrypto -lssl '
ac_cv_env_build_alias_set=set
ac_cv_env_build_alias_value=
ac_cv_env_host_alias_set=set
ac_cv_env_host_alias_value=mips-linux
ac_cv_env_target_alias_set=
ac_cv_env_target_alias_value=
ac_cv_func__doprnt=no
ac_cv_func_fork=yes
ac_cv_func_fork_works=yes
ac_cv_func_gethostbyname=yes
ac_cv_func_gethostname=yes
ac_cv_func_getpass=yes
ac_cv_func_gettimeofday=yes
ac_cv_func_lstat_dereferences_slashed_symlink=no
ac_cv_func_malloc_0_nonnull=no
ac_cv_func_memset=yes
ac_cv_func_putenv=yes
ac_cv_func_realloc_0_nonnull=no
ac_cv_func_socket=yes
ac_cv_func_sqrt=yes
ac_cv_func_stat_empty_string_bug=yes
ac_cv_func_strcasecmp=yes
ac_cv_func_strchr=yes
ac_cv_func_strerror=yes
ac_cv_func_strftime=yes
ac_cv_func_strrchr=yes
ac_cv_func_uname=yes
ac_cv_func_vfork=yes
ac_cv_func_vfork_works=yes
ac_cv_func_vprintf=yes
ac_cv_header_arpa_inet_h=yes
ac_cv_header_fcntl_h=yes
ac_cv_header_inttypes_h=yes
ac_cv_header_libintl_h=no
ac_cv_header_memory_h=yes
ac_cv_header_netdb_h=yes
ac_cv_header_netinet_in_h=yes
ac_cv_header_stdc=yes
ac_cv_header_stdint_h=yes
ac_cv_header_stdlib_h=yes
ac_cv_header_string_h=yes
ac_cv_header_strings_h=yes
ac_cv_header_sys_ioctl_h=yes
ac_cv_header_sys_socket_h=yes
ac_cv_header_sys_stat_h=yes
ac_cv_header_sys_time_h=yes
ac_cv_header_sys_types_h=yes
ac_cv_header_sys_wait_h=yes
ac_cv_header_termios_h=yes
ac_cv_header_time=yes
ac_cv_header_unistd_h=yes
ac_cv_header_vfork_h=no
ac_cv_lib_ssl_SSL_library_init=yes
ac_cv_objext=o
ac_cv_path_EGREP='/bin/grep -E'
ac_cv_path_GREP=/bin/grep
ac_cv_prog_CC=mips-openwrt-linux-uclibc-gcc
ac_cv_prog_CPP='mips-openwrt-linux-uclibc-gcc -E'
ac_cv_prog_cc_c89=
ac_cv_prog_cc_g=yes
ac_cv_prog_gcc_traditional=no
ac_cv_prog_make_make_set=yes
ac_cv_search_RAND_seed=
ac_cv_search_X509_free=
ac_cv_search_gethostbyname='none required'
ac_cv_search_socket='none required'
ac_cv_search_sqrt=-lm
ac_cv_struct_tm=time.h
ac_cv_sys_file_offset_bits=64
ac_cv_sys_largefile_CC=no
ac_cv_type_pid_t=yes
ac_cv_type_signal=void

## ----------------- ##
## Output variables. ##
## ----------------- ##

CC='mips-openwrt-linux-uclibc-gcc'
CFLAGS='-I/home/paldier/asuswrt/release/src-lantiq/router/openssl/include -I/home/paldier/asuswrt/release/src-lantiq/router/nt_center/lib -I/home/paldier/asuswrt/release/src-lantiq/router/sqlite -DRTCONFIG_NOTIFICATION_CENTER -Wall -W -DUSE_GNU_STRFTIME -I/home/paldier/asuswrt/release/src-lantiq/router/email-3.1.3 -I/home/paldier/asuswrt/release/src-lantiq/router/email-3.1.3/src -I/home/paldier/asuswrt/release/src-lantiq/router/email-3.1.3/include -I../include -I/home/paldier/asuswrt/release/src-lantiq/router/email-3.1.3/dlib/include -I../dlib/include -DEMAIL_VERSION='\''"3.1.3"'\'' -DCOMPILE_DATE='\''"10/31/2010-01:13:35PM_EDT"'\'' -DEMAIL_DIR='\''"/etc/email"'\'''
CPP='mips-openwrt-linux-uclibc-gcc -E'
CPPFLAGS=''
DEFS='-DHAVE_CONFIG_H'
ECHO_C=''
ECHO_N='-n'
ECHO_T=''
EGREP='/bin/grep -E'
EXEEXT=''
GREP='/bin/grep'
LDFLAGS='-L/home/paldier/asuswrt/release/src-lantiq/router/openssl -L/home/paldier/asuswrt/release/src-lantiq/router/nt_center/lib -L/home/paldier/asuswrt/release/src-lantiq/router/sqlite/.libs'
LIBOBJS=' ${LIBOBJDIR}malloc$U.o ${LIBOBJDIR}realloc$U.o ${LIBOBJDIR}lstat$U.o ${LIBOBJDIR}stat$U.o'
LIBS='  -lm -lnt -lsqlite3 -lpthread -lcrypto -lssl '
LTLIBOBJS=' ${LIBOBJDIR}malloc$U.lo ${LIBOBJDIR}realloc$U.lo ${LIBOBJDIR}lstat$U.lo ${LIBOBJDIR}stat$U.lo'
OBJEXT='o'
PACKAGE_BUGREPORT='<deanjones@cleancode.org>'
PACKAGE_NAME='email'
PACKAGE_STRING='email 3.1.3'
PACKAGE_TARNAME='email'
PACKAGE_VERSION='3.1.3'
PATH_SEPARATOR=':'
SET_MAKE=''
SHELL='/bin/bash'
ac_ct_CC=''
bindir='${exec_prefix}/bin'
build_alias=''
datadir='${datarootdir}'
datarootdir='${prefix}/share'
docdir='${datarootdir}/doc/${PACKAGE_TARNAME}'
dvidir='${docdir}'
exec_prefix='${prefix}'
host_alias='mips-linux'
htmldir='${docdir}'
includedir='${prefix}/include'
infodir='${datarootdir}/info'
libdir='${exec_prefix}/lib'
libexecdir='${exec_prefix}/libexec'
localedir='${datarootdir}/locale'
localstatedir='${prefix}/var'
mandir='${datarootdir}/man'
oldincludedir='/usr/include'
pdfdir='${docdir}'
prefix='/usr/local'
program_transform_name='s,x,x,'
psdir='${docdir}'
sbindir='${exec_prefix}/sbin'
sharedstatedir='${prefix}/com'
sysconfdir='/etc'
target_alias=''
ver='3.1.3'

## ----------- ##
## confdefs.h. ##
## ----------- ##

#define PACKAGE_NAME "email"
#define PACKAGE_TARNAME "email"
#define PACKAGE_VERSION "3.1.3"
#define PACKAGE_STRING "email 3.1.3"
#define PACKAGE_BUGREPORT "<deanjones@cleancode.org>"
#define _GNU_SOURCE 1
#define _FILE_OFFSET_BITS 64
#define HAVE_LIBSSL 1
#define STDC_HEADERS 1
#define HAVE_SYS_WAIT_H 1
#define HAVE_SYS_TYPES_H 1
#define HAVE_SYS_STAT_H 1
#define HAVE_STDLIB_H 1
#define HAVE_STRING_H 1
#define HAVE_MEMORY_H 1
#define HAVE_STRINGS_H 1
#define HAVE_INTTYPES_H 1
#define HAVE_STDINT_H 1
#define HAVE_UNISTD_H 1
#define HAVE_ARPA_INET_H 1
#define HAVE_FCNTL_H 1
#define HAVE_NETDB_H 1
#define HAVE_NETINET_IN_H 1
#define HAVE_STDLIB_H 1
#define HAVE_STRING_H 1
#define HAVE_STRINGS_H 1
#define HAVE_SYS_IOCTL_H 1
#define HAVE_SYS_SOCKET_H 1
#define HAVE_SYS_TIME_H 1
#define HAVE_TERMIOS_H 1
#define HAVE_UNISTD_H 1
#define TIME_WITH_SYS_TIME 1
#define HAVE_FORK 1
#define HAVE_VFORK 1
#define HAVE_WORKING_VFORK 1
#define HAVE_WORKING_FORK 1
#define HAVE_STDLIB_H 1
#define HAVE_MALLOC 0
#define HAVE_STDLIB_H 1
#define HAVE_REALLOC 0
#define realloc rpl_realloc
#define RETSIGTYPE void
#define HAVE_STAT_EMPTY_STRING_BUG 1
#define HAVE_STRFTIME 1
#define HAVE_VPRINTF 1
#define HAVE_GETHOSTBYNAME 1
#define HAVE_GETHOSTNAME 1
#define HAVE_GETPASS 1
#define HAVE_GETTIMEOFDAY 1
#define HAVE_MEMSET 1
#define HAVE_PUTENV 1
#define HAVE_SOCKET 1
#define HAVE_SQRT 1
#define HAVE_STRCASECMP 1
#define HAVE_STRCHR 1
#define HAVE_STRERROR 1
#define HAVE_STRRCHR 1
#define HAVE_UNAME 1

configure: exit 0
