This file contains any messages produced by compilers while
running configure, to aid debugging if configure makes a mistake.

It was created by libusb configure 0.1.12, which was
generated by GNU Autoconf 2.59.  Invocation command line was

  $ ./configure --host=mips-linux --build= --prefix=/usr --disable-build-docs --disable-dependency-tracking

## --------- ##
## Platform. ##
## --------- ##

hostname = paldier-VirtualBox
uname -m = x86_64
uname -r = 4.2.0-42-generic
uname -s = Linux
uname -v = #49~14.04.1-Ubuntu SMP Wed Jun 29 20:22:11 UTC 2016

/usr/bin/uname -p = unknown
/bin/uname -X     = unknown

/bin/arch              = unknown
/usr/bin/arch -k       = unknown
/usr/convex/getsysinfo = unknown
hostinfo               = unknown
/bin/machine           = unknown
/usr/bin/oslevel       = unknown
/bin/universe          = unknown

PATH: "/usr/local/sbin
PATH: /usr/local/bin
PATH: /usr/sbin
PATH: /usr/bin
PATH: /sbin
PATH: /bin
PATH: /usr/games
PATH: /usr/local/games
PATH: /snap/bin
PATH: /opt/brcm/hndtools-mipsel-linux/bin
PATH: /opt/brcm/hndtools-mipsel-uclibc/bin
PATH: /projects/tools
PATH: /projects/hnd/tools/linux/hndtools-arm-linux-2.6.36-uclibc-4.5.3/bin
PATH: /projects/hnd/tools/linux/hndtools-arm-linux-2.6.36-uclibc-4.5.3/arm-linux/bin
PATH: /projects/hnd/tools/linux/hndtools-arm-linux-2.6.36-uclibc-4.5.3/usr/bin
PATH: /projects/hnd/tools/linux/hndtools-armeabi-2011.09/bin"
PATH: /home/paldier/asuswrt/release/src-lantiq/tools/toolchain-mips_mips32_gcc-4.8-linaro_uClibc-0.9.33.2/bin
PATH: /home/paldier/asuswrt/release/src-lantiq/tools/host/bin


## ----------- ##
## Core tests. ##
## ----------- ##

configure:1559: checking for a BSD-compatible install
configure:1614: result: /usr/bin/install -c
configure:1625: checking whether build environment is sane
configure:1668: result: yes
configure:1725: checking for gawk
configure:1741: found /usr/bin/gawk
configure:1751: result: gawk
configure:1761: checking whether make sets $(MAKE)
configure:1781: result: yes
configure:1860: checking for mips-linux-strip
configure:1886: result: mips-openwrt-linux-uclibc-strip -R .note -R .comment
configure:2090: checking build system type
configure:2108: result: x86_64-unknown-linux-gnu
configure:2116: checking host system type
configure:2130: result: mips-unknown-linux-gnu
configure:2150: checking for style of include used by make
configure:2178: result: GNU
configure:2211: checking for mips-linux-gcc
configure:2237: result: mips-openwrt-linux-uclibc-gcc
configure:2519: checking for C compiler version
configure:2522: mips-openwrt-linux-uclibc-gcc --version </dev/null >&5
mips-openwrt-linux-uclibc-gcc (OpenWrt/Linaro GCC 4.8-2014.04 15.05_ltq) 4.8.3
Copyright (C) 2013 Free Software Foundation, Inc.
This is free software; see the source for copying conditions.  There is NO
warranty; not even for MERCHANTABILITY or FITNESS FOR A PARTICULAR PURPOSE.

configure:2525: $? = 0
configure:2527: mips-openwrt-linux-uclibc-gcc -v </dev/null >&5
Reading specs from /home/paldier/asuswrt/release/src-lantiq/tools/toolchain-mips_mips32_gcc-4.8-linaro_uClibc-0.9.33.2/bin/../lib/gcc/mips-openwrt-linux-uclibc/4.8.3/specs
COLLECT_GCC=mips-openwrt-linux-uclibc-gcc
COLLECT_LTO_WRAPPER=/home/paldier/asuswrt/release/src-lantiq/tools/toolchain-mips_mips32_gcc-4.8-linaro_uClibc-0.9.33.2/bin/../libexec/gcc/mips-openwrt-linux-uclibc/4.8.3/lto-wrapper
Target: mips-openwrt-linux-uclibc
Configured with: /media/intel160g/3asuswrt/UGW-7.2MR1/UGW-7.2.1.20-SW-CD/Sources/UGW-7.2.1.20/build_dir/toolchain-mips_mips32_gcc-4.8-linaro_uClibc-0.9.33.2/gcc-linaro-4.8-2014.04/configure --with-bugurl=https://dev.openwrt.org/ --with-pkgversion='OpenWrt/Linaro GCC 4.8-2014.04 15.05_ltq' --prefix=/media/intel160g/3asuswrt/UGW-7.2MR1/UGW-7.2.1.20-SW-CD/Sources/UGW-7.2.1.20/staging_dir/toolchain-mips_mips32_gcc-4.8-linaro_uClibc-0.9.33.2 --build=i686-linux-gnu --host=i686-linux-gnu --target=mips-openwrt-linux-uclibc --with-gnu-ld --enable-target-optspace --disable-libgomp --disable-libmudflap --disable-multilib --disable-nls --with-host-libstdcxx=-lstdc++ --with-float=soft --with-gmp=/media/intel160g/3asuswrt/UGW-7.2MR1/UGW-7.2.1.20-SW-CD/Sources/UGW-7.2.1.20/staging_dir/host --with-mpfr=/media/intel160g/3asuswrt/UGW-7.2MR1/UGW-7.2.1.20-SW-CD/Sources/UGW-7.2.1.20/staging_dir/host --with-mpc=/media/intel160g/3asuswrt/UGW-7.2MR1/UGW-7.2.1.20-SW-CD/Sources/UGW-7.2.1.20/staging_dir/host --disable-decimal-float --with-mips-plt --enable-libssp --disable-__cxa_atexit --with-headers=/media/intel160g/3asuswrt/UGW-7.2MR1/UGW-7.2.1.20-SW-CD/Sources/UGW-7.2.1.20/staging_dir/toolchain-mips_mips32_gcc-4.8-linaro_uClibc-0.9.33.2/include --disable-libsanitizer --enable-languages=c,c++ --enable-shared --enable-threads --with-slibdir=/media/intel160g/3asuswrt/UGW-7.2MR1/UGW-7.2.1.20-SW-CD/Sources/UGW-7.2.1.20/staging_dir/toolchain-mips_mips32_gcc-4.8-linaro_uClibc-0.9.33.2/lib
Thread model: posix
gcc version 4.8.3 (OpenWrt/Linaro GCC 4.8-2014.04 15.05_ltq) 
configure:2530: $? = 0
configure:2532: mips-openwrt-linux-uclibc-gcc -V </dev/null >&5
mips-openwrt-linux-uclibc-gcc: error: unrecognized command line option '-V'
mips-openwrt-linux-uclibc-gcc: fatal error: no input files
compilation terminated.
configure:2535: $? = 1
configure:2558: checking for C compiler default output file name
configure:2561: mips-openwrt-linux-uclibc-gcc -Os -Wall -DCONFIG_LANTIQ -DDEBUG_NOISY -DDEBUG_RCTEST -pipe -funit-at-a-time -Wno-pointer-sign -mips32r2 -mno-branch-likely -mtune=1004kc -DLINUX30 -DLINUX26 -DLINUX_KERNEL_VERSION=199272 --sysroot=/home/paldier/asuswrt/release/src-lantiq/tools/toolchain-mips_mips32_gcc-4.8-linaro_uClibc-0.9.33.2   conftest.c -lpthread -ldl >&5
configure:2564: $? = 0
configure:2610: result: a.out
configure:2615: checking whether the C compiler works
configure:2621: ./a.out
./configure: line 2622: ./a.out: cannot execute binary file: Exec format error
configure:2624: $? = 126
configure:2641: result: yes
configure:2648: checking whether we are cross compiling
configure:2650: result: yes
configure:2653: checking for suffix of executables
configure:2655: mips-openwrt-linux-uclibc-gcc -o conftest -Os -Wall -DCONFIG_LANTIQ -DDEBUG_NOISY -DDEBUG_RCTEST -pipe -funit-at-a-time -Wno-pointer-sign -mips32r2 -mno-branch-likely -mtune=1004kc -DLINUX30 -DLINUX26 -DLINUX_KERNEL_VERSION=199272 --sysroot=/home/paldier/asuswrt/release/src-lantiq/tools/toolchain-mips_mips32_gcc-4.8-linaro_uClibc-0.9.33.2   conftest.c -lpthread -ldl >&5
configure:2658: $? = 0
configure:2683: result: 
configure:2689: checking for suffix of object files
configure:2710: mips-openwrt-linux-uclibc-gcc -c -Os -Wall -DCONFIG_LANTIQ -DDEBUG_NOISY -DDEBUG_RCTEST -pipe -funit-at-a-time -Wno-pointer-sign -mips32r2 -mno-branch-likely -mtune=1004kc -DLINUX30 -DLINUX26 -DLINUX_KERNEL_VERSION=199272 --sysroot=/home/paldier/asuswrt/release/src-lantiq/tools/toolchain-mips_mips32_gcc-4.8-linaro_uClibc-0.9.33.2  conftest.c >&5
configure:2713: $? = 0
configure:2735: result: o
configure:2739: checking whether we are using the GNU C compiler
configure:2763: mips-openwrt-linux-uclibc-gcc -c -Os -Wall -DCONFIG_LANTIQ -DDEBUG_NOISY -DDEBUG_RCTEST -pipe -funit-at-a-time -Wno-pointer-sign -mips32r2 -mno-branch-likely -mtune=1004kc -DLINUX30 -DLINUX26 -DLINUX_KERNEL_VERSION=199272 --sysroot=/home/paldier/asuswrt/release/src-lantiq/tools/toolchain-mips_mips32_gcc-4.8-linaro_uClibc-0.9.33.2  conftest.c >&5
configure:2769: $? = 0
configure:2773: test -z 
			 || test ! -s conftest.err
configure:2776: $? = 0
configure:2779: test -s conftest.o
configure:2782: $? = 0
configure:2795: result: yes
configure:2801: checking whether mips-openwrt-linux-uclibc-gcc accepts -g
configure:2822: mips-openwrt-linux-uclibc-gcc -c -g  conftest.c >&5
configure:2828: $? = 0
configure:2832: test -z 
			 || test ! -s conftest.err
configure:2835: $? = 0
configure:2838: test -s conftest.o
configure:2841: $? = 0
configure:2852: result: yes
configure:2869: checking for mips-openwrt-linux-uclibc-gcc option to accept ANSI C
configure:2939: mips-openwrt-linux-uclibc-gcc  -c -Os -Wall -DCONFIG_LANTIQ -DDEBUG_NOISY -DDEBUG_RCTEST -pipe -funit-at-a-time -Wno-pointer-sign -mips32r2 -mno-branch-likely -mtune=1004kc -DLINUX30 -DLINUX26 -DLINUX_KERNEL_VERSION=199272 --sysroot=/home/paldier/asuswrt/release/src-lantiq/tools/toolchain-mips_mips32_gcc-4.8-linaro_uClibc-0.9.33.2  conftest.c >&5
configure:2945: $? = 0
configure:2949: test -z 
			 || test ! -s conftest.err
configure:2952: $? = 0
configure:2955: test -s conftest.o
configure:2958: $? = 0
configure:2976: result: none needed
configure:2994: mips-openwrt-linux-uclibc-gcc -c -Os -Wall -DCONFIG_LANTIQ -DDEBUG_NOISY -DDEBUG_RCTEST -pipe -funit-at-a-time -Wno-pointer-sign -mips32r2 -mno-branch-likely -mtune=1004kc -DLINUX30 -DLINUX26 -DLINUX_KERNEL_VERSION=199272 --sysroot=/home/paldier/asuswrt/release/src-lantiq/tools/toolchain-mips_mips32_gcc-4.8-linaro_uClibc-0.9.33.2  conftest.c >&5
conftest.c:2:3: error: unknown type name 'choke'
   choke me
   ^
conftest.c:2:3: error: expected '=', ',', ';', 'asm' or '__attribute__' at end of input
configure:3000: $? = 1
configure: failed program was:
| #ifndef __cplusplus
|   choke me
| #endif
configure:3135: checking dependency style of mips-openwrt-linux-uclibc-gcc
configure:3220: result: none
configure:3237: checking for a sed that does not truncate output
configure:3291: result: /bin/sed
configure:3294: checking for egrep
configure:3304: result: grep -E
configure:3320: checking for ld used by mips-openwrt-linux-uclibc-gcc
configure:3387: result: mips-openwrt-linux-uclibc-ld
configure:3396: checking if the linker (mips-openwrt-linux-uclibc-ld) is GNU ld
configure:3411: result: yes
configure:3416: checking for mips-openwrt-linux-uclibc-ld option to reload object files
configure:3423: result: -r
configure:3432: checking for BSD-compatible nm
configure:3474: result: mips-openwrt-linux-uclibc-nm
configure:3478: checking whether ln -s works
configure:3482: result: yes
configure:3489: checking how to recognise dependent libraries
configure:3672: result: pass_all
configure:3886: checking how to run the C preprocessor
configure:3921: mips-openwrt-linux-uclibc-gcc -E  conftest.c
configure:3927: $? = 0
configure:3959: mips-openwrt-linux-uclibc-gcc -E  conftest.c
conftest.c:16:28: fatal error: ac_nonexistent.h: No such file or directory
 #include <ac_nonexistent.h>
                            ^
compilation terminated.
configure:3965: $? = 1
configure: failed program was:
| /* confdefs.h.  */
| 
| #define PACKAGE_NAME "libusb"
| #define PACKAGE_TARNAME "libusb"
| #define PACKAGE_VERSION "0.1.12"
| #define PACKAGE_STRING "libusb 0.1.12"
| #define PACKAGE_BUGREPORT ""
| #define PACKAGE "libusb"
| #define VERSION "0.1.12"
| #define LIBUSB_MAJOR_VERSION 0
| #define LIBUSB_MINOR_VERSION 1
| #define LIBUSB_MICRO_VERSION 12
| #define LIBUSB_INTERFACE_AGE 4
| #define LIBUSB_BINARY_AGE 8
| /* end confdefs.h.  */
| #include <ac_nonexistent.h>
configure:4004: result: mips-openwrt-linux-uclibc-gcc -E
configure:4028: mips-openwrt-linux-uclibc-gcc -E  conftest.c
configure:4034: $? = 0
configure:4066: mips-openwrt-linux-uclibc-gcc -E  conftest.c
conftest.c:16:28: fatal error: ac_nonexistent.h: No such file or directory
 #include <ac_nonexistent.h>
                            ^
compilation terminated.
configure:4072: $? = 1
configure: failed program was:
| /* confdefs.h.  */
| 
| #define PACKAGE_NAME "libusb"
| #define PACKAGE_TARNAME "libusb"
| #define PACKAGE_VERSION "0.1.12"
| #define PACKAGE_STRING "libusb 0.1.12"
| #define PACKAGE_BUGREPORT ""
| #define PACKAGE "libusb"
| #define VERSION "0.1.12"
| #define LIBUSB_MAJOR_VERSION 0
| #define LIBUSB_MINOR_VERSION 1
| #define LIBUSB_MICRO_VERSION 12
| #define LIBUSB_INTERFACE_AGE 4
| #define LIBUSB_BINARY_AGE 8
| /* end confdefs.h.  */
| #include <ac_nonexistent.h>
configure:4116: checking for ANSI C header files
configure:4141: mips-openwrt-linux-uclibc-gcc -c -Os -Wall -DCONFIG_LANTIQ -DDEBUG_NOISY -DDEBUG_RCTEST -pipe -funit-at-a-time -Wno-pointer-sign -mips32r2 -mno-branch-likely -mtune=1004kc -DLINUX30 -DLINUX26 -DLINUX_KERNEL_VERSION=199272 --sysroot=/home/paldier/asuswrt/release/src-lantiq/tools/toolchain-mips_mips32_gcc-4.8-linaro_uClibc-0.9.33.2  conftest.c >&5
configure:4147: $? = 0
configure:4151: test -z 
			 || test ! -s conftest.err
configure:4154: $? = 0
configure:4157: test -s conftest.o
configure:4160: $? = 0
configure:4272: result: yes
configure:4296: checking for sys/types.h
configure:4312: mips-openwrt-linux-uclibc-gcc -c -Os -Wall -DCONFIG_LANTIQ -DDEBUG_NOISY -DDEBUG_RCTEST -pipe -funit-at-a-time -Wno-pointer-sign -mips32r2 -mno-branch-likely -mtune=1004kc -DLINUX30 -DLINUX26 -DLINUX_KERNEL_VERSION=199272 --sysroot=/home/paldier/asuswrt/release/src-lantiq/tools/toolchain-mips_mips32_gcc-4.8-linaro_uClibc-0.9.33.2  conftest.c >&5
configure:4318: $? = 0
configure:4322: test -z 
			 || test ! -s conftest.err
configure:4325: $? = 0
configure:4328: test -s conftest.o
configure:4331: $? = 0
configure:4342: result: yes
configure:4296: checking for sys/stat.h
configure:4312: mips-openwrt-linux-uclibc-gcc -c -Os -Wall -DCONFIG_LANTIQ -DDEBUG_NOISY -DDEBUG_RCTEST -pipe -funit-at-a-time -Wno-pointer-sign -mips32r2 -mno-branch-likely -mtune=1004kc -DLINUX30 -DLINUX26 -DLINUX_KERNEL_VERSION=199272 --sysroot=/home/paldier/asuswrt/release/src-lantiq/tools/toolchain-mips_mips32_gcc-4.8-linaro_uClibc-0.9.33.2  conftest.c >&5
configure:4318: $? = 0
configure:4322: test -z 
			 || test ! -s conftest.err
configure:4325: $? = 0
configure:4328: test -s conftest.o
configure:4331: $? = 0
configure:4342: result: yes
configure:4296: checking for stdlib.h
configure:4312: mips-openwrt-linux-uclibc-gcc -c -Os -Wall -DCONFIG_LANTIQ -DDEBUG_NOISY -DDEBUG_RCTEST -pipe -funit-at-a-time -Wno-pointer-sign -mips32r2 -mno-branch-likely -mtune=1004kc -DLINUX30 -DLINUX26 -DLINUX_KERNEL_VERSION=199272 --sysroot=/home/paldier/asuswrt/release/src-lantiq/tools/toolchain-mips_mips32_gcc-4.8-linaro_uClibc-0.9.33.2  conftest.c >&5
configure:4318: $? = 0
configure:4322: test -z 
			 || test ! -s conftest.err
configure:4325: $? = 0
configure:4328: test -s conftest.o
configure:4331: $? = 0
configure:4342: result: yes
configure:4296: checking for string.h
configure:4312: mips-openwrt-linux-uclibc-gcc -c -Os -Wall -DCONFIG_LANTIQ -DDEBUG_NOISY -DDEBUG_RCTEST -pipe -funit-at-a-time -Wno-pointer-sign -mips32r2 -mno-branch-likely -mtune=1004kc -DLINUX30 -DLINUX26 -DLINUX_KERNEL_VERSION=199272 --sysroot=/home/paldier/asuswrt/release/src-lantiq/tools/toolchain-mips_mips32_gcc-4.8-linaro_uClibc-0.9.33.2  conftest.c >&5
configure:4318: $? = 0
configure:4322: test -z 
			 || test ! -s conftest.err
configure:4325: $? = 0
configure:4328: test -s conftest.o
configure:4331: $? = 0
configure:4342: result: yes
configure:4296: checking for memory.h
configure:4312: mips-openwrt-linux-uclibc-gcc -c -Os -Wall -DCONFIG_LANTIQ -DDEBUG_NOISY -DDEBUG_RCTEST -pipe -funit-at-a-time -Wno-pointer-sign -mips32r2 -mno-branch-likely -mtune=1004kc -DLINUX30 -DLINUX26 -DLINUX_KERNEL_VERSION=199272 --sysroot=/home/paldier/asuswrt/release/src-lantiq/tools/toolchain-mips_mips32_gcc-4.8-linaro_uClibc-0.9.33.2  conftest.c >&5
configure:4318: $? = 0
configure:4322: test -z 
			 || test ! -s conftest.err
configure:4325: $? = 0
configure:4328: test -s conftest.o
configure:4331: $? = 0
configure:4342: result: yes
configure:4296: checking for strings.h
configure:4312: mips-openwrt-linux-uclibc-gcc -c -Os -Wall -DCONFIG_LANTIQ -DDEBUG_NOISY -DDEBUG_RCTEST -pipe -funit-at-a-time -Wno-pointer-sign -mips32r2 -mno-branch-likely -mtune=1004kc -DLINUX30 -DLINUX26 -DLINUX_KERNEL_VERSION=199272 --sysroot=/home/paldier/asuswrt/release/src-lantiq/tools/toolchain-mips_mips32_gcc-4.8-linaro_uClibc-0.9.33.2  conftest.c >&5
configure:4318: $? = 0
configure:4322: test -z 
			 || test ! -s conftest.err
configure:4325: $? = 0
configure:4328: test -s conftest.o
configure:4331: $? = 0
configure:4342: result: yes
configure:4296: checking for inttypes.h
configure:4312: mips-openwrt-linux-uclibc-gcc -c -Os -Wall -DCONFIG_LANTIQ -DDEBUG_NOISY -DDEBUG_RCTEST -pipe -funit-at-a-time -Wno-pointer-sign -mips32r2 -mno-branch-likely -mtune=1004kc -DLINUX30 -DLINUX26 -DLINUX_KERNEL_VERSION=199272 --sysroot=/home/paldier/asuswrt/release/src-lantiq/tools/toolchain-mips_mips32_gcc-4.8-linaro_uClibc-0.9.33.2  conftest.c >&5
configure:4318: $? = 0
configure:4322: test -z 
			 || test ! -s conftest.err
configure:4325: $? = 0
configure:4328: test -s conftest.o
configure:4331: $? = 0
configure:4342: result: yes
configure:4296: checking for stdint.h
configure:4312: mips-openwrt-linux-uclibc-gcc -c -Os -Wall -DCONFIG_LANTIQ -DDEBUG_NOISY -DDEBUG_RCTEST -pipe -funit-at-a-time -Wno-pointer-sign -mips32r2 -mno-branch-likely -mtune=1004kc -DLINUX30 -DLINUX26 -DLINUX_KERNEL_VERSION=199272 --sysroot=/home/paldier/asuswrt/release/src-lantiq/tools/toolchain-mips_mips32_gcc-4.8-linaro_uClibc-0.9.33.2  conftest.c >&5
configure:4318: $? = 0
configure:4322: test -z 
			 || test ! -s conftest.err
configure:4325: $? = 0
configure:4328: test -s conftest.o
configure:4331: $? = 0
configure:4342: result: yes
configure:4296: checking for unistd.h
configure:4312: mips-openwrt-linux-uclibc-gcc -c -Os -Wall -DCONFIG_LANTIQ -DDEBUG_NOISY -DDEBUG_RCTEST -pipe -funit-at-a-time -Wno-pointer-sign -mips32r2 -mno-branch-likely -mtune=1004kc -DLINUX30 -DLINUX26 -DLINUX_KERNEL_VERSION=199272 --sysroot=/home/paldier/asuswrt/release/src-lantiq/tools/toolchain-mips_mips32_gcc-4.8-linaro_uClibc-0.9.33.2  conftest.c >&5
configure:4318: $? = 0
configure:4322: test -z 
			 || test ! -s conftest.err
configure:4325: $? = 0
configure:4328: test -s conftest.o
configure:4331: $? = 0
configure:4342: result: yes
configure:4368: checking dlfcn.h usability
configure:4380: mips-openwrt-linux-uclibc-gcc -c -Os -Wall -DCONFIG_LANTIQ -DDEBUG_NOISY -DDEBUG_RCTEST -pipe -funit-at-a-time -Wno-pointer-sign -mips32r2 -mno-branch-likely -mtune=1004kc -DLINUX30 -DLINUX26 -DLINUX_KERNEL_VERSION=199272 --sysroot=/home/paldier/asuswrt/release/src-lantiq/tools/toolchain-mips_mips32_gcc-4.8-linaro_uClibc-0.9.33.2  conftest.c >&5
configure:4386: $? = 0
configure:4390: test -z 
			 || test ! -s conftest.err
configure:4393: $? = 0
configure:4396: test -s conftest.o
configure:4399: $? = 0
configure:4409: result: yes
configure:4413: checking dlfcn.h presence
configure:4423: mips-openwrt-linux-uclibc-gcc -E  conftest.c
configure:4429: $? = 0
configure:4449: result: yes
configure:4484: checking for dlfcn.h
configure:4491: result: yes
configure:4514: checking for mips-linux-g++
configure:4540: result: mips-openwrt-linux-uclibc-g++
configure:4598: checking for C++ compiler version
configure:4601: mips-openwrt-linux-uclibc-g++ --version </dev/null >&5
mips-openwrt-linux-uclibc-g++ (OpenWrt/Linaro GCC 4.8-2014.04 15.05_ltq) 4.8.3
Copyright (C) 2013 Free Software Foundation, Inc.
This is free software; see the source for copying conditions.  There is NO
warranty; not even for MERCHANTABILITY or FITNESS FOR A PARTICULAR PURPOSE.

configure:4604: $? = 0
configure:4606: mips-openwrt-linux-uclibc-g++ -v </dev/null >&5
Reading specs from /home/paldier/asuswrt/release/src-lantiq/tools/toolchain-mips_mips32_gcc-4.8-linaro_uClibc-0.9.33.2/bin/../lib/gcc/mips-openwrt-linux-uclibc/4.8.3/specs
COLLECT_GCC=mips-openwrt-linux-uclibc-g++
COLLECT_LTO_WRAPPER=/home/paldier/asuswrt/release/src-lantiq/tools/toolchain-mips_mips32_gcc-4.8-linaro_uClibc-0.9.33.2/bin/../libexec/gcc/mips-openwrt-linux-uclibc/4.8.3/lto-wrapper
Target: mips-openwrt-linux-uclibc
Configured with: /media/intel160g/3asuswrt/UGW-7.2MR1/UGW-7.2.1.20-SW-CD/Sources/UGW-7.2.1.20/build_dir/toolchain-mips_mips32_gcc-4.8-linaro_uClibc-0.9.33.2/gcc-linaro-4.8-2014.04/configure --with-bugurl=https://dev.openwrt.org/ --with-pkgversion='OpenWrt/Linaro GCC 4.8-2014.04 15.05_ltq' --prefix=/media/intel160g/3asuswrt/UGW-7.2MR1/UGW-7.2.1.20-SW-CD/Sources/UGW-7.2.1.20/staging_dir/toolchain-mips_mips32_gcc-4.8-linaro_uClibc-0.9.33.2 --build=i686-linux-gnu --host=i686-linux-gnu --target=mips-openwrt-linux-uclibc --with-gnu-ld --enable-target-optspace --disable-libgomp --disable-libmudflap --disable-multilib --disable-nls --with-host-libstdcxx=-lstdc++ --with-float=soft --with-gmp=/media/intel160g/3asuswrt/UGW-7.2MR1/UGW-7.2.1.20-SW-CD/Sources/UGW-7.2.1.20/staging_dir/host --with-mpfr=/media/intel160g/3asuswrt/UGW-7.2MR1/UGW-7.2.1.20-SW-CD/Sources/UGW-7.2.1.20/staging_dir/host --with-mpc=/media/intel160g/3asuswrt/UGW-7.2MR1/UGW-7.2.1.20-SW-CD/Sources/UGW-7.2.1.20/staging_dir/host --disable-decimal-float --with-mips-plt --enable-libssp --disable-__cxa_atexit --with-headers=/media/intel160g/3asuswrt/UGW-7.2MR1/UGW-7.2.1.20-SW-CD/Sources/UGW-7.2.1.20/staging_dir/toolchain-mips_mips32_gcc-4.8-linaro_uClibc-0.9.33.2/include --disable-libsanitizer --enable-languages=c,c++ --enable-shared --enable-threads --with-slibdir=/media/intel160g/3asuswrt/UGW-7.2MR1/UGW-7.2.1.20-SW-CD/Sources/UGW-7.2.1.20/staging_dir/toolchain-mips_mips32_gcc-4.8-linaro_uClibc-0.9.33.2/lib
Thread model: posix
gcc version 4.8.3 (OpenWrt/Linaro GCC 4.8-2014.04 15.05_ltq) 
configure:4609: $? = 0
configure:4611: mips-openwrt-linux-uclibc-g++ -V </dev/null >&5
mips-openwrt-linux-uclibc-g++: error: unrecognized command line option '-V'
mips-openwrt-linux-uclibc-g++: fatal error: no input files
compilation terminated.
configure:4614: $? = 1
configure:4617: checking whether we are using the GNU C++ compiler
configure:4641: mips-openwrt-linux-uclibc-g++ -c   conftest.cc >&5
configure:4647: $? = 0
configure:4651: test -z 
			 || test ! -s conftest.err
configure:4654: $? = 0
configure:4657: test -s conftest.o
configure:4660: $? = 0
configure:4673: result: yes
configure:4679: checking whether mips-openwrt-linux-uclibc-g++ accepts -g
configure:4700: mips-openwrt-linux-uclibc-g++ -c -g  conftest.cc >&5
configure:4706: $? = 0
configure:4710: test -z 
			 || test ! -s conftest.err
configure:4713: $? = 0
configure:4716: test -s conftest.o
configure:4719: $? = 0
configure:4730: result: yes
configure:4772: mips-openwrt-linux-uclibc-g++ -c -g -O2  conftest.cc >&5
configure:4778: $? = 0
configure:4782: test -z 
			 || test ! -s conftest.err
configure:4785: $? = 0
configure:4788: test -s conftest.o
configure:4791: $? = 0
configure:4817: mips-openwrt-linux-uclibc-g++ -c -g -O2  conftest.cc >&5
conftest.cc: In function 'int main()':
conftest.cc:31:9: error: 'exit' was not declared in this scope
 exit (42);
         ^
configure:4823: $? = 1
configure: failed program was:
| /* confdefs.h.  */
| 
| #define PACKAGE_NAME "libusb"
| #define PACKAGE_TARNAME "libusb"
| #define PACKAGE_VERSION "0.1.12"
| #define PACKAGE_STRING "libusb 0.1.12"
| #define PACKAGE_BUGREPORT ""
| #define PACKAGE "libusb"
| #define VERSION "0.1.12"
| #define LIBUSB_MAJOR_VERSION 0
| #define LIBUSB_MINOR_VERSION 1
| #define LIBUSB_MICRO_VERSION 12
| #define LIBUSB_INTERFACE_AGE 4
| #define LIBUSB_BINARY_AGE 8
| #define STDC_HEADERS 1
| #define HAVE_SYS_TYPES_H 1
| #define HAVE_SYS_STAT_H 1
| #define HAVE_STDLIB_H 1
| #define HAVE_STRING_H 1
| #define HAVE_MEMORY_H 1
| #define HAVE_STRINGS_H 1
| #define HAVE_INTTYPES_H 1
| #define HAVE_STDINT_H 1
| #define HAVE_UNISTD_H 1
| #define HAVE_DLFCN_H 1
| /* end confdefs.h.  */
| 
| int
| main ()
| {
| exit (42);
|   ;
|   return 0;
| }
configure:4772: mips-openwrt-linux-uclibc-g++ -c -g -O2  conftest.cc >&5
conftest.cc:27:40: error: 'void std::exit(int)' should have been declared inside 'std'
 extern "C" void std::exit (int) throw (); using std::exit;
                                        ^
configure:4778: $? = 1
configure: failed program was:
| /* confdefs.h.  */
| 
| #define PACKAGE_NAME "libusb"
| #define PACKAGE_TARNAME "libusb"
| #define PACKAGE_VERSION "0.1.12"
| #define PACKAGE_STRING "libusb 0.1.12"
| #define PACKAGE_BUGREPORT ""
| #define PACKAGE "libusb"
| #define VERSION "0.1.12"
| #define LIBUSB_MAJOR_VERSION 0
| #define LIBUSB_MINOR_VERSION 1
| #define LIBUSB_MICRO_VERSION 12
| #define LIBUSB_INTERFACE_AGE 4
| #define LIBUSB_BINARY_AGE 8
| #define STDC_HEADERS 1
| #define HAVE_SYS_TYPES_H 1
| #define HAVE_SYS_STAT_H 1
| #define HAVE_STDLIB_H 1
| #define HAVE_STRING_H 1
| #define HAVE_MEMORY_H 1
| #define HAVE_STRINGS_H 1
| #define HAVE_INTTYPES_H 1
| #define HAVE_STDINT_H 1
| #define HAVE_UNISTD_H 1
| #define HAVE_DLFCN_H 1
| /* end confdefs.h.  */
| extern "C" void std::exit (int) throw (); using std::exit;
| #include <stdlib.h>
| int
| main ()
| {
| exit (42);
|   ;
|   return 0;
| }
configure:4772: mips-openwrt-linux-uclibc-g++ -c -g -O2  conftest.cc >&5
conftest.cc:27:31: error: 'void std::exit(int)' should have been declared inside 'std'
 extern "C" void std::exit (int); using std::exit;
                               ^
In file included from conftest.cc:28:0:
/home/paldier/asuswrt/release/src-lantiq/tools/toolchain-mips_mips32_gcc-4.8-linaro_uClibc-0.9.33.2/include/stdlib.h:532:70: error: declaration of 'void std::exit(int) throw ()' has a different exception specifier
 extern void exit (int __status) __THROW __attribute__ ((__noreturn__));
                                                                      ^
conftest.cc:27:17: error: from previous declaration 'void std::exit(int)'
 extern "C" void std::exit (int); using std::exit;
                 ^
configure:4778: $? = 1
configure: failed program was:
| /* confdefs.h.  */
| 
| #define PACKAGE_NAME "libusb"
| #define PACKAGE_TARNAME "libusb"
| #define PACKAGE_VERSION "0.1.12"
| #define PACKAGE_STRING "libusb 0.1.12"
| #define PACKAGE_BUGREPORT ""
| #define PACKAGE "libusb"
| #define VERSION "0.1.12"
| #define LIBUSB_MAJOR_VERSION 0
| #define LIBUSB_MINOR_VERSION 1
| #define LIBUSB_MICRO_VERSION 12
| #define LIBUSB_INTERFACE_AGE 4
| #define LIBUSB_BINARY_AGE 8
| #define STDC_HEADERS 1
| #define HAVE_SYS_TYPES_H 1
| #define HAVE_SYS_STAT_H 1
| #define HAVE_STDLIB_H 1
| #define HAVE_STRING_H 1
| #define HAVE_MEMORY_H 1
| #define HAVE_STRINGS_H 1
| #define HAVE_INTTYPES_H 1
| #define HAVE_STDINT_H 1
| #define HAVE_UNISTD_H 1
| #define HAVE_DLFCN_H 1
| /* end confdefs.h.  */
| extern "C" void std::exit (int); using std::exit;
| #include <stdlib.h>
| int
| main ()
| {
| exit (42);
|   ;
|   return 0;
| }
configure:4772: mips-openwrt-linux-uclibc-g++ -c -g -O2  conftest.cc >&5
configure:4778: $? = 0
configure:4782: test -z 
			 || test ! -s conftest.err
configure:4785: $? = 0
configure:4788: test -s conftest.o
configure:4791: $? = 0
configure:4817: mips-openwrt-linux-uclibc-g++ -c -g -O2  conftest.cc >&5
configure:4823: $? = 0
configure:4827: test -z 
			 || test ! -s conftest.err
configure:4830: $? = 0
configure:4833: test -s conftest.o
configure:4836: $? = 0
configure:4861: checking dependency style of mips-openwrt-linux-uclibc-g++
configure:4946: result: none
configure:4968: checking how to run the C++ preprocessor
configure:4999: mips-openwrt-linux-uclibc-g++ -E  conftest.cc
configure:5005: $? = 0
configure:5037: mips-openwrt-linux-uclibc-g++ -E  conftest.cc
conftest.cc:30:28: fatal error: ac_nonexistent.h: No such file or directory
 #include <ac_nonexistent.h>
                            ^
compilation terminated.
configure:5043: $? = 1
configure: failed program was:
| /* confdefs.h.  */
| 
| #define PACKAGE_NAME "libusb"
| #define PACKAGE_TARNAME "libusb"
| #define PACKAGE_VERSION "0.1.12"
| #define PACKAGE_STRING "libusb 0.1.12"
| #define PACKAGE_BUGREPORT ""
| #define PACKAGE "libusb"
| #define VERSION "0.1.12"
| #define LIBUSB_MAJOR_VERSION 0
| #define LIBUSB_MINOR_VERSION 1
| #define LIBUSB_MICRO_VERSION 12
| #define LIBUSB_INTERFACE_AGE 4
| #define LIBUSB_BINARY_AGE 8
| #define STDC_HEADERS 1
| #define HAVE_SYS_TYPES_H 1
| #define HAVE_SYS_STAT_H 1
| #define HAVE_STDLIB_H 1
| #define HAVE_STRING_H 1
| #define HAVE_MEMORY_H 1
| #define HAVE_STRINGS_H 1
| #define HAVE_INTTYPES_H 1
| #define HAVE_STDINT_H 1
| #define HAVE_UNISTD_H 1
| #define HAVE_DLFCN_H 1
| #ifdef __cplusplus
| extern "C" void exit (int) throw ();
| #endif
| /* end confdefs.h.  */
| #include <ac_nonexistent.h>
configure:5082: result: mips-openwrt-linux-uclibc-g++ -E
configure:5106: mips-openwrt-linux-uclibc-g++ -E  conftest.cc
configure:5112: $? = 0
configure:5144: mips-openwrt-linux-uclibc-g++ -E  conftest.cc
conftest.cc:30:28: fatal error: ac_nonexistent.h: No such file or directory
 #include <ac_nonexistent.h>
                            ^
compilation terminated.
configure:5150: $? = 1
configure: failed program was:
| /* confdefs.h.  */
| 
| #define PACKAGE_NAME "libusb"
| #define PACKAGE_TARNAME "libusb"
| #define PACKAGE_VERSION "0.1.12"
| #define PACKAGE_STRING "libusb 0.1.12"
| #define PACKAGE_BUGREPORT ""
| #define PACKAGE "libusb"
| #define VERSION "0.1.12"
| #define LIBUSB_MAJOR_VERSION 0
| #define LIBUSB_MINOR_VERSION 1
| #define LIBUSB_MICRO_VERSION 12
| #define LIBUSB_INTERFACE_AGE 4
| #define LIBUSB_BINARY_AGE 8
| #define STDC_HEADERS 1
| #define HAVE_SYS_TYPES_H 1
| #define HAVE_SYS_STAT_H 1
| #define HAVE_STDLIB_H 1
| #define HAVE_STRING_H 1
| #define HAVE_MEMORY_H 1
| #define HAVE_STRINGS_H 1
| #define HAVE_INTTYPES_H 1
| #define HAVE_STDINT_H 1
| #define HAVE_UNISTD_H 1
| #define HAVE_DLFCN_H 1
| #ifdef __cplusplus
| extern "C" void exit (int) throw ();
| #endif
| /* end confdefs.h.  */
| #include <ac_nonexistent.h>
configure:5203: checking for mips-linux-g77
configure:5232: result: no
configure:5203: checking for mips-linux-f77
configure:5232: result: no
configure:5203: checking for mips-linux-xlf
configure:5232: result: no
configure:5203: checking for mips-linux-frt
configure:5232: result: no
configure:5203: checking for mips-linux-pgf77
configure:5232: result: no
configure:5203: checking for mips-linux-fort77
configure:5232: result: no
configure:5203: checking for mips-linux-fl32
configure:5232: result: no
configure:5203: checking for mips-linux-af77
configure:5232: result: no
configure:5203: checking for mips-linux-f90
configure:5232: result: no
configure:5203: checking for mips-linux-xlf90
configure:5232: result: no
configure:5203: checking for mips-linux-pgf90
configure:5232: result: no
configure:5203: checking for mips-linux-epcf90
configure:5232: result: no
configure:5203: checking for mips-linux-f95
configure:5232: result: no
configure:5203: checking for mips-linux-fort
configure:5232: result: no
configure:5203: checking for mips-linux-xlf95
configure:5232: result: no
configure:5203: checking for mips-linux-ifc
configure:5232: result: no
configure:5203: checking for mips-linux-efc
configure:5232: result: no
configure:5203: checking for mips-linux-pgf95
configure:5232: result: no
configure:5203: checking for mips-linux-lf95
configure:5232: result: no
configure:5203: checking for mips-linux-gfortran
configure:5232: result: no
configure:5245: checking for g77
configure:5274: result: no
configure:5245: checking for f77
configure:5274: result: no
configure:5245: checking for xlf
configure:5274: result: no
configure:5245: checking for frt
configure:5274: result: no
configure:5245: checking for pgf77
configure:5274: result: no
configure:5245: checking for fort77
configure:5274: result: no
configure:5245: checking for fl32
configure:5274: result: no
configure:5245: checking for af77
configure:5274: result: no
configure:5245: checking for f90
configure:5274: result: no
configure:5245: checking for xlf90
configure:5274: result: no
configure:5245: checking for pgf90
configure:5274: result: no
configure:5245: checking for epcf90
configure:5274: result: no
configure:5245: checking for f95
configure:5274: result: no
configure:5245: checking for fort
configure:5274: result: no
configure:5245: checking for xlf95
configure:5274: result: no
configure:5245: checking for ifc
configure:5274: result: no
configure:5245: checking for efc
configure:5274: result: no
configure:5245: checking for pgf95
configure:5274: result: no
configure:5245: checking for lf95
configure:5274: result: no
configure:5245: checking for gfortran
configure:5274: result: no
configure:5286: checking for Fortran 77 compiler version
configure:5289:  --version </dev/null >&5
./configure: line 5290: --version: command not found
configure:5292: $? = 127
configure:5294:  -v </dev/null >&5
./configure: line 5295: -v: command not found
configure:5297: $? = 127
configure:5299:  -V </dev/null >&5
./configure: line 5300: -V: command not found
configure:5302: $? = 127
configure:5310: checking whether we are using the GNU Fortran 77 compiler
configure:5324:  -c  conftest.F >&5
./configure: line 5325: -c: command not found
configure:5330: $? = 127
configure: failed program was:
|       program main
| #ifndef __GNUC__
|        choke me
| #endif
| 
|       end
configure:5356: result: no
configure:5362: checking whether  accepts -g
configure:5374:  -c -g conftest.f >&5
./configure: line 5375: -c: command not found
configure:5380: $? = 127
configure: failed program was:
|       program main
| 
|       end
configure:5405: result: no
configure:5435: checking the maximum length of command line arguments
configure:5500: result: 32768
configure:5511: checking command to parse mips-openwrt-linux-uclibc-nm output from mips-openwrt-linux-uclibc-gcc object
configure:5600: mips-openwrt-linux-uclibc-gcc -c -Os -Wall -DCONFIG_LANTIQ -DDEBUG_NOISY -DDEBUG_RCTEST -pipe -funit-at-a-time -Wno-pointer-sign -mips32r2 -mno-branch-likely -mtune=1004kc -DLINUX30 -DLINUX26 -DLINUX_KERNEL_VERSION=199272 --sysroot=/home/paldier/asuswrt/release/src-lantiq/tools/toolchain-mips_mips32_gcc-4.8-linaro_uClibc-0.9.33.2  conftest.c >&5
configure:5603: $? = 0
configure:5607: mips-openwrt-linux-uclibc-nm conftest.o \| sed -n -e 's/^.*[ 	]\([ABCDGIRSTW][ABCDGIRSTW]*\)[ 	][ 	]*\(\)\([_A-Za-z][_A-Za-z0-9]*\)$/\1 \2\3 \3/p' \> conftest.nm
configure:5610: $? = 0
configure:5662: mips-openwrt-linux-uclibc-gcc -o conftest -Os -Wall -DCONFIG_LANTIQ -DDEBUG_NOISY -DDEBUG_RCTEST -pipe -funit-at-a-time -Wno-pointer-sign -mips32r2 -mno-branch-likely -mtune=1004kc -DLINUX30 -DLINUX26 -DLINUX_KERNEL_VERSION=199272 --sysroot=/home/paldier/asuswrt/release/src-lantiq/tools/toolchain-mips_mips32_gcc-4.8-linaro_uClibc-0.9.33.2   conftest.c conftstm.o >&5
configure:5665: $? = 0
configure:5703: result: ok
configure:5707: checking for objdir
configure:5722: result: .libs
configure:5774: checking for mips-linux-ar
configure:5800: result: mips-openwrt-linux-uclibc-ar
configure:5854: checking for mips-linux-ranlib
configure:5880: result: mips-openwrt-linux-uclibc-ranlib
configure:5934: checking for mips-linux-strip
configure:5960: result: mips-openwrt-linux-uclibc-strip -R .note -R .comment
configure:6261: checking if mips-openwrt-linux-uclibc-gcc static flag  works
configure:6284: result: yes
configure:6302: checking if mips-openwrt-linux-uclibc-gcc supports -fno-rtti -fno-exceptions
configure:6320: mips-openwrt-linux-uclibc-gcc -c -Os -Wall -DCONFIG_LANTIQ -DDEBUG_NOISY -DDEBUG_RCTEST -pipe -funit-at-a-time -Wno-pointer-sign -mips32r2 -mno-branch-likely -mtune=1004kc -DLINUX30 -DLINUX26 -DLINUX_KERNEL_VERSION=199272 --sysroot=/home/paldier/asuswrt/release/src-lantiq/tools/toolchain-mips_mips32_gcc-4.8-linaro_uClibc-0.9.33.2  -fno-rtti -fno-exceptions conftest.c >&5
cc1: warning: command line option '-fno-rtti' is valid for C++/ObjC++ but not for C [enabled by default]
configure:6324: $? = 0
configure:6335: result: no
configure:6350: checking for mips-openwrt-linux-uclibc-gcc option to produce PIC
configure:6527: result: -fPIC
configure:6535: checking if mips-openwrt-linux-uclibc-gcc PIC flag -fPIC works
configure:6553: mips-openwrt-linux-uclibc-gcc -c -Os -Wall -DCONFIG_LANTIQ -DDEBUG_NOISY -DDEBUG_RCTEST -pipe -funit-at-a-time -Wno-pointer-sign -mips32r2 -mno-branch-likely -mtune=1004kc -DLINUX30 -DLINUX26 -DLINUX_KERNEL_VERSION=199272 --sysroot=/home/paldier/asuswrt/release/src-lantiq/tools/toolchain-mips_mips32_gcc-4.8-linaro_uClibc-0.9.33.2  -fPIC -DPIC conftest.c >&5
configure:6557: $? = 0
configure:6568: result: yes
configure:6592: checking if mips-openwrt-linux-uclibc-gcc supports -c -o file.o
configure:6613: mips-openwrt-linux-uclibc-gcc -c -Os -Wall -DCONFIG_LANTIQ -DDEBUG_NOISY -DDEBUG_RCTEST -pipe -funit-at-a-time -Wno-pointer-sign -mips32r2 -mno-branch-likely -mtune=1004kc -DLINUX30 -DLINUX26 -DLINUX_KERNEL_VERSION=199272 --sysroot=/home/paldier/asuswrt/release/src-lantiq/tools/toolchain-mips_mips32_gcc-4.8-linaro_uClibc-0.9.33.2  -o out/conftest2.o conftest.c >&5
configure:6617: $? = 0
configure:6637: result: yes
configure:6663: checking whether the mips-openwrt-linux-uclibc-gcc linker (mips-openwrt-linux-uclibc-ld) supports shared libraries
configure:7511: result: yes
configure:7537: checking whether -lc should be explicitly linked in
configure:7542: mips-openwrt-linux-uclibc-gcc -c -Os -Wall -DCONFIG_LANTIQ -DDEBUG_NOISY -DDEBUG_RCTEST -pipe -funit-at-a-time -Wno-pointer-sign -mips32r2 -mno-branch-likely -mtune=1004kc -DLINUX30 -DLINUX26 -DLINUX_KERNEL_VERSION=199272 --sysroot=/home/paldier/asuswrt/release/src-lantiq/tools/toolchain-mips_mips32_gcc-4.8-linaro_uClibc-0.9.33.2  conftest.c >&5
configure:7545: $? = 0
configure:7559: mips-openwrt-linux-uclibc-gcc -shared conftest.o  -v -Wl,-soname -Wl,conftest -o conftest 2\>\&1 \| grep  -lc  \>/dev/null 2\>\&1
configure:7562: $? = 0
configure:7574: result: no
configure:7582: checking dynamic linker characteristics
configure:8143: result: GNU/Linux ld.so
configure:8147: checking how to hardcode library paths into programs
configure:8172: result: immediate
configure:8186: checking whether stripping libraries is possible
configure:8191: result: yes
configure:9021: checking if libtool supports shared libraries
configure:9023: result: yes
configure:9026: checking whether to build shared libraries
configure:9084: result: yes
configure:9087: checking whether to build static libraries
configure:9091: result: yes
configure:9183: creating libtool
configure:9730: checking for ld used by mips-openwrt-linux-uclibc-g++
configure:9797: result: mips-openwrt-linux-uclibc-ld
configure:9806: checking if the linker (mips-openwrt-linux-uclibc-ld) is GNU ld
configure:9821: result: yes
configure:9872: checking whether the mips-openwrt-linux-uclibc-g++ linker (mips-openwrt-linux-uclibc-ld) supports shared libraries
configure:10700: result: yes
configure:10718: mips-openwrt-linux-uclibc-g++ -c -g -O2  conftest.cc >&5
configure:10721: $? = 0
configure:10817: checking for mips-openwrt-linux-uclibc-g++ option to produce PIC
configure:11069: result: -fPIC
configure:11077: checking if mips-openwrt-linux-uclibc-g++ PIC flag -fPIC works
configure:11095: mips-openwrt-linux-uclibc-g++ -c -g -O2  -fPIC -DPIC conftest.cc >&5
configure:11099: $? = 0
configure:11110: result: yes
configure:11134: checking if mips-openwrt-linux-uclibc-g++ supports -c -o file.o
configure:11155: mips-openwrt-linux-uclibc-g++ -c -g -O2  -o out/conftest2.o conftest.cc >&5
configure:11159: $? = 0
configure:11179: result: yes
configure:11205: checking whether the mips-openwrt-linux-uclibc-g++ linker (mips-openwrt-linux-uclibc-ld) supports shared libraries
configure:11230: result: yes
configure:11301: checking dynamic linker characteristics
configure:11862: result: GNU/Linux ld.so
configure:11866: checking how to hardcode library paths into programs
configure:11891: result: immediate
configure:11905: checking whether stripping libraries is possible
configure:11910: result: yes
configure:19193: checking for what USB OS support
configure:19211: result: Linux
configure:19332: checking for mips-linux-gcc
configure:19358: result: mips-openwrt-linux-uclibc-gcc
configure:19640: checking for C compiler version
configure:19643: mips-openwrt-linux-uclibc-gcc --version </dev/null >&5
mips-openwrt-linux-uclibc-gcc (OpenWrt/Linaro GCC 4.8-2014.04 15.05_ltq) 4.8.3
Copyright (C) 2013 Free Software Foundation, Inc.
This is free software; see the source for copying conditions.  There is NO
warranty; not even for MERCHANTABILITY or FITNESS FOR A PARTICULAR PURPOSE.

configure:19646: $? = 0
configure:19648: mips-openwrt-linux-uclibc-gcc -v </dev/null >&5
Reading specs from /home/paldier/asuswrt/release/src-lantiq/tools/toolchain-mips_mips32_gcc-4.8-linaro_uClibc-0.9.33.2/bin/../lib/gcc/mips-openwrt-linux-uclibc/4.8.3/specs
COLLECT_GCC=mips-openwrt-linux-uclibc-gcc
COLLECT_LTO_WRAPPER=/home/paldier/asuswrt/release/src-lantiq/tools/toolchain-mips_mips32_gcc-4.8-linaro_uClibc-0.9.33.2/bin/../libexec/gcc/mips-openwrt-linux-uclibc/4.8.3/lto-wrapper
Target: mips-openwrt-linux-uclibc
Configured with: /media/intel160g/3asuswrt/UGW-7.2MR1/UGW-7.2.1.20-SW-CD/Sources/UGW-7.2.1.20/build_dir/toolchain-mips_mips32_gcc-4.8-linaro_uClibc-0.9.33.2/gcc-linaro-4.8-2014.04/configure --with-bugurl=https://dev.openwrt.org/ --with-pkgversion='OpenWrt/Linaro GCC 4.8-2014.04 15.05_ltq' --prefix=/media/intel160g/3asuswrt/UGW-7.2MR1/UGW-7.2.1.20-SW-CD/Sources/UGW-7.2.1.20/staging_dir/toolchain-mips_mips32_gcc-4.8-linaro_uClibc-0.9.33.2 --build=i686-linux-gnu --host=i686-linux-gnu --target=mips-openwrt-linux-uclibc --with-gnu-ld --enable-target-optspace --disable-libgomp --disable-libmudflap --disable-multilib --disable-nls --with-host-libstdcxx=-lstdc++ --with-float=soft --with-gmp=/media/intel160g/3asuswrt/UGW-7.2MR1/UGW-7.2.1.20-SW-CD/Sources/UGW-7.2.1.20/staging_dir/host --with-mpfr=/media/intel160g/3asuswrt/UGW-7.2MR1/UGW-7.2.1.20-SW-CD/Sources/UGW-7.2.1.20/staging_dir/host --with-mpc=/media/intel160g/3asuswrt/UGW-7.2MR1/UGW-7.2.1.20-SW-CD/Sources/UGW-7.2.1.20/staging_dir/host --disable-decimal-float --with-mips-plt --enable-libssp --disable-__cxa_atexit --with-headers=/media/intel160g/3asuswrt/UGW-7.2MR1/UGW-7.2.1.20-SW-CD/Sources/UGW-7.2.1.20/staging_dir/toolchain-mips_mips32_gcc-4.8-linaro_uClibc-0.9.33.2/include --disable-libsanitizer --enable-languages=c,c++ --enable-shared --enable-threads --with-slibdir=/media/intel160g/3asuswrt/UGW-7.2MR1/UGW-7.2.1.20-SW-CD/Sources/UGW-7.2.1.20/staging_dir/toolchain-mips_mips32_gcc-4.8-linaro_uClibc-0.9.33.2/lib
Thread model: posix
gcc version 4.8.3 (OpenWrt/Linaro GCC 4.8-2014.04 15.05_ltq) 
configure:19651: $? = 0
configure:19653: mips-openwrt-linux-uclibc-gcc -V </dev/null >&5
mips-openwrt-linux-uclibc-gcc: error: unrecognized command line option '-V'
mips-openwrt-linux-uclibc-gcc: fatal error: no input files
compilation terminated.
configure:19656: $? = 1
configure:19659: checking whether we are using the GNU C compiler
configure:19715: result: yes
configure:19721: checking whether mips-openwrt-linux-uclibc-gcc accepts -g
configure:19772: result: yes
configure:19789: checking for mips-openwrt-linux-uclibc-gcc option to accept ANSI C
configure:19896: result: none needed
configure:19914: mips-openwrt-linux-uclibc-gcc -c -Os -Wall -DCONFIG_LANTIQ -DDEBUG_NOISY -DDEBUG_RCTEST -pipe -funit-at-a-time -Wno-pointer-sign -mips32r2 -mno-branch-likely -mtune=1004kc -DLINUX30 -DLINUX26 -DLINUX_KERNEL_VERSION=199272 --sysroot=/home/paldier/asuswrt/release/src-lantiq/tools/toolchain-mips_mips32_gcc-4.8-linaro_uClibc-0.9.33.2  conftest.c >&5
conftest.c:2:3: error: unknown type name 'choke'
   choke me
   ^
conftest.c:2:3: error: expected '=', ',', ';', 'asm' or '__attribute__' at end of input
configure:19920: $? = 1
configure: failed program was:
| #ifndef __cplusplus
|   choke me
| #endif
configure:20055: checking dependency style of mips-openwrt-linux-uclibc-gcc
configure:20140: result: none
configure:20158: checking whether mips-openwrt-linux-uclibc-gcc and cc understand -c and -o together
configure:20188: mips-openwrt-linux-uclibc-gcc -c conftest.cc -o conftest.o >&5
configure:20191: $? = 0
configure:20193: mips-openwrt-linux-uclibc-gcc -c conftest.cc -o conftest.o >&5
configure:20196: $? = 0
configure:20203: cc -c conftest.cc >&5
configure:20206: $? = 0
configure:20209: cc -c conftest.cc -o conftest.o >&5
configure:20212: $? = 0
configure:20214: cc -c conftest.cc -o conftest.o >&5
configure:20217: $? = 0
configure:20235: result: yes
configure:20273: checking for a BSD-compatible install
configure:20328: result: /usr/bin/install -c
configure:20349: checking for ANSI C header files
configure:20505: result: yes
configure:20521: checking for vprintf
configure:20578: mips-openwrt-linux-uclibc-g++ -o conftest -g -O2   conftest.cc -lpthread -ldl >&5
configure:20584: $? = 0
configure:20588: test -z 
			 || test ! -s conftest.err
configure:20591: $? = 0
configure:20594: test -s conftest
configure:20597: $? = 0
configure:20609: result: yes
configure:20616: checking for _doprnt
configure:20673: mips-openwrt-linux-uclibc-g++ -o conftest -g -O2   conftest.cc -lpthread -ldl >&5
/tmp/ccTrZ0VI.o:(.data+0x0): undefined reference to `_doprnt'
/tmp/ccTrZ0VI.o: In function `main':
/home/paldier/asuswrt/release/src/router/libusb-0.1.12/conftest.cc:75: undefined reference to `_doprnt'
/home/paldier/asuswrt/release/src/router/libusb-0.1.12/conftest.cc:75: undefined reference to `_doprnt'
collect2: error: ld returned 1 exit status
configure:20679: $? = 1
configure: failed program was:
| /* confdefs.h.  */
| 
| #define PACKAGE_NAME "libusb"
| #define PACKAGE_TARNAME "libusb"
| #define PACKAGE_VERSION "0.1.12"
| #define PACKAGE_STRING "libusb 0.1.12"
| #define PACKAGE_BUGREPORT ""
| #define PACKAGE "libusb"
| #define VERSION "0.1.12"
| #define LIBUSB_MAJOR_VERSION 0
| #define LIBUSB_MINOR_VERSION 1
| #define LIBUSB_MICRO_VERSION 12
| #define LIBUSB_INTERFACE_AGE 4
| #define LIBUSB_BINARY_AGE 8
| #define STDC_HEADERS 1
| #define HAVE_SYS_TYPES_H 1
| #define HAVE_SYS_STAT_H 1
| #define HAVE_STDLIB_H 1
| #define HAVE_STRING_H 1
| #define HAVE_MEMORY_H 1
| #define HAVE_STRINGS_H 1
| #define HAVE_INTTYPES_H 1
| #define HAVE_STDINT_H 1
| #define HAVE_UNISTD_H 1
| #define HAVE_DLFCN_H 1
| #ifdef __cplusplus
| extern "C" void exit (int) throw ();
| #endif
| #define LINUX_API 1
| #define BSD_API 0
| #define DARWIN_API 0
| #define STDC_HEADERS 1
| #define HAVE_VPRINTF 1
| /* end confdefs.h.  */
| /* Define _doprnt to an innocuous variant, in case <limits.h> declares _doprnt.
|    For example, HP-UX 11i <limits.h> declares gettimeofday.  */
| #define _doprnt innocuous__doprnt
| 
| /* System header to define __stub macros and hopefully few prototypes,
|     which can conflict with char _doprnt (); below.
|     Prefer <limits.h> to <assert.h> if __STDC__ is defined, since
|     <limits.h> exists even on freestanding compilers.  */
| 
| #ifdef __STDC__
| # include <limits.h>
| #else
| # include <assert.h>
| #endif
| 
| #undef _doprnt
| 
| /* Override any gcc2 internal prototype to avoid an error.  */
| #ifdef __cplusplus
| extern "C"
| {
| #endif
| /* We use char because int might match the return type of a gcc2
|    builtin and then its argument prototype would still apply.  */
| char _doprnt ();
| /* The GNU C library defines this for functions which it implements
|     to always fail with ENOSYS.  Some functions are actually named
|     something starting with __ and the normal name is an alias.  */
| #if defined (__stub__doprnt) || defined (__stub____doprnt)
| choke me
| #else
| char (*f) () = _doprnt;
| #endif
| #ifdef __cplusplus
| }
| #endif
| 
| int
| main ()
| {
| return f != _doprnt;
|   ;
|   return 0;
| }
configure:20704: result: no
configure:20719: checking for an ANSI C-conforming const
configure:20786: mips-openwrt-linux-uclibc-g++ -c -g -O2  conftest.cc >&5
configure:20792: $? = 0
configure:20796: test -z 
			 || test ! -s conftest.err
configure:20799: $? = 0
configure:20802: test -s conftest.o
configure:20805: $? = 0
configure:20816: result: yes
configure:20827: checking whether byte ordering is bigendian
configure:20854: mips-openwrt-linux-uclibc-g++ -c -g -O2  conftest.cc >&5
configure:20860: $? = 0
configure:20864: test -z 
			 || test ! -s conftest.err
configure:20867: $? = 0
configure:20870: test -s conftest.o
configure:20873: $? = 0
configure:20897: mips-openwrt-linux-uclibc-g++ -c -g -O2  conftest.cc >&5
configure:20903: $? = 0
configure:20907: test -z 
			 || test ! -s conftest.err
configure:20910: $? = 0
configure:20913: test -s conftest.o
configure:20916: $? = 0
configure:21038: result: yes
configure:21079: checking limits.h usability
configure:21091: mips-openwrt-linux-uclibc-g++ -c -g -O2  conftest.cc >&5
configure:21097: $? = 0
configure:21101: test -z 
			 || test ! -s conftest.err
configure:21104: $? = 0
configure:21107: test -s conftest.o
configure:21110: $? = 0
configure:21120: result: yes
configure:21124: checking limits.h presence
configure:21134: mips-openwrt-linux-uclibc-g++ -E  conftest.cc
configure:21140: $? = 0
configure:21160: result: yes
configure:21195: checking for limits.h
configure:21202: result: yes
configure:21223: checking for unistd.h
configure:21228: result: yes
configure:21385: checking values.h usability
configure:21397: mips-openwrt-linux-uclibc-g++ -c -g -O2  conftest.cc >&5
configure:21403: $? = 0
configure:21407: test -z 
			 || test ! -s conftest.err
configure:21410: $? = 0
configure:21413: test -s conftest.o
configure:21416: $? = 0
configure:21426: result: yes
configure:21430: checking values.h presence
configure:21440: mips-openwrt-linux-uclibc-g++ -E  conftest.cc
configure:21446: $? = 0
configure:21466: result: yes
configure:21501: checking for values.h
configure:21508: result: yes
configure:21530: checking for memmove
configure:21587: mips-openwrt-linux-uclibc-g++ -o conftest -g -O2   conftest.cc -lpthread -ldl >&5
configure:21593: $? = 0
configure:21597: test -z 
			 || test ! -s conftest.err
configure:21600: $? = 0
configure:21603: test -s conftest
configure:21606: $? = 0
configure:21618: result: yes
configure:21704: checking for pkg-config
configure:21722: found /usr/bin/pkg-config
configure:21734: result: /usr/bin/pkg-config
configure:21751: checking if we should build the documentation
configure:21760: result: no
configure:21839: checking for Doxygen tools
configure:21843: checking for dot
configure:21890: result: not found
configure:21908: checking for doxygen
configure:21955: result: not found
configure:22153: creating ./config.status

## ---------------------- ##
## Running config.status. ##
## ---------------------- ##

This file was extended by libusb config.status 0.1.12, which was
generated by GNU Autoconf 2.59.  Invocation command line was

  CONFIG_FILES    = 
  CONFIG_HEADERS  = 
  CONFIG_LINKS    = 
  CONFIG_COMMANDS = 
  $ ./config.status 

on paldier-VirtualBox

config.status:754: creating Makefile
config.status:754: creating doc/Makefile
config.status:754: creating libusb.spec
config.status:754: creating libusb-config
config.status:754: creating libusb.pc
config.status:754: creating tests/Makefile
config.status:754: creating README
config.status:754: creating INSTALL.libusb
config.status:754: creating usb.h
config.status:754: creating Doxyfile
config.status:858: creating config.h
config.status:996: config.h is unchanged
config.status:1176: executing depfiles commands
config.status:1176: executing default commands

## ---------------- ##
## Cache variables. ##
## ---------------- ##

ac_cv_build=x86_64-unknown-linux-gnu
ac_cv_build_alias=x86_64-unknown-linux-gnu
ac_cv_c_bigendian=yes
ac_cv_c_compiler_gnu=yes
ac_cv_c_const=yes
ac_cv_cxx_compiler_gnu=yes
ac_cv_env_CC_set=set
ac_cv_env_CC_value=mips-openwrt-linux-uclibc-gcc
ac_cv_env_CFLAGS_set=set
ac_cv_env_CFLAGS_value='-Os -Wall -DCONFIG_LANTIQ -DDEBUG_NOISY -DDEBUG_RCTEST -pipe -funit-at-a-time -Wno-pointer-sign -mips32r2 -mno-branch-likely -mtune=1004kc -DLINUX30 -DLINUX26 -DLINUX_KERNEL_VERSION=199272 --sysroot=/home/paldier/asuswrt/release/src-lantiq/tools/toolchain-mips_mips32_gcc-4.8-linaro_uClibc-0.9.33.2'
ac_cv_env_CPPFLAGS_set=
ac_cv_env_CPPFLAGS_value=
ac_cv_env_CPP_set=
ac_cv_env_CPP_value=
ac_cv_env_CXXCPP_set=
ac_cv_env_CXXCPP_value=
ac_cv_env_CXXFLAGS_set=
ac_cv_env_CXXFLAGS_value=
ac_cv_env_CXX_set=set
ac_cv_env_CXX_value=mips-openwrt-linux-uclibc-g++
ac_cv_env_F77_set=
ac_cv_env_F77_value=
ac_cv_env_FFLAGS_set=
ac_cv_env_FFLAGS_value=
ac_cv_env_LDFLAGS_set=
ac_cv_env_LDFLAGS_value=
ac_cv_env_build_alias_set=set
ac_cv_env_build_alias_value=
ac_cv_env_host_alias_set=set
ac_cv_env_host_alias_value=mips-linux
ac_cv_env_target_alias_set=
ac_cv_env_target_alias_value=
ac_cv_exeext=
ac_cv_f77_compiler_gnu=no
ac_cv_func__doprnt=no
ac_cv_func_memmove=yes
ac_cv_func_vprintf=yes
ac_cv_header_dlfcn_h=yes
ac_cv_header_inttypes_h=yes
ac_cv_header_limits_h=yes
ac_cv_header_memory_h=yes
ac_cv_header_stdc=yes
ac_cv_header_stdint_h=yes
ac_cv_header_stdlib_h=yes
ac_cv_header_string_h=yes
ac_cv_header_strings_h=yes
ac_cv_header_sys_stat_h=yes
ac_cv_header_sys_types_h=yes
ac_cv_header_unistd_h=yes
ac_cv_header_values_h=yes
ac_cv_host=mips-unknown-linux-gnu
ac_cv_host_alias=mips-linux
ac_cv_objext=o
ac_cv_path_PKG_CONFIG=/usr/bin/pkg-config
ac_cv_path_install='/usr/bin/install -c'
ac_cv_prog_AR=mips-openwrt-linux-uclibc-ar
ac_cv_prog_AWK=gawk
ac_cv_prog_CC=mips-openwrt-linux-uclibc-gcc
ac_cv_prog_CPP='mips-openwrt-linux-uclibc-gcc -E'
ac_cv_prog_CXX=mips-openwrt-linux-uclibc-g++
ac_cv_prog_CXXCPP='mips-openwrt-linux-uclibc-g++ -E'
ac_cv_prog_RANLIB=mips-openwrt-linux-uclibc-ranlib
ac_cv_prog_STRIP='mips-openwrt-linux-uclibc-strip -R .note -R .comment'
ac_cv_prog_cc_g=yes
ac_cv_prog_cc_mips_openwrt_linux_uclibc_gcc_c_o=yes
ac_cv_prog_cc_stdc=
ac_cv_prog_cxx_g=yes
ac_cv_prog_egrep='grep -E'
ac_cv_prog_f77_g=no
ac_cv_prog_make_make_set=yes
am_cv_CC_dependencies_compiler_type=none
am_cv_CXX_dependencies_compiler_type=none
libusb_cv_path=NONE
libusb_cv_path_dot=NONE
libusb_cv_path_doxygen=NONE
lt_cv_deplibs_check_method=pass_all
lt_cv_file_magic_cmd='$MAGIC_CMD'
lt_cv_file_magic_test_file='/lib/libc.so* /lib/libc-*.so'
lt_cv_ld_reload_flag=-r
lt_cv_objdir=.libs
lt_cv_path_LD=mips-openwrt-linux-uclibc-ld
lt_cv_path_LDCXX=mips-openwrt-linux-uclibc-ld
lt_cv_path_NM=mips-openwrt-linux-uclibc-nm
lt_cv_path_SED=/bin/sed
lt_cv_prog_compiler_c_o=yes
lt_cv_prog_compiler_c_o_CXX=yes
lt_cv_prog_compiler_rtti_exceptions=no
lt_cv_prog_gnu_ld=yes
lt_cv_prog_gnu_ldcxx=yes
lt_cv_sys_global_symbol_pipe='sed -n -e '\''s/^.*[ 	]\([ABCDGIRSTW][ABCDGIRSTW]*\)[ 	][ 	]*\(\)\([_A-Za-z][_A-Za-z0-9]*\)$/\1 \2\3 \3/p'\'''
lt_cv_sys_global_symbol_to_c_name_address='sed -n -e '\''s/^: \([^ ]*\) $/  {\"\1\", (lt_ptr) 0},/p'\'' -e '\''s/^[BCDEGRST] \([^ ]*\) \([^ ]*\)$/  {"\2", (lt_ptr) \&\2},/p'\'''
lt_cv_sys_global_symbol_to_cdecl='sed -n -e '\''s/^. .* \(.*\)$/extern int \1;/p'\'''
lt_cv_sys_max_cmd_len=32768
lt_lt_cv_prog_compiler_c_o='"yes"'
lt_lt_cv_prog_compiler_c_o_CXX='"yes"'
lt_lt_cv_sys_global_symbol_pipe='"sed -n -e '\''s/^.*[ 	]\\([ABCDGIRSTW][ABCDGIRSTW]*\\)[ 	][ 	]*\\(\\)\\([_A-Za-z][_A-Za-z0-9]*\\)\$/\\1 \\2\\3 \\3/p'\''"'
lt_lt_cv_sys_global_symbol_to_c_name_address='"sed -n -e '\''s/^: \\([^ ]*\\) \$/  {\\\"\\1\\\", (lt_ptr) 0},/p'\'' -e '\''s/^[BCDEGRST] \\([^ ]*\\) \\([^ ]*\\)\$/  {\"\\2\", (lt_ptr) \\&\\2},/p'\''"'
lt_lt_cv_sys_global_symbol_to_cdecl='"sed -n -e '\''s/^. .* \\(.*\\)\$/extern int \\1;/p'\''"'

## ----------------- ##
## Output variables. ##
## ----------------- ##

ACLOCAL='${SHELL} /home/paldier/asuswrt/release/src/router/libusb-0.1.12/missing --run aclocal-1.8'
AMDEPBACKSLASH=''
AMDEP_FALSE=''
AMDEP_TRUE='#'
AMTAR='${SHELL} /home/paldier/asuswrt/release/src/router/libusb-0.1.12/missing --run tar'
AR='mips-openwrt-linux-uclibc-ar'
AUTOCONF='${SHELL} /home/paldier/asuswrt/release/src/router/libusb-0.1.12/missing --run autoconf'
AUTOHEADER='${SHELL} /home/paldier/asuswrt/release/src/router/libusb-0.1.12/missing --run autoheader'
AUTOMAKE='${SHELL} /home/paldier/asuswrt/release/src/router/libusb-0.1.12/missing --run automake-1.8'
AWK='gawk'
BIGENDIAN='1'
BSD_API='0'
BSD_API_FALSE=''
BSD_API_TRUE='#'
BUILD_DOCS_FALSE=''
BUILD_DOCS_TRUE='#'
CC='mips-openwrt-linux-uclibc-gcc'
CCDEPMODE='depmode=none'
CFLAGS='-Os -Wall -DCONFIG_LANTIQ -DDEBUG_NOISY -DDEBUG_RCTEST -pipe -funit-at-a-time -Wno-pointer-sign -mips32r2 -mno-branch-likely -mtune=1004kc -DLINUX30 -DLINUX26 -DLINUX_KERNEL_VERSION=199272 --sysroot=/home/paldier/asuswrt/release/src-lantiq/tools/toolchain-mips_mips32_gcc-4.8-linaro_uClibc-0.9.33.2'
CPP='mips-openwrt-linux-uclibc-gcc -E'
CPPFLAGS=''
CXX='mips-openwrt-linux-uclibc-g++'
CXXCPP='mips-openwrt-linux-uclibc-g++ -E'
CXXDEPMODE='depmode=none'
CXXFLAGS='-g -O2'
CYGPATH_W='echo'
DARWIN_API='0'
DARWIN_API_FALSE=''
DARWIN_API_TRUE='#'
DEFS='-DHAVE_CONFIG_H'
DEPDIR='.deps'
DOXYGEN=''
DOXYGEN_PROJECT_NAME='LIBUSB C++ API Reference'
DOXYGEN_PROJECT_NUMBER='Version 0.1.12'
ECHO='echo'
ECHO_C=''
ECHO_N='-n'
ECHO_T=''
EGREP='grep -E'
EXEEXT=''
F77=''
FFLAGS=''
INSTALL_DATA='${INSTALL} -m 644'
INSTALL_PROGRAM='${INSTALL}'
INSTALL_SCRIPT='${INSTALL}'
INSTALL_STRIP_PROGRAM='${SHELL} $(install_sh) -c -s'
JADE=''
LDFLAGS=''
LIBOBJS=''
LIBS='-lpthread -ldl'
LIBTOOL='$(SHELL) $(top_builddir)/libtool'
LIBUSB_BINARY_AGE='8'
LIBUSB_HAS_DOXYGEN='no'
LIBUSB_HAVE_DOT='NO'
LIBUSB_INTERFACE_AGE='4'
LIBUSB_MAJOR_VERSION='0'
LIBUSB_MICRO_VERSION='12'
LIBUSB_MINOR_VERSION='1'
LIBUSB_VERSION='0.1.12'
LINUX_API='1'
LINUX_API_FALSE='#'
LINUX_API_TRUE=''
LN_S='ln -s'
LTLIBOBJS=''
LT_AGE='4'
LT_CURRENT='8'
LT_RELEASE='0.1'
LT_REVISION='4'
MAKEINFO='${SHELL} /home/paldier/asuswrt/release/src/router/libusb-0.1.12/missing --run makeinfo'
OBJEXT='o'
OSLIBS=''
PACKAGE='libusb'
PACKAGE_BUGREPORT=''
PACKAGE_NAME='libusb'
PACKAGE_STRING='libusb 0.1.12'
PACKAGE_TARNAME='libusb'
PACKAGE_VERSION='0.1.12'
PATH_SEPARATOR=':'
PKG_CONFIG='/usr/bin/pkg-config'
RANLIB='mips-openwrt-linux-uclibc-ranlib'
SET_MAKE=''
SHELL='/bin/bash'
STRIP='mips-openwrt-linux-uclibc-strip -R .note -R .comment'
VERSION='0.1.12'
ac_ct_AR=''
ac_ct_CC=''
ac_ct_CXX=''
ac_ct_F77=''
ac_ct_RANLIB=''
ac_ct_STRIP=''
am__fastdepCC_FALSE=''
am__fastdepCC_TRUE='#'
am__fastdepCXX_FALSE=''
am__fastdepCXX_TRUE='#'
am__include='include'
am__leading_dot='.'
am__quote=''
bindir='${exec_prefix}/bin'
build='x86_64-unknown-linux-gnu'
build_alias=''
build_cpu='x86_64'
build_os='linux-gnu'
build_vendor='unknown'
datadir='${prefix}/share'
exec_prefix='${prefix}'
host='mips-unknown-linux-gnu'
host_alias='mips-linux'
host_cpu='mips'
host_os='linux-gnu'
host_vendor='unknown'
includedir='${prefix}/include'
infodir='${prefix}/info'
install_sh='/home/paldier/asuswrt/release/src/router/libusb-0.1.12/install-sh'
libdir='${exec_prefix}/lib'
libexecdir='${exec_prefix}/libexec'
localstatedir='${prefix}/var'
mandir='${prefix}/man'
mkdir_p='mkdir -p -- .'
oldincludedir='/usr/include'
pkgconfigdir='${exec_prefix}/lib/pkgconfig'
prefix='/usr'
program_transform_name='s,x,x,'
sbindir='${exec_prefix}/sbin'
sharedstatedir='${prefix}/com'
sysconfdir='${prefix}/etc'
target_alias=''

## ----------- ##
## confdefs.h. ##
## ----------- ##

#define BSD_API 0
#define DARWIN_API 0
#define HAVE_DLFCN_H 1
#define HAVE_INTTYPES_H 1
#define HAVE_LIMITS_H 1
#define HAVE_LIMITS_H 1
#define HAVE_MEMMOVE 1
#define HAVE_MEMORY_H 1
#define HAVE_STDINT_H 1
#define HAVE_STDLIB_H 1
#define HAVE_STRINGS_H 1
#define HAVE_STRING_H 1
#define HAVE_SYS_STAT_H 1
#define HAVE_SYS_TYPES_H 1
#define HAVE_UNISTD_H 1
#define HAVE_UNISTD_H 1
#define HAVE_UNISTD_H 1
#define HAVE_VALUES_H 1
#define HAVE_VALUES_H 1
#define HAVE_VPRINTF 1
#define LIBUSB_BINARY_AGE 8
#define LIBUSB_INTERFACE_AGE 4
#define LIBUSB_MAJOR_VERSION 0
#define LIBUSB_MICRO_VERSION 12
#define LIBUSB_MINOR_VERSION 1
#define LINUX_API 1
#define PACKAGE "libusb"
#define PACKAGE_BUGREPORT ""
#define PACKAGE_NAME "libusb"
#define PACKAGE_STRING "libusb 0.1.12"
#define PACKAGE_TARNAME "libusb"
#define PACKAGE_VERSION "0.1.12"
#define STDC_HEADERS 1
#define STDC_HEADERS 1
#define VERSION "0.1.12"
#define WORDS_BIGENDIAN 1
#endif
#ifdef __cplusplus
extern "C" void exit (int) throw ();

configure: exit 0
