This file contains any messages produced by compilers while
running configure, to aid debugging if configure makes a mistake.

It was created by OpenPAM configure 20130907, which was
generated by GNU Autoconf 2.69.  Invocation command line was

  $ ./configure --host=mips-linux --build= --prefix=/usr --bindir=/usr/sbin --libdir=/usr/lib --without-doc --with-pam-unix

## --------- ##
## Platform. ##
## --------- ##

hostname = paldier-VirtualBox
uname -m = x86_64
uname -r = 4.2.0-42-generic
uname -s = Linux
uname -v = #49~14.04.1-Ubuntu SMP Wed Jun 29 20:22:11 UTC 2016

/usr/bin/uname -p = unknown
/bin/uname -X     = unknown

/bin/arch              = unknown
/usr/bin/arch -k       = unknown
/usr/convex/getsysinfo = unknown
/usr/bin/hostinfo      = unknown
/bin/machine           = unknown
/usr/bin/oslevel       = unknown
/bin/universe          = unknown

PATH: "/usr/local/sbin
PATH: /usr/local/bin
PATH: /usr/sbin
PATH: /usr/bin
PATH: /sbin
PATH: /bin
PATH: /usr/games
PATH: /usr/local/games
PATH: /snap/bin
PATH: /opt/brcm/hndtools-mipsel-linux/bin
PATH: /opt/brcm/hndtools-mipsel-uclibc/bin
PATH: /projects/tools
PATH: /projects/hnd/tools/linux/hndtools-arm-linux-2.6.36-uclibc-4.5.3/bin
PATH: /projects/hnd/tools/linux/hndtools-arm-linux-2.6.36-uclibc-4.5.3/arm-linux/bin
PATH: /projects/hnd/tools/linux/hndtools-arm-linux-2.6.36-uclibc-4.5.3/usr/bin
PATH: /projects/hnd/tools/linux/hndtools-armeabi-2011.09/bin"
PATH: /home/paldier/asuswrt/release/src-lantiq/tools/toolchain-mips_mips32_gcc-4.8-linaro_uClibc-0.9.33.2/bin
PATH: /home/paldier/asuswrt/release/src-lantiq/tools/host/bin


## ----------- ##
## Core tests. ##
## ----------- ##

configure:2298: checking for a BSD-compatible install
configure:2366: result: /usr/bin/install -c
configure:2377: checking whether build environment is sane
configure:2432: result: yes
configure:2491: checking for mips-linux-strip
configure:2518: result: mips-openwrt-linux-uclibc-strip -R .note -R .comment
configure:2583: checking for a thread-safe mkdir -p
configure:2622: result: /bin/mkdir -p
configure:2629: checking for gawk
configure:2645: found /usr/bin/gawk
configure:2656: result: gawk
configure:2667: checking whether make sets $(MAKE)
configure:2689: result: yes
configure:2718: checking whether make supports nested variables
configure:2735: result: yes
configure:2864: checking whether to enable maintainer-specific portions of Makefiles
configure:2873: result: no
configure:2902: checking for mips-linux-gcc
configure:2929: result: mips-openwrt-linux-uclibc-gcc
configure:3198: checking for C compiler version
configure:3207: mips-openwrt-linux-uclibc-gcc --version >&5
mips-openwrt-linux-uclibc-gcc (OpenWrt/Linaro GCC 4.8-2014.04 15.05_ltq) 4.8.3
Copyright (C) 2013 Free Software Foundation, Inc.
This is free software; see the source for copying conditions.  There is NO
warranty; not even for MERCHANTABILITY or FITNESS FOR A PARTICULAR PURPOSE.

configure:3218: $? = 0
configure:3207: mips-openwrt-linux-uclibc-gcc -v >&5
Reading specs from /home/paldier/asuswrt/release/src-lantiq/tools/toolchain-mips_mips32_gcc-4.8-linaro_uClibc-0.9.33.2/bin/../lib/gcc/mips-openwrt-linux-uclibc/4.8.3/specs
COLLECT_GCC=mips-openwrt-linux-uclibc-gcc
COLLECT_LTO_WRAPPER=/home/paldier/asuswrt/release/src-lantiq/tools/toolchain-mips_mips32_gcc-4.8-linaro_uClibc-0.9.33.2/bin/../libexec/gcc/mips-openwrt-linux-uclibc/4.8.3/lto-wrapper
Target: mips-openwrt-linux-uclibc
Configured with: /media/intel160g/3asuswrt/UGW-7.2MR1/UGW-7.2.1.20-SW-CD/Sources/UGW-7.2.1.20/build_dir/toolchain-mips_mips32_gcc-4.8-linaro_uClibc-0.9.33.2/gcc-linaro-4.8-2014.04/configure --with-bugurl=https://dev.openwrt.org/ --with-pkgversion='OpenWrt/Linaro GCC 4.8-2014.04 15.05_ltq' --prefix=/media/intel160g/3asuswrt/UGW-7.2MR1/UGW-7.2.1.20-SW-CD/Sources/UGW-7.2.1.20/staging_dir/toolchain-mips_mips32_gcc-4.8-linaro_uClibc-0.9.33.2 --build=i686-linux-gnu --host=i686-linux-gnu --target=mips-openwrt-linux-uclibc --with-gnu-ld --enable-target-optspace --disable-libgomp --disable-libmudflap --disable-multilib --disable-nls --with-host-libstdcxx=-lstdc++ --with-float=soft --with-gmp=/media/intel160g/3asuswrt/UGW-7.2MR1/UGW-7.2.1.20-SW-CD/Sources/UGW-7.2.1.20/staging_dir/host --with-mpfr=/media/intel160g/3asuswrt/UGW-7.2MR1/UGW-7.2.1.20-SW-CD/Sources/UGW-7.2.1.20/staging_dir/host --with-mpc=/media/intel160g/3asuswrt/UGW-7.2MR1/UGW-7.2.1.20-SW-CD/Sources/UGW-7.2.1.20/staging_dir/host --disable-decimal-float --with-mips-plt --enable-libssp --disable-__cxa_atexit --with-headers=/media/intel160g/3asuswrt/UGW-7.2MR1/UGW-7.2.1.20-SW-CD/Sources/UGW-7.2.1.20/staging_dir/toolchain-mips_mips32_gcc-4.8-linaro_uClibc-0.9.33.2/include --disable-libsanitizer --enable-languages=c,c++ --enable-shared --enable-threads --with-slibdir=/media/intel160g/3asuswrt/UGW-7.2MR1/UGW-7.2.1.20-SW-CD/Sources/UGW-7.2.1.20/staging_dir/toolchain-mips_mips32_gcc-4.8-linaro_uClibc-0.9.33.2/lib
Thread model: posix
gcc version 4.8.3 (OpenWrt/Linaro GCC 4.8-2014.04 15.05_ltq) 
configure:3218: $? = 0
configure:3207: mips-openwrt-linux-uclibc-gcc -V >&5
mips-openwrt-linux-uclibc-gcc: error: unrecognized command line option '-V'
mips-openwrt-linux-uclibc-gcc: fatal error: no input files
compilation terminated.
configure:3218: $? = 1
configure:3207: mips-openwrt-linux-uclibc-gcc -qversion >&5
mips-openwrt-linux-uclibc-gcc: error: unrecognized command line option '-qversion'
mips-openwrt-linux-uclibc-gcc: fatal error: no input files
compilation terminated.
configure:3218: $? = 1
configure:3238: checking whether the C compiler works
configure:3260: mips-openwrt-linux-uclibc-gcc -DBLUECAVE -DBLUECAVE -DBLUECAVE -DBCMWPA2 -DCONFIG_LANTIQ -DDEBUG_NOISY -DDEBUG_RCTEST -pipe -funit-at-a-time -Wno-pointer-sign -mips32r2 -mno-branch-likely -mtune=1004kc -DLINUX30 -DLINUX26 -DLINUX_KERNEL_VERSION=199272 --sysroot=/home/paldier/asuswrt/release/src-lantiq/tools/toolchain-mips_mips32_gcc-4.8-linaro_uClibc-0.9.33.2 -DBLUECAVE -DLANTIQ_BSD -D__CONFIG_EMF__ -D__CONFIG_WPS__ -DBCMWPA2 -DCONFIG_LANTIQ -DDEBUG_NOISY -DDEBUG_RCTEST -pipe -funit-at-a-time -Wno-pointer-sign -mips32r2 -mno-branch-likely -mtune=1004kc -DLINUX30 -DLINUX26 -DLINUX_KERNEL_VERSION=199272 --sysroot=/home/paldier/asuswrt/release/src-lantiq/tools/toolchain-mips_mips32_gcc-4.8-linaro_uClibc-0.9.33.2 -DBLUECAVE -DLANTIQ_BSD -D__CONFIG_EMF__ -D__CONFIG_WPS__  -ldl conftest.c  >&5
configure:3264: $? = 0
configure:3312: result: yes
configure:3315: checking for C compiler default output file name
configure:3317: result: a.out
configure:3323: checking for suffix of executables
configure:3330: mips-openwrt-linux-uclibc-gcc -o conftest -DBLUECAVE -DBLUECAVE -DBLUECAVE -DBCMWPA2 -DCONFIG_LANTIQ -DDEBUG_NOISY -DDEBUG_RCTEST -pipe -funit-at-a-time -Wno-pointer-sign -mips32r2 -mno-branch-likely -mtune=1004kc -DLINUX30 -DLINUX26 -DLINUX_KERNEL_VERSION=199272 --sysroot=/home/paldier/asuswrt/release/src-lantiq/tools/toolchain-mips_mips32_gcc-4.8-linaro_uClibc-0.9.33.2 -DBLUECAVE -DLANTIQ_BSD -D__CONFIG_EMF__ -D__CONFIG_WPS__ -DBCMWPA2 -DCONFIG_LANTIQ -DDEBUG_NOISY -DDEBUG_RCTEST -pipe -funit-at-a-time -Wno-pointer-sign -mips32r2 -mno-branch-likely -mtune=1004kc -DLINUX30 -DLINUX26 -DLINUX_KERNEL_VERSION=199272 --sysroot=/home/paldier/asuswrt/release/src-lantiq/tools/toolchain-mips_mips32_gcc-4.8-linaro_uClibc-0.9.33.2 -DBLUECAVE -DLANTIQ_BSD -D__CONFIG_EMF__ -D__CONFIG_WPS__  -ldl conftest.c  >&5
configure:3334: $? = 0
configure:3356: result: 
configure:3378: checking whether we are cross compiling
configure:3386: mips-openwrt-linux-uclibc-gcc -o conftest -DBLUECAVE -DBLUECAVE -DBLUECAVE -DBCMWPA2 -DCONFIG_LANTIQ -DDEBUG_NOISY -DDEBUG_RCTEST -pipe -funit-at-a-time -Wno-pointer-sign -mips32r2 -mno-branch-likely -mtune=1004kc -DLINUX30 -DLINUX26 -DLINUX_KERNEL_VERSION=199272 --sysroot=/home/paldier/asuswrt/release/src-lantiq/tools/toolchain-mips_mips32_gcc-4.8-linaro_uClibc-0.9.33.2 -DBLUECAVE -DLANTIQ_BSD -D__CONFIG_EMF__ -D__CONFIG_WPS__ -DBCMWPA2 -DCONFIG_LANTIQ -DDEBUG_NOISY -DDEBUG_RCTEST -pipe -funit-at-a-time -Wno-pointer-sign -mips32r2 -mno-branch-likely -mtune=1004kc -DLINUX30 -DLINUX26 -DLINUX_KERNEL_VERSION=199272 --sysroot=/home/paldier/asuswrt/release/src-lantiq/tools/toolchain-mips_mips32_gcc-4.8-linaro_uClibc-0.9.33.2 -DBLUECAVE -DLANTIQ_BSD -D__CONFIG_EMF__ -D__CONFIG_WPS__  -ldl conftest.c  >&5
configure:3390: $? = 0
configure:3397: ./conftest
./configure: line 3399: ./conftest: cannot execute binary file: Exec format error
configure:3401: $? = 126
configure:3416: result: yes
configure:3421: checking for suffix of object files
configure:3443: mips-openwrt-linux-uclibc-gcc -c -DBLUECAVE -DBLUECAVE -DBLUECAVE -DBCMWPA2 -DCONFIG_LANTIQ -DDEBUG_NOISY -DDEBUG_RCTEST -pipe -funit-at-a-time -Wno-pointer-sign -mips32r2 -mno-branch-likely -mtune=1004kc -DLINUX30 -DLINUX26 -DLINUX_KERNEL_VERSION=199272 --sysroot=/home/paldier/asuswrt/release/src-lantiq/tools/toolchain-mips_mips32_gcc-4.8-linaro_uClibc-0.9.33.2 -DBLUECAVE -DLANTIQ_BSD -D__CONFIG_EMF__ -D__CONFIG_WPS__ -DBCMWPA2 -DCONFIG_LANTIQ -DDEBUG_NOISY -DDEBUG_RCTEST -pipe -funit-at-a-time -Wno-pointer-sign -mips32r2 -mno-branch-likely -mtune=1004kc -DLINUX30 -DLINUX26 -DLINUX_KERNEL_VERSION=199272 --sysroot=/home/paldier/asuswrt/release/src-lantiq/tools/toolchain-mips_mips32_gcc-4.8-linaro_uClibc-0.9.33.2 -DBLUECAVE -DLANTIQ_BSD -D__CONFIG_EMF__ -D__CONFIG_WPS__  conftest.c >&5
configure:3447: $? = 0
configure:3468: result: o
configure:3472: checking whether we are using the GNU C compiler
configure:3491: mips-openwrt-linux-uclibc-gcc -c -DBLUECAVE -DBLUECAVE -DBLUECAVE -DBCMWPA2 -DCONFIG_LANTIQ -DDEBUG_NOISY -DDEBUG_RCTEST -pipe -funit-at-a-time -Wno-pointer-sign -mips32r2 -mno-branch-likely -mtune=1004kc -DLINUX30 -DLINUX26 -DLINUX_KERNEL_VERSION=199272 --sysroot=/home/paldier/asuswrt/release/src-lantiq/tools/toolchain-mips_mips32_gcc-4.8-linaro_uClibc-0.9.33.2 -DBLUECAVE -DLANTIQ_BSD -D__CONFIG_EMF__ -D__CONFIG_WPS__ -DBCMWPA2 -DCONFIG_LANTIQ -DDEBUG_NOISY -DDEBUG_RCTEST -pipe -funit-at-a-time -Wno-pointer-sign -mips32r2 -mno-branch-likely -mtune=1004kc -DLINUX30 -DLINUX26 -DLINUX_KERNEL_VERSION=199272 --sysroot=/home/paldier/asuswrt/release/src-lantiq/tools/toolchain-mips_mips32_gcc-4.8-linaro_uClibc-0.9.33.2 -DBLUECAVE -DLANTIQ_BSD -D__CONFIG_EMF__ -D__CONFIG_WPS__  conftest.c >&5
configure:3491: $? = 0
configure:3500: result: yes
configure:3509: checking whether mips-openwrt-linux-uclibc-gcc accepts -g
configure:3529: mips-openwrt-linux-uclibc-gcc -c -g  conftest.c >&5
configure:3529: $? = 0
configure:3570: result: yes
configure:3587: checking for mips-openwrt-linux-uclibc-gcc option to accept ISO C89
configure:3650: mips-openwrt-linux-uclibc-gcc  -c -DBLUECAVE -DBLUECAVE -DBLUECAVE -DBCMWPA2 -DCONFIG_LANTIQ -DDEBUG_NOISY -DDEBUG_RCTEST -pipe -funit-at-a-time -Wno-pointer-sign -mips32r2 -mno-branch-likely -mtune=1004kc -DLINUX30 -DLINUX26 -DLINUX_KERNEL_VERSION=199272 --sysroot=/home/paldier/asuswrt/release/src-lantiq/tools/toolchain-mips_mips32_gcc-4.8-linaro_uClibc-0.9.33.2 -DBLUECAVE -DLANTIQ_BSD -D__CONFIG_EMF__ -D__CONFIG_WPS__ -DBCMWPA2 -DCONFIG_LANTIQ -DDEBUG_NOISY -DDEBUG_RCTEST -pipe -funit-at-a-time -Wno-pointer-sign -mips32r2 -mno-branch-likely -mtune=1004kc -DLINUX30 -DLINUX26 -DLINUX_KERNEL_VERSION=199272 --sysroot=/home/paldier/asuswrt/release/src-lantiq/tools/toolchain-mips_mips32_gcc-4.8-linaro_uClibc-0.9.33.2 -DBLUECAVE -DLANTIQ_BSD -D__CONFIG_EMF__ -D__CONFIG_WPS__  conftest.c >&5
configure:3650: $? = 0
configure:3663: result: none needed
configure:3688: checking whether mips-openwrt-linux-uclibc-gcc understands -c and -o together
configure:3710: mips-openwrt-linux-uclibc-gcc -c conftest.c -o conftest2.o
configure:3713: $? = 0
configure:3710: mips-openwrt-linux-uclibc-gcc -c conftest.c -o conftest2.o
configure:3713: $? = 0
configure:3725: result: yes
configure:3753: checking for style of include used by make
configure:3781: result: GNU
configure:3807: checking dependency style of mips-openwrt-linux-uclibc-gcc
configure:3918: result: gcc3
configure:3937: checking for mips-openwrt-linux-uclibc-gcc option to accept ISO C99
configure:4086: mips-openwrt-linux-uclibc-gcc  -c -DBLUECAVE -DBLUECAVE -DBLUECAVE -DBCMWPA2 -DCONFIG_LANTIQ -DDEBUG_NOISY -DDEBUG_RCTEST -pipe -funit-at-a-time -Wno-pointer-sign -mips32r2 -mno-branch-likely -mtune=1004kc -DLINUX30 -DLINUX26 -DLINUX_KERNEL_VERSION=199272 --sysroot=/home/paldier/asuswrt/release/src-lantiq/tools/toolchain-mips_mips32_gcc-4.8-linaro_uClibc-0.9.33.2 -DBLUECAVE -DLANTIQ_BSD -D__CONFIG_EMF__ -D__CONFIG_WPS__ -DBCMWPA2 -DCONFIG_LANTIQ -DDEBUG_NOISY -DDEBUG_RCTEST -pipe -funit-at-a-time -Wno-pointer-sign -mips32r2 -mno-branch-likely -mtune=1004kc -DLINUX30 -DLINUX26 -DLINUX_KERNEL_VERSION=199272 --sysroot=/home/paldier/asuswrt/release/src-lantiq/tools/toolchain-mips_mips32_gcc-4.8-linaro_uClibc-0.9.33.2 -DBLUECAVE -DLANTIQ_BSD -D__CONFIG_EMF__ -D__CONFIG_WPS__  conftest.c >&5
conftest.c:61:29: error: expected ';', ',' or ')' before 'text'
 test_restrict (ccp restrict text)
                             ^
conftest.c: In function 'main':
conftest.c:115:18: error: expected '=', ',', ';', 'asm' or '__attribute__' before 'newvar'
   char *restrict newvar = "Another string";
                  ^
conftest.c:115:18: error: 'newvar' undeclared (first use in this function)
conftest.c:115:18: note: each undeclared identifier is reported only once for each function it appears in
conftest.c:125:3: error: 'for' loop initial declarations are only allowed in C99 mode
   for (int i = 0; i < ia->datasize; ++i)
   ^
conftest.c:125:3: note: use option -std=c99 or -std=gnu99 to compile your code
configure:4086: $? = 1
configure: failed program was:
| /* confdefs.h */
| #define PACKAGE_NAME "OpenPAM"
| #define PACKAGE_TARNAME "openpam"
| #define PACKAGE_VERSION "20130907"
| #define PACKAGE_STRING "OpenPAM 20130907"
| #define PACKAGE_BUGREPORT "des@des.no"
| #define PACKAGE_URL "http://www.openpam.org/"
| #define PACKAGE "openpam"
| #define VERSION "20130907"
| /* end confdefs.h.  */
| #include <stdarg.h>
| #include <stdbool.h>
| #include <stdlib.h>
| #include <wchar.h>
| #include <stdio.h>
| 
| // Check varargs macros.  These examples are taken from C99 6.10.3.5.
| #define debug(...) fprintf (stderr, __VA_ARGS__)
| #define showlist(...) puts (#__VA_ARGS__)
| #define report(test,...) ((test) ? puts (#test) : printf (__VA_ARGS__))
| static void
| test_varargs_macros (void)
| {
|   int x = 1234;
|   int y = 5678;
|   debug ("Flag");
|   debug ("X = %d\n", x);
|   showlist (The first, second, and third items.);
|   report (x>y, "x is %d but y is %d", x, y);
| }
| 
| // Check long long types.
| #define BIG64 18446744073709551615ull
| #define BIG32 4294967295ul
| #define BIG_OK (BIG64 / BIG32 == 4294967297ull && BIG64 % BIG32 == 0)
| #if !BIG_OK
|   your preprocessor is broken;
| #endif
| #if BIG_OK
| #else
|   your preprocessor is broken;
| #endif
| static long long int bignum = -9223372036854775807LL;
| static unsigned long long int ubignum = BIG64;
| 
| struct incomplete_array
| {
|   int datasize;
|   double data[];
| };
| 
| struct named_init {
|   int number;
|   const wchar_t *name;
|   double average;
| };
| 
| typedef const char *ccp;
| 
| static inline int
| test_restrict (ccp restrict text)
| {
|   // See if C++-style comments work.
|   // Iterate through items via the restricted pointer.
|   // Also check for declarations in for loops.
|   for (unsigned int i = 0; *(text+i) != '\0'; ++i)
|     continue;
|   return 0;
| }
| 
| // Check varargs and va_copy.
| static void
| test_varargs (const char *format, ...)
| {
|   va_list args;
|   va_start (args, format);
|   va_list args_copy;
|   va_copy (args_copy, args);
| 
|   const char *str;
|   int number;
|   float fnumber;
| 
|   while (*format)
|     {
|       switch (*format++)
| 	{
| 	case 's': // string
| 	  str = va_arg (args_copy, const char *);
| 	  break;
| 	case 'd': // int
| 	  number = va_arg (args_copy, int);
| 	  break;
| 	case 'f': // float
| 	  fnumber = va_arg (args_copy, double);
| 	  break;
| 	default:
| 	  break;
| 	}
|     }
|   va_end (args_copy);
|   va_end (args);
| }
| 
| int
| main ()
| {
| 
|   // Check bool.
|   _Bool success = false;
| 
|   // Check restrict.
|   if (test_restrict ("String literal") == 0)
|     success = true;
|   char *restrict newvar = "Another string";
| 
|   // Check varargs.
|   test_varargs ("s, d' f .", "string", 65, 34.234);
|   test_varargs_macros ();
| 
|   // Check flexible array members.
|   struct incomplete_array *ia =
|     malloc (sizeof (struct incomplete_array) + (sizeof (double) * 10));
|   ia->datasize = 10;
|   for (int i = 0; i < ia->datasize; ++i)
|     ia->data[i] = i * 1.234;
| 
|   // Check named initializers.
|   struct named_init ni = {
|     .number = 34,
|     .name = L"Test wide string",
|     .average = 543.34343,
|   };
| 
|   ni.number = 58;
| 
|   int dynamic_array[ni.number];
|   dynamic_array[ni.number - 1] = 543;
| 
|   // work around unused variable warnings
|   return (!success || bignum == 0LL || ubignum == 0uLL || newvar[0] == 'x'
| 	  || dynamic_array[ni.number - 1] != 543);
| 
|   ;
|   return 0;
| }
configure:4086: mips-openwrt-linux-uclibc-gcc -std=gnu99 -c -DBLUECAVE -DBLUECAVE -DBLUECAVE -DBCMWPA2 -DCONFIG_LANTIQ -DDEBUG_NOISY -DDEBUG_RCTEST -pipe -funit-at-a-time -Wno-pointer-sign -mips32r2 -mno-branch-likely -mtune=1004kc -DLINUX30 -DLINUX26 -DLINUX_KERNEL_VERSION=199272 --sysroot=/home/paldier/asuswrt/release/src-lantiq/tools/toolchain-mips_mips32_gcc-4.8-linaro_uClibc-0.9.33.2 -DBLUECAVE -DLANTIQ_BSD -D__CONFIG_EMF__ -D__CONFIG_WPS__ -DBCMWPA2 -DCONFIG_LANTIQ -DDEBUG_NOISY -DDEBUG_RCTEST -pipe -funit-at-a-time -Wno-pointer-sign -mips32r2 -mno-branch-likely -mtune=1004kc -DLINUX30 -DLINUX26 -DLINUX_KERNEL_VERSION=199272 --sysroot=/home/paldier/asuswrt/release/src-lantiq/tools/toolchain-mips_mips32_gcc-4.8-linaro_uClibc-0.9.33.2 -DBLUECAVE -DLANTIQ_BSD -D__CONFIG_EMF__ -D__CONFIG_WPS__  conftest.c >&5
configure:4086: $? = 0
configure:4106: result: -std=gnu99
configure:4207: checking for mips-openwrt-linux-uclibc-gcc -std=gnu99 option to accept ISO Standard C
configure:4221: result: -std=gnu99
configure:4230: checking how to run the C preprocessor
configure:4261: mips-openwrt-linux-uclibc-gcc -std=gnu99 -E  conftest.c
configure:4261: $? = 0
configure:4275: mips-openwrt-linux-uclibc-gcc -std=gnu99 -E  conftest.c
conftest.c:11:28: fatal error: ac_nonexistent.h: No such file or directory
 #include <ac_nonexistent.h>
                            ^
compilation terminated.
configure:4275: $? = 1
configure: failed program was:
| /* confdefs.h */
| #define PACKAGE_NAME "OpenPAM"
| #define PACKAGE_TARNAME "openpam"
| #define PACKAGE_VERSION "20130907"
| #define PACKAGE_STRING "OpenPAM 20130907"
| #define PACKAGE_BUGREPORT "des@des.no"
| #define PACKAGE_URL "http://www.openpam.org/"
| #define PACKAGE "openpam"
| #define VERSION "20130907"
| /* end confdefs.h.  */
| #include <ac_nonexistent.h>
configure:4300: result: mips-openwrt-linux-uclibc-gcc -std=gnu99 -E
configure:4320: mips-openwrt-linux-uclibc-gcc -std=gnu99 -E  conftest.c
configure:4320: $? = 0
configure:4334: mips-openwrt-linux-uclibc-gcc -std=gnu99 -E  conftest.c
conftest.c:11:28: fatal error: ac_nonexistent.h: No such file or directory
 #include <ac_nonexistent.h>
                            ^
compilation terminated.
configure:4334: $? = 1
configure: failed program was:
| /* confdefs.h */
| #define PACKAGE_NAME "OpenPAM"
| #define PACKAGE_TARNAME "openpam"
| #define PACKAGE_VERSION "20130907"
| #define PACKAGE_STRING "OpenPAM 20130907"
| #define PACKAGE_BUGREPORT "des@des.no"
| #define PACKAGE_URL "http://www.openpam.org/"
| #define PACKAGE "openpam"
| #define VERSION "20130907"
| /* end confdefs.h.  */
| #include <ac_nonexistent.h>
configure:4364: checking for grep that handles long lines and -e
configure:4422: result: /bin/grep
configure:4427: checking for egrep
configure:4489: result: /bin/grep -E
configure:4494: checking for ANSI C header files
configure:4514: mips-openwrt-linux-uclibc-gcc -std=gnu99 -c -DBLUECAVE -DBLUECAVE -DBLUECAVE -DBCMWPA2 -DCONFIG_LANTIQ -DDEBUG_NOISY -DDEBUG_RCTEST -pipe -funit-at-a-time -Wno-pointer-sign -mips32r2 -mno-branch-likely -mtune=1004kc -DLINUX30 -DLINUX26 -DLINUX_KERNEL_VERSION=199272 --sysroot=/home/paldier/asuswrt/release/src-lantiq/tools/toolchain-mips_mips32_gcc-4.8-linaro_uClibc-0.9.33.2 -DBLUECAVE -DLANTIQ_BSD -D__CONFIG_EMF__ -D__CONFIG_WPS__ -DBCMWPA2 -DCONFIG_LANTIQ -DDEBUG_NOISY -DDEBUG_RCTEST -pipe -funit-at-a-time -Wno-pointer-sign -mips32r2 -mno-branch-likely -mtune=1004kc -DLINUX30 -DLINUX26 -DLINUX_KERNEL_VERSION=199272 --sysroot=/home/paldier/asuswrt/release/src-lantiq/tools/toolchain-mips_mips32_gcc-4.8-linaro_uClibc-0.9.33.2 -DBLUECAVE -DLANTIQ_BSD -D__CONFIG_EMF__ -D__CONFIG_WPS__  conftest.c >&5
configure:4514: $? = 0
configure:4598: result: yes
configure:4611: checking for sys/types.h
configure:4611: mips-openwrt-linux-uclibc-gcc -std=gnu99 -c -DBLUECAVE -DBLUECAVE -DBLUECAVE -DBCMWPA2 -DCONFIG_LANTIQ -DDEBUG_NOISY -DDEBUG_RCTEST -pipe -funit-at-a-time -Wno-pointer-sign -mips32r2 -mno-branch-likely -mtune=1004kc -DLINUX30 -DLINUX26 -DLINUX_KERNEL_VERSION=199272 --sysroot=/home/paldier/asuswrt/release/src-lantiq/tools/toolchain-mips_mips32_gcc-4.8-linaro_uClibc-0.9.33.2 -DBLUECAVE -DLANTIQ_BSD -D__CONFIG_EMF__ -D__CONFIG_WPS__ -DBCMWPA2 -DCONFIG_LANTIQ -DDEBUG_NOISY -DDEBUG_RCTEST -pipe -funit-at-a-time -Wno-pointer-sign -mips32r2 -mno-branch-likely -mtune=1004kc -DLINUX30 -DLINUX26 -DLINUX_KERNEL_VERSION=199272 --sysroot=/home/paldier/asuswrt/release/src-lantiq/tools/toolchain-mips_mips32_gcc-4.8-linaro_uClibc-0.9.33.2 -DBLUECAVE -DLANTIQ_BSD -D__CONFIG_EMF__ -D__CONFIG_WPS__  conftest.c >&5
configure:4611: $? = 0
configure:4611: result: yes
configure:4611: checking for sys/stat.h
configure:4611: mips-openwrt-linux-uclibc-gcc -std=gnu99 -c -DBLUECAVE -DBLUECAVE -DBLUECAVE -DBCMWPA2 -DCONFIG_LANTIQ -DDEBUG_NOISY -DDEBUG_RCTEST -pipe -funit-at-a-time -Wno-pointer-sign -mips32r2 -mno-branch-likely -mtune=1004kc -DLINUX30 -DLINUX26 -DLINUX_KERNEL_VERSION=199272 --sysroot=/home/paldier/asuswrt/release/src-lantiq/tools/toolchain-mips_mips32_gcc-4.8-linaro_uClibc-0.9.33.2 -DBLUECAVE -DLANTIQ_BSD -D__CONFIG_EMF__ -D__CONFIG_WPS__ -DBCMWPA2 -DCONFIG_LANTIQ -DDEBUG_NOISY -DDEBUG_RCTEST -pipe -funit-at-a-time -Wno-pointer-sign -mips32r2 -mno-branch-likely -mtune=1004kc -DLINUX30 -DLINUX26 -DLINUX_KERNEL_VERSION=199272 --sysroot=/home/paldier/asuswrt/release/src-lantiq/tools/toolchain-mips_mips32_gcc-4.8-linaro_uClibc-0.9.33.2 -DBLUECAVE -DLANTIQ_BSD -D__CONFIG_EMF__ -D__CONFIG_WPS__  conftest.c >&5
configure:4611: $? = 0
configure:4611: result: yes
configure:4611: checking for stdlib.h
configure:4611: mips-openwrt-linux-uclibc-gcc -std=gnu99 -c -DBLUECAVE -DBLUECAVE -DBLUECAVE -DBCMWPA2 -DCONFIG_LANTIQ -DDEBUG_NOISY -DDEBUG_RCTEST -pipe -funit-at-a-time -Wno-pointer-sign -mips32r2 -mno-branch-likely -mtune=1004kc -DLINUX30 -DLINUX26 -DLINUX_KERNEL_VERSION=199272 --sysroot=/home/paldier/asuswrt/release/src-lantiq/tools/toolchain-mips_mips32_gcc-4.8-linaro_uClibc-0.9.33.2 -DBLUECAVE -DLANTIQ_BSD -D__CONFIG_EMF__ -D__CONFIG_WPS__ -DBCMWPA2 -DCONFIG_LANTIQ -DDEBUG_NOISY -DDEBUG_RCTEST -pipe -funit-at-a-time -Wno-pointer-sign -mips32r2 -mno-branch-likely -mtune=1004kc -DLINUX30 -DLINUX26 -DLINUX_KERNEL_VERSION=199272 --sysroot=/home/paldier/asuswrt/release/src-lantiq/tools/toolchain-mips_mips32_gcc-4.8-linaro_uClibc-0.9.33.2 -DBLUECAVE -DLANTIQ_BSD -D__CONFIG_EMF__ -D__CONFIG_WPS__  conftest.c >&5
configure:4611: $? = 0
configure:4611: result: yes
configure:4611: checking for string.h
configure:4611: mips-openwrt-linux-uclibc-gcc -std=gnu99 -c -DBLUECAVE -DBLUECAVE -DBLUECAVE -DBCMWPA2 -DCONFIG_LANTIQ -DDEBUG_NOISY -DDEBUG_RCTEST -pipe -funit-at-a-time -Wno-pointer-sign -mips32r2 -mno-branch-likely -mtune=1004kc -DLINUX30 -DLINUX26 -DLINUX_KERNEL_VERSION=199272 --sysroot=/home/paldier/asuswrt/release/src-lantiq/tools/toolchain-mips_mips32_gcc-4.8-linaro_uClibc-0.9.33.2 -DBLUECAVE -DLANTIQ_BSD -D__CONFIG_EMF__ -D__CONFIG_WPS__ -DBCMWPA2 -DCONFIG_LANTIQ -DDEBUG_NOISY -DDEBUG_RCTEST -pipe -funit-at-a-time -Wno-pointer-sign -mips32r2 -mno-branch-likely -mtune=1004kc -DLINUX30 -DLINUX26 -DLINUX_KERNEL_VERSION=199272 --sysroot=/home/paldier/asuswrt/release/src-lantiq/tools/toolchain-mips_mips32_gcc-4.8-linaro_uClibc-0.9.33.2 -DBLUECAVE -DLANTIQ_BSD -D__CONFIG_EMF__ -D__CONFIG_WPS__  conftest.c >&5
configure:4611: $? = 0
configure:4611: result: yes
configure:4611: checking for memory.h
configure:4611: mips-openwrt-linux-uclibc-gcc -std=gnu99 -c -DBLUECAVE -DBLUECAVE -DBLUECAVE -DBCMWPA2 -DCONFIG_LANTIQ -DDEBUG_NOISY -DDEBUG_RCTEST -pipe -funit-at-a-time -Wno-pointer-sign -mips32r2 -mno-branch-likely -mtune=1004kc -DLINUX30 -DLINUX26 -DLINUX_KERNEL_VERSION=199272 --sysroot=/home/paldier/asuswrt/release/src-lantiq/tools/toolchain-mips_mips32_gcc-4.8-linaro_uClibc-0.9.33.2 -DBLUECAVE -DLANTIQ_BSD -D__CONFIG_EMF__ -D__CONFIG_WPS__ -DBCMWPA2 -DCONFIG_LANTIQ -DDEBUG_NOISY -DDEBUG_RCTEST -pipe -funit-at-a-time -Wno-pointer-sign -mips32r2 -mno-branch-likely -mtune=1004kc -DLINUX30 -DLINUX26 -DLINUX_KERNEL_VERSION=199272 --sysroot=/home/paldier/asuswrt/release/src-lantiq/tools/toolchain-mips_mips32_gcc-4.8-linaro_uClibc-0.9.33.2 -DBLUECAVE -DLANTIQ_BSD -D__CONFIG_EMF__ -D__CONFIG_WPS__  conftest.c >&5
configure:4611: $? = 0
configure:4611: result: yes
configure:4611: checking for strings.h
configure:4611: mips-openwrt-linux-uclibc-gcc -std=gnu99 -c -DBLUECAVE -DBLUECAVE -DBLUECAVE -DBCMWPA2 -DCONFIG_LANTIQ -DDEBUG_NOISY -DDEBUG_RCTEST -pipe -funit-at-a-time -Wno-pointer-sign -mips32r2 -mno-branch-likely -mtune=1004kc -DLINUX30 -DLINUX26 -DLINUX_KERNEL_VERSION=199272 --sysroot=/home/paldier/asuswrt/release/src-lantiq/tools/toolchain-mips_mips32_gcc-4.8-linaro_uClibc-0.9.33.2 -DBLUECAVE -DLANTIQ_BSD -D__CONFIG_EMF__ -D__CONFIG_WPS__ -DBCMWPA2 -DCONFIG_LANTIQ -DDEBUG_NOISY -DDEBUG_RCTEST -pipe -funit-at-a-time -Wno-pointer-sign -mips32r2 -mno-branch-likely -mtune=1004kc -DLINUX30 -DLINUX26 -DLINUX_KERNEL_VERSION=199272 --sysroot=/home/paldier/asuswrt/release/src-lantiq/tools/toolchain-mips_mips32_gcc-4.8-linaro_uClibc-0.9.33.2 -DBLUECAVE -DLANTIQ_BSD -D__CONFIG_EMF__ -D__CONFIG_WPS__  conftest.c >&5
configure:4611: $? = 0
configure:4611: result: yes
configure:4611: checking for inttypes.h
configure:4611: mips-openwrt-linux-uclibc-gcc -std=gnu99 -c -DBLUECAVE -DBLUECAVE -DBLUECAVE -DBCMWPA2 -DCONFIG_LANTIQ -DDEBUG_NOISY -DDEBUG_RCTEST -pipe -funit-at-a-time -Wno-pointer-sign -mips32r2 -mno-branch-likely -mtune=1004kc -DLINUX30 -DLINUX26 -DLINUX_KERNEL_VERSION=199272 --sysroot=/home/paldier/asuswrt/release/src-lantiq/tools/toolchain-mips_mips32_gcc-4.8-linaro_uClibc-0.9.33.2 -DBLUECAVE -DLANTIQ_BSD -D__CONFIG_EMF__ -D__CONFIG_WPS__ -DBCMWPA2 -DCONFIG_LANTIQ -DDEBUG_NOISY -DDEBUG_RCTEST -pipe -funit-at-a-time -Wno-pointer-sign -mips32r2 -mno-branch-likely -mtune=1004kc -DLINUX30 -DLINUX26 -DLINUX_KERNEL_VERSION=199272 --sysroot=/home/paldier/asuswrt/release/src-lantiq/tools/toolchain-mips_mips32_gcc-4.8-linaro_uClibc-0.9.33.2 -DBLUECAVE -DLANTIQ_BSD -D__CONFIG_EMF__ -D__CONFIG_WPS__  conftest.c >&5
configure:4611: $? = 0
configure:4611: result: yes
configure:4611: checking for stdint.h
configure:4611: mips-openwrt-linux-uclibc-gcc -std=gnu99 -c -DBLUECAVE -DBLUECAVE -DBLUECAVE -DBCMWPA2 -DCONFIG_LANTIQ -DDEBUG_NOISY -DDEBUG_RCTEST -pipe -funit-at-a-time -Wno-pointer-sign -mips32r2 -mno-branch-likely -mtune=1004kc -DLINUX30 -DLINUX26 -DLINUX_KERNEL_VERSION=199272 --sysroot=/home/paldier/asuswrt/release/src-lantiq/tools/toolchain-mips_mips32_gcc-4.8-linaro_uClibc-0.9.33.2 -DBLUECAVE -DLANTIQ_BSD -D__CONFIG_EMF__ -D__CONFIG_WPS__ -DBCMWPA2 -DCONFIG_LANTIQ -DDEBUG_NOISY -DDEBUG_RCTEST -pipe -funit-at-a-time -Wno-pointer-sign -mips32r2 -mno-branch-likely -mtune=1004kc -DLINUX30 -DLINUX26 -DLINUX_KERNEL_VERSION=199272 --sysroot=/home/paldier/asuswrt/release/src-lantiq/tools/toolchain-mips_mips32_gcc-4.8-linaro_uClibc-0.9.33.2 -DBLUECAVE -DLANTIQ_BSD -D__CONFIG_EMF__ -D__CONFIG_WPS__  conftest.c >&5
configure:4611: $? = 0
configure:4611: result: yes
configure:4611: checking for unistd.h
configure:4611: mips-openwrt-linux-uclibc-gcc -std=gnu99 -c -DBLUECAVE -DBLUECAVE -DBLUECAVE -DBCMWPA2 -DCONFIG_LANTIQ -DDEBUG_NOISY -DDEBUG_RCTEST -pipe -funit-at-a-time -Wno-pointer-sign -mips32r2 -mno-branch-likely -mtune=1004kc -DLINUX30 -DLINUX26 -DLINUX_KERNEL_VERSION=199272 --sysroot=/home/paldier/asuswrt/release/src-lantiq/tools/toolchain-mips_mips32_gcc-4.8-linaro_uClibc-0.9.33.2 -DBLUECAVE -DLANTIQ_BSD -D__CONFIG_EMF__ -D__CONFIG_WPS__ -DBCMWPA2 -DCONFIG_LANTIQ -DDEBUG_NOISY -DDEBUG_RCTEST -pipe -funit-at-a-time -Wno-pointer-sign -mips32r2 -mno-branch-likely -mtune=1004kc -DLINUX30 -DLINUX26 -DLINUX_KERNEL_VERSION=199272 --sysroot=/home/paldier/asuswrt/release/src-lantiq/tools/toolchain-mips_mips32_gcc-4.8-linaro_uClibc-0.9.33.2 -DBLUECAVE -DLANTIQ_BSD -D__CONFIG_EMF__ -D__CONFIG_WPS__  conftest.c >&5
configure:4611: $? = 0
configure:4611: result: yes
configure:4624: checking minix/config.h usability
configure:4624: mips-openwrt-linux-uclibc-gcc -std=gnu99 -c -DBLUECAVE -DBLUECAVE -DBLUECAVE -DBCMWPA2 -DCONFIG_LANTIQ -DDEBUG_NOISY -DDEBUG_RCTEST -pipe -funit-at-a-time -Wno-pointer-sign -mips32r2 -mno-branch-likely -mtune=1004kc -DLINUX30 -DLINUX26 -DLINUX_KERNEL_VERSION=199272 --sysroot=/home/paldier/asuswrt/release/src-lantiq/tools/toolchain-mips_mips32_gcc-4.8-linaro_uClibc-0.9.33.2 -DBLUECAVE -DLANTIQ_BSD -D__CONFIG_EMF__ -D__CONFIG_WPS__ -DBCMWPA2 -DCONFIG_LANTIQ -DDEBUG_NOISY -DDEBUG_RCTEST -pipe -funit-at-a-time -Wno-pointer-sign -mips32r2 -mno-branch-likely -mtune=1004kc -DLINUX30 -DLINUX26 -DLINUX_KERNEL_VERSION=199272 --sysroot=/home/paldier/asuswrt/release/src-lantiq/tools/toolchain-mips_mips32_gcc-4.8-linaro_uClibc-0.9.33.2 -DBLUECAVE -DLANTIQ_BSD -D__CONFIG_EMF__ -D__CONFIG_WPS__  conftest.c >&5
conftest.c:54:26: fatal error: minix/config.h: No such file or directory
 #include <minix/config.h>
                          ^
compilation terminated.
configure:4624: $? = 1
configure: failed program was:
| /* confdefs.h */
| #define PACKAGE_NAME "OpenPAM"
| #define PACKAGE_TARNAME "openpam"
| #define PACKAGE_VERSION "20130907"
| #define PACKAGE_STRING "OpenPAM 20130907"
| #define PACKAGE_BUGREPORT "des@des.no"
| #define PACKAGE_URL "http://www.openpam.org/"
| #define PACKAGE "openpam"
| #define VERSION "20130907"
| #define STDC_HEADERS 1
| #define HAVE_SYS_TYPES_H 1
| #define HAVE_SYS_STAT_H 1
| #define HAVE_STDLIB_H 1
| #define HAVE_STRING_H 1
| #define HAVE_MEMORY_H 1
| #define HAVE_STRINGS_H 1
| #define HAVE_INTTYPES_H 1
| #define HAVE_STDINT_H 1
| #define HAVE_UNISTD_H 1
| /* end confdefs.h.  */
| #include <stdio.h>
| #ifdef HAVE_SYS_TYPES_H
| # include <sys/types.h>
| #endif
| #ifdef HAVE_SYS_STAT_H
| # include <sys/stat.h>
| #endif
| #ifdef STDC_HEADERS
| # include <stdlib.h>
| # include <stddef.h>
| #else
| # ifdef HAVE_STDLIB_H
| #  include <stdlib.h>
| # endif
| #endif
| #ifdef HAVE_STRING_H
| # if !defined STDC_HEADERS && defined HAVE_MEMORY_H
| #  include <memory.h>
| # endif
| # include <string.h>
| #endif
| #ifdef HAVE_STRINGS_H
| # include <strings.h>
| #endif
| #ifdef HAVE_INTTYPES_H
| # include <inttypes.h>
| #endif
| #ifdef HAVE_STDINT_H
| # include <stdint.h>
| #endif
| #ifdef HAVE_UNISTD_H
| # include <unistd.h>
| #endif
| #include <minix/config.h>
configure:4624: result: no
configure:4624: checking minix/config.h presence
configure:4624: mips-openwrt-linux-uclibc-gcc -std=gnu99 -E  conftest.c
conftest.c:21:26: fatal error: minix/config.h: No such file or directory
 #include <minix/config.h>
                          ^
compilation terminated.
configure:4624: $? = 1
configure: failed program was:
| /* confdefs.h */
| #define PACKAGE_NAME "OpenPAM"
| #define PACKAGE_TARNAME "openpam"
| #define PACKAGE_VERSION "20130907"
| #define PACKAGE_STRING "OpenPAM 20130907"
| #define PACKAGE_BUGREPORT "des@des.no"
| #define PACKAGE_URL "http://www.openpam.org/"
| #define PACKAGE "openpam"
| #define VERSION "20130907"
| #define STDC_HEADERS 1
| #define HAVE_SYS_TYPES_H 1
| #define HAVE_SYS_STAT_H 1
| #define HAVE_STDLIB_H 1
| #define HAVE_STRING_H 1
| #define HAVE_MEMORY_H 1
| #define HAVE_STRINGS_H 1
| #define HAVE_INTTYPES_H 1
| #define HAVE_STDINT_H 1
| #define HAVE_UNISTD_H 1
| /* end confdefs.h.  */
| #include <minix/config.h>
configure:4624: result: no
configure:4624: checking for minix/config.h
configure:4624: result: no
configure:4645: checking whether it is safe to define __EXTENSIONS__
configure:4663: mips-openwrt-linux-uclibc-gcc -std=gnu99 -c -DBLUECAVE -DBLUECAVE -DBLUECAVE -DBCMWPA2 -DCONFIG_LANTIQ -DDEBUG_NOISY -DDEBUG_RCTEST -pipe -funit-at-a-time -Wno-pointer-sign -mips32r2 -mno-branch-likely -mtune=1004kc -DLINUX30 -DLINUX26 -DLINUX_KERNEL_VERSION=199272 --sysroot=/home/paldier/asuswrt/release/src-lantiq/tools/toolchain-mips_mips32_gcc-4.8-linaro_uClibc-0.9.33.2 -DBLUECAVE -DLANTIQ_BSD -D__CONFIG_EMF__ -D__CONFIG_WPS__ -DBCMWPA2 -DCONFIG_LANTIQ -DDEBUG_NOISY -DDEBUG_RCTEST -pipe -funit-at-a-time -Wno-pointer-sign -mips32r2 -mno-branch-likely -mtune=1004kc -DLINUX30 -DLINUX26 -DLINUX_KERNEL_VERSION=199272 --sysroot=/home/paldier/asuswrt/release/src-lantiq/tools/toolchain-mips_mips32_gcc-4.8-linaro_uClibc-0.9.33.2 -DBLUECAVE -DLANTIQ_BSD -D__CONFIG_EMF__ -D__CONFIG_WPS__  conftest.c >&5
configure:4663: $? = 0
configure:4670: result: yes
configure:4685: checking for an ANSI C-conforming const
configure:4751: mips-openwrt-linux-uclibc-gcc -std=gnu99 -c -DBLUECAVE -DBLUECAVE -DBLUECAVE -DBCMWPA2 -DCONFIG_LANTIQ -DDEBUG_NOISY -DDEBUG_RCTEST -pipe -funit-at-a-time -Wno-pointer-sign -mips32r2 -mno-branch-likely -mtune=1004kc -DLINUX30 -DLINUX26 -DLINUX_KERNEL_VERSION=199272 --sysroot=/home/paldier/asuswrt/release/src-lantiq/tools/toolchain-mips_mips32_gcc-4.8-linaro_uClibc-0.9.33.2 -DBLUECAVE -DLANTIQ_BSD -D__CONFIG_EMF__ -D__CONFIG_WPS__ -DBCMWPA2 -DCONFIG_LANTIQ -DDEBUG_NOISY -DDEBUG_RCTEST -pipe -funit-at-a-time -Wno-pointer-sign -mips32r2 -mno-branch-likely -mtune=1004kc -DLINUX30 -DLINUX26 -DLINUX_KERNEL_VERSION=199272 --sysroot=/home/paldier/asuswrt/release/src-lantiq/tools/toolchain-mips_mips32_gcc-4.8-linaro_uClibc-0.9.33.2 -DBLUECAVE -DLANTIQ_BSD -D__CONFIG_EMF__ -D__CONFIG_WPS__  conftest.c >&5
configure:4751: $? = 0
configure:4758: result: yes
configure:4766: checking for C/C++ restrict keyword
configure:4791: mips-openwrt-linux-uclibc-gcc -std=gnu99 -c -DBLUECAVE -DBLUECAVE -DBLUECAVE -DBCMWPA2 -DCONFIG_LANTIQ -DDEBUG_NOISY -DDEBUG_RCTEST -pipe -funit-at-a-time -Wno-pointer-sign -mips32r2 -mno-branch-likely -mtune=1004kc -DLINUX30 -DLINUX26 -DLINUX_KERNEL_VERSION=199272 --sysroot=/home/paldier/asuswrt/release/src-lantiq/tools/toolchain-mips_mips32_gcc-4.8-linaro_uClibc-0.9.33.2 -DBLUECAVE -DLANTIQ_BSD -D__CONFIG_EMF__ -D__CONFIG_WPS__ -DBCMWPA2 -DCONFIG_LANTIQ -DDEBUG_NOISY -DDEBUG_RCTEST -pipe -funit-at-a-time -Wno-pointer-sign -mips32r2 -mno-branch-likely -mtune=1004kc -DLINUX30 -DLINUX26 -DLINUX_KERNEL_VERSION=199272 --sysroot=/home/paldier/asuswrt/release/src-lantiq/tools/toolchain-mips_mips32_gcc-4.8-linaro_uClibc-0.9.33.2 -DBLUECAVE -DLANTIQ_BSD -D__CONFIG_EMF__ -D__CONFIG_WPS__  conftest.c >&5
configure:4791: $? = 0
configure:4799: result: __restrict
configure:4812: checking for working volatile
configure:4831: mips-openwrt-linux-uclibc-gcc -std=gnu99 -c -DBLUECAVE -DBLUECAVE -DBLUECAVE -DBCMWPA2 -DCONFIG_LANTIQ -DDEBUG_NOISY -DDEBUG_RCTEST -pipe -funit-at-a-time -Wno-pointer-sign -mips32r2 -mno-branch-likely -mtune=1004kc -DLINUX30 -DLINUX26 -DLINUX_KERNEL_VERSION=199272 --sysroot=/home/paldier/asuswrt/release/src-lantiq/tools/toolchain-mips_mips32_gcc-4.8-linaro_uClibc-0.9.33.2 -DBLUECAVE -DLANTIQ_BSD -D__CONFIG_EMF__ -D__CONFIG_WPS__ -DBCMWPA2 -DCONFIG_LANTIQ -DDEBUG_NOISY -DDEBUG_RCTEST -pipe -funit-at-a-time -Wno-pointer-sign -mips32r2 -mno-branch-likely -mtune=1004kc -DLINUX30 -DLINUX26 -DLINUX_KERNEL_VERSION=199272 --sysroot=/home/paldier/asuswrt/release/src-lantiq/tools/toolchain-mips_mips32_gcc-4.8-linaro_uClibc-0.9.33.2 -DBLUECAVE -DLANTIQ_BSD -D__CONFIG_EMF__ -D__CONFIG_WPS__  conftest.c >&5
configure:4831: $? = 0
configure:4838: result: yes
configure:4878: checking build system type
configure:4892: result: x86_64-unknown-linux-uclibc
configure:4912: checking host system type
configure:4925: result: mips-unknown-linux-gnu
configure:4966: checking how to print strings
configure:4993: result: printf
configure:5014: checking for a sed that does not truncate output
configure:5078: result: /bin/sed
configure:5096: checking for fgrep
configure:5158: result: /bin/grep -F
configure:5193: checking for ld used by mips-openwrt-linux-uclibc-gcc -std=gnu99
configure:5260: result: mips-openwrt-linux-uclibc-ld
configure:5267: checking if the linker (mips-openwrt-linux-uclibc-ld) is GNU ld
configure:5282: result: yes
configure:5294: checking for BSD- or MS-compatible name lister (nm)
configure:5343: result: mips-openwrt-linux-uclibc-nm
configure:5473: checking the name lister (mips-openwrt-linux-uclibc-nm) interface
configure:5480: mips-openwrt-linux-uclibc-gcc -std=gnu99 -c -DBLUECAVE -DBLUECAVE -DBLUECAVE -DBCMWPA2 -DCONFIG_LANTIQ -DDEBUG_NOISY -DDEBUG_RCTEST -pipe -funit-at-a-time -Wno-pointer-sign -mips32r2 -mno-branch-likely -mtune=1004kc -DLINUX30 -DLINUX26 -DLINUX_KERNEL_VERSION=199272 --sysroot=/home/paldier/asuswrt/release/src-lantiq/tools/toolchain-mips_mips32_gcc-4.8-linaro_uClibc-0.9.33.2 -DBLUECAVE -DLANTIQ_BSD -D__CONFIG_EMF__ -D__CONFIG_WPS__ -DBCMWPA2 -DCONFIG_LANTIQ -DDEBUG_NOISY -DDEBUG_RCTEST -pipe -funit-at-a-time -Wno-pointer-sign -mips32r2 -mno-branch-likely -mtune=1004kc -DLINUX30 -DLINUX26 -DLINUX_KERNEL_VERSION=199272 --sysroot=/home/paldier/asuswrt/release/src-lantiq/tools/toolchain-mips_mips32_gcc-4.8-linaro_uClibc-0.9.33.2 -DBLUECAVE -DLANTIQ_BSD -D__CONFIG_EMF__ -D__CONFIG_WPS__  conftest.c >&5
configure:5483: mips-openwrt-linux-uclibc-nm "conftest.o"
configure:5486: output
00000000 B some_variable
configure:5493: result: BSD nm
configure:5496: checking whether ln -s works
configure:5500: result: yes
configure:5508: checking the maximum length of command line arguments
configure:5638: result: 3458764513820540925
configure:5655: checking whether the shell understands some XSI constructs
configure:5665: result: yes
configure:5669: checking whether the shell understands "+="
configure:5675: result: yes
configure:5710: checking how to convert x86_64-unknown-linux-uclibc file names to mips-unknown-linux-gnu format
configure:5750: result: func_convert_file_noop
configure:5757: checking how to convert x86_64-unknown-linux-uclibc file names to toolchain format
configure:5777: result: func_convert_file_noop
configure:5784: checking for mips-openwrt-linux-uclibc-ld option to reload object files
configure:5791: result: -r
configure:5825: checking for mips-linux-objdump
configure:5852: result: mips-openwrt-linux-uclibc-objdump
configure:5924: checking how to recognize dependent libraries
configure:6126: result: pass_all
configure:6171: checking for mips-linux-dlltool
configure:6201: result: no
configure:6211: checking for dlltool
configure:6241: result: no
configure:6271: checking how to associate runtime and link libraries
configure:6298: result: printf %s\n
configure:6314: checking for mips-linux-ar
configure:6341: result: mips-openwrt-linux-uclibc-ar
configure:6422: checking for archiver @FILE support
configure:6439: mips-openwrt-linux-uclibc-gcc -std=gnu99 -c -DBLUECAVE -DBLUECAVE -DBLUECAVE -DBCMWPA2 -DCONFIG_LANTIQ -DDEBUG_NOISY -DDEBUG_RCTEST -pipe -funit-at-a-time -Wno-pointer-sign -mips32r2 -mno-branch-likely -mtune=1004kc -DLINUX30 -DLINUX26 -DLINUX_KERNEL_VERSION=199272 --sysroot=/home/paldier/asuswrt/release/src-lantiq/tools/toolchain-mips_mips32_gcc-4.8-linaro_uClibc-0.9.33.2 -DBLUECAVE -DLANTIQ_BSD -D__CONFIG_EMF__ -D__CONFIG_WPS__ -DBCMWPA2 -DCONFIG_LANTIQ -DDEBUG_NOISY -DDEBUG_RCTEST -pipe -funit-at-a-time -Wno-pointer-sign -mips32r2 -mno-branch-likely -mtune=1004kc -DLINUX30 -DLINUX26 -DLINUX_KERNEL_VERSION=199272 --sysroot=/home/paldier/asuswrt/release/src-lantiq/tools/toolchain-mips_mips32_gcc-4.8-linaro_uClibc-0.9.33.2 -DBLUECAVE -DLANTIQ_BSD -D__CONFIG_EMF__ -D__CONFIG_WPS__  conftest.c >&5
configure:6439: $? = 0
configure:6442: mips-openwrt-linux-uclibc-ar cru libconftest.a @conftest.lst >&5
configure:6445: $? = 0
configure:6450: mips-openwrt-linux-uclibc-ar cru libconftest.a @conftest.lst >&5
mips-openwrt-linux-uclibc-ar: conftest.o: No such file or directory
configure:6453: $? = 1
configure:6465: result: @
configure:6483: checking for mips-linux-strip
configure:6510: result: mips-openwrt-linux-uclibc-strip -R .note -R .comment
configure:6582: checking for mips-linux-ranlib
configure:6609: result: mips-openwrt-linux-uclibc-ranlib
configure:6751: checking command to parse mips-openwrt-linux-uclibc-nm output from mips-openwrt-linux-uclibc-gcc -std=gnu99 object
configure:6871: mips-openwrt-linux-uclibc-gcc -std=gnu99 -c -DBLUECAVE -DBLUECAVE -DBLUECAVE -DBCMWPA2 -DCONFIG_LANTIQ -DDEBUG_NOISY -DDEBUG_RCTEST -pipe -funit-at-a-time -Wno-pointer-sign -mips32r2 -mno-branch-likely -mtune=1004kc -DLINUX30 -DLINUX26 -DLINUX_KERNEL_VERSION=199272 --sysroot=/home/paldier/asuswrt/release/src-lantiq/tools/toolchain-mips_mips32_gcc-4.8-linaro_uClibc-0.9.33.2 -DBLUECAVE -DLANTIQ_BSD -D__CONFIG_EMF__ -D__CONFIG_WPS__ -DBCMWPA2 -DCONFIG_LANTIQ -DDEBUG_NOISY -DDEBUG_RCTEST -pipe -funit-at-a-time -Wno-pointer-sign -mips32r2 -mno-branch-likely -mtune=1004kc -DLINUX30 -DLINUX26 -DLINUX_KERNEL_VERSION=199272 --sysroot=/home/paldier/asuswrt/release/src-lantiq/tools/toolchain-mips_mips32_gcc-4.8-linaro_uClibc-0.9.33.2 -DBLUECAVE -DLANTIQ_BSD -D__CONFIG_EMF__ -D__CONFIG_WPS__  conftest.c >&5
configure:6874: $? = 0
configure:6878: mips-openwrt-linux-uclibc-nm conftest.o \| sed -n -e 's/^.*[ ]\([ABCDGIRSTW][ABCDGIRSTW]*\)[ ][ ]*\([_A-Za-z][_A-Za-z0-9]*\)$/\1 \2 \2/p' | sed '/ __gnu_lto/d' \> conftest.nm
configure:6881: $? = 0
configure:6947: mips-openwrt-linux-uclibc-gcc -std=gnu99 -o conftest -DBLUECAVE -DBLUECAVE -DBLUECAVE -DBCMWPA2 -DCONFIG_LANTIQ -DDEBUG_NOISY -DDEBUG_RCTEST -pipe -funit-at-a-time -Wno-pointer-sign -mips32r2 -mno-branch-likely -mtune=1004kc -DLINUX30 -DLINUX26 -DLINUX_KERNEL_VERSION=199272 --sysroot=/home/paldier/asuswrt/release/src-lantiq/tools/toolchain-mips_mips32_gcc-4.8-linaro_uClibc-0.9.33.2 -DBLUECAVE -DLANTIQ_BSD -D__CONFIG_EMF__ -D__CONFIG_WPS__ -DBCMWPA2 -DCONFIG_LANTIQ -DDEBUG_NOISY -DDEBUG_RCTEST -pipe -funit-at-a-time -Wno-pointer-sign -mips32r2 -mno-branch-likely -mtune=1004kc -DLINUX30 -DLINUX26 -DLINUX_KERNEL_VERSION=199272 --sysroot=/home/paldier/asuswrt/release/src-lantiq/tools/toolchain-mips_mips32_gcc-4.8-linaro_uClibc-0.9.33.2 -DBLUECAVE -DLANTIQ_BSD -D__CONFIG_EMF__ -D__CONFIG_WPS__  -ldl conftest.c conftstm.o >&5
configure:6950: $? = 0
configure:6988: result: ok
configure:7025: checking for sysroot
configure:7055: result: no
configure:7271: checking for mips-linux-mt
configure:7301: result: no
configure:7311: checking for mt
configure:7327: found /bin/mt
configure:7338: result: mt
configure:7350: WARNING: using cross tools not prefixed with host triplet
configure:7361: checking if mt is a manifest tool
configure:7367: mt '-?'
configure:7375: result: no
configure:8014: checking for dlfcn.h
configure:8014: mips-openwrt-linux-uclibc-gcc -std=gnu99 -c -DBLUECAVE -DBLUECAVE -DBLUECAVE -DBCMWPA2 -DCONFIG_LANTIQ -DDEBUG_NOISY -DDEBUG_RCTEST -pipe -funit-at-a-time -Wno-pointer-sign -mips32r2 -mno-branch-likely -mtune=1004kc -DLINUX30 -DLINUX26 -DLINUX_KERNEL_VERSION=199272 --sysroot=/home/paldier/asuswrt/release/src-lantiq/tools/toolchain-mips_mips32_gcc-4.8-linaro_uClibc-0.9.33.2 -DBLUECAVE -DLANTIQ_BSD -D__CONFIG_EMF__ -D__CONFIG_WPS__ -DBCMWPA2 -DCONFIG_LANTIQ -DDEBUG_NOISY -DDEBUG_RCTEST -pipe -funit-at-a-time -Wno-pointer-sign -mips32r2 -mno-branch-likely -mtune=1004kc -DLINUX30 -DLINUX26 -DLINUX_KERNEL_VERSION=199272 --sysroot=/home/paldier/asuswrt/release/src-lantiq/tools/toolchain-mips_mips32_gcc-4.8-linaro_uClibc-0.9.33.2 -DBLUECAVE -DLANTIQ_BSD -D__CONFIG_EMF__ -D__CONFIG_WPS__  conftest.c >&5
configure:8014: $? = 0
configure:8014: result: yes
configure:8218: checking for objdir
configure:8233: result: .libs
configure:8504: checking if mips-openwrt-linux-uclibc-gcc -std=gnu99 supports -fno-rtti -fno-exceptions
configure:8522: mips-openwrt-linux-uclibc-gcc -std=gnu99 -c -DBLUECAVE -DBLUECAVE -DBLUECAVE -DBCMWPA2 -DCONFIG_LANTIQ -DDEBUG_NOISY -DDEBUG_RCTEST -pipe -funit-at-a-time -Wno-pointer-sign -mips32r2 -mno-branch-likely -mtune=1004kc -DLINUX30 -DLINUX26 -DLINUX_KERNEL_VERSION=199272 --sysroot=/home/paldier/asuswrt/release/src-lantiq/tools/toolchain-mips_mips32_gcc-4.8-linaro_uClibc-0.9.33.2 -DBLUECAVE -DLANTIQ_BSD -D__CONFIG_EMF__ -D__CONFIG_WPS__ -DBCMWPA2 -DCONFIG_LANTIQ -DDEBUG_NOISY -DDEBUG_RCTEST -pipe -funit-at-a-time -Wno-pointer-sign -mips32r2 -mno-branch-likely -mtune=1004kc -DLINUX30 -DLINUX26 -DLINUX_KERNEL_VERSION=199272 --sysroot=/home/paldier/asuswrt/release/src-lantiq/tools/toolchain-mips_mips32_gcc-4.8-linaro_uClibc-0.9.33.2 -DBLUECAVE -DLANTIQ_BSD -D__CONFIG_EMF__ -D__CONFIG_WPS__  -fno-rtti -fno-exceptions conftest.c >&5
cc1: warning: command line option '-fno-rtti' is valid for C++/ObjC++ but not for C [enabled by default]
configure:8526: $? = 0
configure:8539: result: no
configure:8866: checking for mips-openwrt-linux-uclibc-gcc -std=gnu99 option to produce PIC
configure:8873: result: -fPIC -DPIC
configure:8881: checking if mips-openwrt-linux-uclibc-gcc -std=gnu99 PIC flag -fPIC -DPIC works
configure:8899: mips-openwrt-linux-uclibc-gcc -std=gnu99 -c -DBLUECAVE -DBLUECAVE -DBLUECAVE -DBCMWPA2 -DCONFIG_LANTIQ -DDEBUG_NOISY -DDEBUG_RCTEST -pipe -funit-at-a-time -Wno-pointer-sign -mips32r2 -mno-branch-likely -mtune=1004kc -DLINUX30 -DLINUX26 -DLINUX_KERNEL_VERSION=199272 --sysroot=/home/paldier/asuswrt/release/src-lantiq/tools/toolchain-mips_mips32_gcc-4.8-linaro_uClibc-0.9.33.2 -DBLUECAVE -DLANTIQ_BSD -D__CONFIG_EMF__ -D__CONFIG_WPS__ -DBCMWPA2 -DCONFIG_LANTIQ -DDEBUG_NOISY -DDEBUG_RCTEST -pipe -funit-at-a-time -Wno-pointer-sign -mips32r2 -mno-branch-likely -mtune=1004kc -DLINUX30 -DLINUX26 -DLINUX_KERNEL_VERSION=199272 --sysroot=/home/paldier/asuswrt/release/src-lantiq/tools/toolchain-mips_mips32_gcc-4.8-linaro_uClibc-0.9.33.2 -DBLUECAVE -DLANTIQ_BSD -D__CONFIG_EMF__ -D__CONFIG_WPS__  -fPIC -DPIC -DPIC conftest.c >&5
configure:8903: $? = 0
configure:8916: result: yes
configure:8945: checking if mips-openwrt-linux-uclibc-gcc -std=gnu99 static flag -static works
configure:8973: result: yes
configure:8988: checking if mips-openwrt-linux-uclibc-gcc -std=gnu99 supports -c -o file.o
configure:9009: mips-openwrt-linux-uclibc-gcc -std=gnu99 -c -DBLUECAVE -DBLUECAVE -DBLUECAVE -DBCMWPA2 -DCONFIG_LANTIQ -DDEBUG_NOISY -DDEBUG_RCTEST -pipe -funit-at-a-time -Wno-pointer-sign -mips32r2 -mno-branch-likely -mtune=1004kc -DLINUX30 -DLINUX26 -DLINUX_KERNEL_VERSION=199272 --sysroot=/home/paldier/asuswrt/release/src-lantiq/tools/toolchain-mips_mips32_gcc-4.8-linaro_uClibc-0.9.33.2 -DBLUECAVE -DLANTIQ_BSD -D__CONFIG_EMF__ -D__CONFIG_WPS__ -DBCMWPA2 -DCONFIG_LANTIQ -DDEBUG_NOISY -DDEBUG_RCTEST -pipe -funit-at-a-time -Wno-pointer-sign -mips32r2 -mno-branch-likely -mtune=1004kc -DLINUX30 -DLINUX26 -DLINUX_KERNEL_VERSION=199272 --sysroot=/home/paldier/asuswrt/release/src-lantiq/tools/toolchain-mips_mips32_gcc-4.8-linaro_uClibc-0.9.33.2 -DBLUECAVE -DLANTIQ_BSD -D__CONFIG_EMF__ -D__CONFIG_WPS__  -o out/conftest2.o conftest.c >&5
configure:9013: $? = 0
configure:9035: result: yes
configure:9043: checking if mips-openwrt-linux-uclibc-gcc -std=gnu99 supports -c -o file.o
configure:9090: result: yes
configure:9123: checking whether the mips-openwrt-linux-uclibc-gcc -std=gnu99 linker (mips-openwrt-linux-uclibc-ld) supports shared libraries
configure:10276: result: yes
configure:10313: checking whether -lc should be explicitly linked in
configure:10321: mips-openwrt-linux-uclibc-gcc -std=gnu99 -c -DBLUECAVE -DBLUECAVE -DBLUECAVE -DBCMWPA2 -DCONFIG_LANTIQ -DDEBUG_NOISY -DDEBUG_RCTEST -pipe -funit-at-a-time -Wno-pointer-sign -mips32r2 -mno-branch-likely -mtune=1004kc -DLINUX30 -DLINUX26 -DLINUX_KERNEL_VERSION=199272 --sysroot=/home/paldier/asuswrt/release/src-lantiq/tools/toolchain-mips_mips32_gcc-4.8-linaro_uClibc-0.9.33.2 -DBLUECAVE -DLANTIQ_BSD -D__CONFIG_EMF__ -D__CONFIG_WPS__ -DBCMWPA2 -DCONFIG_LANTIQ -DDEBUG_NOISY -DDEBUG_RCTEST -pipe -funit-at-a-time -Wno-pointer-sign -mips32r2 -mno-branch-likely -mtune=1004kc -DLINUX30 -DLINUX26 -DLINUX_KERNEL_VERSION=199272 --sysroot=/home/paldier/asuswrt/release/src-lantiq/tools/toolchain-mips_mips32_gcc-4.8-linaro_uClibc-0.9.33.2 -DBLUECAVE -DLANTIQ_BSD -D__CONFIG_EMF__ -D__CONFIG_WPS__  conftest.c >&5
configure:10324: $? = 0
configure:10339: mips-openwrt-linux-uclibc-gcc -std=gnu99 -shared  -fPIC -DPIC conftest.o  -v -Wl,-soname -Wl,conftest -o conftest 2\>\&1 \| /bin/grep  -lc  \>/dev/null 2\>\&1
configure:10342: $? = 0
configure:10356: result: no
configure:10516: checking dynamic linker characteristics
configure:11027: mips-openwrt-linux-uclibc-gcc -std=gnu99 -o conftest -DBLUECAVE -DBLUECAVE -DBLUECAVE -DBCMWPA2 -DCONFIG_LANTIQ -DDEBUG_NOISY -DDEBUG_RCTEST -pipe -funit-at-a-time -Wno-pointer-sign -mips32r2 -mno-branch-likely -mtune=1004kc -DLINUX30 -DLINUX26 -DLINUX_KERNEL_VERSION=199272 --sysroot=/home/paldier/asuswrt/release/src-lantiq/tools/toolchain-mips_mips32_gcc-4.8-linaro_uClibc-0.9.33.2 -DBLUECAVE -DLANTIQ_BSD -D__CONFIG_EMF__ -D__CONFIG_WPS__ -DBCMWPA2 -DCONFIG_LANTIQ -DDEBUG_NOISY -DDEBUG_RCTEST -pipe -funit-at-a-time -Wno-pointer-sign -mips32r2 -mno-branch-likely -mtune=1004kc -DLINUX30 -DLINUX26 -DLINUX_KERNEL_VERSION=199272 --sysroot=/home/paldier/asuswrt/release/src-lantiq/tools/toolchain-mips_mips32_gcc-4.8-linaro_uClibc-0.9.33.2 -DBLUECAVE -DLANTIQ_BSD -D__CONFIG_EMF__ -D__CONFIG_WPS__  -ldl -Wl,-rpath -Wl,/foo conftest.c  >&5
configure:11027: $? = 0
configure:11249: result: GNU/Linux ld.so
configure:11356: checking how to hardcode library paths into programs
configure:11381: result: immediate
configure:11475: checking for shl_load
configure:11475: mips-openwrt-linux-uclibc-gcc -std=gnu99 -o conftest -DBLUECAVE -DBLUECAVE -DBLUECAVE -DBCMWPA2 -DCONFIG_LANTIQ -DDEBUG_NOISY -DDEBUG_RCTEST -pipe -funit-at-a-time -Wno-pointer-sign -mips32r2 -mno-branch-likely -mtune=1004kc -DLINUX30 -DLINUX26 -DLINUX_KERNEL_VERSION=199272 --sysroot=/home/paldier/asuswrt/release/src-lantiq/tools/toolchain-mips_mips32_gcc-4.8-linaro_uClibc-0.9.33.2 -DBLUECAVE -DLANTIQ_BSD -D__CONFIG_EMF__ -D__CONFIG_WPS__ -DBCMWPA2 -DCONFIG_LANTIQ -DDEBUG_NOISY -DDEBUG_RCTEST -pipe -funit-at-a-time -Wno-pointer-sign -mips32r2 -mno-branch-likely -mtune=1004kc -DLINUX30 -DLINUX26 -DLINUX_KERNEL_VERSION=199272 --sysroot=/home/paldier/asuswrt/release/src-lantiq/tools/toolchain-mips_mips32_gcc-4.8-linaro_uClibc-0.9.33.2 -DBLUECAVE -DLANTIQ_BSD -D__CONFIG_EMF__ -D__CONFIG_WPS__  -ldl conftest.c  >&5
/tmp/ccOrTIe9.o: In function `main':
conftest.c:(.text+0x10): undefined reference to `shl_load'
collect2: error: ld returned 1 exit status
configure:11475: $? = 1
configure: failed program was:
| /* confdefs.h */
| #define PACKAGE_NAME "OpenPAM"
| #define PACKAGE_TARNAME "openpam"
| #define PACKAGE_VERSION "20130907"
| #define PACKAGE_STRING "OpenPAM 20130907"
| #define PACKAGE_BUGREPORT "des@des.no"
| #define PACKAGE_URL "http://www.openpam.org/"
| #define PACKAGE "openpam"
| #define VERSION "20130907"
| #define STDC_HEADERS 1
| #define HAVE_SYS_TYPES_H 1
| #define HAVE_SYS_STAT_H 1
| #define HAVE_STDLIB_H 1
| #define HAVE_STRING_H 1
| #define HAVE_MEMORY_H 1
| #define HAVE_STRINGS_H 1
| #define HAVE_INTTYPES_H 1
| #define HAVE_STDINT_H 1
| #define HAVE_UNISTD_H 1
| #define __EXTENSIONS__ 1
| #define _ALL_SOURCE 1
| #define _GNU_SOURCE 1
| #define _POSIX_PTHREAD_SEMANTICS 1
| #define _TANDEM_SOURCE 1
| #define restrict __restrict
| #define HAVE_DLFCN_H 1
| #define LT_OBJDIR ".libs/"
| /* end confdefs.h.  */
| /* Define shl_load to an innocuous variant, in case <limits.h> declares shl_load.
|    For example, HP-UX 11i <limits.h> declares gettimeofday.  */
| #define shl_load innocuous_shl_load
| 
| /* System header to define __stub macros and hopefully few prototypes,
|     which can conflict with char shl_load (); below.
|     Prefer <limits.h> to <assert.h> if __STDC__ is defined, since
|     <limits.h> exists even on freestanding compilers.  */
| 
| #ifdef __STDC__
| # include <limits.h>
| #else
| # include <assert.h>
| #endif
| 
| #undef shl_load
| 
| /* Override any GCC internal prototype to avoid an error.
|    Use char because int might match the return type of a GCC
|    builtin and then its argument prototype would still apply.  */
| #ifdef __cplusplus
| extern "C"
| #endif
| char shl_load ();
| /* The GNU C library defines this for functions which it implements
|     to always fail with ENOSYS.  Some functions are actually named
|     something starting with __ and the normal name is an alias.  */
| #if defined __stub_shl_load || defined __stub___shl_load
| choke me
| #endif
| 
| int
| main ()
| {
| return shl_load ();
|   ;
|   return 0;
| }
configure:11475: result: no
configure:11479: checking for shl_load in -ldld
configure:11504: mips-openwrt-linux-uclibc-gcc -std=gnu99 -o conftest -DBLUECAVE -DBLUECAVE -DBLUECAVE -DBCMWPA2 -DCONFIG_LANTIQ -DDEBUG_NOISY -DDEBUG_RCTEST -pipe -funit-at-a-time -Wno-pointer-sign -mips32r2 -mno-branch-likely -mtune=1004kc -DLINUX30 -DLINUX26 -DLINUX_KERNEL_VERSION=199272 --sysroot=/home/paldier/asuswrt/release/src-lantiq/tools/toolchain-mips_mips32_gcc-4.8-linaro_uClibc-0.9.33.2 -DBLUECAVE -DLANTIQ_BSD -D__CONFIG_EMF__ -D__CONFIG_WPS__ -DBCMWPA2 -DCONFIG_LANTIQ -DDEBUG_NOISY -DDEBUG_RCTEST -pipe -funit-at-a-time -Wno-pointer-sign -mips32r2 -mno-branch-likely -mtune=1004kc -DLINUX30 -DLINUX26 -DLINUX_KERNEL_VERSION=199272 --sysroot=/home/paldier/asuswrt/release/src-lantiq/tools/toolchain-mips_mips32_gcc-4.8-linaro_uClibc-0.9.33.2 -DBLUECAVE -DLANTIQ_BSD -D__CONFIG_EMF__ -D__CONFIG_WPS__  -ldl conftest.c -ldld   >&5
/home/paldier/asuswrt/release/src-lantiq/tools/toolchain-mips_mips32_gcc-4.8-linaro_uClibc-0.9.33.2/bin/../lib/gcc/mips-openwrt-linux-uclibc/4.8.3/../../../../mips-openwrt-linux-uclibc/bin/ld: cannot find -ldld
collect2: error: ld returned 1 exit status
configure:11504: $? = 1
configure: failed program was:
| /* confdefs.h */
| #define PACKAGE_NAME "OpenPAM"
| #define PACKAGE_TARNAME "openpam"
| #define PACKAGE_VERSION "20130907"
| #define PACKAGE_STRING "OpenPAM 20130907"
| #define PACKAGE_BUGREPORT "des@des.no"
| #define PACKAGE_URL "http://www.openpam.org/"
| #define PACKAGE "openpam"
| #define VERSION "20130907"
| #define STDC_HEADERS 1
| #define HAVE_SYS_TYPES_H 1
| #define HAVE_SYS_STAT_H 1
| #define HAVE_STDLIB_H 1
| #define HAVE_STRING_H 1
| #define HAVE_MEMORY_H 1
| #define HAVE_STRINGS_H 1
| #define HAVE_INTTYPES_H 1
| #define HAVE_STDINT_H 1
| #define HAVE_UNISTD_H 1
| #define __EXTENSIONS__ 1
| #define _ALL_SOURCE 1
| #define _GNU_SOURCE 1
| #define _POSIX_PTHREAD_SEMANTICS 1
| #define _TANDEM_SOURCE 1
| #define restrict __restrict
| #define HAVE_DLFCN_H 1
| #define LT_OBJDIR ".libs/"
| /* end confdefs.h.  */
| 
| /* Override any GCC internal prototype to avoid an error.
|    Use char because int might match the return type of a GCC
|    builtin and then its argument prototype would still apply.  */
| #ifdef __cplusplus
| extern "C"
| #endif
| char shl_load ();
| int
| main ()
| {
| return shl_load ();
|   ;
|   return 0;
| }
configure:11513: result: no
configure:11518: checking for dlopen
configure:11518: mips-openwrt-linux-uclibc-gcc -std=gnu99 -o conftest -DBLUECAVE -DBLUECAVE -DBLUECAVE -DBCMWPA2 -DCONFIG_LANTIQ -DDEBUG_NOISY -DDEBUG_RCTEST -pipe -funit-at-a-time -Wno-pointer-sign -mips32r2 -mno-branch-likely -mtune=1004kc -DLINUX30 -DLINUX26 -DLINUX_KERNEL_VERSION=199272 --sysroot=/home/paldier/asuswrt/release/src-lantiq/tools/toolchain-mips_mips32_gcc-4.8-linaro_uClibc-0.9.33.2 -DBLUECAVE -DLANTIQ_BSD -D__CONFIG_EMF__ -D__CONFIG_WPS__ -DBCMWPA2 -DCONFIG_LANTIQ -DDEBUG_NOISY -DDEBUG_RCTEST -pipe -funit-at-a-time -Wno-pointer-sign -mips32r2 -mno-branch-likely -mtune=1004kc -DLINUX30 -DLINUX26 -DLINUX_KERNEL_VERSION=199272 --sysroot=/home/paldier/asuswrt/release/src-lantiq/tools/toolchain-mips_mips32_gcc-4.8-linaro_uClibc-0.9.33.2 -DBLUECAVE -DLANTIQ_BSD -D__CONFIG_EMF__ -D__CONFIG_WPS__  -ldl conftest.c  >&5
configure:11518: $? = 0
configure:11518: result: yes
configure:11675: checking whether a program can dlopen itself
configure:11776: result: cross
configure:11921: checking whether stripping libraries is possible
configure:11926: result: yes
configure:11961: checking if libtool supports shared libraries
configure:11963: result: yes
configure:11966: checking whether to build shared libraries
configure:11987: result: yes
configure:11990: checking whether to build static libraries
configure:11994: result: no
configure:12158: checking crypt.h usability
configure:12158: mips-openwrt-linux-uclibc-gcc -std=gnu99 -c -DBLUECAVE -DBLUECAVE -DBLUECAVE -DBCMWPA2 -DCONFIG_LANTIQ -DDEBUG_NOISY -DDEBUG_RCTEST -pipe -funit-at-a-time -Wno-pointer-sign -mips32r2 -mno-branch-likely -mtune=1004kc -DLINUX30 -DLINUX26 -DLINUX_KERNEL_VERSION=199272 --sysroot=/home/paldier/asuswrt/release/src-lantiq/tools/toolchain-mips_mips32_gcc-4.8-linaro_uClibc-0.9.33.2 -DBLUECAVE -DLANTIQ_BSD -D__CONFIG_EMF__ -D__CONFIG_WPS__ -DBCMWPA2 -DCONFIG_LANTIQ -DDEBUG_NOISY -DDEBUG_RCTEST -pipe -funit-at-a-time -Wno-pointer-sign -mips32r2 -mno-branch-likely -mtune=1004kc -DLINUX30 -DLINUX26 -DLINUX_KERNEL_VERSION=199272 --sysroot=/home/paldier/asuswrt/release/src-lantiq/tools/toolchain-mips_mips32_gcc-4.8-linaro_uClibc-0.9.33.2 -DBLUECAVE -DLANTIQ_BSD -D__CONFIG_EMF__ -D__CONFIG_WPS__  conftest.c >&5
configure:12158: $? = 0
configure:12158: result: yes
configure:12158: checking crypt.h presence
configure:12158: mips-openwrt-linux-uclibc-gcc -std=gnu99 -E  conftest.c
configure:12158: $? = 0
configure:12158: result: yes
configure:12158: checking for crypt.h
configure:12158: result: yes
configure:12172: checking for asprintf
configure:12172: mips-openwrt-linux-uclibc-gcc -std=gnu99 -o conftest -DBLUECAVE -DBLUECAVE -DBLUECAVE -DBCMWPA2 -DCONFIG_LANTIQ -DDEBUG_NOISY -DDEBUG_RCTEST -pipe -funit-at-a-time -Wno-pointer-sign -mips32r2 -mno-branch-likely -mtune=1004kc -DLINUX30 -DLINUX26 -DLINUX_KERNEL_VERSION=199272 --sysroot=/home/paldier/asuswrt/release/src-lantiq/tools/toolchain-mips_mips32_gcc-4.8-linaro_uClibc-0.9.33.2 -DBLUECAVE -DLANTIQ_BSD -D__CONFIG_EMF__ -D__CONFIG_WPS__ -DBCMWPA2 -DCONFIG_LANTIQ -DDEBUG_NOISY -DDEBUG_RCTEST -pipe -funit-at-a-time -Wno-pointer-sign -mips32r2 -mno-branch-likely -mtune=1004kc -DLINUX30 -DLINUX26 -DLINUX_KERNEL_VERSION=199272 --sysroot=/home/paldier/asuswrt/release/src-lantiq/tools/toolchain-mips_mips32_gcc-4.8-linaro_uClibc-0.9.33.2 -DBLUECAVE -DLANTIQ_BSD -D__CONFIG_EMF__ -D__CONFIG_WPS__  -ldl conftest.c  >&5
configure:12172: $? = 0
configure:12172: result: yes
configure:12172: checking for vasprintf
configure:12172: mips-openwrt-linux-uclibc-gcc -std=gnu99 -o conftest -DBLUECAVE -DBLUECAVE -DBLUECAVE -DBCMWPA2 -DCONFIG_LANTIQ -DDEBUG_NOISY -DDEBUG_RCTEST -pipe -funit-at-a-time -Wno-pointer-sign -mips32r2 -mno-branch-likely -mtune=1004kc -DLINUX30 -DLINUX26 -DLINUX_KERNEL_VERSION=199272 --sysroot=/home/paldier/asuswrt/release/src-lantiq/tools/toolchain-mips_mips32_gcc-4.8-linaro_uClibc-0.9.33.2 -DBLUECAVE -DLANTIQ_BSD -D__CONFIG_EMF__ -D__CONFIG_WPS__ -DBCMWPA2 -DCONFIG_LANTIQ -DDEBUG_NOISY -DDEBUG_RCTEST -pipe -funit-at-a-time -Wno-pointer-sign -mips32r2 -mno-branch-likely -mtune=1004kc -DLINUX30 -DLINUX26 -DLINUX_KERNEL_VERSION=199272 --sysroot=/home/paldier/asuswrt/release/src-lantiq/tools/toolchain-mips_mips32_gcc-4.8-linaro_uClibc-0.9.33.2 -DBLUECAVE -DLANTIQ_BSD -D__CONFIG_EMF__ -D__CONFIG_WPS__  -ldl conftest.c  >&5
configure:12172: $? = 0
configure:12172: result: yes
configure:12184: checking for dlfunc
configure:12184: mips-openwrt-linux-uclibc-gcc -std=gnu99 -o conftest -DBLUECAVE -DBLUECAVE -DBLUECAVE -DBCMWPA2 -DCONFIG_LANTIQ -DDEBUG_NOISY -DDEBUG_RCTEST -pipe -funit-at-a-time -Wno-pointer-sign -mips32r2 -mno-branch-likely -mtune=1004kc -DLINUX30 -DLINUX26 -DLINUX_KERNEL_VERSION=199272 --sysroot=/home/paldier/asuswrt/release/src-lantiq/tools/toolchain-mips_mips32_gcc-4.8-linaro_uClibc-0.9.33.2 -DBLUECAVE -DLANTIQ_BSD -D__CONFIG_EMF__ -D__CONFIG_WPS__ -DBCMWPA2 -DCONFIG_LANTIQ -DDEBUG_NOISY -DDEBUG_RCTEST -pipe -funit-at-a-time -Wno-pointer-sign -mips32r2 -mno-branch-likely -mtune=1004kc -DLINUX30 -DLINUX26 -DLINUX_KERNEL_VERSION=199272 --sysroot=/home/paldier/asuswrt/release/src-lantiq/tools/toolchain-mips_mips32_gcc-4.8-linaro_uClibc-0.9.33.2 -DBLUECAVE -DLANTIQ_BSD -D__CONFIG_EMF__ -D__CONFIG_WPS__  -ldl conftest.c  >&5
/tmp/cc36wrWq.o: In function `main':
conftest.c:(.text+0x10): undefined reference to `dlfunc'
collect2: error: ld returned 1 exit status
configure:12184: $? = 1
configure: failed program was:
| /* confdefs.h */
| #define PACKAGE_NAME "OpenPAM"
| #define PACKAGE_TARNAME "openpam"
| #define PACKAGE_VERSION "20130907"
| #define PACKAGE_STRING "OpenPAM 20130907"
| #define PACKAGE_BUGREPORT "des@des.no"
| #define PACKAGE_URL "http://www.openpam.org/"
| #define PACKAGE "openpam"
| #define VERSION "20130907"
| #define STDC_HEADERS 1
| #define HAVE_SYS_TYPES_H 1
| #define HAVE_SYS_STAT_H 1
| #define HAVE_STDLIB_H 1
| #define HAVE_STRING_H 1
| #define HAVE_MEMORY_H 1
| #define HAVE_STRINGS_H 1
| #define HAVE_INTTYPES_H 1
| #define HAVE_STDINT_H 1
| #define HAVE_UNISTD_H 1
| #define __EXTENSIONS__ 1
| #define _ALL_SOURCE 1
| #define _GNU_SOURCE 1
| #define _POSIX_PTHREAD_SEMANTICS 1
| #define _TANDEM_SOURCE 1
| #define restrict __restrict
| #define HAVE_DLFCN_H 1
| #define LT_OBJDIR ".libs/"
| #define LIB_MAJ 2
| #define HAVE_CRYPT_H 1
| #define HAVE_ASPRINTF 1
| #define HAVE_VASPRINTF 1
| /* end confdefs.h.  */
| /* Define dlfunc to an innocuous variant, in case <limits.h> declares dlfunc.
|    For example, HP-UX 11i <limits.h> declares gettimeofday.  */
| #define dlfunc innocuous_dlfunc
| 
| /* System header to define __stub macros and hopefully few prototypes,
|     which can conflict with char dlfunc (); below.
|     Prefer <limits.h> to <assert.h> if __STDC__ is defined, since
|     <limits.h> exists even on freestanding compilers.  */
| 
| #ifdef __STDC__
| # include <limits.h>
| #else
| # include <assert.h>
| #endif
| 
| #undef dlfunc
| 
| /* Override any GCC internal prototype to avoid an error.
|    Use char because int might match the return type of a GCC
|    builtin and then its argument prototype would still apply.  */
| #ifdef __cplusplus
| extern "C"
| #endif
| char dlfunc ();
| /* The GNU C library defines this for functions which it implements
|     to always fail with ENOSYS.  Some functions are actually named
|     something starting with __ and the normal name is an alias.  */
| #if defined __stub_dlfunc || defined __stub___dlfunc
| choke me
| #endif
| 
| int
| main ()
| {
| return dlfunc ();
|   ;
|   return 0;
| }
configure:12184: result: no
configure:12184: checking for fdlopen
configure:12184: mips-openwrt-linux-uclibc-gcc -std=gnu99 -o conftest -DBLUECAVE -DBLUECAVE -DBLUECAVE -DBCMWPA2 -DCONFIG_LANTIQ -DDEBUG_NOISY -DDEBUG_RCTEST -pipe -funit-at-a-time -Wno-pointer-sign -mips32r2 -mno-branch-likely -mtune=1004kc -DLINUX30 -DLINUX26 -DLINUX_KERNEL_VERSION=199272 --sysroot=/home/paldier/asuswrt/release/src-lantiq/tools/toolchain-mips_mips32_gcc-4.8-linaro_uClibc-0.9.33.2 -DBLUECAVE -DLANTIQ_BSD -D__CONFIG_EMF__ -D__CONFIG_WPS__ -DBCMWPA2 -DCONFIG_LANTIQ -DDEBUG_NOISY -DDEBUG_RCTEST -pipe -funit-at-a-time -Wno-pointer-sign -mips32r2 -mno-branch-likely -mtune=1004kc -DLINUX30 -DLINUX26 -DLINUX_KERNEL_VERSION=199272 --sysroot=/home/paldier/asuswrt/release/src-lantiq/tools/toolchain-mips_mips32_gcc-4.8-linaro_uClibc-0.9.33.2 -DBLUECAVE -DLANTIQ_BSD -D__CONFIG_EMF__ -D__CONFIG_WPS__  -ldl conftest.c  >&5
/tmp/ccmXAXut.o: In function `main':
conftest.c:(.text+0x10): undefined reference to `fdlopen'
collect2: error: ld returned 1 exit status
configure:12184: $? = 1
configure: failed program was:
| /* confdefs.h */
| #define PACKAGE_NAME "OpenPAM"
| #define PACKAGE_TARNAME "openpam"
| #define PACKAGE_VERSION "20130907"
| #define PACKAGE_STRING "OpenPAM 20130907"
| #define PACKAGE_BUGREPORT "des@des.no"
| #define PACKAGE_URL "http://www.openpam.org/"
| #define PACKAGE "openpam"
| #define VERSION "20130907"
| #define STDC_HEADERS 1
| #define HAVE_SYS_TYPES_H 1
| #define HAVE_SYS_STAT_H 1
| #define HAVE_STDLIB_H 1
| #define HAVE_STRING_H 1
| #define HAVE_MEMORY_H 1
| #define HAVE_STRINGS_H 1
| #define HAVE_INTTYPES_H 1
| #define HAVE_STDINT_H 1
| #define HAVE_UNISTD_H 1
| #define __EXTENSIONS__ 1
| #define _ALL_SOURCE 1
| #define _GNU_SOURCE 1
| #define _POSIX_PTHREAD_SEMANTICS 1
| #define _TANDEM_SOURCE 1
| #define restrict __restrict
| #define HAVE_DLFCN_H 1
| #define LT_OBJDIR ".libs/"
| #define LIB_MAJ 2
| #define HAVE_CRYPT_H 1
| #define HAVE_ASPRINTF 1
| #define HAVE_VASPRINTF 1
| /* end confdefs.h.  */
| /* Define fdlopen to an innocuous variant, in case <limits.h> declares fdlopen.
|    For example, HP-UX 11i <limits.h> declares gettimeofday.  */
| #define fdlopen innocuous_fdlopen
| 
| /* System header to define __stub macros and hopefully few prototypes,
|     which can conflict with char fdlopen (); below.
|     Prefer <limits.h> to <assert.h> if __STDC__ is defined, since
|     <limits.h> exists even on freestanding compilers.  */
| 
| #ifdef __STDC__
| # include <limits.h>
| #else
| # include <assert.h>
| #endif
| 
| #undef fdlopen
| 
| /* Override any GCC internal prototype to avoid an error.
|    Use char because int might match the return type of a GCC
|    builtin and then its argument prototype would still apply.  */
| #ifdef __cplusplus
| extern "C"
| #endif
| char fdlopen ();
| /* The GNU C library defines this for functions which it implements
|     to always fail with ENOSYS.  Some functions are actually named
|     something starting with __ and the normal name is an alias.  */
| #if defined __stub_fdlopen || defined __stub___fdlopen
| choke me
| #endif
| 
| int
| main ()
| {
| return fdlopen ();
|   ;
|   return 0;
| }
configure:12184: result: no
configure:12195: checking for fpurge
configure:12195: mips-openwrt-linux-uclibc-gcc -std=gnu99 -o conftest -DBLUECAVE -DBLUECAVE -DBLUECAVE -DBCMWPA2 -DCONFIG_LANTIQ -DDEBUG_NOISY -DDEBUG_RCTEST -pipe -funit-at-a-time -Wno-pointer-sign -mips32r2 -mno-branch-likely -mtune=1004kc -DLINUX30 -DLINUX26 -DLINUX_KERNEL_VERSION=199272 --sysroot=/home/paldier/asuswrt/release/src-lantiq/tools/toolchain-mips_mips32_gcc-4.8-linaro_uClibc-0.9.33.2 -DBLUECAVE -DLANTIQ_BSD -D__CONFIG_EMF__ -D__CONFIG_WPS__ -DBCMWPA2 -DCONFIG_LANTIQ -DDEBUG_NOISY -DDEBUG_RCTEST -pipe -funit-at-a-time -Wno-pointer-sign -mips32r2 -mno-branch-likely -mtune=1004kc -DLINUX30 -DLINUX26 -DLINUX_KERNEL_VERSION=199272 --sysroot=/home/paldier/asuswrt/release/src-lantiq/tools/toolchain-mips_mips32_gcc-4.8-linaro_uClibc-0.9.33.2 -DBLUECAVE -DLANTIQ_BSD -D__CONFIG_EMF__ -D__CONFIG_WPS__  -ldl conftest.c  >&5
/tmp/cck4GLZv.o: In function `main':
conftest.c:(.text+0x10): undefined reference to `fpurge'
collect2: error: ld returned 1 exit status
configure:12195: $? = 1
configure: failed program was:
| /* confdefs.h */
| #define PACKAGE_NAME "OpenPAM"
| #define PACKAGE_TARNAME "openpam"
| #define PACKAGE_VERSION "20130907"
| #define PACKAGE_STRING "OpenPAM 20130907"
| #define PACKAGE_BUGREPORT "des@des.no"
| #define PACKAGE_URL "http://www.openpam.org/"
| #define PACKAGE "openpam"
| #define VERSION "20130907"
| #define STDC_HEADERS 1
| #define HAVE_SYS_TYPES_H 1
| #define HAVE_SYS_STAT_H 1
| #define HAVE_STDLIB_H 1
| #define HAVE_STRING_H 1
| #define HAVE_MEMORY_H 1
| #define HAVE_STRINGS_H 1
| #define HAVE_INTTYPES_H 1
| #define HAVE_STDINT_H 1
| #define HAVE_UNISTD_H 1
| #define __EXTENSIONS__ 1
| #define _ALL_SOURCE 1
| #define _GNU_SOURCE 1
| #define _POSIX_PTHREAD_SEMANTICS 1
| #define _TANDEM_SOURCE 1
| #define restrict __restrict
| #define HAVE_DLFCN_H 1
| #define LT_OBJDIR ".libs/"
| #define LIB_MAJ 2
| #define HAVE_CRYPT_H 1
| #define HAVE_ASPRINTF 1
| #define HAVE_VASPRINTF 1
| /* end confdefs.h.  */
| /* Define fpurge to an innocuous variant, in case <limits.h> declares fpurge.
|    For example, HP-UX 11i <limits.h> declares gettimeofday.  */
| #define fpurge innocuous_fpurge
| 
| /* System header to define __stub macros and hopefully few prototypes,
|     which can conflict with char fpurge (); below.
|     Prefer <limits.h> to <assert.h> if __STDC__ is defined, since
|     <limits.h> exists even on freestanding compilers.  */
| 
| #ifdef __STDC__
| # include <limits.h>
| #else
| # include <assert.h>
| #endif
| 
| #undef fpurge
| 
| /* Override any GCC internal prototype to avoid an error.
|    Use char because int might match the return type of a GCC
|    builtin and then its argument prototype would still apply.  */
| #ifdef __cplusplus
| extern "C"
| #endif
| char fpurge ();
| /* The GNU C library defines this for functions which it implements
|     to always fail with ENOSYS.  Some functions are actually named
|     something starting with __ and the normal name is an alias.  */
| #if defined __stub_fpurge || defined __stub___fpurge
| choke me
| #endif
| 
| int
| main ()
| {
| return fpurge ();
|   ;
|   return 0;
| }
configure:12195: result: no
configure:12206: checking for setlogmask
configure:12206: mips-openwrt-linux-uclibc-gcc -std=gnu99 -o conftest -DBLUECAVE -DBLUECAVE -DBLUECAVE -DBCMWPA2 -DCONFIG_LANTIQ -DDEBUG_NOISY -DDEBUG_RCTEST -pipe -funit-at-a-time -Wno-pointer-sign -mips32r2 -mno-branch-likely -mtune=1004kc -DLINUX30 -DLINUX26 -DLINUX_KERNEL_VERSION=199272 --sysroot=/home/paldier/asuswrt/release/src-lantiq/tools/toolchain-mips_mips32_gcc-4.8-linaro_uClibc-0.9.33.2 -DBLUECAVE -DLANTIQ_BSD -D__CONFIG_EMF__ -D__CONFIG_WPS__ -DBCMWPA2 -DCONFIG_LANTIQ -DDEBUG_NOISY -DDEBUG_RCTEST -pipe -funit-at-a-time -Wno-pointer-sign -mips32r2 -mno-branch-likely -mtune=1004kc -DLINUX30 -DLINUX26 -DLINUX_KERNEL_VERSION=199272 --sysroot=/home/paldier/asuswrt/release/src-lantiq/tools/toolchain-mips_mips32_gcc-4.8-linaro_uClibc-0.9.33.2 -DBLUECAVE -DLANTIQ_BSD -D__CONFIG_EMF__ -D__CONFIG_WPS__  -ldl conftest.c  >&5
configure:12206: $? = 0
configure:12206: result: yes
configure:12218: checking for strlcat
configure:12218: mips-openwrt-linux-uclibc-gcc -std=gnu99 -o conftest -DBLUECAVE -DBLUECAVE -DBLUECAVE -DBCMWPA2 -DCONFIG_LANTIQ -DDEBUG_NOISY -DDEBUG_RCTEST -pipe -funit-at-a-time -Wno-pointer-sign -mips32r2 -mno-branch-likely -mtune=1004kc -DLINUX30 -DLINUX26 -DLINUX_KERNEL_VERSION=199272 --sysroot=/home/paldier/asuswrt/release/src-lantiq/tools/toolchain-mips_mips32_gcc-4.8-linaro_uClibc-0.9.33.2 -DBLUECAVE -DLANTIQ_BSD -D__CONFIG_EMF__ -D__CONFIG_WPS__ -DBCMWPA2 -DCONFIG_LANTIQ -DDEBUG_NOISY -DDEBUG_RCTEST -pipe -funit-at-a-time -Wno-pointer-sign -mips32r2 -mno-branch-likely -mtune=1004kc -DLINUX30 -DLINUX26 -DLINUX_KERNEL_VERSION=199272 --sysroot=/home/paldier/asuswrt/release/src-lantiq/tools/toolchain-mips_mips32_gcc-4.8-linaro_uClibc-0.9.33.2 -DBLUECAVE -DLANTIQ_BSD -D__CONFIG_EMF__ -D__CONFIG_WPS__  -ldl conftest.c  >&5
configure:12218: $? = 0
configure:12218: result: yes
configure:12218: checking for strlcmp
configure:12218: mips-openwrt-linux-uclibc-gcc -std=gnu99 -o conftest -DBLUECAVE -DBLUECAVE -DBLUECAVE -DBCMWPA2 -DCONFIG_LANTIQ -DDEBUG_NOISY -DDEBUG_RCTEST -pipe -funit-at-a-time -Wno-pointer-sign -mips32r2 -mno-branch-likely -mtune=1004kc -DLINUX30 -DLINUX26 -DLINUX_KERNEL_VERSION=199272 --sysroot=/home/paldier/asuswrt/release/src-lantiq/tools/toolchain-mips_mips32_gcc-4.8-linaro_uClibc-0.9.33.2 -DBLUECAVE -DLANTIQ_BSD -D__CONFIG_EMF__ -D__CONFIG_WPS__ -DBCMWPA2 -DCONFIG_LANTIQ -DDEBUG_NOISY -DDEBUG_RCTEST -pipe -funit-at-a-time -Wno-pointer-sign -mips32r2 -mno-branch-likely -mtune=1004kc -DLINUX30 -DLINUX26 -DLINUX_KERNEL_VERSION=199272 --sysroot=/home/paldier/asuswrt/release/src-lantiq/tools/toolchain-mips_mips32_gcc-4.8-linaro_uClibc-0.9.33.2 -DBLUECAVE -DLANTIQ_BSD -D__CONFIG_EMF__ -D__CONFIG_WPS__  -ldl conftest.c  >&5
/tmp/ccBGHlFC.o: In function `main':
conftest.c:(.text+0x10): undefined reference to `strlcmp'
collect2: error: ld returned 1 exit status
configure:12218: $? = 1
configure: failed program was:
| /* confdefs.h */
| #define PACKAGE_NAME "OpenPAM"
| #define PACKAGE_TARNAME "openpam"
| #define PACKAGE_VERSION "20130907"
| #define PACKAGE_STRING "OpenPAM 20130907"
| #define PACKAGE_BUGREPORT "des@des.no"
| #define PACKAGE_URL "http://www.openpam.org/"
| #define PACKAGE "openpam"
| #define VERSION "20130907"
| #define STDC_HEADERS 1
| #define HAVE_SYS_TYPES_H 1
| #define HAVE_SYS_STAT_H 1
| #define HAVE_STDLIB_H 1
| #define HAVE_STRING_H 1
| #define HAVE_MEMORY_H 1
| #define HAVE_STRINGS_H 1
| #define HAVE_INTTYPES_H 1
| #define HAVE_STDINT_H 1
| #define HAVE_UNISTD_H 1
| #define __EXTENSIONS__ 1
| #define _ALL_SOURCE 1
| #define _GNU_SOURCE 1
| #define _POSIX_PTHREAD_SEMANTICS 1
| #define _TANDEM_SOURCE 1
| #define restrict __restrict
| #define HAVE_DLFCN_H 1
| #define LT_OBJDIR ".libs/"
| #define LIB_MAJ 2
| #define HAVE_CRYPT_H 1
| #define HAVE_ASPRINTF 1
| #define HAVE_VASPRINTF 1
| #define HAVE_SETLOGMASK 1
| #define HAVE_STRLCAT 1
| /* end confdefs.h.  */
| /* Define strlcmp to an innocuous variant, in case <limits.h> declares strlcmp.
|    For example, HP-UX 11i <limits.h> declares gettimeofday.  */
| #define strlcmp innocuous_strlcmp
| 
| /* System header to define __stub macros and hopefully few prototypes,
|     which can conflict with char strlcmp (); below.
|     Prefer <limits.h> to <assert.h> if __STDC__ is defined, since
|     <limits.h> exists even on freestanding compilers.  */
| 
| #ifdef __STDC__
| # include <limits.h>
| #else
| # include <assert.h>
| #endif
| 
| #undef strlcmp
| 
| /* Override any GCC internal prototype to avoid an error.
|    Use char because int might match the return type of a GCC
|    builtin and then its argument prototype would still apply.  */
| #ifdef __cplusplus
| extern "C"
| #endif
| char strlcmp ();
| /* The GNU C library defines this for functions which it implements
|     to always fail with ENOSYS.  Some functions are actually named
|     something starting with __ and the normal name is an alias.  */
| #if defined __stub_strlcmp || defined __stub___strlcmp
| choke me
| #endif
| 
| int
| main ()
| {
| return strlcmp ();
|   ;
|   return 0;
| }
configure:12218: result: no
configure:12218: checking for strlcpy
configure:12218: mips-openwrt-linux-uclibc-gcc -std=gnu99 -o conftest -DBLUECAVE -DBLUECAVE -DBLUECAVE -DBCMWPA2 -DCONFIG_LANTIQ -DDEBUG_NOISY -DDEBUG_RCTEST -pipe -funit-at-a-time -Wno-pointer-sign -mips32r2 -mno-branch-likely -mtune=1004kc -DLINUX30 -DLINUX26 -DLINUX_KERNEL_VERSION=199272 --sysroot=/home/paldier/asuswrt/release/src-lantiq/tools/toolchain-mips_mips32_gcc-4.8-linaro_uClibc-0.9.33.2 -DBLUECAVE -DLANTIQ_BSD -D__CONFIG_EMF__ -D__CONFIG_WPS__ -DBCMWPA2 -DCONFIG_LANTIQ -DDEBUG_NOISY -DDEBUG_RCTEST -pipe -funit-at-a-time -Wno-pointer-sign -mips32r2 -mno-branch-likely -mtune=1004kc -DLINUX30 -DLINUX26 -DLINUX_KERNEL_VERSION=199272 --sysroot=/home/paldier/asuswrt/release/src-lantiq/tools/toolchain-mips_mips32_gcc-4.8-linaro_uClibc-0.9.33.2 -DBLUECAVE -DLANTIQ_BSD -D__CONFIG_EMF__ -D__CONFIG_WPS__  -ldl conftest.c  >&5
configure:12218: $? = 0
configure:12218: result: yes
configure:12230: checking for dlopen in -ldl
configure:12255: mips-openwrt-linux-uclibc-gcc -std=gnu99 -o conftest -DBLUECAVE -DBLUECAVE -DBLUECAVE -DBCMWPA2 -DCONFIG_LANTIQ -DDEBUG_NOISY -DDEBUG_RCTEST -pipe -funit-at-a-time -Wno-pointer-sign -mips32r2 -mno-branch-likely -mtune=1004kc -DLINUX30 -DLINUX26 -DLINUX_KERNEL_VERSION=199272 --sysroot=/home/paldier/asuswrt/release/src-lantiq/tools/toolchain-mips_mips32_gcc-4.8-linaro_uClibc-0.9.33.2 -DBLUECAVE -DLANTIQ_BSD -D__CONFIG_EMF__ -D__CONFIG_WPS__ -DBCMWPA2 -DCONFIG_LANTIQ -DDEBUG_NOISY -DDEBUG_RCTEST -pipe -funit-at-a-time -Wno-pointer-sign -mips32r2 -mno-branch-likely -mtune=1004kc -DLINUX30 -DLINUX26 -DLINUX_KERNEL_VERSION=199272 --sysroot=/home/paldier/asuswrt/release/src-lantiq/tools/toolchain-mips_mips32_gcc-4.8-linaro_uClibc-0.9.33.2 -DBLUECAVE -DLANTIQ_BSD -D__CONFIG_EMF__ -D__CONFIG_WPS__  -ldl conftest.c -ldl   >&5
configure:12255: $? = 0
configure:12264: result: yes
configure:12281: checking for crypt in -lcrypt
configure:12306: mips-openwrt-linux-uclibc-gcc -std=gnu99 -o conftest -DBLUECAVE -DBLUECAVE -DBLUECAVE -DBCMWPA2 -DCONFIG_LANTIQ -DDEBUG_NOISY -DDEBUG_RCTEST -pipe -funit-at-a-time -Wno-pointer-sign -mips32r2 -mno-branch-likely -mtune=1004kc -DLINUX30 -DLINUX26 -DLINUX_KERNEL_VERSION=199272 --sysroot=/home/paldier/asuswrt/release/src-lantiq/tools/toolchain-mips_mips32_gcc-4.8-linaro_uClibc-0.9.33.2 -DBLUECAVE -DLANTIQ_BSD -D__CONFIG_EMF__ -D__CONFIG_WPS__ -DBCMWPA2 -DCONFIG_LANTIQ -DDEBUG_NOISY -DDEBUG_RCTEST -pipe -funit-at-a-time -Wno-pointer-sign -mips32r2 -mno-branch-likely -mtune=1004kc -DLINUX30 -DLINUX26 -DLINUX_KERNEL_VERSION=199272 --sysroot=/home/paldier/asuswrt/release/src-lantiq/tools/toolchain-mips_mips32_gcc-4.8-linaro_uClibc-0.9.33.2 -DBLUECAVE -DLANTIQ_BSD -D__CONFIG_EMF__ -D__CONFIG_WPS__  -ldl conftest.c -lcrypt   >&5
configure:12306: $? = 0
configure:12315: result: yes
configure:12332: checking for HMAC_CTX_init in -lcrypto
configure:12357: mips-openwrt-linux-uclibc-gcc -std=gnu99 -o conftest -DBLUECAVE -DBLUECAVE -DBLUECAVE -DBCMWPA2 -DCONFIG_LANTIQ -DDEBUG_NOISY -DDEBUG_RCTEST -pipe -funit-at-a-time -Wno-pointer-sign -mips32r2 -mno-branch-likely -mtune=1004kc -DLINUX30 -DLINUX26 -DLINUX_KERNEL_VERSION=199272 --sysroot=/home/paldier/asuswrt/release/src-lantiq/tools/toolchain-mips_mips32_gcc-4.8-linaro_uClibc-0.9.33.2 -DBLUECAVE -DLANTIQ_BSD -D__CONFIG_EMF__ -D__CONFIG_WPS__ -DBCMWPA2 -DCONFIG_LANTIQ -DDEBUG_NOISY -DDEBUG_RCTEST -pipe -funit-at-a-time -Wno-pointer-sign -mips32r2 -mno-branch-likely -mtune=1004kc -DLINUX30 -DLINUX26 -DLINUX_KERNEL_VERSION=199272 --sysroot=/home/paldier/asuswrt/release/src-lantiq/tools/toolchain-mips_mips32_gcc-4.8-linaro_uClibc-0.9.33.2 -DBLUECAVE -DLANTIQ_BSD -D__CONFIG_EMF__ -D__CONFIG_WPS__  -ldl conftest.c -lcrypto   >&5
/home/paldier/asuswrt/release/src-lantiq/tools/toolchain-mips_mips32_gcc-4.8-linaro_uClibc-0.9.33.2/bin/../lib/gcc/mips-openwrt-linux-uclibc/4.8.3/../../../../mips-openwrt-linux-uclibc/bin/ld: cannot find -lcrypto
collect2: error: ld returned 1 exit status
configure:12357: $? = 1
configure: failed program was:
| /* confdefs.h */
| #define PACKAGE_NAME "OpenPAM"
| #define PACKAGE_TARNAME "openpam"
| #define PACKAGE_VERSION "20130907"
| #define PACKAGE_STRING "OpenPAM 20130907"
| #define PACKAGE_BUGREPORT "des@des.no"
| #define PACKAGE_URL "http://www.openpam.org/"
| #define PACKAGE "openpam"
| #define VERSION "20130907"
| #define STDC_HEADERS 1
| #define HAVE_SYS_TYPES_H 1
| #define HAVE_SYS_STAT_H 1
| #define HAVE_STDLIB_H 1
| #define HAVE_STRING_H 1
| #define HAVE_MEMORY_H 1
| #define HAVE_STRINGS_H 1
| #define HAVE_INTTYPES_H 1
| #define HAVE_STDINT_H 1
| #define HAVE_UNISTD_H 1
| #define __EXTENSIONS__ 1
| #define _ALL_SOURCE 1
| #define _GNU_SOURCE 1
| #define _POSIX_PTHREAD_SEMANTICS 1
| #define _TANDEM_SOURCE 1
| #define restrict __restrict
| #define HAVE_DLFCN_H 1
| #define LT_OBJDIR ".libs/"
| #define LIB_MAJ 2
| #define HAVE_CRYPT_H 1
| #define HAVE_ASPRINTF 1
| #define HAVE_VASPRINTF 1
| #define HAVE_SETLOGMASK 1
| #define HAVE_STRLCAT 1
| #define HAVE_STRLCPY 1
| #define HAVE_LIBDL 1
| #define HAVE_LIBCRYPT 1
| /* end confdefs.h.  */
| 
| /* Override any GCC internal prototype to avoid an error.
|    Use char because int might match the return type of a GCC
|    builtin and then its argument prototype would still apply.  */
| #ifdef __cplusplus
| extern "C"
| #endif
| char HMAC_CTX_init ();
| int
| main ()
| {
| return HMAC_CTX_init ();
|   ;
|   return 0;
| }
configure:12366: result: no
configure:12511: checking that generated files are newer than configure
configure:12517: result: done
configure:12564: creating ./config.status

## ---------------------- ##
## Running config.status. ##
## ---------------------- ##

This file was extended by OpenPAM config.status 20130907, which was
generated by GNU Autoconf 2.69.  Invocation command line was

  CONFIG_FILES    = 
  CONFIG_HEADERS  = 
  CONFIG_LINKS    = 
  CONFIG_COMMANDS = 
  $ ./config.status 

on paldier-VirtualBox

config.status:1136: creating Makefile
config.status:1136: creating bin/Makefile
config.status:1136: creating bin/openpam_dump_policy/Makefile
config.status:1136: creating bin/pamtest/Makefile
config.status:1136: creating bin/su/Makefile
config.status:1136: creating doc/Makefile
config.status:1136: creating doc/man/Makefile
config.status:1136: creating include/Makefile
config.status:1136: creating include/security/Makefile
config.status:1136: creating lib/Makefile
config.status:1136: creating lib/libpam/Makefile
config.status:1136: creating modules/Makefile
config.status:1136: creating modules/pam_deny/Makefile
config.status:1136: creating modules/pam_permit/Makefile
config.status:1136: creating modules/pam_unix/Makefile
config.status:1136: creating t/Makefile
config.status:1136: creating pamgdb
config.status:1136: creating mkpkgng
config.status:1136: creating config.h
config.status:1365: executing depfiles commands
config.status:1365: executing libtool commands

## ---------------- ##
## Cache variables. ##
## ---------------- ##

ac_cv_build=x86_64-unknown-linux-uclibc
ac_cv_c_compiler_gnu=yes
ac_cv_c_const=yes
ac_cv_c_restrict=__restrict
ac_cv_c_volatile=yes
ac_cv_env_CC_set=set
ac_cv_env_CC_value=mips-openwrt-linux-uclibc-gcc
ac_cv_env_CFLAGS_set=set
ac_cv_env_CFLAGS_value='-DBLUECAVE -DBLUECAVE -DBLUECAVE -DBCMWPA2 -DCONFIG_LANTIQ -DDEBUG_NOISY -DDEBUG_RCTEST -pipe -funit-at-a-time -Wno-pointer-sign -mips32r2 -mno-branch-likely -mtune=1004kc -DLINUX30 -DLINUX26 -DLINUX_KERNEL_VERSION=199272 --sysroot=/home/paldier/asuswrt/release/src-lantiq/tools/toolchain-mips_mips32_gcc-4.8-linaro_uClibc-0.9.33.2 -DBLUECAVE -DLANTIQ_BSD -D__CONFIG_EMF__ -D__CONFIG_WPS__ -DBCMWPA2 -DCONFIG_LANTIQ -DDEBUG_NOISY -DDEBUG_RCTEST -pipe -funit-at-a-time -Wno-pointer-sign -mips32r2 -mno-branch-likely -mtune=1004kc -DLINUX30 -DLINUX26 -DLINUX_KERNEL_VERSION=199272 --sysroot=/home/paldier/asuswrt/release/src-lantiq/tools/toolchain-mips_mips32_gcc-4.8-linaro_uClibc-0.9.33.2 -DBLUECAVE -DLANTIQ_BSD -D__CONFIG_EMF__ -D__CONFIG_WPS__'
ac_cv_env_CPPFLAGS_set=
ac_cv_env_CPPFLAGS_value=
ac_cv_env_CPP_set=
ac_cv_env_CPP_value=
ac_cv_env_LDFLAGS_set=set
ac_cv_env_LDFLAGS_value=-ldl
ac_cv_env_LIBS_set=
ac_cv_env_LIBS_value=
ac_cv_env_build_alias_set=set
ac_cv_env_build_alias_value=
ac_cv_env_host_alias_set=set
ac_cv_env_host_alias_value=mips-linux
ac_cv_env_target_alias_set=
ac_cv_env_target_alias_value=
ac_cv_func_asprintf=yes
ac_cv_func_dlfunc=no
ac_cv_func_dlopen=yes
ac_cv_func_fdlopen=no
ac_cv_func_fpurge=no
ac_cv_func_setlogmask=yes
ac_cv_func_shl_load=no
ac_cv_func_strlcat=yes
ac_cv_func_strlcmp=no
ac_cv_func_strlcpy=yes
ac_cv_func_vasprintf=yes
ac_cv_header_crypt_h=yes
ac_cv_header_dlfcn_h=yes
ac_cv_header_inttypes_h=yes
ac_cv_header_memory_h=yes
ac_cv_header_minix_config_h=no
ac_cv_header_stdc=yes
ac_cv_header_stdint_h=yes
ac_cv_header_stdlib_h=yes
ac_cv_header_string_h=yes
ac_cv_header_strings_h=yes
ac_cv_header_sys_stat_h=yes
ac_cv_header_sys_types_h=yes
ac_cv_header_unistd_h=yes
ac_cv_host=mips-unknown-linux-gnu
ac_cv_lib_crypt_crypt=yes
ac_cv_lib_crypto_HMAC_CTX_init=no
ac_cv_lib_dl_dlopen=yes
ac_cv_lib_dld_shl_load=no
ac_cv_objext=o
ac_cv_path_EGREP='/bin/grep -E'
ac_cv_path_FGREP='/bin/grep -F'
ac_cv_path_GREP=/bin/grep
ac_cv_path_SED=/bin/sed
ac_cv_path_install='/usr/bin/install -c'
ac_cv_path_mkdir=/bin/mkdir
ac_cv_prog_AR=mips-openwrt-linux-uclibc-ar
ac_cv_prog_AWK=gawk
ac_cv_prog_CC=mips-openwrt-linux-uclibc-gcc
ac_cv_prog_CPP='mips-openwrt-linux-uclibc-gcc -std=gnu99 -E'
ac_cv_prog_OBJDUMP=mips-openwrt-linux-uclibc-objdump
ac_cv_prog_RANLIB=mips-openwrt-linux-uclibc-ranlib
ac_cv_prog_STRIP='mips-openwrt-linux-uclibc-strip -R .note -R .comment'
ac_cv_prog_ac_ct_MANIFEST_TOOL=mt
ac_cv_prog_cc_c89=
ac_cv_prog_cc_c99=-std=gnu99
ac_cv_prog_cc_g=yes
ac_cv_prog_cc_stdc=-std=gnu99
ac_cv_prog_make_make_set=yes
ac_cv_safe_to_define___extensions__=yes
am_cv_CC_dependencies_compiler_type=gcc3
am_cv_make_support_nested_variables=yes
am_cv_prog_cc_c_o=yes
lt_cv_ar_at_file=@
lt_cv_archive_cmds_need_lc=no
lt_cv_deplibs_check_method=pass_all
lt_cv_dlopen=dlopen
lt_cv_dlopen_libs=
lt_cv_dlopen_self=cross
lt_cv_file_magic_cmd='$MAGIC_CMD'
lt_cv_file_magic_test_file=
lt_cv_ld_reload_flag=-r
lt_cv_nm_interface='BSD nm'
lt_cv_objdir=.libs
lt_cv_path_LD=mips-openwrt-linux-uclibc-ld
lt_cv_path_NM=mips-openwrt-linux-uclibc-nm
lt_cv_path_mainfest_tool=no
lt_cv_prog_compiler_c_o=yes
lt_cv_prog_compiler_pic='-fPIC -DPIC'
lt_cv_prog_compiler_pic_works=yes
lt_cv_prog_compiler_rtti_exceptions=no
lt_cv_prog_compiler_static_works=yes
lt_cv_prog_gnu_ld=yes
lt_cv_sharedlib_from_linklib_cmd='printf %s\n'
lt_cv_shlibpath_overrides_runpath=no
lt_cv_sys_global_symbol_pipe='sed -n -e '\''s/^.*[	 ]\([ABCDGIRSTW][ABCDGIRSTW]*\)[	 ][	 ]*\([_A-Za-z][_A-Za-z0-9]*\)$/\1 \2 \2/p'\'' | sed '\''/ __gnu_lto/d'\'''
lt_cv_sys_global_symbol_to_c_name_address='sed -n -e '\''s/^: \([^ ]*\)[ ]*$/  {\"\1\", (void *) 0},/p'\'' -e '\''s/^[ABCDGIRSTW]* \([^ ]*\) \([^ ]*\)$/  {"\2", (void *) \&\2},/p'\'''
lt_cv_sys_global_symbol_to_c_name_address_lib_prefix='sed -n -e '\''s/^: \([^ ]*\)[ ]*$/  {\"\1\", (void *) 0},/p'\'' -e '\''s/^[ABCDGIRSTW]* \([^ ]*\) \(lib[^ ]*\)$/  {"\2", (void *) \&\2},/p'\'' -e '\''s/^[ABCDGIRSTW]* \([^ ]*\) \([^ ]*\)$/  {"lib\2", (void *) \&\2},/p'\'''
lt_cv_sys_global_symbol_to_cdecl='sed -n -e '\''s/^T .* \(.*\)$/extern int \1();/p'\'' -e '\''s/^[ABCDGIRSTW]* .* \(.*\)$/extern char \1;/p'\'''
lt_cv_sys_max_cmd_len=3458764513820540925
lt_cv_to_host_file_cmd=func_convert_file_noop
lt_cv_to_tool_file_cmd=func_convert_file_noop

## ----------------- ##
## Output variables. ##
## ----------------- ##

ACLOCAL='${SHELL} /home/paldier/asuswrt/release/src/router/openpam/missing aclocal-1.14'
AMDEPBACKSLASH='\'
AMDEP_FALSE='#'
AMDEP_TRUE=''
AMTAR='$${TAR-tar}'
AM_BACKSLASH='\'
AM_DEFAULT_V='$(AM_DEFAULT_VERBOSITY)'
AM_DEFAULT_VERBOSITY='1'
AM_V='$(V)'
AR='mips-openwrt-linux-uclibc-ar'
AUTOCONF='${SHELL} /home/paldier/asuswrt/release/src/router/openpam/missing autoconf'
AUTOHEADER='${SHELL} /home/paldier/asuswrt/release/src/router/openpam/missing autoheader'
AUTOMAKE='${SHELL} /home/paldier/asuswrt/release/src/router/openpam/missing automake-1.14'
AWK='gawk'
CC='mips-openwrt-linux-uclibc-gcc -std=gnu99'
CCDEPMODE='depmode=gcc3'
CFLAGS='-DBLUECAVE -DBLUECAVE -DBLUECAVE -DBCMWPA2 -DCONFIG_LANTIQ -DDEBUG_NOISY -DDEBUG_RCTEST -pipe -funit-at-a-time -Wno-pointer-sign -mips32r2 -mno-branch-likely -mtune=1004kc -DLINUX30 -DLINUX26 -DLINUX_KERNEL_VERSION=199272 --sysroot=/home/paldier/asuswrt/release/src-lantiq/tools/toolchain-mips_mips32_gcc-4.8-linaro_uClibc-0.9.33.2 -DBLUECAVE -DLANTIQ_BSD -D__CONFIG_EMF__ -D__CONFIG_WPS__ -DBCMWPA2 -DCONFIG_LANTIQ -DDEBUG_NOISY -DDEBUG_RCTEST -pipe -funit-at-a-time -Wno-pointer-sign -mips32r2 -mno-branch-likely -mtune=1004kc -DLINUX30 -DLINUX26 -DLINUX_KERNEL_VERSION=199272 --sysroot=/home/paldier/asuswrt/release/src-lantiq/tools/toolchain-mips_mips32_gcc-4.8-linaro_uClibc-0.9.33.2 -DBLUECAVE -DLANTIQ_BSD -D__CONFIG_EMF__ -D__CONFIG_WPS__'
CPP='mips-openwrt-linux-uclibc-gcc -std=gnu99 -E'
CPPFLAGS=''
CRYPTO_LIBS=''
CRYPT_LIBS='-lcrypt '
CUSTOM_MODULES_DIR_FALSE=''
CUSTOM_MODULES_DIR_TRUE='#'
CYGPATH_W='echo'
DEFS='-DHAVE_CONFIG_H'
DEPDIR='.deps'
DLLTOOL='false'
DL_LIBS='-ldl '
DSYMUTIL=''
DUMPBIN=''
ECHO_C=''
ECHO_N='-n'
ECHO_T=''
EGREP='/bin/grep -E'
EXEEXT=''
FGREP='/bin/grep -F'
GREP='/bin/grep'
INSTALL_DATA='${INSTALL} -m 644'
INSTALL_PROGRAM='${INSTALL}'
INSTALL_SCRIPT='${INSTALL}'
INSTALL_STRIP_PROGRAM='$(install_sh) -c -s'
LD='mips-openwrt-linux-uclibc-ld'
LDFLAGS='-ldl'
LIBOBJS=''
LIBS=''
LIBTOOL='$(SHELL) $(top_builddir)/libtool'
LIB_MAJ='2'
LIPO=''
LN_S='ln -s'
LTLIBOBJS=''
MAINT='#'
MAINTAINER_MODE_FALSE=''
MAINTAINER_MODE_TRUE='#'
MAKEINFO='${SHELL} /home/paldier/asuswrt/release/src/router/openpam/missing makeinfo'
MANIFEST_TOOL=':'
MKDIR_P='/bin/mkdir -p'
NM='mips-openwrt-linux-uclibc-nm'
NMEDIT=''
OBJDUMP='mips-openwrt-linux-uclibc-objdump'
OBJEXT='o'
OPENPAM_MODULES_DIR=''
OTOOL64=''
OTOOL=''
PACKAGE='openpam'
PACKAGE_BUGREPORT='des@des.no'
PACKAGE_NAME='OpenPAM'
PACKAGE_STRING='OpenPAM 20130907'
PACKAGE_TARNAME='openpam'
PACKAGE_URL='http://www.openpam.org/'
PACKAGE_VERSION='20130907'
PATH_SEPARATOR=':'
RANLIB='mips-openwrt-linux-uclibc-ranlib'
SED='/bin/sed'
SET_MAKE=''
SHELL='/bin/bash'
STRIP='mips-openwrt-linux-uclibc-strip -R .note -R .comment'
VERSION='20130907'
WITH_DOC_FALSE=''
WITH_DOC_TRUE='#'
WITH_PAMTEST_FALSE=''
WITH_PAMTEST_TRUE='#'
WITH_PAM_UNIX_FALSE='#'
WITH_PAM_UNIX_TRUE=''
WITH_SU_FALSE=''
WITH_SU_TRUE='#'
ac_ct_AR=''
ac_ct_CC=''
ac_ct_DUMPBIN=''
am__EXEEXT_FALSE=''
am__EXEEXT_TRUE='#'
am__fastdepCC_FALSE='#'
am__fastdepCC_TRUE=''
am__include='include'
am__isrc=''
am__leading_dot='.'
am__nodep='_no'
am__quote=''
am__tar='$${TAR-tar} chof - "$$tardir"'
am__untar='$${TAR-tar} xf -'
bindir='/usr/sbin'
build='x86_64-unknown-linux-uclibc'
build_alias=''
build_cpu='x86_64'
build_os='linux-uclibc'
build_vendor='unknown'
datadir='${datarootdir}'
datarootdir='${prefix}/share'
docdir='${datarootdir}/doc/${PACKAGE_TARNAME}'
dvidir='${docdir}'
exec_prefix='${prefix}'
host='mips-unknown-linux-gnu'
host_alias='mips-linux'
host_cpu='mips'
host_os='linux-gnu'
host_vendor='unknown'
htmldir='${docdir}'
includedir='${prefix}/include'
infodir='${datarootdir}/info'
install_sh='${SHELL} /home/paldier/asuswrt/release/src/router/openpam/install-sh'
libdir='/usr/lib'
libexecdir='${exec_prefix}/libexec'
localedir='${datarootdir}/locale'
localstatedir='${prefix}/var'
mandir='${datarootdir}/man'
mkdir_p='$(MKDIR_P)'
oldincludedir='/usr/include'
pdfdir='${docdir}'
prefix='/usr'
program_transform_name='s,x,x,'
psdir='${docdir}'
sbindir='${exec_prefix}/sbin'
sharedstatedir='${prefix}/com'
sysconfdir='${prefix}/etc'
target_alias=''

## ----------- ##
## confdefs.h. ##
## ----------- ##

/* confdefs.h */
#define PACKAGE_NAME "OpenPAM"
#define PACKAGE_TARNAME "openpam"
#define PACKAGE_VERSION "20130907"
#define PACKAGE_STRING "OpenPAM 20130907"
#define PACKAGE_BUGREPORT "des@des.no"
#define PACKAGE_URL "http://www.openpam.org/"
#define PACKAGE "openpam"
#define VERSION "20130907"
#define STDC_HEADERS 1
#define HAVE_SYS_TYPES_H 1
#define HAVE_SYS_STAT_H 1
#define HAVE_STDLIB_H 1
#define HAVE_STRING_H 1
#define HAVE_MEMORY_H 1
#define HAVE_STRINGS_H 1
#define HAVE_INTTYPES_H 1
#define HAVE_STDINT_H 1
#define HAVE_UNISTD_H 1
#define __EXTENSIONS__ 1
#define _ALL_SOURCE 1
#define _GNU_SOURCE 1
#define _POSIX_PTHREAD_SEMANTICS 1
#define _TANDEM_SOURCE 1
#define restrict __restrict
#define HAVE_DLFCN_H 1
#define LT_OBJDIR ".libs/"
#define LIB_MAJ 2
#define HAVE_CRYPT_H 1
#define HAVE_ASPRINTF 1
#define HAVE_VASPRINTF 1
#define HAVE_SETLOGMASK 1
#define HAVE_STRLCAT 1
#define HAVE_STRLCPY 1
#define HAVE_LIBDL 1
#define HAVE_LIBCRYPT 1

configure: exit 0
